000 (6919.061.000) 2026-04-16 09:41:23 Job submitted from host: <140.160.143.131:9618?addrs=140.160.143.131-9618&alias=cse-head.cluster.cs.wwu.edu&noUDP&sock=schedd_1483_cb0a>
...
001 (6919.061.000) 2026-04-16 10:12:23 Job executing on host: <140.160.143.150:9618?addrs=140.160.143.150-9618&alias=c-0-10.cluster.cs.wwu.edu&noUDP&sock=startd_1506_91b7>
	SlotName: slot1_3@c-0-10.cluster.cs.wwu.edu
	CondorScratchDir = "/var/lib/condor/execute/dir_1069383"
	Cpus = 8
	Disk = 2048
	GPUs = 0
	Memory = 6144
...
006 (6919.061.000) 2026-04-16 10:12:32 Image size of job updated: 227752
	223  -  MemoryUsage of job (MB)
	227752  -  ResidentSetSize of job (KB)
...
006 (6919.061.000) 2026-04-16 10:17:32 Image size of job updated: 837312
	818  -  MemoryUsage of job (MB)
	837312  -  ResidentSetSize of job (KB)
...
006 (6919.061.000) 2026-04-16 10:18:22 Image size of job updated: 838552
	818  -  MemoryUsage of job (MB)
	837312  -  ResidentSetSize of job (KB)
...
005 (6919.061.000) 2026-04-16 10:18:22 Job terminated.
	(1) Normal termination (return value 0)
		Usr 0 00:06:15, Sys 0 00:00:02  -  Run Remote Usage
		Usr 0 00:00:00, Sys 0 00:00:00  -  Run Local Usage
		Usr 0 00:06:15, Sys 0 00:00:02  -  Total Remote Usage
		Usr 0 00:00:00, Sys 0 00:00:00  -  Total Local Usage
	0  -  Run Bytes Sent By Job
	0  -  Run Bytes Received By Job
	0  -  Total Bytes Sent By Job
	0  -  Total Bytes Received By Job
	Partitionable Resources :    Usage  Request Allocated 
	   Cpus                 :     1.01        8         8 
	   Disk (KB)            :     1           1      2048 
	   GPUs                 :                           0 
	   Memory (MB)          :   818        6144      6144 
	   TimeExecute (s)      :   359                       
	   TimeSlotBusy (s)     :   359                       
...
