000 (6920.269.000) 2026-04-16 09:44:16 Job submitted from host: <140.160.143.131:9618?addrs=140.160.143.131-9618&alias=cse-head.cluster.cs.wwu.edu&noUDP&sock=schedd_1483_cb0a>
...
001 (6920.269.000) 2026-04-16 16:54:18 Job executing on host: <140.160.143.141:9618?addrs=140.160.143.141-9618&alias=c-0-1.cluster.cs.wwu.edu&noUDP&sock=startd_1336_f69e>
	SlotName: slot1_2@c-0-1.cluster.cs.wwu.edu
	CondorScratchDir = "/var/lib/condor/execute/dir_1065962"
	Cpus = 8
	Disk = 2048
	GPUs = 0
	Memory = 9216
...
006 (6920.269.000) 2026-04-16 16:54:26 Image size of job updated: 107256
	105  -  MemoryUsage of job (MB)
	107256  -  ResidentSetSize of job (KB)
...
006 (6920.269.000) 2026-04-16 16:59:26 Image size of job updated: 679384
	663  -  MemoryUsage of job (MB)
	678272  -  ResidentSetSize of job (KB)
...
006 (6920.269.000) 2026-04-16 17:04:27 Image size of job updated: 1002428
	979  -  MemoryUsage of job (MB)
	1002156  -  ResidentSetSize of job (KB)
...
006 (6920.269.000) 2026-04-16 17:09:28 Image size of job updated: 1025880
	1002  -  MemoryUsage of job (MB)
	1025880  -  ResidentSetSize of job (KB)
...
006 (6920.269.000) 2026-04-16 17:11:27 Image size of job updated: 1049932
	1002  -  MemoryUsage of job (MB)
	1025880  -  ResidentSetSize of job (KB)
...
005 (6920.269.000) 2026-04-16 17:11:27 Job terminated.
	(1) Normal termination (return value 0)
		Usr 0 00:50:23, Sys 0 00:00:09  -  Run Remote Usage
		Usr 0 00:00:00, Sys 0 00:00:00  -  Run Local Usage
		Usr 0 00:50:23, Sys 0 00:00:09  -  Total Remote Usage
		Usr 0 00:00:00, Sys 0 00:00:00  -  Total Local Usage
	0  -  Run Bytes Sent By Job
	0  -  Run Bytes Received By Job
	0  -  Total Bytes Sent By Job
	0  -  Total Bytes Received By Job
	Partitionable Resources :    Usage  Request Allocated 
	   Cpus                 :     4.18        8         8 
	   Disk (KB)            :     1           1      2048 
	   GPUs                 :                           0 
	   Memory (MB)          :  1002        9216      9216 
	   TimeExecute (s)      :  1029                       
	   TimeSlotBusy (s)     :  1029                       
...
