000 (6918.388.000) 2026-04-15 19:42:51 Job submitted from host: <140.160.143.131:9618?addrs=140.160.143.131-9618&alias=cse-head.cluster.cs.wwu.edu&noUDP&sock=schedd_1483_cb0a>
...
001 (6918.388.000) 2026-04-16 01:04:47 Job executing on host: <140.160.143.151:9618?addrs=140.160.143.151-9618&alias=c-0-11.cluster.cs.wwu.edu&noUDP&sock=startd_1509_a080>
	SlotName: slot1_1@c-0-11.cluster.cs.wwu.edu
	CondorScratchDir = "/var/lib/condor/execute/dir_1051910"
	Cpus = 8
	Disk = 2048
	GPUs = 0
	Memory = 4096
...
006 (6918.388.000) 2026-04-16 01:04:56 Image size of job updated: 288908
	283  -  MemoryUsage of job (MB)
	288908  -  ResidentSetSize of job (KB)
...
006 (6918.388.000) 2026-04-16 01:09:57 Image size of job updated: 947404
	911  -  MemoryUsage of job (MB)
	932328  -  ResidentSetSize of job (KB)
...
006 (6918.388.000) 2026-04-16 01:14:21 Image size of job updated: 1170920
	911  -  MemoryUsage of job (MB)
	932328  -  ResidentSetSize of job (KB)
...
005 (6918.388.000) 2026-04-16 01:14:21 Job terminated.
	(1) Normal termination (return value 0)
		Usr 0 00:35:46, Sys 0 00:00:11  -  Run Remote Usage
		Usr 0 00:00:00, Sys 0 00:00:00  -  Run Local Usage
		Usr 0 00:35:46, Sys 0 00:00:11  -  Total Remote Usage
		Usr 0 00:00:00, Sys 0 00:00:00  -  Total Local Usage
	0  -  Run Bytes Sent By Job
	0  -  Run Bytes Received By Job
	0  -  Total Bytes Sent By Job
	0  -  Total Bytes Received By Job
	Partitionable Resources :    Usage  Request Allocated 
	   Cpus                 :     7.44        8         8 
	   Disk (KB)            :     1           1      2048 
	   GPUs                 :                           0 
	   Memory (MB)          :   911        4096      4096 
	   TimeExecute (s)      :   574                       
	   TimeSlotBusy (s)     :   574                       
...
