000 (6919.217.000) 2026-04-16 09:41:22 Job submitted from host: <140.160.143.131:9618?addrs=140.160.143.131-9618&alias=cse-head.cluster.cs.wwu.edu&noUDP&sock=schedd_1483_cb0a>
...
001 (6919.217.000) 2026-04-16 11:29:36 Job executing on host: <140.160.143.149:9618?addrs=140.160.143.149-9618&alias=c-0-9.cluster.cs.wwu.edu&noUDP&sock=startd_1570_77c7>
	SlotName: slot1_4@c-0-9.cluster.cs.wwu.edu
	CondorScratchDir = "/var/lib/condor/execute/dir_1086823"
	Cpus = 8
	Disk = 2048
	GPUs = 0
	Memory = 6144
...
006 (6919.217.000) 2026-04-16 11:29:44 Image size of job updated: 427240
	418  -  MemoryUsage of job (MB)
	427240  -  ResidentSetSize of job (KB)
...
006 (6919.217.000) 2026-04-16 11:34:41 Image size of job updated: 1078948
	418  -  MemoryUsage of job (MB)
	427240  -  ResidentSetSize of job (KB)
...
005 (6919.217.000) 2026-04-16 11:34:41 Job terminated.
	(1) Normal termination (return value 0)
		Usr 0 00:08:14, Sys 0 00:00:02  -  Run Remote Usage
		Usr 0 00:00:00, Sys 0 00:00:00  -  Run Local Usage
		Usr 0 00:08:14, Sys 0 00:00:02  -  Total Remote Usage
		Usr 0 00:00:00, Sys 0 00:00:00  -  Total Local Usage
	0  -  Run Bytes Sent By Job
	0  -  Run Bytes Received By Job
	0  -  Total Bytes Sent By Job
	0  -  Total Bytes Received By Job
	Partitionable Resources :    Usage  Request Allocated 
	   Cpus                 :     2.21        8         8 
	   Disk (KB)            :     1           1      2048 
	   GPUs                 :                           0 
	   Memory (MB)          :   418        6144      6144 
	   TimeExecute (s)      :   305                       
	   TimeSlotBusy (s)     :   306                       
...
