000 (6918.343.000) 2026-04-15 19:42:51 Job submitted from host: <140.160.143.131:9618?addrs=140.160.143.131-9618&alias=cse-head.cluster.cs.wwu.edu&noUDP&sock=schedd_1483_cb0a>
...
001 (6918.343.000) 2026-04-16 00:12:03 Job executing on host: <140.160.143.148:9618?addrs=140.160.143.148-9618&alias=c-0-8.cluster.cs.wwu.edu&noUDP&sock=startd_1538_84bf>
	SlotName: slot1_4@c-0-8.cluster.cs.wwu.edu
	CondorScratchDir = "/var/lib/condor/execute/dir_1063047"
	Cpus = 8
	Disk = 2048
	GPUs = 0
	Memory = 4096
...
006 (6918.343.000) 2026-04-16 00:12:12 Image size of job updated: 255504
	250  -  MemoryUsage of job (MB)
	255504  -  ResidentSetSize of job (KB)
...
006 (6918.343.000) 2026-04-16 00:17:13 Image size of job updated: 1055332
	1031  -  MemoryUsage of job (MB)
	1055332  -  ResidentSetSize of job (KB)
...
006 (6918.343.000) 2026-04-16 00:21:50 Image size of job updated: 1101352
	1031  -  MemoryUsage of job (MB)
	1055332  -  ResidentSetSize of job (KB)
...
005 (6918.343.000) 2026-04-16 00:21:50 Job terminated.
	(1) Normal termination (return value 0)
		Usr 0 00:31:07, Sys 0 00:00:07  -  Run Remote Usage
		Usr 0 00:00:00, Sys 0 00:00:00  -  Run Local Usage
		Usr 0 00:31:07, Sys 0 00:00:07  -  Total Remote Usage
		Usr 0 00:00:00, Sys 0 00:00:00  -  Total Local Usage
	0  -  Run Bytes Sent By Job
	0  -  Run Bytes Received By Job
	0  -  Total Bytes Sent By Job
	0  -  Total Bytes Received By Job
	Partitionable Resources :    Usage  Request Allocated 
	   Cpus                 :     1.21        8         8 
	   Disk (KB)            :     1           1      2048 
	   GPUs                 :                           0 
	   Memory (MB)          :  1031        4096      4096 
	   TimeExecute (s)      :   587                       
	   TimeSlotBusy (s)     :   587                       
...
