000 (6920.389.000) 2026-04-16 09:44:16 Job submitted from host: <140.160.143.131:9618?addrs=140.160.143.131-9618&alias=cse-head.cluster.cs.wwu.edu&noUDP&sock=schedd_1483_cb0a>
...
001 (6920.389.000) 2026-04-16 18:56:14 Job executing on host: <140.160.143.150:9618?addrs=140.160.143.150-9618&alias=c-0-10.cluster.cs.wwu.edu&noUDP&sock=startd_1506_91b7>
	SlotName: slot1_2@c-0-10.cluster.cs.wwu.edu
	CondorScratchDir = "/var/lib/condor/execute/dir_1086272"
	Cpus = 8
	Disk = 2048
	GPUs = 0
	Memory = 9216
...
006 (6920.389.000) 2026-04-16 18:56:23 Image size of job updated: 346516
	339  -  MemoryUsage of job (MB)
	346516  -  ResidentSetSize of job (KB)
...
006 (6920.389.000) 2026-04-16 19:01:24 Image size of job updated: 1065592
	944  -  MemoryUsage of job (MB)
	966240  -  ResidentSetSize of job (KB)
...
006 (6920.389.000) 2026-04-16 19:06:25 Image size of job updated: 1118616
	1046  -  MemoryUsage of job (MB)
	1070172  -  ResidentSetSize of job (KB)
...
005 (6920.389.000) 2026-04-16 19:06:44 Job terminated.
	(1) Normal termination (return value 0)
		Usr 0 00:40:31, Sys 0 00:00:09  -  Run Remote Usage
		Usr 0 00:00:00, Sys 0 00:00:00  -  Run Local Usage
		Usr 0 00:40:31, Sys 0 00:00:09  -  Total Remote Usage
		Usr 0 00:00:00, Sys 0 00:00:00  -  Total Local Usage
	0  -  Run Bytes Sent By Job
	0  -  Run Bytes Received By Job
	0  -  Total Bytes Sent By Job
	0  -  Total Bytes Received By Job
	Partitionable Resources :    Usage  Request Allocated 
	   Cpus                 :     1.35        8         8 
	   Disk (KB)            :     1           1      2048 
	   GPUs                 :                           0 
	   Memory (MB)          :  1046        9216      9216 
	   TimeExecute (s)      :   630                       
	   TimeSlotBusy (s)     :   630                       
...
