000 (6920.387.000) 2026-04-16 09:44:16 Job submitted from host: <140.160.143.131:9618?addrs=140.160.143.131-9618&alias=cse-head.cluster.cs.wwu.edu&noUDP&sock=schedd_1483_cb0a>
...
001 (6920.387.000) 2026-04-16 18:54:15 Job executing on host: <140.160.143.148:9618?addrs=140.160.143.148-9618&alias=c-0-8.cluster.cs.wwu.edu&noUDP&sock=startd_1538_84bf>
	SlotName: slot1_4@c-0-8.cluster.cs.wwu.edu
	CondorScratchDir = "/var/lib/condor/execute/dir_1094626"
	Cpus = 8
	Disk = 2048
	GPUs = 0
	Memory = 9216
...
006 (6920.387.000) 2026-04-16 18:54:23 Image size of job updated: 230812
	226  -  MemoryUsage of job (MB)
	230812  -  ResidentSetSize of job (KB)
...
006 (6920.387.000) 2026-04-16 18:59:23 Image size of job updated: 941288
	904  -  MemoryUsage of job (MB)
	925684  -  ResidentSetSize of job (KB)
...
006 (6920.387.000) 2026-04-16 19:04:24 Image size of job updated: 1139436
	1101  -  MemoryUsage of job (MB)
	1126616  -  ResidentSetSize of job (KB)
...
005 (6920.387.000) 2026-04-16 19:07:33 Job terminated.
	(1) Normal termination (return value 0)
		Usr 0 00:44:01, Sys 0 00:00:18  -  Run Remote Usage
		Usr 0 00:00:00, Sys 0 00:00:00  -  Run Local Usage
		Usr 0 00:44:01, Sys 0 00:00:18  -  Total Remote Usage
		Usr 0 00:00:00, Sys 0 00:00:00  -  Total Local Usage
	0  -  Run Bytes Sent By Job
	0  -  Run Bytes Received By Job
	0  -  Total Bytes Sent By Job
	0  -  Total Bytes Received By Job
	Partitionable Resources :    Usage  Request Allocated 
	   Cpus                 :     5.23        8         8 
	   Disk (KB)            :     1           1      2048 
	   GPUs                 :                           0 
	   Memory (MB)          :  1101        9216      9216 
	   TimeExecute (s)      :   797                       
	   TimeSlotBusy (s)     :   797                       
...
