000 (6920.348.000) 2026-04-16 09:44:16 Job submitted from host: <140.160.143.131:9618?addrs=140.160.143.131-9618&alias=cse-head.cluster.cs.wwu.edu&noUDP&sock=schedd_1483_cb0a>
...
001 (6920.348.000) 2026-04-16 18:10:45 Job executing on host: <140.160.143.184:9618?addrs=140.160.143.184-9618&alias=c-0-15.cluster.cs.wwu.edu&noUDP&sock=startd_1429_c0ed>
	SlotName: slot1_1@c-0-15.cluster.cs.wwu.edu
	CondorScratchDir = "/var/lib/condor/execute/dir_27376"
	Cpus = 8
	Disk = 2048
	GPUs = 0
	Memory = 9216
...
006 (6920.348.000) 2026-04-16 18:10:53 Image size of job updated: 329100
	322  -  MemoryUsage of job (MB)
	329100  -  ResidentSetSize of job (KB)
...
006 (6920.348.000) 2026-04-16 18:15:53 Image size of job updated: 947920
	921  -  MemoryUsage of job (MB)
	942132  -  ResidentSetSize of job (KB)
...
006 (6920.348.000) 2026-04-16 18:20:54 Image size of job updated: 1490824
	1406  -  MemoryUsage of job (MB)
	1439468  -  ResidentSetSize of job (KB)
...
005 (6920.348.000) 2026-04-16 18:27:03 Job terminated.
	(1) Normal termination (return value 0)
		Usr 0 01:21:26, Sys 0 00:00:15  -  Run Remote Usage
		Usr 0 00:00:00, Sys 0 00:00:00  -  Run Local Usage
		Usr 0 01:21:26, Sys 0 00:00:15  -  Total Remote Usage
		Usr 0 00:00:00, Sys 0 00:00:00  -  Total Local Usage
	0  -  Run Bytes Sent By Job
	0  -  Run Bytes Received By Job
	0  -  Total Bytes Sent By Job
	0  -  Total Bytes Received By Job
	Partitionable Resources :    Usage  Request Allocated 
	   Cpus                 :     5.64        8         8 
	   Disk (KB)            :     1           1      2048 
	   GPUs                 :                           0 
	   Memory (MB)          :  1406        9216      9216 
	   TimeExecute (s)      :   978                       
	   TimeSlotBusy (s)     :   978                       
...
