000 (6919.396.000) 2026-04-16 09:41:23 Job submitted from host: <140.160.143.131:9618?addrs=140.160.143.131-9618&alias=cse-head.cluster.cs.wwu.edu&noUDP&sock=schedd_1483_cb0a>
...
001 (6919.396.000) 2026-04-16 14:24:58 Job executing on host: <140.160.143.184:9618?addrs=140.160.143.184-9618&alias=c-0-15.cluster.cs.wwu.edu&noUDP&sock=startd_1429_c0ed>
	SlotName: slot1_2@c-0-15.cluster.cs.wwu.edu
	CondorScratchDir = "/var/lib/condor/execute/dir_18607"
	Cpus = 8
	Disk = 2048
	GPUs = 0
	Memory = 6144
...
006 (6919.396.000) 2026-04-16 14:25:06 Image size of job updated: 364408
	356  -  MemoryUsage of job (MB)
	364408  -  ResidentSetSize of job (KB)
...
006 (6919.396.000) 2026-04-16 14:30:06 Image size of job updated: 1023548
	918  -  MemoryUsage of job (MB)
	939468  -  ResidentSetSize of job (KB)
...
006 (6919.396.000) 2026-04-16 14:35:07 Image size of job updated: 1157132
	1131  -  MemoryUsage of job (MB)
	1157132  -  ResidentSetSize of job (KB)
...
006 (6919.396.000) 2026-04-16 14:38:20 Image size of job updated: 1157136
	1131  -  MemoryUsage of job (MB)
	1157132  -  ResidentSetSize of job (KB)
...
005 (6919.396.000) 2026-04-16 14:38:21 Job terminated.
	(1) Normal termination (return value 0)
		Usr 0 01:00:35, Sys 0 00:00:30  -  Run Remote Usage
		Usr 0 00:00:00, Sys 0 00:00:00  -  Run Local Usage
		Usr 0 01:00:35, Sys 0 00:00:30  -  Total Remote Usage
		Usr 0 00:00:00, Sys 0 00:00:00  -  Total Local Usage
	0  -  Run Bytes Sent By Job
	0  -  Run Bytes Received By Job
	0  -  Total Bytes Sent By Job
	0  -  Total Bytes Received By Job
	Partitionable Resources :    Usage  Request Allocated 
	   Cpus                 :     7.86        8         8 
	   Disk (KB)            :     1           1      2048 
	   GPUs                 :                           0 
	   Memory (MB)          :  1131        6144      6144 
	   TimeExecute (s)      :   802                       
	   TimeSlotBusy (s)     :   803                       
...
