000 (6918.400.000) 2026-04-15 19:42:51 Job submitted from host: <140.160.143.131:9618?addrs=140.160.143.131-9618&alias=cse-head.cluster.cs.wwu.edu&noUDP&sock=schedd_1483_cb0a>
...
001 (6918.400.000) 2026-04-16 01:20:07 Job executing on host: <140.160.143.149:9618?addrs=140.160.143.149-9618&alias=c-0-9.cluster.cs.wwu.edu&noUDP&sock=startd_1570_77c7>
	SlotName: slot1_1@c-0-9.cluster.cs.wwu.edu
	CondorScratchDir = "/var/lib/condor/execute/dir_1068081"
	Cpus = 8
	Disk = 2048
	GPUs = 0
	Memory = 4096
...
006 (6918.400.000) 2026-04-16 01:20:16 Image size of job updated: 483756
	473  -  MemoryUsage of job (MB)
	483756  -  ResidentSetSize of job (KB)
...
006 (6918.400.000) 2026-04-16 01:25:17 Image size of job updated: 1165788
	1134  -  MemoryUsage of job (MB)
	1160460  -  ResidentSetSize of job (KB)
...
006 (6918.400.000) 2026-04-16 01:28:24 Image size of job updated: 1198892
	1134  -  MemoryUsage of job (MB)
	1160460  -  ResidentSetSize of job (KB)
...
005 (6918.400.000) 2026-04-16 01:28:25 Job terminated.
	(1) Normal termination (return value 0)
		Usr 0 00:35:11, Sys 0 00:00:08  -  Run Remote Usage
		Usr 0 00:00:00, Sys 0 00:00:00  -  Run Local Usage
		Usr 0 00:35:11, Sys 0 00:00:08  -  Total Remote Usage
		Usr 0 00:00:00, Sys 0 00:00:00  -  Total Local Usage
	0  -  Run Bytes Sent By Job
	0  -  Run Bytes Received By Job
	0  -  Total Bytes Sent By Job
	0  -  Total Bytes Received By Job
	Partitionable Resources :    Usage  Request Allocated 
	   Cpus                 :     7.42        8         8 
	   Disk (KB)            :     1           1      2048 
	   GPUs                 :                           0 
	   Memory (MB)          :  1134        4096      4096 
	   TimeExecute (s)      :   497                       
	   TimeSlotBusy (s)     :   498                       
...
