000 (6918.375.000) 2026-04-15 19:42:51 Job submitted from host: <140.160.143.131:9618?addrs=140.160.143.131-9618&alias=cse-head.cluster.cs.wwu.edu&noUDP&sock=schedd_1483_cb0a>
...
001 (6918.375.000) 2026-04-16 00:48:47 Job executing on host: <140.160.143.151:9618?addrs=140.160.143.151-9618&alias=c-0-11.cluster.cs.wwu.edu&noUDP&sock=startd_1509_a080>
	SlotName: slot1_1@c-0-11.cluster.cs.wwu.edu
	CondorScratchDir = "/var/lib/condor/execute/dir_1051139"
	Cpus = 8
	Disk = 2048
	GPUs = 0
	Memory = 4096
...
006 (6918.375.000) 2026-04-16 00:48:56 Image size of job updated: 293880
	287  -  MemoryUsage of job (MB)
	293880  -  ResidentSetSize of job (KB)
...
006 (6918.375.000) 2026-04-16 00:53:57 Image size of job updated: 1048060
	1024  -  MemoryUsage of job (MB)
	1048060  -  ResidentSetSize of job (KB)
...
006 (6918.375.000) 2026-04-16 00:58:57 Image size of job updated: 1092860
	1051  -  MemoryUsage of job (MB)
	1075380  -  ResidentSetSize of job (KB)
...
006 (6918.375.000) 2026-04-16 01:03:54 Image size of job updated: 1211140
	1051  -  MemoryUsage of job (MB)
	1075380  -  ResidentSetSize of job (KB)
...
005 (6918.375.000) 2026-04-16 01:03:54 Job terminated.
	(1) Normal termination (return value 0)
		Usr 0 01:15:12, Sys 0 00:00:24  -  Run Remote Usage
		Usr 0 00:00:00, Sys 0 00:00:00  -  Run Local Usage
		Usr 0 01:15:12, Sys 0 00:00:24  -  Total Remote Usage
		Usr 0 00:00:00, Sys 0 00:00:00  -  Total Local Usage
	0  -  Run Bytes Sent By Job
	0  -  Run Bytes Received By Job
	0  -  Total Bytes Sent By Job
	0  -  Total Bytes Received By Job
	Partitionable Resources :    Usage  Request Allocated 
	   Cpus                 :     7.76        8         8 
	   Disk (KB)            :     1           1      2048 
	   GPUs                 :                           0 
	   Memory (MB)          :  1051        4096      4096 
	   TimeExecute (s)      :   907                       
	   TimeSlotBusy (s)     :   907                       
...
