000 (6918.052.000) 2026-04-15 19:42:51 Job submitted from host: <140.160.143.131:9618?addrs=140.160.143.131-9618&alias=cse-head.cluster.cs.wwu.edu&noUDP&sock=schedd_1483_cb0a>
...
001 (6918.052.000) 2026-04-15 20:19:53 Job executing on host: <140.160.143.185:9618?addrs=140.160.143.185-9618&alias=c-0-16.cluster.cs.wwu.edu&noUDP&sock=startd_1431_201d>
	SlotName: slot1_2@c-0-16.cluster.cs.wwu.edu
	CondorScratchDir = "/var/lib/condor/execute/dir_1049422"
	Cpus = 8
	Disk = 2048
	GPUs = 0
	Memory = 4096
...
006 (6918.052.000) 2026-04-15 20:20:02 Image size of job updated: 104396
	102  -  MemoryUsage of job (MB)
	104396  -  ResidentSetSize of job (KB)
...
006 (6918.052.000) 2026-04-15 20:25:03 Image size of job updated: 712564
	696  -  MemoryUsage of job (MB)
	712564  -  ResidentSetSize of job (KB)
...
006 (6918.052.000) 2026-04-15 20:26:00 Image size of job updated: 736712
	696  -  MemoryUsage of job (MB)
	712564  -  ResidentSetSize of job (KB)
...
005 (6918.052.000) 2026-04-15 20:26:00 Job terminated.
	(1) Normal termination (return value 0)
		Usr 0 00:06:13, Sys 0 00:00:01  -  Run Remote Usage
		Usr 0 00:00:00, Sys 0 00:00:00  -  Run Local Usage
		Usr 0 00:06:13, Sys 0 00:00:01  -  Total Remote Usage
		Usr 0 00:00:00, Sys 0 00:00:00  -  Total Local Usage
	0  -  Run Bytes Sent By Job
	0  -  Run Bytes Received By Job
	0  -  Total Bytes Sent By Job
	0  -  Total Bytes Received By Job
	Partitionable Resources :    Usage  Request Allocated 
	   Cpus                 :     1.16        8         8 
	   Disk (KB)            :     1           1      2048 
	   GPUs                 :                           0 
	   Memory (MB)          :   696        4096      4096 
	   TimeExecute (s)      :   367                       
	   TimeSlotBusy (s)     :   367                       
...
