000 (6920.296.000) 2026-04-16 09:44:16 Job submitted from host: <140.160.143.131:9618?addrs=140.160.143.131-9618&alias=cse-head.cluster.cs.wwu.edu&noUDP&sock=schedd_1483_cb0a>
...
001 (6920.296.000) 2026-04-16 17:19:39 Job executing on host: <140.160.143.184:9618?addrs=140.160.143.184-9618&alias=c-0-15.cluster.cs.wwu.edu&noUDP&sock=startd_1429_c0ed>
	SlotName: slot1_2@c-0-15.cluster.cs.wwu.edu
	CondorScratchDir = "/var/lib/condor/execute/dir_25332"
	Cpus = 8
	Disk = 2048
	GPUs = 0
	Memory = 9216
...
006 (6920.296.000) 2026-04-16 17:19:47 Image size of job updated: 356648
	349  -  MemoryUsage of job (MB)
	356648  -  ResidentSetSize of job (KB)
...
006 (6920.296.000) 2026-04-16 17:24:47 Image size of job updated: 945796
	912  -  MemoryUsage of job (MB)
	933812  -  ResidentSetSize of job (KB)
...
006 (6920.296.000) 2026-04-16 17:29:47 Image size of job updated: 1148492
	955  -  MemoryUsage of job (MB)
	976976  -  ResidentSetSize of job (KB)
...
005 (6920.296.000) 2026-04-16 17:30:53 Job terminated.
	(1) Normal termination (return value 0)
		Usr 0 00:38:01, Sys 0 00:00:14  -  Run Remote Usage
		Usr 0 00:00:00, Sys 0 00:00:00  -  Run Local Usage
		Usr 0 00:38:01, Sys 0 00:00:14  -  Total Remote Usage
		Usr 0 00:00:00, Sys 0 00:00:00  -  Total Local Usage
	0  -  Run Bytes Sent By Job
	0  -  Run Bytes Received By Job
	0  -  Total Bytes Sent By Job
	0  -  Total Bytes Received By Job
	Partitionable Resources :    Usage  Request Allocated 
	   Cpus                 :     5.22        8         8 
	   Disk (KB)            :     1           1      2048 
	   GPUs                 :                           0 
	   Memory (MB)          :   955        9216      9216 
	   TimeExecute (s)      :   675                       
	   TimeSlotBusy (s)     :   675                       
...
