000 (6918.327.000) 2026-04-15 19:42:51 Job submitted from host: <140.160.143.131:9618?addrs=140.160.143.131-9618&alias=cse-head.cluster.cs.wwu.edu&noUDP&sock=schedd_1483_cb0a>
...
001 (6918.327.000) 2026-04-15 23:57:03 Job executing on host: <140.160.143.150:9618?addrs=140.160.143.150-9618&alias=c-0-10.cluster.cs.wwu.edu&noUDP&sock=startd_1506_91b7>
	SlotName: slot1_3@c-0-10.cluster.cs.wwu.edu
	CondorScratchDir = "/var/lib/condor/execute/dir_1053937"
	Cpus = 8
	Disk = 2048
	GPUs = 0
	Memory = 4096
...
006 (6918.327.000) 2026-04-15 23:57:12 Image size of job updated: 225348
	221  -  MemoryUsage of job (MB)
	225348  -  ResidentSetSize of job (KB)
...
006 (6918.327.000) 2026-04-16 00:02:12 Image size of job updated: 1041076
	911  -  MemoryUsage of job (MB)
	932140  -  ResidentSetSize of job (KB)
...
006 (6918.327.000) 2026-04-16 00:05:21 Image size of job updated: 1041076
	913  -  MemoryUsage of job (MB)
	934280  -  ResidentSetSize of job (KB)
...
005 (6918.327.000) 2026-04-16 00:05:21 Job terminated.
	(1) Normal termination (return value 0)
		Usr 0 00:21:15, Sys 0 00:00:07  -  Run Remote Usage
		Usr 0 00:00:00, Sys 0 00:00:00  -  Run Local Usage
		Usr 0 00:21:15, Sys 0 00:00:07  -  Total Remote Usage
		Usr 0 00:00:00, Sys 0 00:00:00  -  Total Local Usage
	0  -  Run Bytes Sent By Job
	0  -  Run Bytes Received By Job
	0  -  Total Bytes Sent By Job
	0  -  Total Bytes Received By Job
	Partitionable Resources :    Usage  Request Allocated 
	   Cpus                 :     1.01        8         8 
	   Disk (KB)            :     1           1      2048 
	   GPUs                 :                           0 
	   Memory (MB)          :   913        4096      4096 
	   TimeExecute (s)      :   498                       
	   TimeSlotBusy (s)     :   498                       
...
