000 (6919.367.000) 2026-04-16 09:41:23 Job submitted from host: <140.160.143.131:9618?addrs=140.160.143.131-9618&alias=cse-head.cluster.cs.wwu.edu&noUDP&sock=schedd_1483_cb0a>
...
001 (6919.367.000) 2026-04-16 13:42:38 Job executing on host: <140.160.143.148:9618?addrs=140.160.143.148-9618&alias=c-0-8.cluster.cs.wwu.edu&noUDP&sock=startd_1538_84bf>
	SlotName: slot1_4@c-0-8.cluster.cs.wwu.edu
	CondorScratchDir = "/var/lib/condor/execute/dir_1084912"
	Cpus = 8
	Disk = 2048
	GPUs = 0
	Memory = 6144
...
006 (6919.367.000) 2026-04-16 13:42:46 Image size of job updated: 232544
	228  -  MemoryUsage of job (MB)
	232544  -  ResidentSetSize of job (KB)
...
006 (6919.367.000) 2026-04-16 13:47:46 Image size of job updated: 928792
	886  -  MemoryUsage of job (MB)
	906348  -  ResidentSetSize of job (KB)
...
006 (6919.367.000) 2026-04-16 13:52:47 Image size of job updated: 1103348
	1008  -  MemoryUsage of job (MB)
	1031572  -  ResidentSetSize of job (KB)
...
006 (6919.367.000) 2026-04-16 13:57:47 Image size of job updated: 1155676
	1074  -  MemoryUsage of job (MB)
	1098768  -  ResidentSetSize of job (KB)
...
006 (6919.367.000) 2026-04-16 14:02:48 Image size of job updated: 1177680
	1126  -  MemoryUsage of job (MB)
	1152804  -  ResidentSetSize of job (KB)
...
005 (6919.367.000) 2026-04-16 14:03:41 Job terminated.
	(1) Normal termination (return value 0)
		Usr 0 01:41:08, Sys 0 00:00:56  -  Run Remote Usage
		Usr 0 00:00:00, Sys 0 00:00:00  -  Run Local Usage
		Usr 0 01:41:08, Sys 0 00:00:56  -  Total Remote Usage
		Usr 0 00:00:00, Sys 0 00:00:00  -  Total Local Usage
	0  -  Run Bytes Sent By Job
	0  -  Run Bytes Received By Job
	0  -  Total Bytes Sent By Job
	0  -  Total Bytes Received By Job
	Partitionable Resources :    Usage  Request Allocated 
	   Cpus                 :     6.24        8         8 
	   Disk (KB)            :     1           1      2048 
	   GPUs                 :                           0 
	   Memory (MB)          :  1126        6144      6144 
	   TimeExecute (s)      :  1263                       
	   TimeSlotBusy (s)     :  1263                       
...
