000 (6918.153.000) 2026-04-15 19:42:50 Job submitted from host: <140.160.143.131:9618?addrs=140.160.143.131-9618&alias=cse-head.cluster.cs.wwu.edu&noUDP&sock=schedd_1483_cb0a>
...
001 (6918.153.000) 2026-04-15 21:37:39 Job executing on host: <140.160.143.150:9618?addrs=140.160.143.150-9618&alias=c-0-10.cluster.cs.wwu.edu&noUDP&sock=startd_1506_91b7>
	SlotName: slot1_3@c-0-10.cluster.cs.wwu.edu
	CondorScratchDir = "/var/lib/condor/execute/dir_1049295"
	Cpus = 8
	Disk = 2048
	GPUs = 0
	Memory = 4096
...
006 (6918.153.000) 2026-04-15 21:37:47 Image size of job updated: 239012
	234  -  MemoryUsage of job (MB)
	239012  -  ResidentSetSize of job (KB)
...
006 (6918.153.000) 2026-04-15 21:42:47 Image size of job updated: 814580
	796  -  MemoryUsage of job (MB)
	814580  -  ResidentSetSize of job (KB)
...
006 (6918.153.000) 2026-04-15 21:43:05 Image size of job updated: 823720
	796  -  MemoryUsage of job (MB)
	814580  -  ResidentSetSize of job (KB)
...
005 (6918.153.000) 2026-04-15 21:43:05 Job terminated.
	(1) Normal termination (return value 0)
		Usr 0 00:05:36, Sys 0 00:00:02  -  Run Remote Usage
		Usr 0 00:00:00, Sys 0 00:00:00  -  Run Local Usage
		Usr 0 00:05:36, Sys 0 00:00:02  -  Total Remote Usage
		Usr 0 00:00:00, Sys 0 00:00:00  -  Total Local Usage
	0  -  Run Bytes Sent By Job
	0  -  Run Bytes Received By Job
	0  -  Total Bytes Sent By Job
	0  -  Total Bytes Received By Job
	Partitionable Resources :    Usage  Request Allocated 
	   Cpus                 :     1.06        8         8 
	   Disk (KB)            :     1           1      2048 
	   GPUs                 :                           0 
	   Memory (MB)          :   796        4096      4096 
	   TimeExecute (s)      :   326                       
	   TimeSlotBusy (s)     :   326                       
...
