000 (6919.390.000) 2026-04-16 09:41:23 Job submitted from host: <140.160.143.131:9618?addrs=140.160.143.131-9618&alias=cse-head.cluster.cs.wwu.edu&noUDP&sock=schedd_1483_cb0a>
...
001 (6919.390.000) 2026-04-16 14:16:01 Job executing on host: <140.160.143.144:9618?addrs=140.160.143.144-9618&alias=c-0-4.cluster.cs.wwu.edu&noUDP&sock=startd_1367_3a0d>
	SlotName: slot1_3@c-0-4.cluster.cs.wwu.edu
	CondorScratchDir = "/var/lib/condor/execute/dir_1069947"
	Cpus = 8
	Disk = 2048
	GPUs = 0
	Memory = 6144
...
006 (6919.390.000) 2026-04-16 14:16:10 Image size of job updated: 101712
	100  -  MemoryUsage of job (MB)
	101712  -  ResidentSetSize of job (KB)
...
006 (6919.390.000) 2026-04-16 14:21:11 Image size of job updated: 711440
	695  -  MemoryUsage of job (MB)
	711440  -  ResidentSetSize of job (KB)
...
006 (6919.390.000) 2026-04-16 14:26:11 Image size of job updated: 1229956
	1202  -  MemoryUsage of job (MB)
	1229956  -  ResidentSetSize of job (KB)
...
006 (6919.390.000) 2026-04-16 14:31:11 Image size of job updated: 1335636
	1202  -  MemoryUsage of job (MB)
	1229956  -  ResidentSetSize of job (KB)
...
005 (6919.390.000) 2026-04-16 14:35:13 Job terminated.
	(1) Normal termination (return value 0)
		Usr 0 01:29:04, Sys 0 00:00:31  -  Run Remote Usage
		Usr 0 00:00:00, Sys 0 00:00:00  -  Run Local Usage
		Usr 0 01:29:04, Sys 0 00:00:31  -  Total Remote Usage
		Usr 0 00:00:00, Sys 0 00:00:00  -  Total Local Usage
	0  -  Run Bytes Sent By Job
	0  -  Run Bytes Received By Job
	0  -  Total Bytes Sent By Job
	0  -  Total Bytes Received By Job
	Partitionable Resources :    Usage  Request Allocated 
	   Cpus                 :     7.83        8         8 
	   Disk (KB)            :     1           1      2048 
	   GPUs                 :                           0 
	   Memory (MB)          :  1202        6144      6144 
	   TimeExecute (s)      :  1152                       
	   TimeSlotBusy (s)     :  1152                       
...
