000 (6918.033.000) 2026-04-15 19:42:51 Job submitted from host: <140.160.143.131:9618?addrs=140.160.143.131-9618&alias=cse-head.cluster.cs.wwu.edu&noUDP&sock=schedd_1483_cb0a>
...
001 (6918.033.000) 2026-04-15 20:06:24 Job executing on host: <140.160.143.151:9618?addrs=140.160.143.151-9618&alias=c-0-11.cluster.cs.wwu.edu&noUDP&sock=startd_1509_a080>
	SlotName: slot1_1@c-0-11.cluster.cs.wwu.edu
	CondorScratchDir = "/var/lib/condor/execute/dir_1042534"
	Cpus = 8
	Disk = 2048
	GPUs = 0
	Memory = 4096
...
006 (6918.033.000) 2026-04-15 20:06:32 Image size of job updated: 245424
	240  -  MemoryUsage of job (MB)
	245424  -  ResidentSetSize of job (KB)
...
006 (6918.033.000) 2026-04-15 20:11:32 Image size of job updated: 730564
	714  -  MemoryUsage of job (MB)
	730564  -  ResidentSetSize of job (KB)
...
006 (6918.033.000) 2026-04-15 20:11:37 Image size of job updated: 730680
	714  -  MemoryUsage of job (MB)
	730564  -  ResidentSetSize of job (KB)
...
005 (6918.033.000) 2026-04-15 20:11:37 Job terminated.
	(1) Normal termination (return value 0)
		Usr 0 00:05:23, Sys 0 00:00:01  -  Run Remote Usage
		Usr 0 00:00:00, Sys 0 00:00:00  -  Run Local Usage
		Usr 0 00:05:23, Sys 0 00:00:01  -  Total Remote Usage
		Usr 0 00:00:00, Sys 0 00:00:00  -  Total Local Usage
	0  -  Run Bytes Sent By Job
	0  -  Run Bytes Received By Job
	0  -  Total Bytes Sent By Job
	0  -  Total Bytes Received By Job
	Partitionable Resources :    Usage  Request Allocated 
	   Cpus                 :     1.02        8         8 
	   Disk (KB)            :     1           1      2048 
	   GPUs                 :                           0 
	   Memory (MB)          :   714        4096      4096 
	   TimeExecute (s)      :   313                       
	   TimeSlotBusy (s)     :   314                       
...
