000 (6919.084.000) 2026-04-16 09:41:23 Job submitted from host: <140.160.143.131:9618?addrs=140.160.143.131-9618&alias=cse-head.cluster.cs.wwu.edu&noUDP&sock=schedd_1483_cb0a>
...
001 (6919.084.000) 2026-04-16 10:23:24 Job executing on host: <140.160.143.143:9618?addrs=140.160.143.143-9618&alias=c-0-3.cluster.cs.wwu.edu&noUDP&sock=startd_1365_dadd>
	SlotName: slot1_1@c-0-3.cluster.cs.wwu.edu
	CondorScratchDir = "/var/lib/condor/execute/dir_1070318"
	Cpus = 8
	Disk = 2048
	GPUs = 0
	Memory = 6144
...
006 (6919.084.000) 2026-04-16 10:23:34 Image size of job updated: 99588
	98  -  MemoryUsage of job (MB)
	99588  -  ResidentSetSize of job (KB)
...
006 (6919.084.000) 2026-04-16 10:28:34 Image size of job updated: 708336
	681  -  MemoryUsage of job (MB)
	696896  -  ResidentSetSize of job (KB)
...
006 (6919.084.000) 2026-04-16 10:31:45 Image size of job updated: 839324
	681  -  MemoryUsage of job (MB)
	696896  -  ResidentSetSize of job (KB)
...
005 (6919.084.000) 2026-04-16 10:31:46 Job terminated.
	(1) Normal termination (return value 0)
		Usr 0 00:08:43, Sys 0 00:00:02  -  Run Remote Usage
		Usr 0 00:00:00, Sys 0 00:00:00  -  Run Local Usage
		Usr 0 00:08:43, Sys 0 00:00:02  -  Total Remote Usage
		Usr 0 00:00:00, Sys 0 00:00:00  -  Total Local Usage
	0  -  Run Bytes Sent By Job
	0  -  Run Bytes Received By Job
	0  -  Total Bytes Sent By Job
	0  -  Total Bytes Received By Job
	Partitionable Resources :    Usage  Request Allocated 
	   Cpus                 :     1.03        8         8 
	   Disk (KB)            :     1           1      2048 
	   GPUs                 :                           0 
	   Memory (MB)          :   681        6144      6144 
	   TimeExecute (s)      :   501                       
	   TimeSlotBusy (s)     :   501                       
...
