000 (6920.360.000) 2026-04-16 09:44:16 Job submitted from host: <140.160.143.131:9618?addrs=140.160.143.131-9618&alias=cse-head.cluster.cs.wwu.edu&noUDP&sock=schedd_1483_cb0a>
...
001 (6920.360.000) 2026-04-16 18:25:46 Job executing on host: <140.160.143.184:9618?addrs=140.160.143.184-9618&alias=c-0-15.cluster.cs.wwu.edu&noUDP&sock=startd_1429_c0ed>
	SlotName: slot1_3@c-0-15.cluster.cs.wwu.edu
	CondorScratchDir = "/var/lib/condor/execute/dir_28216"
	Cpus = 8
	Disk = 2048
	GPUs = 0
	Memory = 9216
...
006 (6920.360.000) 2026-04-16 18:25:55 Image size of job updated: 357544
	350  -  MemoryUsage of job (MB)
	357544  -  ResidentSetSize of job (KB)
...
006 (6920.360.000) 2026-04-16 18:30:56 Image size of job updated: 943856
	916  -  MemoryUsage of job (MB)
	937904  -  ResidentSetSize of job (KB)
...
006 (6920.360.000) 2026-04-16 18:35:57 Image size of job updated: 1230980
	1178  -  MemoryUsage of job (MB)
	1206048  -  ResidentSetSize of job (KB)
...
006 (6920.360.000) 2026-04-16 18:40:25 Image size of job updated: 1231612
	1178  -  MemoryUsage of job (MB)
	1206052  -  ResidentSetSize of job (KB)
...
005 (6920.360.000) 2026-04-16 18:40:25 Job terminated.
	(1) Normal termination (return value 0)
		Usr 0 01:05:37, Sys 0 00:00:16  -  Run Remote Usage
		Usr 0 00:00:00, Sys 0 00:00:00  -  Run Local Usage
		Usr 0 01:05:37, Sys 0 00:00:16  -  Total Remote Usage
		Usr 0 00:00:00, Sys 0 00:00:00  -  Total Local Usage
	0  -  Run Bytes Sent By Job
	0  -  Run Bytes Received By Job
	0  -  Total Bytes Sent By Job
	0  -  Total Bytes Received By Job
	Partitionable Resources :    Usage  Request Allocated 
	   Cpus                 :     1.01        8         8 
	   Disk (KB)            :     1           1      2048 
	   GPUs                 :                           0 
	   Memory (MB)          :  1178        9216      9216 
	   TimeExecute (s)      :   879                       
	   TimeSlotBusy (s)     :   879                       
...
