000 (6918.333.000) 2026-04-15 19:42:51 Job submitted from host: <140.160.143.131:9618?addrs=140.160.143.131-9618&alias=cse-head.cluster.cs.wwu.edu&noUDP&sock=schedd_1483_cb0a>
...
001 (6918.333.000) 2026-04-16 00:01:03 Job executing on host: <140.160.143.185:9618?addrs=140.160.143.185-9618&alias=c-0-16.cluster.cs.wwu.edu&noUDP&sock=startd_1431_201d>
	SlotName: slot1_2@c-0-16.cluster.cs.wwu.edu
	CondorScratchDir = "/var/lib/condor/execute/dir_1056877"
	Cpus = 8
	Disk = 2048
	GPUs = 0
	Memory = 4096
...
006 (6918.333.000) 2026-04-16 00:01:12 Image size of job updated: 103868
	102  -  MemoryUsage of job (MB)
	103868  -  ResidentSetSize of job (KB)
...
006 (6918.333.000) 2026-04-16 00:06:13 Image size of job updated: 914712
	894  -  MemoryUsage of job (MB)
	914712  -  ResidentSetSize of job (KB)
...
006 (6918.333.000) 2026-04-16 00:10:37 Image size of job updated: 1058576
	894  -  MemoryUsage of job (MB)
	914712  -  ResidentSetSize of job (KB)
...
005 (6918.333.000) 2026-04-16 00:10:37 Job terminated.
	(1) Normal termination (return value 0)
		Usr 0 00:27:37, Sys 0 00:00:08  -  Run Remote Usage
		Usr 0 00:00:00, Sys 0 00:00:00  -  Run Local Usage
		Usr 0 00:27:37, Sys 0 00:00:08  -  Total Remote Usage
		Usr 0 00:00:00, Sys 0 00:00:00  -  Total Local Usage
	0  -  Run Bytes Sent By Job
	0  -  Run Bytes Received By Job
	0  -  Total Bytes Sent By Job
	0  -  Total Bytes Received By Job
	Partitionable Resources :    Usage  Request Allocated 
	   Cpus                 :     1.35        8         8 
	   Disk (KB)            :     1           1      2048 
	   GPUs                 :                           0 
	   Memory (MB)          :   894        4096      4096 
	   TimeExecute (s)      :   574                       
	   TimeSlotBusy (s)     :   574                       
...
