000 (6920.223.000) 2026-04-16 09:44:16 Job submitted from host: <140.160.143.131:9618?addrs=140.160.143.131-9618&alias=cse-head.cluster.cs.wwu.edu&noUDP&sock=schedd_1483_cb0a>
...
001 (6920.223.000) 2026-04-16 16:24:51 Job executing on host: <140.160.143.151:9618?addrs=140.160.143.151-9618&alias=c-0-11.cluster.cs.wwu.edu&noUDP&sock=startd_1509_a080>
	SlotName: slot1_1@c-0-11.cluster.cs.wwu.edu
	CondorScratchDir = "/var/lib/condor/execute/dir_1077377"
	Cpus = 8
	Disk = 2048
	GPUs = 0
	Memory = 9216
...
006 (6920.223.000) 2026-04-16 16:24:59 Image size of job updated: 247648
	242  -  MemoryUsage of job (MB)
	247648  -  ResidentSetSize of job (KB)
...
006 (6920.223.000) 2026-04-16 16:29:59 Image size of job updated: 883240
	863  -  MemoryUsage of job (MB)
	883240  -  ResidentSetSize of job (KB)
...
006 (6920.223.000) 2026-04-16 16:33:21 Image size of job updated: 932084
	863  -  MemoryUsage of job (MB)
	883240  -  ResidentSetSize of job (KB)
...
005 (6920.223.000) 2026-04-16 16:33:21 Job terminated.
	(1) Normal termination (return value 0)
		Usr 0 00:11:32, Sys 0 00:00:04  -  Run Remote Usage
		Usr 0 00:00:00, Sys 0 00:00:00  -  Run Local Usage
		Usr 0 00:11:32, Sys 0 00:00:04  -  Total Remote Usage
		Usr 0 00:00:00, Sys 0 00:00:00  -  Total Local Usage
	0  -  Run Bytes Sent By Job
	0  -  Run Bytes Received By Job
	0  -  Total Bytes Sent By Job
	0  -  Total Bytes Received By Job
	Partitionable Resources :    Usage  Request Allocated 
	   Cpus                 :     2.68        8         8 
	   Disk (KB)            :     1           1      2048 
	   GPUs                 :                           0 
	   Memory (MB)          :   863        9216      9216 
	   TimeExecute (s)      :   510                       
	   TimeSlotBusy (s)     :   510                       
...
