000 (6920.178.000) 2026-04-16 09:44:16 Job submitted from host: <140.160.143.131:9618?addrs=140.160.143.131-9618&alias=cse-head.cluster.cs.wwu.edu&noUDP&sock=schedd_1483_cb0a>
...
001 (6920.178.000) 2026-04-16 16:03:31 Job executing on host: <140.160.143.148:9618?addrs=140.160.143.148-9618&alias=c-0-8.cluster.cs.wwu.edu&noUDP&sock=startd_1538_84bf>
	SlotName: slot1_4@c-0-8.cluster.cs.wwu.edu
	CondorScratchDir = "/var/lib/condor/execute/dir_1089418"
	Cpus = 8
	Disk = 2048
	GPUs = 0
	Memory = 9216
...
006 (6920.178.000) 2026-04-16 16:03:40 Image size of job updated: 253624
	248  -  MemoryUsage of job (MB)
	253624  -  ResidentSetSize of job (KB)
...
006 (6920.178.000) 2026-04-16 16:08:41 Image size of job updated: 714180
	691  -  MemoryUsage of job (MB)
	707192  -  ResidentSetSize of job (KB)
...
006 (6920.178.000) 2026-04-16 16:10:15 Image size of job updated: 858376
	691  -  MemoryUsage of job (MB)
	707192  -  ResidentSetSize of job (KB)
...
005 (6920.178.000) 2026-04-16 16:10:16 Job terminated.
	(1) Normal termination (return value 0)
		Usr 0 00:07:28, Sys 0 00:00:02  -  Run Remote Usage
		Usr 0 00:00:00, Sys 0 00:00:00  -  Run Local Usage
		Usr 0 00:07:28, Sys 0 00:00:02  -  Total Remote Usage
		Usr 0 00:00:00, Sys 0 00:00:00  -  Total Local Usage
	0  -  Run Bytes Sent By Job
	0  -  Run Bytes Received By Job
	0  -  Total Bytes Sent By Job
	0  -  Total Bytes Received By Job
	Partitionable Resources :    Usage  Request Allocated 
	   Cpus                 :     1.01        8         8 
	   Disk (KB)            :     1           1      2048 
	   GPUs                 :                           0 
	   Memory (MB)          :   691        9216      9216 
	   TimeExecute (s)      :   404                       
	   TimeSlotBusy (s)     :   404                       
...
