000 (6920.130.000) 2026-04-16 09:44:15 Job submitted from host: <140.160.143.131:9618?addrs=140.160.143.131-9618&alias=cse-head.cluster.cs.wwu.edu&noUDP&sock=schedd_1483_cb0a>
...
001 (6920.130.000) 2026-04-16 15:42:28 Job executing on host: <140.160.143.149:9618?addrs=140.160.143.149-9618&alias=c-0-9.cluster.cs.wwu.edu&noUDP&sock=startd_1570_77c7>
	SlotName: slot1_1@c-0-9.cluster.cs.wwu.edu
	CondorScratchDir = "/var/lib/condor/execute/dir_1096838"
	Cpus = 8
	Disk = 2048
	GPUs = 0
	Memory = 9216
...
006 (6920.130.000) 2026-04-16 15:42:36 Image size of job updated: 459108
	449  -  MemoryUsage of job (MB)
	459108  -  ResidentSetSize of job (KB)
...
006 (6920.130.000) 2026-04-16 15:45:45 Image size of job updated: 847584
	449  -  MemoryUsage of job (MB)
	459108  -  ResidentSetSize of job (KB)
...
005 (6920.130.000) 2026-04-16 15:45:45 Job terminated.
	(1) Normal termination (return value 0)
		Usr 0 00:03:38, Sys 0 00:00:01  -  Run Remote Usage
		Usr 0 00:00:00, Sys 0 00:00:00  -  Run Local Usage
		Usr 0 00:03:38, Sys 0 00:00:01  -  Total Remote Usage
		Usr 0 00:00:00, Sys 0 00:00:00  -  Total Local Usage
	0  -  Run Bytes Sent By Job
	0  -  Run Bytes Received By Job
	0  -  Total Bytes Sent By Job
	0  -  Total Bytes Received By Job
	Partitionable Resources :    Usage  Request Allocated 
	   Cpus                 :                 8         8 
	   Disk (KB)            :        1        1      2048 
	   GPUs                 :                           0 
	   Memory (MB)          :      449     9216      9216 
	   TimeExecute (s)      :      197                    
	   TimeSlotBusy (s)     :      197                    
...
