000 (6920.396.000) 2026-04-16 09:44:16 Job submitted from host: <140.160.143.131:9618?addrs=140.160.143.131-9618&alias=cse-head.cluster.cs.wwu.edu&noUDP&sock=schedd_1483_cb0a>
...
001 (6920.396.000) 2026-04-16 19:04:33 Job executing on host: <140.160.143.149:9618?addrs=140.160.143.149-9618&alias=c-0-9.cluster.cs.wwu.edu&noUDP&sock=startd_1570_77c7>
	SlotName: slot1_1@c-0-9.cluster.cs.wwu.edu
	CondorScratchDir = "/var/lib/condor/execute/dir_1105305"
	Cpus = 8
	Disk = 2048
	GPUs = 0
	Memory = 9216
...
006 (6920.396.000) 2026-04-16 19:04:41 Image size of job updated: 463468
	453  -  MemoryUsage of job (MB)
	463468  -  ResidentSetSize of job (KB)
...
006 (6920.396.000) 2026-04-16 19:09:41 Image size of job updated: 1223508
	1195  -  MemoryUsage of job (MB)
	1223508  -  ResidentSetSize of job (KB)
...
006 (6920.396.000) 2026-04-16 19:14:42 Image size of job updated: 1554404
	1458  -  MemoryUsage of job (MB)
	1492196  -  ResidentSetSize of job (KB)
...
006 (6920.396.000) 2026-04-16 19:19:42 Image size of job updated: 1591828
	1459  -  MemoryUsage of job (MB)
	1493276  -  ResidentSetSize of job (KB)
...
005 (6920.396.000) 2026-04-16 19:23:39 Job terminated.
	(1) Normal termination (return value 0)
		Usr 0 01:55:37, Sys 0 00:00:27  -  Run Remote Usage
		Usr 0 00:00:00, Sys 0 00:00:00  -  Run Local Usage
		Usr 0 01:55:37, Sys 0 00:00:27  -  Total Remote Usage
		Usr 0 00:00:00, Sys 0 00:00:00  -  Total Local Usage
	0  -  Run Bytes Sent By Job
	0  -  Run Bytes Received By Job
	0  -  Total Bytes Sent By Job
	0  -  Total Bytes Received By Job
	Partitionable Resources :    Usage  Request Allocated 
	   Cpus                 :     6.26        8         8 
	   Disk (KB)            :     1           1      2048 
	   GPUs                 :                           0 
	   Memory (MB)          :  1459        9216      9216 
	   TimeExecute (s)      :  1146                       
	   TimeSlotBusy (s)     :  1146                       
...
