000 (6920.074.000) 2026-04-16 09:44:17 Job submitted from host: <140.160.143.131:9618?addrs=140.160.143.131-9618&alias=cse-head.cluster.cs.wwu.edu&noUDP&sock=schedd_1483_cb0a>
...
001 (6920.074.000) 2026-04-16 15:15:27 Job executing on host: <140.160.143.149:9618?addrs=140.160.143.149-9618&alias=c-0-9.cluster.cs.wwu.edu&noUDP&sock=startd_1570_77c7>
	SlotName: slot1_4@c-0-9.cluster.cs.wwu.edu
	CondorScratchDir = "/var/lib/condor/execute/dir_1095351"
	Cpus = 8
	Disk = 2048
	GPUs = 0
	Memory = 9216
...
006 (6920.074.000) 2026-04-16 15:15:36 Image size of job updated: 510000
	499  -  MemoryUsage of job (MB)
	510000  -  ResidentSetSize of job (KB)
...
006 (6920.074.000) 2026-04-16 15:18:57 Image size of job updated: 883008
	499  -  MemoryUsage of job (MB)
	510000  -  ResidentSetSize of job (KB)
...
005 (6920.074.000) 2026-04-16 15:18:58 Job terminated.
	(1) Normal termination (return value 0)
		Usr 0 00:04:10, Sys 0 00:00:01  -  Run Remote Usage
		Usr 0 00:00:00, Sys 0 00:00:00  -  Run Local Usage
		Usr 0 00:04:10, Sys 0 00:00:01  -  Total Remote Usage
		Usr 0 00:00:00, Sys 0 00:00:00  -  Total Local Usage
	0  -  Run Bytes Sent By Job
	0  -  Run Bytes Received By Job
	0  -  Total Bytes Sent By Job
	0  -  Total Bytes Received By Job
	Partitionable Resources :    Usage  Request Allocated 
	   Cpus                 :     1.06        8         8 
	   Disk (KB)            :     1           1      2048 
	   GPUs                 :                           0 
	   Memory (MB)          :   499        9216      9216 
	   TimeExecute (s)      :   210                       
	   TimeSlotBusy (s)     :   210                       
...
