000 (6919.004.000) 2026-04-16 09:41:23 Job submitted from host: <140.160.143.131:9618?addrs=140.160.143.131-9618&alias=cse-head.cluster.cs.wwu.edu&noUDP&sock=schedd_1483_cb0a>
...
001 (6919.004.000) 2026-04-16 09:41:24 Job executing on host: <140.160.143.148:9618?addrs=140.160.143.148-9618&alias=c-0-8.cluster.cs.wwu.edu&noUDP&sock=startd_1538_84bf>
	SlotName: slot1_4@c-0-8.cluster.cs.wwu.edu
	CondorScratchDir = "/var/lib/condor/execute/dir_1077595"
	Cpus = 8
	Disk = 2048
	GPUs = 0
	Memory = 6144
...
006 (6919.004.000) 2026-04-16 09:41:32 Image size of job updated: 235368
	230  -  MemoryUsage of job (MB)
	235368  -  ResidentSetSize of job (KB)
...
006 (6919.004.000) 2026-04-16 09:46:32 Image size of job updated: 820768
	802  -  MemoryUsage of job (MB)
	820768  -  ResidentSetSize of job (KB)
...
006 (6919.004.000) 2026-04-16 09:47:13 Image size of job updated: 821860
	802  -  MemoryUsage of job (MB)
	820768  -  ResidentSetSize of job (KB)
...
005 (6919.004.000) 2026-04-16 09:47:13 Job terminated.
	(1) Normal termination (return value 0)
		Usr 0 00:06:09, Sys 0 00:00:02  -  Run Remote Usage
		Usr 0 00:00:00, Sys 0 00:00:00  -  Run Local Usage
		Usr 0 00:06:09, Sys 0 00:00:02  -  Total Remote Usage
		Usr 0 00:00:00, Sys 0 00:00:00  -  Total Local Usage
	0  -  Run Bytes Sent By Job
	0  -  Run Bytes Received By Job
	0  -  Total Bytes Sent By Job
	0  -  Total Bytes Received By Job
	Partitionable Resources :    Usage  Request Allocated 
	   Cpus                 :     1.25        8         8 
	   Disk (KB)            :     1           1      2048 
	   GPUs                 :                           0 
	   Memory (MB)          :   802        6144      6144 
	   TimeExecute (s)      :   349                       
	   TimeSlotBusy (s)     :   350                       
...
