000 (6918.231.000) 2026-04-15 19:42:50 Job submitted from host: <140.160.143.131:9618?addrs=140.160.143.131-9618&alias=cse-head.cluster.cs.wwu.edu&noUDP&sock=schedd_1483_cb0a>
...
001 (6918.231.000) 2026-04-15 22:36:05 Job executing on host: <140.160.143.185:9618?addrs=140.160.143.185-9618&alias=c-0-16.cluster.cs.wwu.edu&noUDP&sock=startd_1431_201d>
	SlotName: slot1_2@c-0-16.cluster.cs.wwu.edu
	CondorScratchDir = "/var/lib/condor/execute/dir_1054149"
	Cpus = 8
	Disk = 2048
	GPUs = 0
	Memory = 4096
...
006 (6918.231.000) 2026-04-15 22:36:14 Image size of job updated: 102364
	100  -  MemoryUsage of job (MB)
	102364  -  ResidentSetSize of job (KB)
...
006 (6918.231.000) 2026-04-15 22:41:15 Image size of job updated: 859724
	824  -  MemoryUsage of job (MB)
	843416  -  ResidentSetSize of job (KB)
...
006 (6918.231.000) 2026-04-15 22:43:06 Image size of job updated: 918892
	824  -  MemoryUsage of job (MB)
	843416  -  ResidentSetSize of job (KB)
...
005 (6918.231.000) 2026-04-15 22:43:06 Job terminated.
	(1) Normal termination (return value 0)
		Usr 0 00:08:54, Sys 0 00:00:03  -  Run Remote Usage
		Usr 0 00:00:00, Sys 0 00:00:00  -  Run Local Usage
		Usr 0 00:08:54, Sys 0 00:00:03  -  Total Remote Usage
		Usr 0 00:00:00, Sys 0 00:00:00  -  Total Local Usage
	0  -  Run Bytes Sent By Job
	0  -  Run Bytes Received By Job
	0  -  Total Bytes Sent By Job
	0  -  Total Bytes Received By Job
	Partitionable Resources :    Usage  Request Allocated 
	   Cpus                 :     1.01        8         8 
	   Disk (KB)            :     1           1      2048 
	   GPUs                 :                           0 
	   Memory (MB)          :   824        4096      4096 
	   TimeExecute (s)      :   421                       
	   TimeSlotBusy (s)     :   421                       
...
