000 (6920.035.000) 2026-04-16 09:44:16 Job submitted from host: <140.160.143.131:9618?addrs=140.160.143.131-9618&alias=cse-head.cluster.cs.wwu.edu&noUDP&sock=schedd_1483_cb0a>
...
001 (6920.035.000) 2026-04-16 14:58:28 Job executing on host: <140.160.143.143:9618?addrs=140.160.143.143-9618&alias=c-0-3.cluster.cs.wwu.edu&noUDP&sock=startd_1365_dadd>
	SlotName: slot1_1@c-0-3.cluster.cs.wwu.edu
	CondorScratchDir = "/var/lib/condor/execute/dir_1078063"
	Cpus = 8
	Disk = 2048
	GPUs = 0
	Memory = 9216
...
006 (6920.035.000) 2026-04-16 14:58:36 Image size of job updated: 100604
	99  -  MemoryUsage of job (MB)
	100604  -  ResidentSetSize of job (KB)
...
006 (6920.035.000) 2026-04-16 15:03:36 Image size of job updated: 708024
	692  -  MemoryUsage of job (MB)
	708024  -  ResidentSetSize of job (KB)
...
006 (6920.035.000) 2026-04-16 15:06:54 Image size of job updated: 789044
	692  -  MemoryUsage of job (MB)
	708024  -  ResidentSetSize of job (KB)
...
005 (6920.035.000) 2026-04-16 15:06:55 Job terminated.
	(1) Normal termination (return value 0)
		Usr 0 00:08:50, Sys 0 00:00:03  -  Run Remote Usage
		Usr 0 00:00:00, Sys 0 00:00:00  -  Run Local Usage
		Usr 0 00:08:50, Sys 0 00:00:03  -  Total Remote Usage
		Usr 0 00:00:00, Sys 0 00:00:00  -  Total Local Usage
	0  -  Run Bytes Sent By Job
	0  -  Run Bytes Received By Job
	0  -  Total Bytes Sent By Job
	0  -  Total Bytes Received By Job
	Partitionable Resources :    Usage  Request Allocated 
	   Cpus                 :     1.07        8         8 
	   Disk (KB)            :     1           1      2048 
	   GPUs                 :                           0 
	   Memory (MB)          :   692        9216      9216 
	   TimeExecute (s)      :   506                       
	   TimeSlotBusy (s)     :   506                       
...
