000 (6919.286.000) 2026-04-16 09:41:22 Job submitted from host: <140.160.143.131:9618?addrs=140.160.143.131-9618&alias=cse-head.cluster.cs.wwu.edu&noUDP&sock=schedd_1483_cb0a>
...
001 (6919.286.000) 2026-04-16 12:16:23 Job executing on host: <140.160.143.144:9618?addrs=140.160.143.144-9618&alias=c-0-4.cluster.cs.wwu.edu&noUDP&sock=startd_1367_3a0d>
	SlotName: slot1_3@c-0-4.cluster.cs.wwu.edu
	CondorScratchDir = "/var/lib/condor/execute/dir_1066602"
	Cpus = 8
	Disk = 2048
	GPUs = 0
	Memory = 6144
...
006 (6919.286.000) 2026-04-16 12:16:32 Image size of job updated: 103800
	102  -  MemoryUsage of job (MB)
	103800  -  ResidentSetSize of job (KB)
...
006 (6919.286.000) 2026-04-16 12:21:33 Image size of job updated: 704812
	689  -  MemoryUsage of job (MB)
	704812  -  ResidentSetSize of job (KB)
...
006 (6919.286.000) 2026-04-16 12:26:34 Image size of job updated: 1117420
	1002  -  MemoryUsage of job (MB)
	1025044  -  ResidentSetSize of job (KB)
...
005 (6919.286.000) 2026-04-16 12:28:40 Job terminated.
	(1) Normal termination (return value 0)
		Usr 0 00:35:02, Sys 0 00:00:09  -  Run Remote Usage
		Usr 0 00:00:00, Sys 0 00:00:00  -  Run Local Usage
		Usr 0 00:35:02, Sys 0 00:00:09  -  Total Remote Usage
		Usr 0 00:00:00, Sys 0 00:00:00  -  Total Local Usage
	0  -  Run Bytes Sent By Job
	0  -  Run Bytes Received By Job
	0  -  Total Bytes Sent By Job
	0  -  Total Bytes Received By Job
	Partitionable Resources :    Usage  Request Allocated 
	   Cpus                 :     5.11        8         8 
	   Disk (KB)            :     1           1      2048 
	   GPUs                 :                           0 
	   Memory (MB)          :  1002        6144      6144 
	   TimeExecute (s)      :   736                       
	   TimeSlotBusy (s)     :   737                       
...
