000 (6918.003.000) 2026-04-15 19:42:51 Job submitted from host: <140.160.143.131:9618?addrs=140.160.143.131-9618&alias=cse-head.cluster.cs.wwu.edu&noUDP&sock=schedd_1483_cb0a>
...
001 (6918.003.000) 2026-04-15 19:42:52 Job executing on host: <140.160.143.185:9618?addrs=140.160.143.185-9618&alias=c-0-16.cluster.cs.wwu.edu&noUDP&sock=startd_1431_201d>
	SlotName: slot1_2@c-0-16.cluster.cs.wwu.edu
	CondorScratchDir = "/var/lib/condor/execute/dir_1048378"
	Cpus = 8
	Disk = 2048
	GPUs = 0
	Memory = 4096
...
006 (6918.003.000) 2026-04-15 19:43:00 Image size of job updated: 101648
	100  -  MemoryUsage of job (MB)
	101648  -  ResidentSetSize of job (KB)
...
006 (6918.003.000) 2026-04-15 19:48:00 Image size of job updated: 733764
	717  -  MemoryUsage of job (MB)
	733764  -  ResidentSetSize of job (KB)
...
006 (6918.003.000) 2026-04-15 19:48:38 Image size of job updated: 746032
	717  -  MemoryUsage of job (MB)
	733764  -  ResidentSetSize of job (KB)
...
005 (6918.003.000) 2026-04-15 19:48:38 Job terminated.
	(1) Normal termination (return value 0)
		Usr 0 00:05:50, Sys 0 00:00:02  -  Run Remote Usage
		Usr 0 00:00:00, Sys 0 00:00:00  -  Run Local Usage
		Usr 0 00:05:50, Sys 0 00:00:02  -  Total Remote Usage
		Usr 0 00:00:00, Sys 0 00:00:00  -  Total Local Usage
	0  -  Run Bytes Sent By Job
	0  -  Run Bytes Received By Job
	0  -  Total Bytes Sent By Job
	0  -  Total Bytes Received By Job
	Partitionable Resources :    Usage  Request Allocated 
	   Cpus                 :     1.01        8         8 
	   Disk (KB)            :     1           1      2048 
	   GPUs                 :                           0 
	   Memory (MB)          :   717        4096      4096 
	   TimeExecute (s)      :   346                       
	   TimeSlotBusy (s)     :   346                       
...
