000 (6919.325.000) 2026-04-16 09:41:22 Job submitted from host: <140.160.143.131:9618?addrs=140.160.143.131-9618&alias=cse-head.cluster.cs.wwu.edu&noUDP&sock=schedd_1483_cb0a>
...
001 (6919.325.000) 2026-04-16 12:52:15 Job executing on host: <140.160.143.150:9618?addrs=140.160.143.150-9618&alias=c-0-10.cluster.cs.wwu.edu&noUDP&sock=startd_1506_91b7>
	SlotName: slot1_2@c-0-10.cluster.cs.wwu.edu
	CondorScratchDir = "/var/lib/condor/execute/dir_1074968"
	Cpus = 8
	Disk = 2048
	GPUs = 0
	Memory = 6144
...
006 (6919.325.000) 2026-04-16 12:52:24 Image size of job updated: 352696
	345  -  MemoryUsage of job (MB)
	352696  -  ResidentSetSize of job (KB)
...
006 (6919.325.000) 2026-04-16 12:57:25 Image size of job updated: 1050164
	1007  -  MemoryUsage of job (MB)
	1030180  -  ResidentSetSize of job (KB)
...
006 (6919.325.000) 2026-04-16 13:02:25 Image size of job updated: 1099932
	1007  -  MemoryUsage of job (MB)
	1030180  -  ResidentSetSize of job (KB)
...
005 (6919.325.000) 2026-04-16 13:05:56 Job terminated.
	(1) Normal termination (return value 0)
		Usr 0 00:59:30, Sys 0 00:00:26  -  Run Remote Usage
		Usr 0 00:00:00, Sys 0 00:00:00  -  Run Local Usage
		Usr 0 00:59:30, Sys 0 00:00:26  -  Total Remote Usage
		Usr 0 00:00:00, Sys 0 00:00:00  -  Total Local Usage
	0  -  Run Bytes Sent By Job
	0  -  Run Bytes Received By Job
	0  -  Total Bytes Sent By Job
	0  -  Total Bytes Received By Job
	Partitionable Resources :    Usage  Request Allocated 
	   Cpus                 :     6.04        8         8 
	   Disk (KB)            :     1           1      2048 
	   GPUs                 :                           0 
	   Memory (MB)          :  1007        6144      6144 
	   TimeExecute (s)      :   820                       
	   TimeSlotBusy (s)     :   820                       
...
