000 (6918.047.000) 2026-04-15 19:42:51 Job submitted from host: <140.160.143.131:9618?addrs=140.160.143.131-9618&alias=cse-head.cluster.cs.wwu.edu&noUDP&sock=schedd_1483_cb0a>
...
001 (6918.047.000) 2026-04-15 20:15:53 Job executing on host: <140.160.143.143:9618?addrs=140.160.143.143-9618&alias=c-0-3.cluster.cs.wwu.edu&noUDP&sock=startd_1365_dadd>
	SlotName: slot1_1@c-0-3.cluster.cs.wwu.edu
	CondorScratchDir = "/var/lib/condor/execute/dir_1047121"
	Cpus = 8
	Disk = 2048
	GPUs = 0
	Memory = 4096
...
006 (6918.047.000) 2026-04-15 20:16:02 Image size of job updated: 101572
	100  -  MemoryUsage of job (MB)
	101572  -  ResidentSetSize of job (KB)
...
006 (6918.047.000) 2026-04-15 20:21:03 Image size of job updated: 692904
	677  -  MemoryUsage of job (MB)
	692248  -  ResidentSetSize of job (KB)
...
006 (6918.047.000) 2026-04-15 20:23:36 Image size of job updated: 715144
	677  -  MemoryUsage of job (MB)
	692248  -  ResidentSetSize of job (KB)
...
005 (6918.047.000) 2026-04-15 20:23:37 Job terminated.
	(1) Normal termination (return value 0)
		Usr 0 00:07:48, Sys 0 00:00:02  -  Run Remote Usage
		Usr 0 00:00:00, Sys 0 00:00:00  -  Run Local Usage
		Usr 0 00:07:48, Sys 0 00:00:02  -  Total Remote Usage
		Usr 0 00:00:00, Sys 0 00:00:00  -  Total Local Usage
	0  -  Run Bytes Sent By Job
	0  -  Run Bytes Received By Job
	0  -  Total Bytes Sent By Job
	0  -  Total Bytes Received By Job
	Partitionable Resources :    Usage  Request Allocated 
	   Cpus                 :     1.01        8         8 
	   Disk (KB)            :     1           1      2048 
	   GPUs                 :                           0 
	   Memory (MB)          :   677        4096      4096 
	   TimeExecute (s)      :   463                       
	   TimeSlotBusy (s)     :   464                       
...
