000 (6920.366.000) 2026-04-16 09:44:16 Job submitted from host: <140.160.143.131:9618?addrs=140.160.143.131-9618&alias=cse-head.cluster.cs.wwu.edu&noUDP&sock=schedd_1483_cb0a>
...
001 (6920.366.000) 2026-04-16 18:30:26 Job executing on host: <140.160.143.141:9618?addrs=140.160.143.141-9618&alias=c-0-1.cluster.cs.wwu.edu&noUDP&sock=startd_1336_f69e>
	SlotName: slot1_2@c-0-1.cluster.cs.wwu.edu
	CondorScratchDir = "/var/lib/condor/execute/dir_1068536"
	Cpus = 8
	Disk = 2048
	GPUs = 0
	Memory = 9216
...
006 (6920.366.000) 2026-04-16 18:30:35 Image size of job updated: 101776
	100  -  MemoryUsage of job (MB)
	101776  -  ResidentSetSize of job (KB)
...
006 (6920.366.000) 2026-04-16 18:35:36 Image size of job updated: 716156
	700  -  MemoryUsage of job (MB)
	716156  -  ResidentSetSize of job (KB)
...
006 (6920.366.000) 2026-04-16 18:40:36 Image size of job updated: 1179656
	1143  -  MemoryUsage of job (MB)
	1169612  -  ResidentSetSize of job (KB)
...
006 (6920.366.000) 2026-04-16 18:45:37 Image size of job updated: 1262664
	1234  -  MemoryUsage of job (MB)
	1262664  -  ResidentSetSize of job (KB)
...
005 (6920.366.000) 2026-04-16 18:49:19 Job terminated.
	(1) Normal termination (return value 0)
		Usr 0 01:24:05, Sys 0 00:00:26  -  Run Remote Usage
		Usr 0 00:00:00, Sys 0 00:00:00  -  Run Local Usage
		Usr 0 01:24:05, Sys 0 00:00:26  -  Total Remote Usage
		Usr 0 00:00:00, Sys 0 00:00:00  -  Total Local Usage
	0  -  Run Bytes Sent By Job
	0  -  Run Bytes Received By Job
	0  -  Total Bytes Sent By Job
	0  -  Total Bytes Received By Job
	Partitionable Resources :    Usage  Request Allocated 
	   Cpus                 :     2.81        8         8 
	   Disk (KB)            :     1           1      2048 
	   GPUs                 :                           0 
	   Memory (MB)          :  1234        9216      9216 
	   TimeExecute (s)      :  1133                       
	   TimeSlotBusy (s)     :  1133                       
...
