000 (6918.244.000) 2026-04-15 19:42:50 Job submitted from host: <140.160.143.131:9618?addrs=140.160.143.131-9618&alias=cse-head.cluster.cs.wwu.edu&noUDP&sock=schedd_1483_cb0a>
...
001 (6918.244.000) 2026-04-15 22:46:03 Job executing on host: <140.160.143.143:9618?addrs=140.160.143.143-9618&alias=c-0-3.cluster.cs.wwu.edu&noUDP&sock=startd_1365_dadd>
	SlotName: slot1_1@c-0-3.cluster.cs.wwu.edu
	CondorScratchDir = "/var/lib/condor/execute/dir_1051673"
	Cpus = 8
	Disk = 2048
	GPUs = 0
	Memory = 4096
...
006 (6918.244.000) 2026-04-15 22:46:11 Image size of job updated: 102816
	101  -  MemoryUsage of job (MB)
	102816  -  ResidentSetSize of job (KB)
...
006 (6918.244.000) 2026-04-15 22:51:11 Image size of job updated: 706296
	690  -  MemoryUsage of job (MB)
	706296  -  ResidentSetSize of job (KB)
...
006 (6918.244.000) 2026-04-15 22:54:24 Image size of job updated: 921728
	690  -  MemoryUsage of job (MB)
	706296  -  ResidentSetSize of job (KB)
...
005 (6918.244.000) 2026-04-15 22:54:25 Job terminated.
	(1) Normal termination (return value 0)
		Usr 0 00:09:17, Sys 0 00:00:03  -  Run Remote Usage
		Usr 0 00:00:00, Sys 0 00:00:00  -  Run Local Usage
		Usr 0 00:09:17, Sys 0 00:00:03  -  Total Remote Usage
		Usr 0 00:00:00, Sys 0 00:00:00  -  Total Local Usage
	0  -  Run Bytes Sent By Job
	0  -  Run Bytes Received By Job
	0  -  Total Bytes Sent By Job
	0  -  Total Bytes Received By Job
	Partitionable Resources :    Usage  Request Allocated 
	   Cpus                 :     1.00        8         8 
	   Disk (KB)            :     1           1      2048 
	   GPUs                 :                           0 
	   Memory (MB)          :   690        4096      4096 
	   TimeExecute (s)      :   502                       
	   TimeSlotBusy (s)     :   502                       
...
