000 (6919.306.000) 2026-04-16 09:41:22 Job submitted from host: <140.160.143.131:9618?addrs=140.160.143.131-9618&alias=cse-head.cluster.cs.wwu.edu&noUDP&sock=schedd_1483_cb0a>
...
001 (6919.306.000) 2026-04-16 12:31:11 Job executing on host: <140.160.143.184:9618?addrs=140.160.143.184-9618&alias=c-0-15.cluster.cs.wwu.edu&noUDP&sock=startd_1429_c0ed>
	SlotName: slot1_2@c-0-15.cluster.cs.wwu.edu
	CondorScratchDir = "/var/lib/condor/execute/dir_14656"
	Cpus = 8
	Disk = 2048
	GPUs = 0
	Memory = 6144
...
006 (6919.306.000) 2026-04-16 12:31:20 Image size of job updated: 362156
	354  -  MemoryUsage of job (MB)
	362156  -  ResidentSetSize of job (KB)
...
006 (6919.306.000) 2026-04-16 12:36:21 Image size of job updated: 905736
	885  -  MemoryUsage of job (MB)
	905736  -  ResidentSetSize of job (KB)
...
006 (6919.306.000) 2026-04-16 12:41:21 Image size of job updated: 1183568
	1093  -  MemoryUsage of job (MB)
	1118448  -  ResidentSetSize of job (KB)
...
005 (6919.306.000) 2026-04-16 12:42:36 Job terminated.
	(1) Normal termination (return value 0)
		Usr 0 00:43:15, Sys 0 00:00:18  -  Run Remote Usage
		Usr 0 00:00:00, Sys 0 00:00:00  -  Run Local Usage
		Usr 0 00:43:15, Sys 0 00:00:18  -  Total Remote Usage
		Usr 0 00:00:00, Sys 0 00:00:00  -  Total Local Usage
	0  -  Run Bytes Sent By Job
	0  -  Run Bytes Received By Job
	0  -  Total Bytes Sent By Job
	0  -  Total Bytes Received By Job
	Partitionable Resources :    Usage  Request Allocated 
	   Cpus                 :     7.36        8         8 
	   Disk (KB)            :     1           1      2048 
	   GPUs                 :                           0 
	   Memory (MB)          :  1093        6144      6144 
	   TimeExecute (s)      :   685                       
	   TimeSlotBusy (s)     :   685                       
...
