000 (6920.355.000) 2026-04-16 09:44:16 Job submitted from host: <140.160.143.131:9618?addrs=140.160.143.131-9618&alias=cse-head.cluster.cs.wwu.edu&noUDP&sock=schedd_1483_cb0a>
...
001 (6920.355.000) 2026-04-16 18:20:26 Job executing on host: <140.160.143.149:9618?addrs=140.160.143.149-9618&alias=c-0-9.cluster.cs.wwu.edu&noUDP&sock=startd_1570_77c7>
	SlotName: slot1_4@c-0-9.cluster.cs.wwu.edu
	CondorScratchDir = "/var/lib/condor/execute/dir_1103343"
	Cpus = 8
	Disk = 2048
	GPUs = 0
	Memory = 9216
...
006 (6920.355.000) 2026-04-16 18:20:34 Image size of job updated: 433160
	424  -  MemoryUsage of job (MB)
	433160  -  ResidentSetSize of job (KB)
...
006 (6920.355.000) 2026-04-16 18:25:34 Image size of job updated: 984196
	941  -  MemoryUsage of job (MB)
	963124  -  ResidentSetSize of job (KB)
...
006 (6920.355.000) 2026-04-16 18:30:35 Image size of job updated: 1106072
	1034  -  MemoryUsage of job (MB)
	1058512  -  ResidentSetSize of job (KB)
...
005 (6920.355.000) 2026-04-16 18:30:42 Job terminated.
	(1) Normal termination (return value 0)
		Usr 0 00:32:55, Sys 0 00:00:09  -  Run Remote Usage
		Usr 0 00:00:00, Sys 0 00:00:00  -  Run Local Usage
		Usr 0 00:32:55, Sys 0 00:00:09  -  Total Remote Usage
		Usr 0 00:00:00, Sys 0 00:00:00  -  Total Local Usage
	0  -  Run Bytes Sent By Job
	0  -  Run Bytes Received By Job
	0  -  Total Bytes Sent By Job
	0  -  Total Bytes Received By Job
	Partitionable Resources :    Usage  Request Allocated 
	   Cpus                 :     2.63        8         8 
	   Disk (KB)            :     1           1      2048 
	   GPUs                 :                           0 
	   Memory (MB)          :  1034        9216      9216 
	   TimeExecute (s)      :   616                       
	   TimeSlotBusy (s)     :   616                       
...
