000 (6920.264.000) 2026-04-16 09:44:16 Job submitted from host: <140.160.143.131:9618?addrs=140.160.143.131-9618&alias=cse-head.cluster.cs.wwu.edu&noUDP&sock=schedd_1483_cb0a>
...
001 (6920.264.000) 2026-04-16 16:51:17 Job executing on host: <140.160.143.148:9618?addrs=140.160.143.148-9618&alias=c-0-8.cluster.cs.wwu.edu&noUDP&sock=startd_1538_84bf>
	SlotName: slot1_4@c-0-8.cluster.cs.wwu.edu
	CondorScratchDir = "/var/lib/condor/execute/dir_1091053"
	Cpus = 8
	Disk = 2048
	GPUs = 0
	Memory = 9216
...
006 (6920.264.000) 2026-04-16 16:51:26 Image size of job updated: 258084
	253  -  MemoryUsage of job (MB)
	258084  -  ResidentSetSize of job (KB)
...
006 (6920.264.000) 2026-04-16 16:56:27 Image size of job updated: 915560
	895  -  MemoryUsage of job (MB)
	915560  -  ResidentSetSize of job (KB)
...
006 (6920.264.000) 2026-04-16 17:01:13 Image size of job updated: 1098660
	895  -  MemoryUsage of job (MB)
	915560  -  ResidentSetSize of job (KB)
...
005 (6920.264.000) 2026-04-16 17:01:13 Job terminated.
	(1) Normal termination (return value 0)
		Usr 0 00:24:45, Sys 0 00:00:06  -  Run Remote Usage
		Usr 0 00:00:00, Sys 0 00:00:00  -  Run Local Usage
		Usr 0 00:24:45, Sys 0 00:00:06  -  Total Remote Usage
		Usr 0 00:00:00, Sys 0 00:00:00  -  Total Local Usage
	0  -  Run Bytes Sent By Job
	0  -  Run Bytes Received By Job
	0  -  Total Bytes Sent By Job
	0  -  Total Bytes Received By Job
	Partitionable Resources :    Usage  Request Allocated 
	   Cpus                 :     1.86        8         8 
	   Disk (KB)            :     1           1      2048 
	   GPUs                 :                           0 
	   Memory (MB)          :   895        9216      9216 
	   TimeExecute (s)      :   596                       
	   TimeSlotBusy (s)     :   596                       
...
