000 (6919.331.000) 2026-04-16 09:41:22 Job submitted from host: <140.160.143.131:9618?addrs=140.160.143.131-9618&alias=cse-head.cluster.cs.wwu.edu&noUDP&sock=schedd_1483_cb0a>
...
001 (6919.331.000) 2026-04-16 12:58:15 Job executing on host: <140.160.143.149:9618?addrs=140.160.143.149-9618&alias=c-0-9.cluster.cs.wwu.edu&noUDP&sock=startd_1570_77c7>
	SlotName: slot1_1@c-0-9.cluster.cs.wwu.edu
	CondorScratchDir = "/var/lib/condor/execute/dir_1090742"
	Cpus = 8
	Disk = 2048
	GPUs = 0
	Memory = 6144
...
006 (6919.331.000) 2026-04-16 12:58:24 Image size of job updated: 498836
	488  -  MemoryUsage of job (MB)
	498836  -  ResidentSetSize of job (KB)
...
006 (6919.331.000) 2026-04-16 13:03:25 Image size of job updated: 1060408
	967  -  MemoryUsage of job (MB)
	990072  -  ResidentSetSize of job (KB)
...
006 (6919.331.000) 2026-04-16 13:08:25 Image size of job updated: 1144296
	1112  -  MemoryUsage of job (MB)
	1138468  -  ResidentSetSize of job (KB)
...
005 (6919.331.000) 2026-04-16 13:11:10 Job terminated.
	(1) Normal termination (return value 0)
		Usr 0 01:00:12, Sys 0 00:00:39  -  Run Remote Usage
		Usr 0 00:00:00, Sys 0 00:00:00  -  Run Local Usage
		Usr 0 01:00:12, Sys 0 00:00:39  -  Total Remote Usage
		Usr 0 00:00:00, Sys 0 00:00:00  -  Total Local Usage
	0  -  Run Bytes Sent By Job
	0  -  Run Bytes Received By Job
	0  -  Total Bytes Sent By Job
	0  -  Total Bytes Received By Job
	Partitionable Resources :    Usage  Request Allocated 
	   Cpus                 :     5.85        8         8 
	   Disk (KB)            :     1           1      2048 
	   GPUs                 :                           0 
	   Memory (MB)          :  1112        6144      6144 
	   TimeExecute (s)      :   775                       
	   TimeSlotBusy (s)     :   775                       
...
