000 (6920.186.000) 2026-04-16 09:44:16 Job submitted from host: <140.160.143.131:9618?addrs=140.160.143.131-9618&alias=cse-head.cluster.cs.wwu.edu&noUDP&sock=schedd_1483_cb0a>
...
001 (6920.186.000) 2026-04-16 16:07:31 Job executing on host: <140.160.143.144:9618?addrs=140.160.143.144-9618&alias=c-0-4.cluster.cs.wwu.edu&noUDP&sock=startd_1367_3a0d>
	SlotName: slot1_3@c-0-4.cluster.cs.wwu.edu
	CondorScratchDir = "/var/lib/condor/execute/dir_1073640"
	Cpus = 8
	Disk = 2048
	GPUs = 0
	Memory = 9216
...
006 (6920.186.000) 2026-04-16 16:07:39 Image size of job updated: 103512
	102  -  MemoryUsage of job (MB)
	103512  -  ResidentSetSize of job (KB)
...
006 (6920.186.000) 2026-04-16 16:12:39 Image size of job updated: 880136
	857  -  MemoryUsage of job (MB)
	877056  -  ResidentSetSize of job (KB)
...
006 (6920.186.000) 2026-04-16 16:13:21 Image size of job updated: 881844
	857  -  MemoryUsage of job (MB)
	877056  -  ResidentSetSize of job (KB)
...
005 (6920.186.000) 2026-04-16 16:13:21 Job terminated.
	(1) Normal termination (return value 0)
		Usr 0 00:06:28, Sys 0 00:00:02  -  Run Remote Usage
		Usr 0 00:00:00, Sys 0 00:00:00  -  Run Local Usage
		Usr 0 00:06:28, Sys 0 00:00:02  -  Total Remote Usage
		Usr 0 00:00:00, Sys 0 00:00:00  -  Total Local Usage
	0  -  Run Bytes Sent By Job
	0  -  Run Bytes Received By Job
	0  -  Total Bytes Sent By Job
	0  -  Total Bytes Received By Job
	Partitionable Resources :    Usage  Request Allocated 
	   Cpus                 :     1.01        8         8 
	   Disk (KB)            :     1           1      2048 
	   GPUs                 :                           0 
	   Memory (MB)          :   857        9216      9216 
	   TimeExecute (s)      :   350                       
	   TimeSlotBusy (s)     :   350                       
...
