000 (6920.401.000) 2026-04-16 09:44:16 Job submitted from host: <140.160.143.131:9618?addrs=140.160.143.131-9618&alias=cse-head.cluster.cs.wwu.edu&noUDP&sock=schedd_1483_cb0a>
...
001 (6920.401.000) 2026-04-16 19:08:34 Job executing on host: <140.160.143.148:9618?addrs=140.160.143.148-9618&alias=c-0-8.cluster.cs.wwu.edu&noUDP&sock=startd_1538_84bf>
	SlotName: slot1_4@c-0-8.cluster.cs.wwu.edu
	CondorScratchDir = "/var/lib/condor/execute/dir_1094712"
	Cpus = 8
	Disk = 2048
	GPUs = 0
	Memory = 9216
...
006 (6920.401.000) 2026-04-16 19:08:42 Image size of job updated: 238688
	234  -  MemoryUsage of job (MB)
	238688  -  ResidentSetSize of job (KB)
...
006 (6920.401.000) 2026-04-16 19:13:42 Image size of job updated: 1025100
	1002  -  MemoryUsage of job (MB)
	1025100  -  ResidentSetSize of job (KB)
...
006 (6920.401.000) 2026-04-16 19:18:43 Image size of job updated: 1208248
	1091  -  MemoryUsage of job (MB)
	1116800  -  ResidentSetSize of job (KB)
...
005 (6920.401.000) 2026-04-16 19:21:25 Job terminated.
	(1) Normal termination (return value 0)
		Usr 0 00:44:22, Sys 0 00:00:26  -  Run Remote Usage
		Usr 0 00:00:00, Sys 0 00:00:00  -  Run Local Usage
		Usr 0 00:44:22, Sys 0 00:00:26  -  Total Remote Usage
		Usr 0 00:00:00, Sys 0 00:00:00  -  Total Local Usage
	0  -  Run Bytes Sent By Job
	0  -  Run Bytes Received By Job
	0  -  Total Bytes Sent By Job
	0  -  Total Bytes Received By Job
	Partitionable Resources :    Usage  Request Allocated 
	   Cpus                 :     4.50        8         8 
	   Disk (KB)            :     1           1      2048 
	   GPUs                 :                           0 
	   Memory (MB)          :  1091        9216      9216 
	   TimeExecute (s)      :   771                       
	   TimeSlotBusy (s)     :   771                       
...
