000 (6919.377.000) 2026-04-16 09:41:23 Job submitted from host: <140.160.143.131:9618?addrs=140.160.143.131-9618&alias=cse-head.cluster.cs.wwu.edu&noUDP&sock=schedd_1483_cb0a>
...
001 (6919.377.000) 2026-04-16 13:57:38 Job executing on host: <140.160.143.141:9618?addrs=140.160.143.141-9618&alias=c-0-1.cluster.cs.wwu.edu&noUDP&sock=startd_1336_f69e>
	SlotName: slot1_2@c-0-1.cluster.cs.wwu.edu
	CondorScratchDir = "/var/lib/condor/execute/dir_1060490"
	Cpus = 8
	Disk = 2048
	GPUs = 0
	Memory = 6144
...
006 (6919.377.000) 2026-04-16 13:57:46 Image size of job updated: 98724
	97  -  MemoryUsage of job (MB)
	98724  -  ResidentSetSize of job (KB)
...
006 (6919.377.000) 2026-04-16 14:02:46 Image size of job updated: 717548
	701  -  MemoryUsage of job (MB)
	717548  -  ResidentSetSize of job (KB)
...
006 (6919.377.000) 2026-04-16 14:07:47 Image size of job updated: 1088828
	1064  -  MemoryUsage of job (MB)
	1088828  -  ResidentSetSize of job (KB)
...
006 (6919.377.000) 2026-04-16 14:12:47 Image size of job updated: 1127088
	1095  -  MemoryUsage of job (MB)
	1120292  -  ResidentSetSize of job (KB)
...
006 (6919.377.000) 2026-04-16 14:17:05 Image size of job updated: 1140648
	1095  -  MemoryUsage of job (MB)
	1120292  -  ResidentSetSize of job (KB)
...
005 (6919.377.000) 2026-04-16 14:17:05 Job terminated.
	(1) Normal termination (return value 0)
		Usr 0 01:29:37, Sys 0 00:00:32  -  Run Remote Usage
		Usr 0 00:00:00, Sys 0 00:00:00  -  Run Local Usage
		Usr 0 01:29:37, Sys 0 00:00:32  -  Total Remote Usage
		Usr 0 00:00:00, Sys 0 00:00:00  -  Total Local Usage
	0  -  Run Bytes Sent By Job
	0  -  Run Bytes Received By Job
	0  -  Total Bytes Sent By Job
	0  -  Total Bytes Received By Job
	Partitionable Resources :    Usage  Request Allocated 
	   Cpus                 :     7.14        8         8 
	   Disk (KB)            :     1           1      2048 
	   GPUs                 :                           0 
	   Memory (MB)          :  1095        6144      6144 
	   TimeExecute (s)      :  1167                       
	   TimeSlotBusy (s)     :  1167                       
...
