000 (6920.193.000) 2026-04-16 09:44:16 Job submitted from host: <140.160.143.131:9618?addrs=140.160.143.131-9618&alias=cse-head.cluster.cs.wwu.edu&noUDP&sock=schedd_1483_cb0a>
...
001 (6920.193.000) 2026-04-16 16:10:34 Job executing on host: <140.160.143.148:9618?addrs=140.160.143.148-9618&alias=c-0-8.cluster.cs.wwu.edu&noUDP&sock=startd_1538_84bf>
	SlotName: slot1_4@c-0-8.cluster.cs.wwu.edu
	CondorScratchDir = "/var/lib/condor/execute/dir_1089478"
	Cpus = 8
	Disk = 2048
	GPUs = 0
	Memory = 9216
...
006 (6920.193.000) 2026-04-16 16:10:43 Image size of job updated: 247764
	242  -  MemoryUsage of job (MB)
	247764  -  ResidentSetSize of job (KB)
...
006 (6920.193.000) 2026-04-16 16:15:44 Image size of job updated: 849284
	830  -  MemoryUsage of job (MB)
	849284  -  ResidentSetSize of job (KB)
...
006 (6920.193.000) 2026-04-16 16:17:50 Image size of job updated: 961852
	830  -  MemoryUsage of job (MB)
	849284  -  ResidentSetSize of job (KB)
...
005 (6920.193.000) 2026-04-16 16:17:50 Job terminated.
	(1) Normal termination (return value 0)
		Usr 0 00:08:37, Sys 0 00:00:03  -  Run Remote Usage
		Usr 0 00:00:00, Sys 0 00:00:00  -  Run Local Usage
		Usr 0 00:08:37, Sys 0 00:00:03  -  Total Remote Usage
		Usr 0 00:00:00, Sys 0 00:00:00  -  Total Local Usage
	0  -  Run Bytes Sent By Job
	0  -  Run Bytes Received By Job
	0  -  Total Bytes Sent By Job
	0  -  Total Bytes Received By Job
	Partitionable Resources :    Usage  Request Allocated 
	   Cpus                 :     1.35        8         8 
	   Disk (KB)            :     1           1      2048 
	   GPUs                 :                           0 
	   Memory (MB)          :   830        9216      9216 
	   TimeExecute (s)      :   436                       
	   TimeSlotBusy (s)     :   436                       
...
