000 (6918.197.000) 2026-04-15 19:42:50 Job submitted from host: <140.160.143.131:9618?addrs=140.160.143.131-9618&alias=cse-head.cluster.cs.wwu.edu&noUDP&sock=schedd_1483_cb0a>
...
001 (6918.197.000) 2026-04-15 22:09:55 Job executing on host: <140.160.143.148:9618?addrs=140.160.143.148-9618&alias=c-0-8.cluster.cs.wwu.edu&noUDP&sock=startd_1538_84bf>
	SlotName: slot1_4@c-0-8.cluster.cs.wwu.edu
	CondorScratchDir = "/var/lib/condor/execute/dir_1059252"
	Cpus = 8
	Disk = 2048
	GPUs = 0
	Memory = 4096
...
006 (6918.197.000) 2026-04-15 22:10:03 Image size of job updated: 235768
	231  -  MemoryUsage of job (MB)
	235768  -  ResidentSetSize of job (KB)
...
006 (6918.197.000) 2026-04-15 22:15:03 Image size of job updated: 877380
	857  -  MemoryUsage of job (MB)
	877380  -  ResidentSetSize of job (KB)
...
006 (6918.197.000) 2026-04-15 22:15:58 Image size of job updated: 878668
	857  -  MemoryUsage of job (MB)
	877380  -  ResidentSetSize of job (KB)
...
005 (6918.197.000) 2026-04-15 22:15:58 Job terminated.
	(1) Normal termination (return value 0)
		Usr 0 00:06:29, Sys 0 00:00:02  -  Run Remote Usage
		Usr 0 00:00:00, Sys 0 00:00:00  -  Run Local Usage
		Usr 0 00:06:29, Sys 0 00:00:02  -  Total Remote Usage
		Usr 0 00:00:00, Sys 0 00:00:00  -  Total Local Usage
	0  -  Run Bytes Sent By Job
	0  -  Run Bytes Received By Job
	0  -  Total Bytes Sent By Job
	0  -  Total Bytes Received By Job
	Partitionable Resources :    Usage  Request Allocated 
	   Cpus                 :     1.06        8         8 
	   Disk (KB)            :     1           1      2048 
	   GPUs                 :                           0 
	   Memory (MB)          :   857        4096      4096 
	   TimeExecute (s)      :   363                       
	   TimeSlotBusy (s)     :   363                       
...
