000 (6919.277.000) 2026-04-16 09:41:22 Job submitted from host: <140.160.143.131:9618?addrs=140.160.143.131-9618&alias=cse-head.cluster.cs.wwu.edu&noUDP&sock=schedd_1483_cb0a>
...
001 (6919.277.000) 2026-04-16 12:09:45 Job executing on host: <140.160.143.151:9618?addrs=140.160.143.151-9618&alias=c-0-11.cluster.cs.wwu.edu&noUDP&sock=startd_1509_a080>
	SlotName: slot1_1@c-0-11.cluster.cs.wwu.edu
	CondorScratchDir = "/var/lib/condor/execute/dir_1069385"
	Cpus = 8
	Disk = 2048
	GPUs = 0
	Memory = 6144
...
006 (6919.277.000) 2026-04-16 12:09:53 Image size of job updated: 243272
	238  -  MemoryUsage of job (MB)
	243272  -  ResidentSetSize of job (KB)
...
006 (6919.277.000) 2026-04-16 12:14:53 Image size of job updated: 965484
	879  -  MemoryUsage of job (MB)
	899584  -  ResidentSetSize of job (KB)
...
006 (6919.277.000) 2026-04-16 12:19:53 Image size of job updated: 980848
	940  -  MemoryUsage of job (MB)
	961864  -  ResidentSetSize of job (KB)
...
005 (6919.277.000) 2026-04-16 12:21:43 Job terminated.
	(1) Normal termination (return value 0)
		Usr 0 00:31:43, Sys 0 00:00:10  -  Run Remote Usage
		Usr 0 00:00:00, Sys 0 00:00:00  -  Run Local Usage
		Usr 0 00:31:43, Sys 0 00:00:10  -  Total Remote Usage
		Usr 0 00:00:00, Sys 0 00:00:00  -  Total Local Usage
	0  -  Run Bytes Sent By Job
	0  -  Run Bytes Received By Job
	0  -  Total Bytes Sent By Job
	0  -  Total Bytes Received By Job
	Partitionable Resources :    Usage  Request Allocated 
	   Cpus                 :     1.17        8         8 
	   Disk (KB)            :     1           1      2048 
	   GPUs                 :                           0 
	   Memory (MB)          :   940        6144      6144 
	   TimeExecute (s)      :   719                       
	   TimeSlotBusy (s)     :   719                       
...
