000 (6919.274.000) 2026-04-16 09:41:22 Job submitted from host: <140.160.143.131:9618?addrs=140.160.143.131-9618&alias=cse-head.cluster.cs.wwu.edu&noUDP&sock=schedd_1483_cb0a>
...
001 (6919.274.000) 2026-04-16 12:07:01 Job executing on host: <140.160.143.144:9618?addrs=140.160.143.144-9618&alias=c-0-4.cluster.cs.wwu.edu&noUDP&sock=startd_1367_3a0d>
	SlotName: slot1_3@c-0-4.cluster.cs.wwu.edu
	CondorScratchDir = "/var/lib/condor/execute/dir_1066542"
	Cpus = 8
	Disk = 2048
	GPUs = 0
	Memory = 6144
...
006 (6919.274.000) 2026-04-16 12:07:10 Image size of job updated: 107856
	106  -  MemoryUsage of job (MB)
	107856  -  ResidentSetSize of job (KB)
...
006 (6919.274.000) 2026-04-16 12:12:11 Image size of job updated: 707728
	692  -  MemoryUsage of job (MB)
	707728  -  ResidentSetSize of job (KB)
...
006 (6919.274.000) 2026-04-16 12:15:48 Image size of job updated: 912848
	692  -  MemoryUsage of job (MB)
	707728  -  ResidentSetSize of job (KB)
...
005 (6919.274.000) 2026-04-16 12:15:48 Job terminated.
	(1) Normal termination (return value 0)
		Usr 0 00:12:01, Sys 0 00:00:03  -  Run Remote Usage
		Usr 0 00:00:00, Sys 0 00:00:00  -  Run Local Usage
		Usr 0 00:12:01, Sys 0 00:00:03  -  Total Remote Usage
		Usr 0 00:00:00, Sys 0 00:00:00  -  Total Local Usage
	0  -  Run Bytes Sent By Job
	0  -  Run Bytes Received By Job
	0  -  Total Bytes Sent By Job
	0  -  Total Bytes Received By Job
	Partitionable Resources :    Usage  Request Allocated 
	   Cpus                 :     1.48        8         8 
	   Disk (KB)            :     1           1      2048 
	   GPUs                 :                           0 
	   Memory (MB)          :   692        6144      6144 
	   TimeExecute (s)      :   527                       
	   TimeSlotBusy (s)     :   533                       
...
