000 (6920.352.000) 2026-04-16 09:44:16 Job submitted from host: <140.160.143.131:9618?addrs=140.160.143.131-9618&alias=cse-head.cluster.cs.wwu.edu&noUDP&sock=schedd_1483_cb0a>
...
001 (6920.352.000) 2026-04-16 18:17:28 Job executing on host: <140.160.143.149:9618?addrs=140.160.143.149-9618&alias=c-0-9.cluster.cs.wwu.edu&noUDP&sock=startd_1570_77c7>
	SlotName: slot1_1@c-0-9.cluster.cs.wwu.edu
	CondorScratchDir = "/var/lib/condor/execute/dir_1103250"
	Cpus = 8
	Disk = 2048
	GPUs = 0
	Memory = 9216
...
006 (6920.352.000) 2026-04-16 18:17:37 Image size of job updated: 413080
	404  -  MemoryUsage of job (MB)
	413080  -  ResidentSetSize of job (KB)
...
006 (6920.352.000) 2026-04-16 18:22:38 Image size of job updated: 1093024
	1068  -  MemoryUsage of job (MB)
	1093024  -  ResidentSetSize of job (KB)
...
006 (6920.352.000) 2026-04-16 18:27:38 Image size of job updated: 1194480
	1118  -  MemoryUsage of job (MB)
	1144236  -  ResidentSetSize of job (KB)
...
005 (6920.352.000) 2026-04-16 18:27:58 Job terminated.
	(1) Normal termination (return value 0)
		Usr 0 00:48:36, Sys 0 00:00:24  -  Run Remote Usage
		Usr 0 00:00:00, Sys 0 00:00:00  -  Run Local Usage
		Usr 0 00:48:36, Sys 0 00:00:24  -  Total Remote Usage
		Usr 0 00:00:00, Sys 0 00:00:00  -  Total Local Usage
	0  -  Run Bytes Sent By Job
	0  -  Run Bytes Received By Job
	0  -  Total Bytes Sent By Job
	0  -  Total Bytes Received By Job
	Partitionable Resources :    Usage  Request Allocated 
	   Cpus                 :     5.41        8         8 
	   Disk (KB)            :     1           1      2048 
	   GPUs                 :                           0 
	   Memory (MB)          :  1118        9216      9216 
	   TimeExecute (s)      :   630                       
	   TimeSlotBusy (s)     :   630                       
...
