000 (6920.226.000) 2026-04-16 09:44:16 Job submitted from host: <140.160.143.131:9618?addrs=140.160.143.131-9618&alias=cse-head.cluster.cs.wwu.edu&noUDP&sock=schedd_1483_cb0a>
...
001 (6920.226.000) 2026-04-16 16:25:50 Job executing on host: <140.160.143.148:9618?addrs=140.160.143.148-9618&alias=c-0-8.cluster.cs.wwu.edu&noUDP&sock=startd_1538_84bf>
	SlotName: slot1_4@c-0-8.cluster.cs.wwu.edu
	CondorScratchDir = "/var/lib/condor/execute/dir_1090290"
	Cpus = 8
	Disk = 2048
	GPUs = 0
	Memory = 9216
...
006 (6920.226.000) 2026-04-16 16:25:58 Image size of job updated: 224384
	220  -  MemoryUsage of job (MB)
	224384  -  ResidentSetSize of job (KB)
...
006 (6920.226.000) 2026-04-16 16:30:58 Image size of job updated: 827752
	809  -  MemoryUsage of job (MB)
	827752  -  ResidentSetSize of job (KB)
...
006 (6920.226.000) 2026-04-16 16:32:26 Image size of job updated: 920256
	809  -  MemoryUsage of job (MB)
	827752  -  ResidentSetSize of job (KB)
...
005 (6920.226.000) 2026-04-16 16:32:26 Job terminated.
	(1) Normal termination (return value 0)
		Usr 0 00:07:29, Sys 0 00:00:02  -  Run Remote Usage
		Usr 0 00:00:00, Sys 0 00:00:00  -  Run Local Usage
		Usr 0 00:07:29, Sys 0 00:00:02  -  Total Remote Usage
		Usr 0 00:00:00, Sys 0 00:00:00  -  Total Local Usage
	0  -  Run Bytes Sent By Job
	0  -  Run Bytes Received By Job
	0  -  Total Bytes Sent By Job
	0  -  Total Bytes Received By Job
	Partitionable Resources :    Usage  Request Allocated 
	   Cpus                 :     1.84        8         8 
	   Disk (KB)            :     1           1      2048 
	   GPUs                 :                           0 
	   Memory (MB)          :   809        9216      9216 
	   TimeExecute (s)      :   396                       
	   TimeSlotBusy (s)     :   396                       
...
