000 (6918.319.000) 2026-04-15 19:42:51 Job submitted from host: <140.160.143.131:9618?addrs=140.160.143.131-9618&alias=cse-head.cluster.cs.wwu.edu&noUDP&sock=schedd_1483_cb0a>
...
001 (6918.319.000) 2026-04-15 23:49:04 Job executing on host: <140.160.143.143:9618?addrs=140.160.143.143-9618&alias=c-0-3.cluster.cs.wwu.edu&noUDP&sock=startd_1365_dadd>
	SlotName: slot1_1@c-0-3.cluster.cs.wwu.edu
	CondorScratchDir = "/var/lib/condor/execute/dir_1053895"
	Cpus = 8
	Disk = 2048
	GPUs = 0
	Memory = 4096
...
006 (6918.319.000) 2026-04-15 23:49:12 Image size of job updated: 100744
	99  -  MemoryUsage of job (MB)
	100744  -  ResidentSetSize of job (KB)
...
006 (6918.319.000) 2026-04-15 23:54:12 Image size of job updated: 724784
	708  -  MemoryUsage of job (MB)
	724160  -  ResidentSetSize of job (KB)
...
006 (6918.319.000) 2026-04-15 23:59:13 Image size of job updated: 1083752
	910  -  MemoryUsage of job (MB)
	931520  -  ResidentSetSize of job (KB)
...
005 (6918.319.000) 2026-04-16 00:00:38 Job terminated.
	(1) Normal termination (return value 0)
		Usr 0 00:25:45, Sys 0 00:00:14  -  Run Remote Usage
		Usr 0 00:00:00, Sys 0 00:00:00  -  Run Local Usage
		Usr 0 00:25:45, Sys 0 00:00:14  -  Total Remote Usage
		Usr 0 00:00:00, Sys 0 00:00:00  -  Total Local Usage
	0  -  Run Bytes Sent By Job
	0  -  Run Bytes Received By Job
	0  -  Total Bytes Sent By Job
	0  -  Total Bytes Received By Job
	Partitionable Resources :    Usage  Request Allocated 
	   Cpus                 :     4.21        8         8 
	   Disk (KB)            :     1           1      2048 
	   GPUs                 :                           0 
	   Memory (MB)          :   910        4096      4096 
	   TimeExecute (s)      :   694                       
	   TimeSlotBusy (s)     :   694                       
...
