000 (6920.351.000) 2026-04-16 09:44:16 Job submitted from host: <140.160.143.131:9618?addrs=140.160.143.131-9618&alias=cse-head.cluster.cs.wwu.edu&noUDP&sock=schedd_1483_cb0a>
...
001 (6920.351.000) 2026-04-16 18:15:29 Job executing on host: <140.160.143.184:9618?addrs=140.160.143.184-9618&alias=c-0-15.cluster.cs.wwu.edu&noUDP&sock=startd_1429_c0ed>
	SlotName: slot1_2@c-0-15.cluster.cs.wwu.edu
	CondorScratchDir = "/var/lib/condor/execute/dir_27465"
	Cpus = 8
	Disk = 2048
	GPUs = 0
	Memory = 9216
...
006 (6920.351.000) 2026-04-16 18:15:37 Image size of job updated: 354776
	347  -  MemoryUsage of job (MB)
	354776  -  ResidentSetSize of job (KB)
...
006 (6920.351.000) 2026-04-16 18:20:37 Image size of job updated: 903364
	883  -  MemoryUsage of job (MB)
	903364  -  ResidentSetSize of job (KB)
...
006 (6920.351.000) 2026-04-16 18:25:38 Image size of job updated: 1077680
	1003  -  MemoryUsage of job (MB)
	1026716  -  ResidentSetSize of job (KB)
...
005 (6920.351.000) 2026-04-16 18:27:54 Job terminated.
	(1) Normal termination (return value 0)
		Usr 0 00:34:45, Sys 0 00:00:13  -  Run Remote Usage
		Usr 0 00:00:00, Sys 0 00:00:00  -  Run Local Usage
		Usr 0 00:34:45, Sys 0 00:00:13  -  Total Remote Usage
		Usr 0 00:00:00, Sys 0 00:00:00  -  Total Local Usage
	0  -  Run Bytes Sent By Job
	0  -  Run Bytes Received By Job
	0  -  Total Bytes Sent By Job
	0  -  Total Bytes Received By Job
	Partitionable Resources :    Usage  Request Allocated 
	   Cpus                 :     4.65        8         8 
	   Disk (KB)            :     1           1      2048 
	   GPUs                 :                           0 
	   Memory (MB)          :  1003        9216      9216 
	   TimeExecute (s)      :   745                       
	   TimeSlotBusy (s)     :   745                       
...
