000 (6920.000.000) 2026-04-16 09:44:15 Job submitted from host: <140.160.143.131:9618?addrs=140.160.143.131-9618&alias=cse-head.cluster.cs.wwu.edu&noUDP&sock=schedd_1483_cb0a>
...
001 (6920.000.000) 2026-04-16 14:31:36 Job executing on host: <140.160.143.141:9618?addrs=140.160.143.141-9618&alias=c-0-1.cluster.cs.wwu.edu&noUDP&sock=startd_1336_f69e>
	SlotName: slot1_2@c-0-1.cluster.cs.wwu.edu
	CondorScratchDir = "/var/lib/condor/execute/dir_1061415"
	Cpus = 8
	Disk = 2048
	GPUs = 0
	Memory = 9216
...
006 (6920.000.000) 2026-04-16 14:31:45 Image size of job updated: 103800
	102  -  MemoryUsage of job (MB)
	103800  -  ResidentSetSize of job (KB)
...
006 (6920.000.000) 2026-04-16 14:36:47 Image size of job updated: 698660
	683  -  MemoryUsage of job (MB)
	698660  -  ResidentSetSize of job (KB)
...
006 (6920.000.000) 2026-04-16 14:38:27 Image size of job updated: 746512
	683  -  MemoryUsage of job (MB)
	698660  -  ResidentSetSize of job (KB)
...
005 (6920.000.000) 2026-04-16 14:38:27 Job terminated.
	(1) Normal termination (return value 0)
		Usr 0 00:07:09, Sys 0 00:00:02  -  Run Remote Usage
		Usr 0 00:00:00, Sys 0 00:00:00  -  Run Local Usage
		Usr 0 00:07:09, Sys 0 00:00:02  -  Total Remote Usage
		Usr 0 00:00:00, Sys 0 00:00:00  -  Total Local Usage
	0  -  Run Bytes Sent By Job
	0  -  Run Bytes Received By Job
	0  -  Total Bytes Sent By Job
	0  -  Total Bytes Received By Job
	Partitionable Resources :    Usage  Request Allocated 
	   Cpus                 :     1.02        8         8 
	   Disk (KB)            :     1           1      2048 
	   GPUs                 :                           0 
	   Memory (MB)          :   683        9216      9216 
	   TimeExecute (s)      :   411                       
	   TimeSlotBusy (s)     :   411                       
...
