000 (6919.225.000) 2026-04-16 09:41:22 Job submitted from host: <140.160.143.131:9618?addrs=140.160.143.131-9618&alias=cse-head.cluster.cs.wwu.edu&noUDP&sock=schedd_1483_cb0a>
...
001 (6919.225.000) 2026-04-16 11:34:35 Job executing on host: <140.160.143.184:9618?addrs=140.160.143.184-9618&alias=c-0-15.cluster.cs.wwu.edu&noUDP&sock=startd_1429_c0ed>
	SlotName: slot1_1@c-0-15.cluster.cs.wwu.edu
	CondorScratchDir = "/var/lib/condor/execute/dir_12370"
	Cpus = 8
	Disk = 2048
	GPUs = 0
	Memory = 6144
...
006 (6919.225.000) 2026-04-16 11:34:44 Image size of job updated: 376724
	368  -  MemoryUsage of job (MB)
	376724  -  ResidentSetSize of job (KB)
...
006 (6919.225.000) 2026-04-16 11:39:45 Image size of job updated: 964216
	924  -  MemoryUsage of job (MB)
	946072  -  ResidentSetSize of job (KB)
...
005 (6919.225.000) 2026-04-16 11:42:13 Job terminated.
	(1) Normal termination (return value 0)
		Usr 0 00:11:30, Sys 0 00:00:03  -  Run Remote Usage
		Usr 0 00:00:00, Sys 0 00:00:00  -  Run Local Usage
		Usr 0 00:11:30, Sys 0 00:00:03  -  Total Remote Usage
		Usr 0 00:00:00, Sys 0 00:00:00  -  Total Local Usage
	0  -  Run Bytes Sent By Job
	0  -  Run Bytes Received By Job
	0  -  Total Bytes Sent By Job
	0  -  Total Bytes Received By Job
	Partitionable Resources :    Usage  Request Allocated 
	   Cpus                 :     3.06        8         8 
	   Disk (KB)            :     1           1      2048 
	   GPUs                 :                           0 
	   Memory (MB)          :   924        6144      6144 
	   TimeExecute (s)      :   458                       
	   TimeSlotBusy (s)     :   458                       
...
