000 (6919.363.000) 2026-04-16 09:41:22 Job submitted from host: <140.160.143.131:9618?addrs=140.160.143.131-9618&alias=cse-head.cluster.cs.wwu.edu&noUDP&sock=schedd_1483_cb0a>
...
001 (6919.363.000) 2026-04-16 13:35:19 Job executing on host: <140.160.143.149:9618?addrs=140.160.143.149-9618&alias=c-0-9.cluster.cs.wwu.edu&noUDP&sock=startd_1570_77c7>
	SlotName: slot1_4@c-0-9.cluster.cs.wwu.edu
	CondorScratchDir = "/var/lib/condor/execute/dir_1091802"
	Cpus = 8
	Disk = 2048
	GPUs = 0
	Memory = 6144
...
006 (6919.363.000) 2026-04-16 13:35:27 Image size of job updated: 416576
	407  -  MemoryUsage of job (MB)
	416576  -  ResidentSetSize of job (KB)
...
006 (6919.363.000) 2026-04-16 13:40:27 Image size of job updated: 1132900
	1093  -  MemoryUsage of job (MB)
	1118400  -  ResidentSetSize of job (KB)
...
006 (6919.363.000) 2026-04-16 13:45:28 Image size of job updated: 1134840
	1101  -  MemoryUsage of job (MB)
	1126900  -  ResidentSetSize of job (KB)
...
006 (6919.363.000) 2026-04-16 13:50:29 Image size of job updated: 1166912
	1121  -  MemoryUsage of job (MB)
	1146972  -  ResidentSetSize of job (KB)
...
006 (6919.363.000) 2026-04-16 13:55:29 Image size of job updated: 1166912
	1121  -  MemoryUsage of job (MB)
	1146980  -  ResidentSetSize of job (KB)
...
005 (6919.363.000) 2026-04-16 13:55:57 Job terminated.
	(1) Normal termination (return value 0)
		Usr 0 01:43:40, Sys 0 00:00:46  -  Run Remote Usage
		Usr 0 00:00:00, Sys 0 00:00:00  -  Run Local Usage
		Usr 0 01:43:40, Sys 0 00:00:46  -  Total Remote Usage
		Usr 0 00:00:00, Sys 0 00:00:00  -  Total Local Usage
	0  -  Run Bytes Sent By Job
	0  -  Run Bytes Received By Job
	0  -  Total Bytes Sent By Job
	0  -  Total Bytes Received By Job
	Partitionable Resources :    Usage  Request Allocated 
	   Cpus                 :     6.17        8         8 
	   Disk (KB)            :     1           1      2048 
	   GPUs                 :                           0 
	   Memory (MB)          :  1121        6144      6144 
	   TimeExecute (s)      :  1238                       
	   TimeSlotBusy (s)     :  1238                       
...
