000 (6920.283.000) 2026-04-16 09:44:16 Job submitted from host: <140.160.143.131:9618?addrs=140.160.143.131-9618&alias=cse-head.cluster.cs.wwu.edu&noUDP&sock=schedd_1483_cb0a>
...
001 (6920.283.000) 2026-04-16 17:06:18 Job executing on host: <140.160.143.184:9618?addrs=140.160.143.184-9618&alias=c-0-15.cluster.cs.wwu.edu&noUDP&sock=startd_1429_c0ed>
	SlotName: slot1_2@c-0-15.cluster.cs.wwu.edu
	CondorScratchDir = "/var/lib/condor/execute/dir_25197"
	Cpus = 8
	Disk = 2048
	GPUs = 0
	Memory = 9216
...
006 (6920.283.000) 2026-04-16 17:06:27 Image size of job updated: 340916
	333  -  MemoryUsage of job (MB)
	340916  -  ResidentSetSize of job (KB)
...
006 (6920.283.000) 2026-04-16 17:11:28 Image size of job updated: 918656
	898  -  MemoryUsage of job (MB)
	918656  -  ResidentSetSize of job (KB)
...
006 (6920.283.000) 2026-04-16 17:16:28 Image size of job updated: 1073504
	948  -  MemoryUsage of job (MB)
	969804  -  ResidentSetSize of job (KB)
...
005 (6920.283.000) 2026-04-16 17:19:37 Job terminated.
	(1) Normal termination (return value 0)
		Usr 0 00:38:53, Sys 0 00:00:07  -  Run Remote Usage
		Usr 0 00:00:00, Sys 0 00:00:00  -  Run Local Usage
		Usr 0 00:38:53, Sys 0 00:00:07  -  Total Remote Usage
		Usr 0 00:00:00, Sys 0 00:00:00  -  Total Local Usage
	0  -  Run Bytes Sent By Job
	0  -  Run Bytes Received By Job
	0  -  Total Bytes Sent By Job
	0  -  Total Bytes Received By Job
	Partitionable Resources :    Usage  Request Allocated 
	   Cpus                 :     4.76        8         8 
	   Disk (KB)            :     1           1      2048 
	   GPUs                 :                           0 
	   Memory (MB)          :   948        9216      9216 
	   TimeExecute (s)      :   798                       
	   TimeSlotBusy (s)     :   799                       
...
