000 (6920.015.000) 2026-04-16 09:44:15 Job submitted from host: <140.160.143.131:9618?addrs=140.160.143.131-9618&alias=cse-head.cluster.cs.wwu.edu&noUDP&sock=schedd_1483_cb0a>
...
001 (6920.015.000) 2026-04-16 14:46:33 Job executing on host: <140.160.143.148:9618?addrs=140.160.143.148-9618&alias=c-0-8.cluster.cs.wwu.edu&noUDP&sock=startd_1538_84bf>
	SlotName: slot1_4@c-0-8.cluster.cs.wwu.edu
	CondorScratchDir = "/var/lib/condor/execute/dir_1086641"
	Cpus = 8
	Disk = 2048
	GPUs = 0
	Memory = 9216
...
006 (6920.015.000) 2026-04-16 14:46:42 Image size of job updated: 239920
	235  -  MemoryUsage of job (MB)
	239920  -  ResidentSetSize of job (KB)
...
006 (6920.015.000) 2026-04-16 14:51:43 Image size of job updated: 824612
	806  -  MemoryUsage of job (MB)
	824612  -  ResidentSetSize of job (KB)
...
006 (6920.015.000) 2026-04-16 14:52:58 Image size of job updated: 826440
	806  -  MemoryUsage of job (MB)
	824612  -  ResidentSetSize of job (KB)
...
005 (6920.015.000) 2026-04-16 14:52:58 Job terminated.
	(1) Normal termination (return value 0)
		Usr 0 00:06:54, Sys 0 00:00:02  -  Run Remote Usage
		Usr 0 00:00:00, Sys 0 00:00:00  -  Run Local Usage
		Usr 0 00:06:54, Sys 0 00:00:02  -  Total Remote Usage
		Usr 0 00:00:00, Sys 0 00:00:00  -  Total Local Usage
	0  -  Run Bytes Sent By Job
	0  -  Run Bytes Received By Job
	0  -  Total Bytes Sent By Job
	0  -  Total Bytes Received By Job
	Partitionable Resources :    Usage  Request Allocated 
	   Cpus                 :     1.30        8         8 
	   Disk (KB)            :     1           1      2048 
	   GPUs                 :                           0 
	   Memory (MB)          :   806        9216      9216 
	   TimeExecute (s)      :   385                       
	   TimeSlotBusy (s)     :   391                       
...
