000 (6920.347.000) 2026-04-16 09:44:16 Job submitted from host: <140.160.143.131:9618?addrs=140.160.143.131-9618&alias=cse-head.cluster.cs.wwu.edu&noUDP&sock=schedd_1483_cb0a>
...
001 (6920.347.000) 2026-04-16 18:09:45 Job executing on host: <140.160.143.148:9618?addrs=140.160.143.148-9618&alias=c-0-8.cluster.cs.wwu.edu&noUDP&sock=startd_1538_84bf>
	SlotName: slot1_4@c-0-8.cluster.cs.wwu.edu
	CondorScratchDir = "/var/lib/condor/execute/dir_1092969"
	Cpus = 8
	Disk = 2048
	GPUs = 0
	Memory = 9216
...
006 (6920.347.000) 2026-04-16 18:09:53 Image size of job updated: 231648
	227  -  MemoryUsage of job (MB)
	231648  -  ResidentSetSize of job (KB)
...
006 (6920.347.000) 2026-04-16 18:14:53 Image size of job updated: 1040808
	1017  -  MemoryUsage of job (MB)
	1040808  -  ResidentSetSize of job (KB)
...
006 (6920.347.000) 2026-04-16 18:19:54 Image size of job updated: 1101020
	1074  -  MemoryUsage of job (MB)
	1099420  -  ResidentSetSize of job (KB)
...
005 (6920.347.000) 2026-04-16 18:20:34 Job terminated.
	(1) Normal termination (return value 0)
		Usr 0 00:28:36, Sys 0 00:00:05  -  Run Remote Usage
		Usr 0 00:00:00, Sys 0 00:00:00  -  Run Local Usage
		Usr 0 00:28:36, Sys 0 00:00:05  -  Total Remote Usage
		Usr 0 00:00:00, Sys 0 00:00:00  -  Total Local Usage
	0  -  Run Bytes Sent By Job
	0  -  Run Bytes Received By Job
	0  -  Total Bytes Sent By Job
	0  -  Total Bytes Received By Job
	Partitionable Resources :    Usage  Request Allocated 
	   Cpus                 :     1.96        8         8 
	   Disk (KB)            :     1           1      2048 
	   GPUs                 :                           0 
	   Memory (MB)          :  1074        9216      9216 
	   TimeExecute (s)      :   649                       
	   TimeSlotBusy (s)     :   649                       
...
