000 (6918.299.000) 2026-04-15 19:42:51 Job submitted from host: <140.160.143.131:9618?addrs=140.160.143.131-9618&alias=cse-head.cluster.cs.wwu.edu&noUDP&sock=schedd_1483_cb0a>
...
001 (6918.299.000) 2026-04-15 23:29:02 Job executing on host: <140.160.143.149:9618?addrs=140.160.143.149-9618&alias=c-0-9.cluster.cs.wwu.edu&noUDP&sock=startd_1570_77c7>
	SlotName: slot1_3@c-0-9.cluster.cs.wwu.edu
	CondorScratchDir = "/var/lib/condor/execute/dir_1064143"
	Cpus = 8
	Disk = 2048
	GPUs = 0
	Memory = 4096
...
006 (6918.299.000) 2026-04-15 23:29:10 Image size of job updated: 353772
	346  -  MemoryUsage of job (MB)
	353772  -  ResidentSetSize of job (KB)
...
006 (6918.299.000) 2026-04-15 23:34:10 Image size of job updated: 1033040
	916  -  MemoryUsage of job (MB)
	937756  -  ResidentSetSize of job (KB)
...
005 (6918.299.000) 2026-04-15 23:34:36 Job terminated.
	(1) Normal termination (return value 0)
		Usr 0 00:12:42, Sys 0 00:00:04  -  Run Remote Usage
		Usr 0 00:00:00, Sys 0 00:00:00  -  Run Local Usage
		Usr 0 00:12:42, Sys 0 00:00:04  -  Total Remote Usage
		Usr 0 00:00:00, Sys 0 00:00:00  -  Total Local Usage
	0  -  Run Bytes Sent By Job
	0  -  Run Bytes Received By Job
	0  -  Total Bytes Sent By Job
	0  -  Total Bytes Received By Job
	Partitionable Resources :    Usage  Request Allocated 
	   Cpus                 :     4.20        8         8 
	   Disk (KB)            :     1           1      2048 
	   GPUs                 :                           0 
	   Memory (MB)          :   916        4096      4096 
	   TimeExecute (s)      :   334                       
	   TimeSlotBusy (s)     :   334                       
...
