000 (6920.370.000) 2026-04-16 09:44:16 Job submitted from host: <140.160.143.131:9618?addrs=140.160.143.131-9618&alias=cse-head.cluster.cs.wwu.edu&noUDP&sock=schedd_1483_cb0a>
...
001 (6920.370.000) 2026-04-16 18:38:35 Job executing on host: <140.160.143.144:9618?addrs=140.160.143.144-9618&alias=c-0-4.cluster.cs.wwu.edu&noUDP&sock=startd_1367_3a0d>
	SlotName: slot1_3@c-0-4.cluster.cs.wwu.edu
	CondorScratchDir = "/var/lib/condor/execute/dir_1078024"
	Cpus = 8
	Disk = 2048
	GPUs = 0
	Memory = 9216
...
006 (6920.370.000) 2026-04-16 18:38:43 Image size of job updated: 102996
	101  -  MemoryUsage of job (MB)
	102996  -  ResidentSetSize of job (KB)
...
006 (6920.370.000) 2026-04-16 18:43:43 Image size of job updated: 945992
	901  -  MemoryUsage of job (MB)
	921844  -  ResidentSetSize of job (KB)
...
006 (6920.370.000) 2026-04-16 18:48:43 Image size of job updated: 1078048
	970  -  MemoryUsage of job (MB)
	992656  -  ResidentSetSize of job (KB)
...
005 (6920.370.000) 2026-04-16 18:50:14 Job terminated.
	(1) Normal termination (return value 0)
		Usr 0 00:37:08, Sys 0 00:00:14  -  Run Remote Usage
		Usr 0 00:00:00, Sys 0 00:00:00  -  Run Local Usage
		Usr 0 00:37:08, Sys 0 00:00:14  -  Total Remote Usage
		Usr 0 00:00:00, Sys 0 00:00:00  -  Total Local Usage
	0  -  Run Bytes Sent By Job
	0  -  Run Bytes Received By Job
	0  -  Total Bytes Sent By Job
	0  -  Total Bytes Received By Job
	Partitionable Resources :    Usage  Request Allocated 
	   Cpus                 :     5.25        8         8 
	   Disk (KB)            :     1           1      2048 
	   GPUs                 :                           0 
	   Memory (MB)          :   970        9216      9216 
	   TimeExecute (s)      :   699                       
	   TimeSlotBusy (s)     :   700                       
...
