000 (6918.329.000) 2026-04-15 19:42:51 Job submitted from host: <140.160.143.131:9618?addrs=140.160.143.131-9618&alias=cse-head.cluster.cs.wwu.edu&noUDP&sock=schedd_1483_cb0a>
...
001 (6918.329.000) 2026-04-15 23:57:04 Job executing on host: <140.160.143.149:9618?addrs=140.160.143.149-9618&alias=c-0-9.cluster.cs.wwu.edu&noUDP&sock=startd_1570_77c7>
	SlotName: slot1_4@c-0-9.cluster.cs.wwu.edu
	CondorScratchDir = "/var/lib/condor/execute/dir_1065314"
	Cpus = 8
	Disk = 2048
	GPUs = 0
	Memory = 4096
...
006 (6918.329.000) 2026-04-15 23:57:12 Image size of job updated: 354860
	347  -  MemoryUsage of job (MB)
	354860  -  ResidentSetSize of job (KB)
...
006 (6918.329.000) 2026-04-16 00:02:12 Image size of job updated: 1039560
	956  -  MemoryUsage of job (MB)
	978740  -  ResidentSetSize of job (KB)
...
006 (6918.329.000) 2026-04-16 00:04:34 Image size of job updated: 1053728
	956  -  MemoryUsage of job (MB)
	978740  -  ResidentSetSize of job (KB)
...
005 (6918.329.000) 2026-04-16 00:04:35 Job terminated.
	(1) Normal termination (return value 0)
		Usr 0 00:21:26, Sys 0 00:00:06  -  Run Remote Usage
		Usr 0 00:00:00, Sys 0 00:00:00  -  Run Local Usage
		Usr 0 00:21:26, Sys 0 00:00:06  -  Total Remote Usage
		Usr 0 00:00:00, Sys 0 00:00:00  -  Total Local Usage
	0  -  Run Bytes Sent By Job
	0  -  Run Bytes Received By Job
	0  -  Total Bytes Sent By Job
	0  -  Total Bytes Received By Job
	Partitionable Resources :    Usage  Request Allocated 
	   Cpus                 :     5.83        8         8 
	   Disk (KB)            :     1           1      2048 
	   GPUs                 :                           0 
	   Memory (MB)          :   956        4096      4096 
	   TimeExecute (s)      :   451                       
	   TimeSlotBusy (s)     :   451                       
...
