000 (6920.253.000) 2026-04-16 09:44:16 Job submitted from host: <140.160.143.131:9618?addrs=140.160.143.131-9618&alias=cse-head.cluster.cs.wwu.edu&noUDP&sock=schedd_1483_cb0a>
...
001 (6920.253.000) 2026-04-16 16:41:49 Job executing on host: <140.160.143.141:9618?addrs=140.160.143.141-9618&alias=c-0-1.cluster.cs.wwu.edu&noUDP&sock=startd_1336_f69e>
	SlotName: slot1_2@c-0-1.cluster.cs.wwu.edu
	CondorScratchDir = "/var/lib/condor/execute/dir_1065202"
	Cpus = 8
	Disk = 2048
	GPUs = 0
	Memory = 9216
...
006 (6920.253.000) 2026-04-16 16:41:57 Image size of job updated: 99408
	98  -  MemoryUsage of job (MB)
	99408  -  ResidentSetSize of job (KB)
...
006 (6920.253.000) 2026-04-16 16:46:57 Image size of job updated: 715856
	700  -  MemoryUsage of job (MB)
	715856  -  ResidentSetSize of job (KB)
...
006 (6920.253.000) 2026-04-16 16:51:58 Image size of job updated: 966504
	934  -  MemoryUsage of job (MB)
	955900  -  ResidentSetSize of job (KB)
...
005 (6920.253.000) 2026-04-16 16:54:02 Job terminated.
	(1) Normal termination (return value 0)
		Usr 0 00:25:58, Sys 0 00:00:06  -  Run Remote Usage
		Usr 0 00:00:00, Sys 0 00:00:00  -  Run Local Usage
		Usr 0 00:25:58, Sys 0 00:00:06  -  Total Remote Usage
		Usr 0 00:00:00, Sys 0 00:00:00  -  Total Local Usage
	0  -  Run Bytes Sent By Job
	0  -  Run Bytes Received By Job
	0  -  Total Bytes Sent By Job
	0  -  Total Bytes Received By Job
	Partitionable Resources :    Usage  Request Allocated 
	   Cpus                 :     2.90        8         8 
	   Disk (KB)            :     1           1      2048 
	   GPUs                 :                           0 
	   Memory (MB)          :   934        9216      9216 
	   TimeExecute (s)      :   732                       
	   TimeSlotBusy (s)     :   732                       
...
