000 (6920.249.000) 2026-04-16 09:44:16 Job submitted from host: <140.160.143.131:9618?addrs=140.160.143.131-9618&alias=cse-head.cluster.cs.wwu.edu&noUDP&sock=schedd_1483_cb0a>
...
001 (6920.249.000) 2026-04-16 16:39:29 Job executing on host: <140.160.143.149:9618?addrs=140.160.143.149-9618&alias=c-0-9.cluster.cs.wwu.edu&noUDP&sock=startd_1570_77c7>
	SlotName: slot1_1@c-0-9.cluster.cs.wwu.edu
	CondorScratchDir = "/var/lib/condor/execute/dir_1099825"
	Cpus = 8
	Disk = 2048
	GPUs = 0
	Memory = 9216
...
006 (6920.249.000) 2026-04-16 16:39:38 Image size of job updated: 470480
	460  -  MemoryUsage of job (MB)
	470480  -  ResidentSetSize of job (KB)
...
006 (6920.249.000) 2026-04-16 16:44:39 Image size of job updated: 990812
	968  -  MemoryUsage of job (MB)
	990812  -  ResidentSetSize of job (KB)
...
006 (6920.249.000) 2026-04-16 16:47:20 Image size of job updated: 1042664
	968  -  MemoryUsage of job (MB)
	990812  -  ResidentSetSize of job (KB)
...
005 (6920.249.000) 2026-04-16 16:47:21 Job terminated.
	(1) Normal termination (return value 0)
		Usr 0 00:16:29, Sys 0 00:00:05  -  Run Remote Usage
		Usr 0 00:00:00, Sys 0 00:00:00  -  Run Local Usage
		Usr 0 00:16:29, Sys 0 00:00:05  -  Total Remote Usage
		Usr 0 00:00:00, Sys 0 00:00:00  -  Total Local Usage
	0  -  Run Bytes Sent By Job
	0  -  Run Bytes Received By Job
	0  -  Total Bytes Sent By Job
	0  -  Total Bytes Received By Job
	Partitionable Resources :    Usage  Request Allocated 
	   Cpus                 :     2.07        8         8 
	   Disk (KB)            :     1           1      2048 
	   GPUs                 :                           0 
	   Memory (MB)          :   968        9216      9216 
	   TimeExecute (s)      :   471                       
	   TimeSlotBusy (s)     :   471                       
...
