000 (6918.165.000) 2026-04-15 19:42:50 Job submitted from host: <140.160.143.131:9618?addrs=140.160.143.131-9618&alias=cse-head.cluster.cs.wwu.edu&noUDP&sock=schedd_1483_cb0a>
...
001 (6918.165.000) 2026-04-15 21:44:19 Job executing on host: <140.160.143.149:9618?addrs=140.160.143.149-9618&alias=c-0-9.cluster.cs.wwu.edu&noUDP&sock=startd_1570_77c7>
	SlotName: slot1_3@c-0-9.cluster.cs.wwu.edu
	CondorScratchDir = "/var/lib/condor/execute/dir_1059210"
	Cpus = 8
	Disk = 2048
	GPUs = 0
	Memory = 4096
...
006 (6918.165.000) 2026-04-15 21:44:27 Image size of job updated: 334832
	327  -  MemoryUsage of job (MB)
	334832  -  ResidentSetSize of job (KB)
...
006 (6918.165.000) 2026-04-15 21:49:27 Image size of job updated: 755296
	738  -  MemoryUsage of job (MB)
	755296  -  ResidentSetSize of job (KB)
...
006 (6918.165.000) 2026-04-15 21:49:49 Image size of job updated: 757608
	738  -  MemoryUsage of job (MB)
	755296  -  ResidentSetSize of job (KB)
...
005 (6918.165.000) 2026-04-15 21:49:49 Job terminated.
	(1) Normal termination (return value 0)
		Usr 0 00:05:54, Sys 0 00:00:01  -  Run Remote Usage
		Usr 0 00:00:00, Sys 0 00:00:00  -  Run Local Usage
		Usr 0 00:05:54, Sys 0 00:00:01  -  Total Remote Usage
		Usr 0 00:00:00, Sys 0 00:00:00  -  Total Local Usage
	0  -  Run Bytes Sent By Job
	0  -  Run Bytes Received By Job
	0  -  Total Bytes Sent By Job
	0  -  Total Bytes Received By Job
	Partitionable Resources :    Usage  Request Allocated 
	   Cpus                 :     1.02        8         8 
	   Disk (KB)            :     1           1      2048 
	   GPUs                 :                           0 
	   Memory (MB)          :   738        4096      4096 
	   TimeExecute (s)      :   330                       
	   TimeSlotBusy (s)     :   331                       
...
