000 (6919.316.000) 2026-04-16 09:41:22 Job submitted from host: <140.160.143.131:9618?addrs=140.160.143.131-9618&alias=cse-head.cluster.cs.wwu.edu&noUDP&sock=schedd_1483_cb0a>
...
001 (6919.316.000) 2026-04-16 12:42:08 Job executing on host: <140.160.143.144:9618?addrs=140.160.143.144-9618&alias=c-0-4.cluster.cs.wwu.edu&noUDP&sock=startd_1367_3a0d>
	SlotName: slot1_3@c-0-4.cluster.cs.wwu.edu
	CondorScratchDir = "/var/lib/condor/execute/dir_1067424"
	Cpus = 8
	Disk = 2048
	GPUs = 0
	Memory = 6144
...
006 (6919.316.000) 2026-04-16 12:42:17 Image size of job updated: 103352
	101  -  MemoryUsage of job (MB)
	103352  -  ResidentSetSize of job (KB)
...
006 (6919.316.000) 2026-04-16 12:47:17 Image size of job updated: 705508
	689  -  MemoryUsage of job (MB)
	705376  -  ResidentSetSize of job (KB)
...
006 (6919.316.000) 2026-04-16 12:52:17 Image size of job updated: 1086908
	1038  -  MemoryUsage of job (MB)
	1061952  -  ResidentSetSize of job (KB)
...
006 (6919.316.000) 2026-04-16 12:53:51 Image size of job updated: 1087732
	1038  -  MemoryUsage of job (MB)
	1061952  -  ResidentSetSize of job (KB)
...
005 (6919.316.000) 2026-04-16 12:53:51 Job terminated.
	(1) Normal termination (return value 0)
		Usr 0 00:30:50, Sys 0 00:00:13  -  Run Remote Usage
		Usr 0 00:00:00, Sys 0 00:00:00  -  Run Local Usage
		Usr 0 00:30:50, Sys 0 00:00:13  -  Total Remote Usage
		Usr 0 00:00:00, Sys 0 00:00:00  -  Total Local Usage
	0  -  Run Bytes Sent By Job
	0  -  Run Bytes Received By Job
	0  -  Total Bytes Sent By Job
	0  -  Total Bytes Received By Job
	Partitionable Resources :    Usage  Request Allocated 
	   Cpus                 :     1.77        8         8 
	   Disk (KB)            :     1           1      2048 
	   GPUs                 :                           0 
	   Memory (MB)          :  1038        6144      6144 
	   TimeExecute (s)      :   703                       
	   TimeSlotBusy (s)     :   703                       
...
