000 (6919.305.000) 2026-04-16 09:41:22 Job submitted from host: <140.160.143.131:9618?addrs=140.160.143.131-9618&alias=cse-head.cluster.cs.wwu.edu&noUDP&sock=schedd_1483_cb0a>
...
001 (6919.305.000) 2026-04-16 12:31:11 Job executing on host: <140.160.143.151:9618?addrs=140.160.143.151-9618&alias=c-0-11.cluster.cs.wwu.edu&noUDP&sock=startd_1509_a080>
	SlotName: slot1_1@c-0-11.cluster.cs.wwu.edu
	CondorScratchDir = "/var/lib/condor/execute/dir_1070221"
	Cpus = 8
	Disk = 2048
	GPUs = 0
	Memory = 6144
...
006 (6919.305.000) 2026-04-16 12:31:20 Image size of job updated: 270216
	264  -  MemoryUsage of job (MB)
	270216  -  ResidentSetSize of job (KB)
...
006 (6919.305.000) 2026-04-16 12:36:21 Image size of job updated: 907488
	887  -  MemoryUsage of job (MB)
	907488  -  ResidentSetSize of job (KB)
...
006 (6919.305.000) 2026-04-16 12:41:21 Image size of job updated: 1079876
	949  -  MemoryUsage of job (MB)
	971468  -  ResidentSetSize of job (KB)
...
005 (6919.305.000) 2026-04-16 12:46:31 Job terminated.
	(1) Normal termination (return value 0)
		Usr 0 00:55:10, Sys 0 00:00:35  -  Run Remote Usage
		Usr 0 00:00:00, Sys 0 00:00:00  -  Run Local Usage
		Usr 0 00:55:10, Sys 0 00:00:35  -  Total Remote Usage
		Usr 0 00:00:00, Sys 0 00:00:00  -  Total Local Usage
	0  -  Run Bytes Sent By Job
	0  -  Run Bytes Received By Job
	0  -  Total Bytes Sent By Job
	0  -  Total Bytes Received By Job
	Partitionable Resources :    Usage  Request Allocated 
	   Cpus                 :     3.46        8         8 
	   Disk (KB)            :     1           1      2048 
	   GPUs                 :                           0 
	   Memory (MB)          :   949        6144      6144 
	   TimeExecute (s)      :   920                       
	   TimeSlotBusy (s)     :   920                       
...
