000 (6920.275.000) 2026-04-16 09:44:16 Job submitted from host: <140.160.143.131:9618?addrs=140.160.143.131-9618&alias=cse-head.cluster.cs.wwu.edu&noUDP&sock=schedd_1483_cb0a>
...
001 (6920.275.000) 2026-04-16 16:59:29 Job executing on host: <140.160.143.184:9618?addrs=140.160.143.184-9618&alias=c-0-15.cluster.cs.wwu.edu&noUDP&sock=startd_1429_c0ed>
	SlotName: slot1_3@c-0-15.cluster.cs.wwu.edu
	CondorScratchDir = "/var/lib/condor/execute/dir_25094"
	Cpus = 8
	Disk = 2048
	GPUs = 0
	Memory = 9216
...
006 (6920.275.000) 2026-04-16 16:59:38 Image size of job updated: 389952
	381  -  MemoryUsage of job (MB)
	389952  -  ResidentSetSize of job (KB)
...
006 (6920.275.000) 2026-04-16 17:04:39 Image size of job updated: 1031460
	1008  -  MemoryUsage of job (MB)
	1031460  -  ResidentSetSize of job (KB)
...
006 (6920.275.000) 2026-04-16 17:09:39 Image size of job updated: 1046560
	1008  -  MemoryUsage of job (MB)
	1031460  -  ResidentSetSize of job (KB)
...
006 (6920.275.000) 2026-04-16 17:11:11 Image size of job updated: 1061392
	1008  -  MemoryUsage of job (MB)
	1031460  -  ResidentSetSize of job (KB)
...
005 (6920.275.000) 2026-04-16 17:11:11 Job terminated.
	(1) Normal termination (return value 0)
		Usr 0 00:34:07, Sys 0 00:00:06  -  Run Remote Usage
		Usr 0 00:00:00, Sys 0 00:00:00  -  Run Local Usage
		Usr 0 00:34:07, Sys 0 00:00:06  -  Total Remote Usage
		Usr 0 00:00:00, Sys 0 00:00:00  -  Total Local Usage
	0  -  Run Bytes Sent By Job
	0  -  Run Bytes Received By Job
	0  -  Total Bytes Sent By Job
	0  -  Total Bytes Received By Job
	Partitionable Resources :    Usage  Request Allocated 
	   Cpus                 :     3.84        8         8 
	   Disk (KB)            :     1           1      2048 
	   GPUs                 :                           0 
	   Memory (MB)          :  1008        9216      9216 
	   TimeExecute (s)      :   702                       
	   TimeSlotBusy (s)     :   702                       
...
