000 (6919.329.000) 2026-04-16 09:41:22 Job submitted from host: <140.160.143.131:9618?addrs=140.160.143.131-9618&alias=cse-head.cluster.cs.wwu.edu&noUDP&sock=schedd_1483_cb0a>
...
001 (6919.329.000) 2026-04-16 12:57:15 Job executing on host: <140.160.143.149:9618?addrs=140.160.143.149-9618&alias=c-0-9.cluster.cs.wwu.edu&noUDP&sock=startd_1570_77c7>
	SlotName: slot1_4@c-0-9.cluster.cs.wwu.edu
	CondorScratchDir = "/var/lib/condor/execute/dir_1090701"
	Cpus = 8
	Disk = 2048
	GPUs = 0
	Memory = 6144
...
006 (6919.329.000) 2026-04-16 12:57:24 Image size of job updated: 442192
	432  -  MemoryUsage of job (MB)
	442192  -  ResidentSetSize of job (KB)
...
006 (6919.329.000) 2026-04-16 13:02:25 Image size of job updated: 1036288
	966  -  MemoryUsage of job (MB)
	988476  -  ResidentSetSize of job (KB)
...
006 (6919.329.000) 2026-04-16 13:07:25 Image size of job updated: 1104780
	1046  -  MemoryUsage of job (MB)
	1070492  -  ResidentSetSize of job (KB)
...
006 (6919.329.000) 2026-04-16 13:12:25 Image size of job updated: 1128648
	1083  -  MemoryUsage of job (MB)
	1108256  -  ResidentSetSize of job (KB)
...
005 (6919.329.000) 2026-04-16 13:14:34 Job terminated.
	(1) Normal termination (return value 0)
		Usr 0 01:16:47, Sys 0 00:00:34  -  Run Remote Usage
		Usr 0 00:00:00, Sys 0 00:00:00  -  Run Local Usage
		Usr 0 01:16:47, Sys 0 00:00:34  -  Total Remote Usage
		Usr 0 00:00:00, Sys 0 00:00:00  -  Total Local Usage
	0  -  Run Bytes Sent By Job
	0  -  Run Bytes Received By Job
	0  -  Total Bytes Sent By Job
	0  -  Total Bytes Received By Job
	Partitionable Resources :    Usage  Request Allocated 
	   Cpus                 :     5.17        8         8 
	   Disk (KB)            :     1           1      2048 
	   GPUs                 :                           0 
	   Memory (MB)          :  1083        6144      6144 
	   TimeExecute (s)      :  1039                       
	   TimeSlotBusy (s)     :  1039                       
...
