000 (6920.053.000) 2026-04-16 09:44:16 Job submitted from host: <140.160.143.131:9618?addrs=140.160.143.131-9618&alias=cse-head.cluster.cs.wwu.edu&noUDP&sock=schedd_1483_cb0a>
...
001 (6920.053.000) 2026-04-16 15:07:28 Job executing on host: <140.160.143.141:9618?addrs=140.160.143.141-9618&alias=c-0-1.cluster.cs.wwu.edu&noUDP&sock=startd_1336_f69e>
	SlotName: slot1_2@c-0-1.cluster.cs.wwu.edu
	CondorScratchDir = "/var/lib/condor/execute/dir_1062419"
	Cpus = 8
	Disk = 2048
	GPUs = 0
	Memory = 9216
...
006 (6920.053.000) 2026-04-16 15:07:36 Image size of job updated: 101516
	100  -  MemoryUsage of job (MB)
	101516  -  ResidentSetSize of job (KB)
...
006 (6920.053.000) 2026-04-16 15:12:36 Image size of job updated: 746840
	730  -  MemoryUsage of job (MB)
	746840  -  ResidentSetSize of job (KB)
...
006 (6920.053.000) 2026-04-16 15:14:26 Image size of job updated: 867744
	730  -  MemoryUsage of job (MB)
	746840  -  ResidentSetSize of job (KB)
...
005 (6920.053.000) 2026-04-16 15:14:27 Job terminated.
	(1) Normal termination (return value 0)
		Usr 0 00:07:33, Sys 0 00:00:02  -  Run Remote Usage
		Usr 0 00:00:00, Sys 0 00:00:00  -  Run Local Usage
		Usr 0 00:07:33, Sys 0 00:00:02  -  Total Remote Usage
		Usr 0 00:00:00, Sys 0 00:00:00  -  Total Local Usage
	0  -  Run Bytes Sent By Job
	0  -  Run Bytes Received By Job
	0  -  Total Bytes Sent By Job
	0  -  Total Bytes Received By Job
	Partitionable Resources :    Usage  Request Allocated 
	   Cpus                 :     1.07        8         8 
	   Disk (KB)            :     1           1      2048 
	   GPUs                 :                           0 
	   Memory (MB)          :   730        9216      9216 
	   TimeExecute (s)      :   418                       
	   TimeSlotBusy (s)     :   420                       
...
