000 (6920.393.000) 2026-04-16 09:44:16 Job submitted from host: <140.160.143.131:9618?addrs=140.160.143.131-9618&alias=cse-head.cluster.cs.wwu.edu&noUDP&sock=schedd_1483_cb0a>
...
001 (6920.393.000) 2026-04-16 19:00:14 Job executing on host: <140.160.143.182:9618?addrs=140.160.143.182-9618&alias=c-0-13.cluster.cs.wwu.edu&noUDP&sock=startd_1434_2ee6>
	SlotName: slot1_1@c-0-13.cluster.cs.wwu.edu
	CondorScratchDir = "/var/lib/condor/execute/dir_1074259"
	Cpus = 8
	Disk = 2048
	GPUs = 0
	Memory = 9216
...
006 (6920.393.000) 2026-04-16 19:00:22 Image size of job updated: 103864
	102  -  MemoryUsage of job (MB)
	103864  -  ResidentSetSize of job (KB)
...
006 (6920.393.000) 2026-04-16 19:05:22 Image size of job updated: 699256
	683  -  MemoryUsage of job (MB)
	699256  -  ResidentSetSize of job (KB)
...
006 (6920.393.000) 2026-04-16 19:10:23 Image size of job updated: 1346908
	1205  -  MemoryUsage of job (MB)
	1233700  -  ResidentSetSize of job (KB)
...
005 (6920.393.000) 2026-04-16 19:17:47 Job terminated.
	(1) Normal termination (return value 0)
		Usr 0 01:06:55, Sys 0 00:00:28  -  Run Remote Usage
		Usr 0 00:00:00, Sys 0 00:00:00  -  Run Local Usage
		Usr 0 01:06:55, Sys 0 00:00:28  -  Total Remote Usage
		Usr 0 00:00:00, Sys 0 00:00:00  -  Total Local Usage
	0  -  Run Bytes Sent By Job
	0  -  Run Bytes Received By Job
	0  -  Total Bytes Sent By Job
	0  -  Total Bytes Received By Job
	Partitionable Resources :    Usage  Request Allocated 
	   Cpus                 :     4.09        8         8 
	   Disk (KB)            :     1           1      2048 
	   GPUs                 :                           0 
	   Memory (MB)          :  1205        9216      9216 
	   TimeExecute (s)      :  1053                       
	   TimeSlotBusy (s)     :  1053                       
...
