000 (6920.196.000) 2026-04-16 09:44:16 Job submitted from host: <140.160.143.131:9618?addrs=140.160.143.131-9618&alias=cse-head.cluster.cs.wwu.edu&noUDP&sock=schedd_1483_cb0a>
...
001 (6920.196.000) 2026-04-16 16:11:54 Job executing on host: <140.160.143.151:9618?addrs=140.160.143.151-9618&alias=c-0-11.cluster.cs.wwu.edu&noUDP&sock=startd_1509_a080>
	SlotName: slot1_1@c-0-11.cluster.cs.wwu.edu
	CondorScratchDir = "/var/lib/condor/execute/dir_1076572"
	Cpus = 8
	Disk = 2048
	GPUs = 0
	Memory = 9216
...
006 (6920.196.000) 2026-04-16 16:12:03 Image size of job updated: 255508
	250  -  MemoryUsage of job (MB)
	255508  -  ResidentSetSize of job (KB)
...
006 (6920.196.000) 2026-04-16 16:17:03 Image size of job updated: 855332
	836  -  MemoryUsage of job (MB)
	855332  -  ResidentSetSize of job (KB)
...
006 (6920.196.000) 2026-04-16 16:17:41 Image size of job updated: 893424
	836  -  MemoryUsage of job (MB)
	855332  -  ResidentSetSize of job (KB)
...
005 (6920.196.000) 2026-04-16 16:17:41 Job terminated.
	(1) Normal termination (return value 0)
		Usr 0 00:06:08, Sys 0 00:00:02  -  Run Remote Usage
		Usr 0 00:00:00, Sys 0 00:00:00  -  Run Local Usage
		Usr 0 00:06:08, Sys 0 00:00:02  -  Total Remote Usage
		Usr 0 00:00:00, Sys 0 00:00:00  -  Total Local Usage
	0  -  Run Bytes Sent By Job
	0  -  Run Bytes Received By Job
	0  -  Total Bytes Sent By Job
	0  -  Total Bytes Received By Job
	Partitionable Resources :    Usage  Request Allocated 
	   Cpus                 :     1.15        8         8 
	   Disk (KB)            :     1           1      2048 
	   GPUs                 :                           0 
	   Memory (MB)          :   836        9216      9216 
	   TimeExecute (s)      :   347                       
	   TimeSlotBusy (s)     :   347                       
...
