000 (6919.068.000) 2026-04-16 09:41:23 Job submitted from host: <140.160.143.131:9618?addrs=140.160.143.131-9618&alias=cse-head.cluster.cs.wwu.edu&noUDP&sock=schedd_1483_cb0a>
...
001 (6919.068.000) 2026-04-16 10:14:54 Job executing on host: <140.160.143.143:9618?addrs=140.160.143.143-9618&alias=c-0-3.cluster.cs.wwu.edu&noUDP&sock=startd_1365_dadd>
	SlotName: slot1_1@c-0-3.cluster.cs.wwu.edu
	CondorScratchDir = "/var/lib/condor/execute/dir_1069566"
	Cpus = 8
	Disk = 2048
	GPUs = 0
	Memory = 6144
...
006 (6919.068.000) 2026-04-16 10:15:03 Image size of job updated: 103672
	102  -  MemoryUsage of job (MB)
	103672  -  ResidentSetSize of job (KB)
...
006 (6919.068.000) 2026-04-16 10:20:04 Image size of job updated: 715568
	699  -  MemoryUsage of job (MB)
	715128  -  ResidentSetSize of job (KB)
...
006 (6919.068.000) 2026-04-16 10:23:07 Image size of job updated: 799764
	699  -  MemoryUsage of job (MB)
	715128  -  ResidentSetSize of job (KB)
...
005 (6919.068.000) 2026-04-16 10:23:08 Job terminated.
	(1) Normal termination (return value 0)
		Usr 0 00:08:31, Sys 0 00:00:02  -  Run Remote Usage
		Usr 0 00:00:00, Sys 0 00:00:00  -  Run Local Usage
		Usr 0 00:08:31, Sys 0 00:00:02  -  Total Remote Usage
		Usr 0 00:00:00, Sys 0 00:00:00  -  Total Local Usage
	0  -  Run Bytes Sent By Job
	0  -  Run Bytes Received By Job
	0  -  Total Bytes Sent By Job
	0  -  Total Bytes Received By Job
	Partitionable Resources :    Usage  Request Allocated 
	   Cpus                 :     1.02        8         8 
	   Disk (KB)            :     1           1      2048 
	   GPUs                 :                           0 
	   Memory (MB)          :   699        6144      6144 
	   TimeExecute (s)      :   493                       
	   TimeSlotBusy (s)     :   493                       
...
