000 (6920.328.000) 2026-04-16 09:44:16 Job submitted from host: <140.160.143.131:9618?addrs=140.160.143.131-9618&alias=cse-head.cluster.cs.wwu.edu&noUDP&sock=schedd_1483_cb0a>
...
001 (6920.328.000) 2026-04-16 17:51:22 Job executing on host: <140.160.143.151:9618?addrs=140.160.143.151-9618&alias=c-0-11.cluster.cs.wwu.edu&noUDP&sock=startd_1509_a080>
	SlotName: slot1_1@c-0-11.cluster.cs.wwu.edu
	CondorScratchDir = "/var/lib/condor/execute/dir_1079757"
	Cpus = 8
	Disk = 2048
	GPUs = 0
	Memory = 9216
...
006 (6920.328.000) 2026-04-16 17:51:31 Image size of job updated: 304712
	298  -  MemoryUsage of job (MB)
	304712  -  ResidentSetSize of job (KB)
...
006 (6920.328.000) 2026-04-16 17:56:32 Image size of job updated: 908332
	888  -  MemoryUsage of job (MB)
	908332  -  ResidentSetSize of job (KB)
...
006 (6920.328.000) 2026-04-16 18:01:33 Image size of job updated: 1173656
	1075  -  MemoryUsage of job (MB)
	1100188  -  ResidentSetSize of job (KB)
...
005 (6920.328.000) 2026-04-16 18:05:18 Job terminated.
	(1) Normal termination (return value 0)
		Usr 0 00:52:05, Sys 0 00:00:23  -  Run Remote Usage
		Usr 0 00:00:00, Sys 0 00:00:00  -  Run Local Usage
		Usr 0 00:52:05, Sys 0 00:00:23  -  Total Remote Usage
		Usr 0 00:00:00, Sys 0 00:00:00  -  Total Local Usage
	0  -  Run Bytes Sent By Job
	0  -  Run Bytes Received By Job
	0  -  Total Bytes Sent By Job
	0  -  Total Bytes Received By Job
	Partitionable Resources :    Usage  Request Allocated 
	   Cpus                 :     5.14        8         8 
	   Disk (KB)            :     1           1      2048 
	   GPUs                 :                           0 
	   Memory (MB)          :  1075        9216      9216 
	   TimeExecute (s)      :   836                       
	   TimeSlotBusy (s)     :   836                       
...
