000 (6920.302.000) 2026-04-16 09:44:16 Job submitted from host: <140.160.143.131:9618?addrs=140.160.143.131-9618&alias=cse-head.cluster.cs.wwu.edu&noUDP&sock=schedd_1483_cb0a>
...
001 (6920.302.000) 2026-04-16 17:24:05 Job executing on host: <140.160.143.149:9618?addrs=140.160.143.149-9618&alias=c-0-9.cluster.cs.wwu.edu&noUDP&sock=startd_1570_77c7>
	SlotName: slot1_4@c-0-9.cluster.cs.wwu.edu
	CondorScratchDir = "/var/lib/condor/execute/dir_1101913"
	Cpus = 8
	Disk = 2048
	GPUs = 0
	Memory = 9216
...
006 (6920.302.000) 2026-04-16 17:24:14 Image size of job updated: 361712
	354  -  MemoryUsage of job (MB)
	361712  -  ResidentSetSize of job (KB)
...
006 (6920.302.000) 2026-04-16 17:29:15 Image size of job updated: 1216004
	1156  -  MemoryUsage of job (MB)
	1183060  -  ResidentSetSize of job (KB)
...
005 (6920.302.000) 2026-04-16 17:33:30 Job terminated.
	(1) Normal termination (return value 0)
		Usr 0 00:36:42, Sys 0 00:00:14  -  Run Remote Usage
		Usr 0 00:00:00, Sys 0 00:00:00  -  Run Local Usage
		Usr 0 00:36:42, Sys 0 00:00:14  -  Total Remote Usage
		Usr 0 00:00:00, Sys 0 00:00:00  -  Total Local Usage
	0  -  Run Bytes Sent By Job
	0  -  Run Bytes Received By Job
	0  -  Total Bytes Sent By Job
	0  -  Total Bytes Received By Job
	Partitionable Resources :    Usage  Request Allocated 
	   Cpus                 :     5.21        8         8 
	   Disk (KB)            :     1           1      2048 
	   GPUs                 :                           0 
	   Memory (MB)          :  1156        9216      9216 
	   TimeExecute (s)      :   564                       
	   TimeSlotBusy (s)     :   564                       
...
