000 (6920.250.000) 2026-04-16 09:44:16 Job submitted from host: <140.160.143.131:9618?addrs=140.160.143.131-9618&alias=cse-head.cluster.cs.wwu.edu&noUDP&sock=schedd_1483_cb0a>
...
001 (6920.250.000) 2026-04-16 16:39:50 Job executing on host: <140.160.143.149:9618?addrs=140.160.143.149-9618&alias=c-0-9.cluster.cs.wwu.edu&noUDP&sock=startd_1570_77c7>
	SlotName: slot1_3@c-0-9.cluster.cs.wwu.edu
	CondorScratchDir = "/var/lib/condor/execute/dir_1099865"
	Cpus = 8
	Disk = 2048
	GPUs = 0
	Memory = 9216
...
006 (6920.250.000) 2026-04-16 16:39:58 Image size of job updated: 408012
	399  -  MemoryUsage of job (MB)
	408012  -  ResidentSetSize of job (KB)
...
006 (6920.250.000) 2026-04-16 16:44:58 Image size of job updated: 1109664
	1058  -  MemoryUsage of job (MB)
	1083292  -  ResidentSetSize of job (KB)
...
005 (6920.250.000) 2026-04-16 16:46:54 Job terminated.
	(1) Normal termination (return value 0)
		Usr 0 00:21:16, Sys 0 00:00:05  -  Run Remote Usage
		Usr 0 00:00:00, Sys 0 00:00:00  -  Run Local Usage
		Usr 0 00:21:16, Sys 0 00:00:05  -  Total Remote Usage
		Usr 0 00:00:00, Sys 0 00:00:00  -  Total Local Usage
	0  -  Run Bytes Sent By Job
	0  -  Run Bytes Received By Job
	0  -  Total Bytes Sent By Job
	0  -  Total Bytes Received By Job
	Partitionable Resources :    Usage  Request Allocated 
	   Cpus                 :     1.09        8         8 
	   Disk (KB)            :     1           1      2048 
	   GPUs                 :                           0 
	   Memory (MB)          :  1058        9216      9216 
	   TimeExecute (s)      :   424                       
	   TimeSlotBusy (s)     :   425                       
...
