000 (6920.210.000) 2026-04-16 09:44:16 Job submitted from host: <140.160.143.131:9618?addrs=140.160.143.131-9618&alias=cse-head.cluster.cs.wwu.edu&noUDP&sock=schedd_1483_cb0a>
...
001 (6920.210.000) 2026-04-16 16:18:44 Job executing on host: <140.160.143.148:9618?addrs=140.160.143.148-9618&alias=c-0-8.cluster.cs.wwu.edu&noUDP&sock=startd_1538_84bf>
	SlotName: slot1_4@c-0-8.cluster.cs.wwu.edu
	CondorScratchDir = "/var/lib/condor/execute/dir_1089539"
	Cpus = 8
	Disk = 2048
	GPUs = 0
	Memory = 9216
...
006 (6920.210.000) 2026-04-16 16:18:52 Image size of job updated: 217348
	213  -  MemoryUsage of job (MB)
	217348  -  ResidentSetSize of job (KB)
...
006 (6920.210.000) 2026-04-16 16:23:52 Image size of job updated: 734180
	714  -  MemoryUsage of job (MB)
	730744  -  ResidentSetSize of job (KB)
...
006 (6920.210.000) 2026-04-16 16:25:23 Image size of job updated: 819248
	714  -  MemoryUsage of job (MB)
	730924  -  ResidentSetSize of job (KB)
...
005 (6920.210.000) 2026-04-16 16:25:23 Job terminated.
	(1) Normal termination (return value 0)
		Usr 0 00:07:12, Sys 0 00:00:02  -  Run Remote Usage
		Usr 0 00:00:00, Sys 0 00:00:00  -  Run Local Usage
		Usr 0 00:07:12, Sys 0 00:00:02  -  Total Remote Usage
		Usr 0 00:00:00, Sys 0 00:00:00  -  Total Local Usage
	0  -  Run Bytes Sent By Job
	0  -  Run Bytes Received By Job
	0  -  Total Bytes Sent By Job
	0  -  Total Bytes Received By Job
	Partitionable Resources :    Usage  Request Allocated 
	   Cpus                 :     1.02        8         8 
	   Disk (KB)            :     1           1      2048 
	   GPUs                 :                           0 
	   Memory (MB)          :   714        9216      9216 
	   TimeExecute (s)      :   399                       
	   TimeSlotBusy (s)     :   400                       
...
