000 (6920.233.000) 2026-04-16 09:44:16 Job submitted from host: <140.160.143.131:9618?addrs=140.160.143.131-9618&alias=cse-head.cluster.cs.wwu.edu&noUDP&sock=schedd_1483_cb0a>
...
001 (6920.233.000) 2026-04-16 16:29:30 Job executing on host: <140.160.143.182:9618?addrs=140.160.143.182-9618&alias=c-0-13.cluster.cs.wwu.edu&noUDP&sock=startd_1434_2ee6>
	SlotName: slot1_1@c-0-13.cluster.cs.wwu.edu
	CondorScratchDir = "/var/lib/condor/execute/dir_1070118"
	Cpus = 8
	Disk = 2048
	GPUs = 0
	Memory = 9216
...
006 (6920.233.000) 2026-04-16 16:29:39 Image size of job updated: 102796
	101  -  MemoryUsage of job (MB)
	102796  -  ResidentSetSize of job (KB)
...
006 (6920.233.000) 2026-04-16 16:34:40 Image size of job updated: 698540
	683  -  MemoryUsage of job (MB)
	698540  -  ResidentSetSize of job (KB)
...
006 (6920.233.000) 2026-04-16 16:39:40 Image size of job updated: 986232
	889  -  MemoryUsage of job (MB)
	909484  -  ResidentSetSize of job (KB)
...
005 (6920.233.000) 2026-04-16 16:43:46 Job terminated.
	(1) Normal termination (return value 0)
		Usr 0 00:20:07, Sys 0 00:00:06  -  Run Remote Usage
		Usr 0 00:00:00, Sys 0 00:00:00  -  Run Local Usage
		Usr 0 00:20:07, Sys 0 00:00:06  -  Total Remote Usage
		Usr 0 00:00:00, Sys 0 00:00:00  -  Total Local Usage
	0  -  Run Bytes Sent By Job
	0  -  Run Bytes Received By Job
	0  -  Total Bytes Sent By Job
	0  -  Total Bytes Received By Job
	Partitionable Resources :    Usage  Request Allocated 
	   Cpus                 :     2.41        8         8 
	   Disk (KB)            :     1           1      2048 
	   GPUs                 :                           0 
	   Memory (MB)          :   889        9216      9216 
	   TimeExecute (s)      :   856                       
	   TimeSlotBusy (s)     :   856                       
...
