000 (6919.382.000) 2026-04-16 09:41:23 Job submitted from host: <140.160.143.131:9618?addrs=140.160.143.131-9618&alias=cse-head.cluster.cs.wwu.edu&noUDP&sock=schedd_1483_cb0a>
...
001 (6919.382.000) 2026-04-16 14:02:39 Job executing on host: <140.160.143.149:9618?addrs=140.160.143.149-9618&alias=c-0-9.cluster.cs.wwu.edu&noUDP&sock=startd_1570_77c7>
	SlotName: slot1_1@c-0-9.cluster.cs.wwu.edu
	CondorScratchDir = "/var/lib/condor/execute/dir_1092824"
	Cpus = 8
	Disk = 2048
	GPUs = 0
	Memory = 6144
...
006 (6919.382.000) 2026-04-16 14:02:47 Image size of job updated: 361020
	353  -  MemoryUsage of job (MB)
	361020  -  ResidentSetSize of job (KB)
...
006 (6919.382.000) 2026-04-16 14:07:47 Image size of job updated: 1167940
	926  -  MemoryUsage of job (MB)
	948108  -  ResidentSetSize of job (KB)
...
006 (6919.382.000) 2026-04-16 14:12:48 Image size of job updated: 1280832
	1140  -  MemoryUsage of job (MB)
	1166788  -  ResidentSetSize of job (KB)
...
005 (6919.382.000) 2026-04-16 14:13:24 Job terminated.
	(1) Normal termination (return value 0)
		Usr 0 00:50:45, Sys 0 00:00:11  -  Run Remote Usage
		Usr 0 00:00:00, Sys 0 00:00:00  -  Run Local Usage
		Usr 0 00:50:45, Sys 0 00:00:11  -  Total Remote Usage
		Usr 0 00:00:00, Sys 0 00:00:00  -  Total Local Usage
	0  -  Run Bytes Sent By Job
	0  -  Run Bytes Received By Job
	0  -  Total Bytes Sent By Job
	0  -  Total Bytes Received By Job
	Partitionable Resources :    Usage  Request Allocated 
	   Cpus                 :     7.71        8         8 
	   Disk (KB)            :     1           1      2048 
	   GPUs                 :                           0 
	   Memory (MB)          :  1140        6144      6144 
	   TimeExecute (s)      :   645                       
	   TimeSlotBusy (s)     :   645                       
...
