000 (6920.293.000) 2026-04-16 09:44:16 Job submitted from host: <140.160.143.131:9618?addrs=140.160.143.131-9618&alias=cse-head.cluster.cs.wwu.edu&noUDP&sock=schedd_1483_cb0a>
...
001 (6920.293.000) 2026-04-16 17:16:19 Job executing on host: <140.160.143.150:9618?addrs=140.160.143.150-9618&alias=c-0-10.cluster.cs.wwu.edu&noUDP&sock=startd_1506_91b7>
	SlotName: slot1_2@c-0-10.cluster.cs.wwu.edu
	CondorScratchDir = "/var/lib/condor/execute/dir_1082796"
	Cpus = 8
	Disk = 2048
	GPUs = 0
	Memory = 9216
...
006 (6920.293.000) 2026-04-16 17:16:27 Image size of job updated: 320420
	313  -  MemoryUsage of job (MB)
	320420  -  ResidentSetSize of job (KB)
...
006 (6920.293.000) 2026-04-16 17:21:27 Image size of job updated: 953532
	915  -  MemoryUsage of job (MB)
	935992  -  ResidentSetSize of job (KB)
...
006 (6920.293.000) 2026-04-16 17:26:28 Image size of job updated: 1125976
	965  -  MemoryUsage of job (MB)
	987652  -  ResidentSetSize of job (KB)
...
005 (6920.293.000) 2026-04-16 17:29:50 Job terminated.
	(1) Normal termination (return value 0)
		Usr 0 00:49:54, Sys 0 00:00:18  -  Run Remote Usage
		Usr 0 00:00:00, Sys 0 00:00:00  -  Run Local Usage
		Usr 0 00:49:54, Sys 0 00:00:18  -  Total Remote Usage
		Usr 0 00:00:00, Sys 0 00:00:00  -  Total Local Usage
	0  -  Run Bytes Sent By Job
	0  -  Run Bytes Received By Job
	0  -  Total Bytes Sent By Job
	0  -  Total Bytes Received By Job
	Partitionable Resources :    Usage  Request Allocated 
	   Cpus                 :     4.54        8         8 
	   Disk (KB)            :     1           1      2048 
	   GPUs                 :                           0 
	   Memory (MB)          :   965        9216      9216 
	   TimeExecute (s)      :   811                       
	   TimeSlotBusy (s)     :   811                       
...
