000 (6920.064.000) 2026-04-16 09:44:16 Job submitted from host: <140.160.143.131:9618?addrs=140.160.143.131-9618&alias=cse-head.cluster.cs.wwu.edu&noUDP&sock=schedd_1483_cb0a>
...
001 (6920.064.000) 2026-04-16 15:12:27 Job executing on host: <140.160.143.184:9618?addrs=140.160.143.184-9618&alias=c-0-15.cluster.cs.wwu.edu&noUDP&sock=startd_1429_c0ed>
	SlotName: slot1_1@c-0-15.cluster.cs.wwu.edu
	CondorScratchDir = "/var/lib/condor/execute/dir_20206"
	Cpus = 8
	Disk = 2048
	GPUs = 0
	Memory = 9216
...
006 (6920.064.000) 2026-04-16 15:12:36 Image size of job updated: 360584
	353  -  MemoryUsage of job (MB)
	360584  -  ResidentSetSize of job (KB)
...
006 (6920.064.000) 2026-04-16 15:17:36 Image size of job updated: 817128
	798  -  MemoryUsage of job (MB)
	817128  -  ResidentSetSize of job (KB)
...
006 (6920.064.000) 2026-04-16 15:17:51 Image size of job updated: 818268
	798  -  MemoryUsage of job (MB)
	817128  -  ResidentSetSize of job (KB)
...
005 (6920.064.000) 2026-04-16 15:17:51 Job terminated.
	(1) Normal termination (return value 0)
		Usr 0 00:06:06, Sys 0 00:00:01  -  Run Remote Usage
		Usr 0 00:00:00, Sys 0 00:00:00  -  Run Local Usage
		Usr 0 00:06:06, Sys 0 00:00:01  -  Total Remote Usage
		Usr 0 00:00:00, Sys 0 00:00:00  -  Total Local Usage
	0  -  Run Bytes Sent By Job
	0  -  Run Bytes Received By Job
	0  -  Total Bytes Sent By Job
	0  -  Total Bytes Received By Job
	Partitionable Resources :    Usage  Request Allocated 
	   Cpus                 :     1.02        8         8 
	   Disk (KB)            :     1           1      2048 
	   GPUs                 :                           0 
	   Memory (MB)          :   798        9216      9216 
	   TimeExecute (s)      :   324                       
	   TimeSlotBusy (s)     :   324                       
...
