000 (6918.304.000) 2026-04-15 19:42:51 Job submitted from host: <140.160.143.131:9618?addrs=140.160.143.131-9618&alias=cse-head.cluster.cs.wwu.edu&noUDP&sock=schedd_1483_cb0a>
...
001 (6918.304.000) 2026-04-15 23:34:03 Job executing on host: <140.160.143.151:9618?addrs=140.160.143.151-9618&alias=c-0-11.cluster.cs.wwu.edu&noUDP&sock=startd_1509_a080>
	SlotName: slot1_1@c-0-11.cluster.cs.wwu.edu
	CondorScratchDir = "/var/lib/condor/execute/dir_1049255"
	Cpus = 8
	Disk = 2048
	GPUs = 0
	Memory = 4096
...
006 (6918.304.000) 2026-04-15 23:34:11 Image size of job updated: 243072
	238  -  MemoryUsage of job (MB)
	243072  -  ResidentSetSize of job (KB)
...
006 (6918.304.000) 2026-04-15 23:39:11 Image size of job updated: 1065920
	1000  -  MemoryUsage of job (MB)
	1023368  -  ResidentSetSize of job (KB)
...
006 (6918.304.000) 2026-04-15 23:40:46 Image size of job updated: 1091660
	1000  -  MemoryUsage of job (MB)
	1023368  -  ResidentSetSize of job (KB)
...
005 (6918.304.000) 2026-04-15 23:40:47 Job terminated.
	(1) Normal termination (return value 0)
		Usr 0 00:14:06, Sys 0 00:00:03  -  Run Remote Usage
		Usr 0 00:00:00, Sys 0 00:00:00  -  Run Local Usage
		Usr 0 00:14:06, Sys 0 00:00:03  -  Total Remote Usage
		Usr 0 00:00:00, Sys 0 00:00:00  -  Total Local Usage
	0  -  Run Bytes Sent By Job
	0  -  Run Bytes Received By Job
	0  -  Total Bytes Sent By Job
	0  -  Total Bytes Received By Job
	Partitionable Resources :    Usage  Request Allocated 
	   Cpus                 :     1.01        8         8 
	   Disk (KB)            :     1           1      2048 
	   GPUs                 :                           0 
	   Memory (MB)          :  1000        4096      4096 
	   TimeExecute (s)      :   403                       
	   TimeSlotBusy (s)     :   403                       
...
