000 (6919.333.000) 2026-04-16 09:41:22 Job submitted from host: <140.160.143.131:9618?addrs=140.160.143.131-9618&alias=cse-head.cluster.cs.wwu.edu&noUDP&sock=schedd_1483_cb0a>
...
001 (6919.333.000) 2026-04-16 13:00:16 Job executing on host: <140.160.143.184:9618?addrs=140.160.143.184-9618&alias=c-0-15.cluster.cs.wwu.edu&noUDP&sock=startd_1429_c0ed>
	SlotName: slot1_2@c-0-15.cluster.cs.wwu.edu
	CondorScratchDir = "/var/lib/condor/execute/dir_15646"
	Cpus = 8
	Disk = 2048
	GPUs = 0
	Memory = 6144
...
006 (6919.333.000) 2026-04-16 13:00:24 Image size of job updated: 270976
	265  -  MemoryUsage of job (MB)
	270976  -  ResidentSetSize of job (KB)
...
006 (6919.333.000) 2026-04-16 13:05:24 Image size of job updated: 930732
	909  -  MemoryUsage of job (MB)
	930732  -  ResidentSetSize of job (KB)
...
006 (6919.333.000) 2026-04-16 13:10:25 Image size of job updated: 1107288
	1082  -  MemoryUsage of job (MB)
	1107288  -  ResidentSetSize of job (KB)
...
006 (6919.333.000) 2026-04-16 13:15:25 Image size of job updated: 1149484
	1082  -  MemoryUsage of job (MB)
	1107288  -  ResidentSetSize of job (KB)
...
005 (6919.333.000) 2026-04-16 13:21:54 Job terminated.
	(1) Normal termination (return value 0)
		Usr 0 01:32:05, Sys 0 00:00:35  -  Run Remote Usage
		Usr 0 00:00:00, Sys 0 00:00:00  -  Run Local Usage
		Usr 0 01:32:05, Sys 0 00:00:35  -  Total Remote Usage
		Usr 0 00:00:00, Sys 0 00:00:00  -  Total Local Usage
	0  -  Run Bytes Sent By Job
	0  -  Run Bytes Received By Job
	0  -  Total Bytes Sent By Job
	0  -  Total Bytes Received By Job
	Partitionable Resources :    Usage  Request Allocated 
	   Cpus                 :     5.05        8         8 
	   Disk (KB)            :     1           1      2048 
	   GPUs                 :                           0 
	   Memory (MB)          :  1082        6144      6144 
	   TimeExecute (s)      :  1297                       
	   TimeSlotBusy (s)     :  1297                       
...
