000 (6920.380.000) 2026-04-16 09:44:16 Job submitted from host: <140.160.143.131:9618?addrs=140.160.143.131-9618&alias=cse-head.cluster.cs.wwu.edu&noUDP&sock=schedd_1483_cb0a>
...
001 (6920.380.000) 2026-04-16 18:46:15 Job executing on host: <140.160.143.150:9618?addrs=140.160.143.150-9618&alias=c-0-10.cluster.cs.wwu.edu&noUDP&sock=startd_1506_91b7>
	SlotName: slot1_2@c-0-10.cluster.cs.wwu.edu
	CondorScratchDir = "/var/lib/condor/execute/dir_1085522"
	Cpus = 8
	Disk = 2048
	GPUs = 0
	Memory = 9216
...
006 (6920.380.000) 2026-04-16 18:46:23 Image size of job updated: 280732
	275  -  MemoryUsage of job (MB)
	280732  -  ResidentSetSize of job (KB)
...
006 (6920.380.000) 2026-04-16 18:51:23 Image size of job updated: 1036552
	995  -  MemoryUsage of job (MB)
	1018708  -  ResidentSetSize of job (KB)
...
006 (6920.380.000) 2026-04-16 18:55:38 Image size of job updated: 1072948
	995  -  MemoryUsage of job (MB)
	1018708  -  ResidentSetSize of job (KB)
...
005 (6920.380.000) 2026-04-16 18:55:38 Job terminated.
	(1) Normal termination (return value 0)
		Usr 0 00:34:40, Sys 0 00:00:11  -  Run Remote Usage
		Usr 0 00:00:00, Sys 0 00:00:00  -  Run Local Usage
		Usr 0 00:34:40, Sys 0 00:00:11  -  Total Remote Usage
		Usr 0 00:00:00, Sys 0 00:00:00  -  Total Local Usage
	0  -  Run Bytes Sent By Job
	0  -  Run Bytes Received By Job
	0  -  Total Bytes Sent By Job
	0  -  Total Bytes Received By Job
	Partitionable Resources :    Usage  Request Allocated 
	   Cpus                 :     5.63        8         8 
	   Disk (KB)            :     1           1      2048 
	   GPUs                 :                           0 
	   Memory (MB)          :   995        9216      9216 
	   TimeExecute (s)      :   563                       
	   TimeSlotBusy (s)     :   563                       
...
