000 (6920.237.000) 2026-04-16 09:44:16 Job submitted from host: <140.160.143.131:9618?addrs=140.160.143.131-9618&alias=cse-head.cluster.cs.wwu.edu&noUDP&sock=schedd_1483_cb0a>
...
001 (6920.237.000) 2026-04-16 16:32:31 Job executing on host: <140.160.143.141:9618?addrs=140.160.143.141-9618&alias=c-0-1.cluster.cs.wwu.edu&noUDP&sock=startd_1336_f69e>
	SlotName: slot1_2@c-0-1.cluster.cs.wwu.edu
	CondorScratchDir = "/var/lib/condor/execute/dir_1065143"
	Cpus = 8
	Disk = 2048
	GPUs = 0
	Memory = 9216
...
006 (6920.237.000) 2026-04-16 16:32:39 Image size of job updated: 103500
	102  -  MemoryUsage of job (MB)
	103500  -  ResidentSetSize of job (KB)
...
006 (6920.237.000) 2026-04-16 16:37:39 Image size of job updated: 721768
	705  -  MemoryUsage of job (MB)
	721768  -  ResidentSetSize of job (KB)
...
006 (6920.237.000) 2026-04-16 16:41:22 Image size of job updated: 923776
	705  -  MemoryUsage of job (MB)
	721768  -  ResidentSetSize of job (KB)
...
005 (6920.237.000) 2026-04-16 16:41:23 Job terminated.
	(1) Normal termination (return value 0)
		Usr 0 00:11:51, Sys 0 00:00:04  -  Run Remote Usage
		Usr 0 00:00:00, Sys 0 00:00:00  -  Run Local Usage
		Usr 0 00:11:51, Sys 0 00:00:04  -  Total Remote Usage
		Usr 0 00:00:00, Sys 0 00:00:00  -  Total Local Usage
	0  -  Run Bytes Sent By Job
	0  -  Run Bytes Received By Job
	0  -  Total Bytes Sent By Job
	0  -  Total Bytes Received By Job
	Partitionable Resources :    Usage  Request Allocated 
	   Cpus                 :     2.25        8         8 
	   Disk (KB)            :     1           1      2048 
	   GPUs                 :                           0 
	   Memory (MB)          :   705        9216      9216 
	   TimeExecute (s)      :   531                       
	   TimeSlotBusy (s)     :   532                       
...
