000 (6920.336.000) 2026-04-16 09:44:16 Job submitted from host: <140.160.143.131:9618?addrs=140.160.143.131-9618&alias=cse-head.cluster.cs.wwu.edu&noUDP&sock=schedd_1483_cb0a>
...
001 (6920.336.000) 2026-04-16 18:00:23 Job executing on host: <140.160.143.184:9618?addrs=140.160.143.184-9618&alias=c-0-15.cluster.cs.wwu.edu&noUDP&sock=startd_1429_c0ed>
	SlotName: slot1_2@c-0-15.cluster.cs.wwu.edu
	CondorScratchDir = "/var/lib/condor/execute/dir_27266"
	Cpus = 8
	Disk = 2048
	GPUs = 0
	Memory = 9216
...
006 (6920.336.000) 2026-04-16 18:00:32 Image size of job updated: 322660
	316  -  MemoryUsage of job (MB)
	322660  -  ResidentSetSize of job (KB)
...
006 (6920.336.000) 2026-04-16 18:05:32 Image size of job updated: 913968
	880  -  MemoryUsage of job (MB)
	900788  -  ResidentSetSize of job (KB)
...
006 (6920.336.000) 2026-04-16 18:10:32 Image size of job updated: 1181852
	1148  -  MemoryUsage of job (MB)
	1174740  -  ResidentSetSize of job (KB)
...
005 (6920.336.000) 2026-04-16 18:15:19 Job terminated.
	(1) Normal termination (return value 0)
		Usr 0 01:03:26, Sys 0 00:00:29  -  Run Remote Usage
		Usr 0 00:00:00, Sys 0 00:00:00  -  Run Local Usage
		Usr 0 01:03:26, Sys 0 00:00:29  -  Total Remote Usage
		Usr 0 00:00:00, Sys 0 00:00:00  -  Total Local Usage
	0  -  Run Bytes Sent By Job
	0  -  Run Bytes Received By Job
	0  -  Total Bytes Sent By Job
	0  -  Total Bytes Received By Job
	Partitionable Resources :    Usage  Request Allocated 
	   Cpus                 :     1.08        8         8 
	   Disk (KB)            :     1           1      2048 
	   GPUs                 :                           0 
	   Memory (MB)          :  1148        9216      9216 
	   TimeExecute (s)      :   896                       
	   TimeSlotBusy (s)     :   896                       
...
