000 (6919.320.000) 2026-04-16 09:41:22 Job submitted from host: <140.160.143.131:9618?addrs=140.160.143.131-9618&alias=cse-head.cluster.cs.wwu.edu&noUDP&sock=schedd_1483_cb0a>
...
001 (6919.320.000) 2026-04-16 12:48:26 Job executing on host: <140.160.143.149:9618?addrs=140.160.143.149-9618&alias=c-0-9.cluster.cs.wwu.edu&noUDP&sock=startd_1570_77c7>
	SlotName: slot1_3@c-0-9.cluster.cs.wwu.edu
	CondorScratchDir = "/var/lib/condor/execute/dir_1089822"
	Cpus = 8
	Disk = 2048
	GPUs = 0
	Memory = 6144
...
006 (6919.320.000) 2026-04-16 12:48:34 Image size of job updated: 362216
	354  -  MemoryUsage of job (MB)
	362216  -  ResidentSetSize of job (KB)
...
006 (6919.320.000) 2026-04-16 12:53:34 Image size of job updated: 1102940
	1078  -  MemoryUsage of job (MB)
	1102940  -  ResidentSetSize of job (KB)
...
006 (6919.320.000) 2026-04-16 12:54:46 Image size of job updated: 1106236
	1078  -  MemoryUsage of job (MB)
	1102940  -  ResidentSetSize of job (KB)
...
005 (6919.320.000) 2026-04-16 12:54:46 Job terminated.
	(1) Normal termination (return value 0)
		Usr 0 00:19:38, Sys 0 00:00:13  -  Run Remote Usage
		Usr 0 00:00:00, Sys 0 00:00:00  -  Run Local Usage
		Usr 0 00:19:38, Sys 0 00:00:13  -  Total Remote Usage
		Usr 0 00:00:00, Sys 0 00:00:00  -  Total Local Usage
	0  -  Run Bytes Sent By Job
	0  -  Run Bytes Received By Job
	0  -  Total Bytes Sent By Job
	0  -  Total Bytes Received By Job
	Partitionable Resources :    Usage  Request Allocated 
	   Cpus                 :     5.91        8         8 
	   Disk (KB)            :     1           1      2048 
	   GPUs                 :                           0 
	   Memory (MB)          :  1078        6144      6144 
	   TimeExecute (s)      :   381                       
	   TimeSlotBusy (s)     :   387                       
...
