000 (6918.363.000) 2026-04-15 19:42:51 Job submitted from host: <140.160.143.131:9618?addrs=140.160.143.131-9618&alias=cse-head.cluster.cs.wwu.edu&noUDP&sock=schedd_1483_cb0a>
...
001 (6918.363.000) 2026-04-16 00:33:45 Job executing on host: <140.160.143.151:9618?addrs=140.160.143.151-9618&alias=c-0-11.cluster.cs.wwu.edu&noUDP&sock=startd_1509_a080>
	SlotName: slot1_1@c-0-11.cluster.cs.wwu.edu
	CondorScratchDir = "/var/lib/condor/execute/dir_1051065"
	Cpus = 8
	Disk = 2048
	GPUs = 0
	Memory = 4096
...
006 (6918.363.000) 2026-04-16 00:33:54 Image size of job updated: 299068
	293  -  MemoryUsage of job (MB)
	299068  -  ResidentSetSize of job (KB)
...
006 (6918.363.000) 2026-04-16 00:38:55 Image size of job updated: 1077196
	1052  -  MemoryUsage of job (MB)
	1077196  -  ResidentSetSize of job (KB)
...
006 (6918.363.000) 2026-04-16 00:43:55 Image size of job updated: 1079772
	1052  -  MemoryUsage of job (MB)
	1077196  -  ResidentSetSize of job (KB)
...
006 (6918.363.000) 2026-04-16 00:48:05 Image size of job updated: 1180864
	1052  -  MemoryUsage of job (MB)
	1077196  -  ResidentSetSize of job (KB)
...
005 (6918.363.000) 2026-04-16 00:48:05 Job terminated.
	(1) Normal termination (return value 0)
		Usr 0 01:07:54, Sys 0 00:00:30  -  Run Remote Usage
		Usr 0 00:00:00, Sys 0 00:00:00  -  Run Local Usage
		Usr 0 01:07:54, Sys 0 00:00:30  -  Total Remote Usage
		Usr 0 00:00:00, Sys 0 00:00:00  -  Total Local Usage
	0  -  Run Bytes Sent By Job
	0  -  Run Bytes Received By Job
	0  -  Total Bytes Sent By Job
	0  -  Total Bytes Received By Job
	Partitionable Resources :    Usage  Request Allocated 
	   Cpus                 :     7.38        8         8 
	   Disk (KB)            :     1           1      2048 
	   GPUs                 :                           0 
	   Memory (MB)          :  1052        4096      4096 
	   TimeExecute (s)      :   860                       
	   TimeSlotBusy (s)     :   860                       
...
