000 (6919.261.000) 2026-04-16 09:41:22 Job submitted from host: <140.160.143.131:9618?addrs=140.160.143.131-9618&alias=cse-head.cluster.cs.wwu.edu&noUDP&sock=schedd_1483_cb0a>
...
001 (6919.261.000) 2026-04-16 11:57:20 Job executing on host: <140.160.143.148:9618?addrs=140.160.143.148-9618&alias=c-0-8.cluster.cs.wwu.edu&noUDP&sock=startd_1538_84bf>
	SlotName: slot1_4@c-0-8.cluster.cs.wwu.edu
	CondorScratchDir = "/var/lib/condor/execute/dir_1082288"
	Cpus = 8
	Disk = 2048
	GPUs = 0
	Memory = 6144
...
006 (6919.261.000) 2026-04-16 11:57:28 Image size of job updated: 238508
	233  -  MemoryUsage of job (MB)
	238508  -  ResidentSetSize of job (KB)
...
006 (6919.261.000) 2026-04-16 12:02:28 Image size of job updated: 927196
	904  -  MemoryUsage of job (MB)
	925556  -  ResidentSetSize of job (KB)
...
006 (6919.261.000) 2026-04-16 12:07:29 Image size of job updated: 1101060
	1063  -  MemoryUsage of job (MB)
	1088084  -  ResidentSetSize of job (KB)
...
005 (6919.261.000) 2026-04-16 12:08:50 Job terminated.
	(1) Normal termination (return value 0)
		Usr 0 00:28:10, Sys 0 00:00:05  -  Run Remote Usage
		Usr 0 00:00:00, Sys 0 00:00:00  -  Run Local Usage
		Usr 0 00:28:10, Sys 0 00:00:05  -  Total Remote Usage
		Usr 0 00:00:00, Sys 0 00:00:00  -  Total Local Usage
	0  -  Run Bytes Sent By Job
	0  -  Run Bytes Received By Job
	0  -  Total Bytes Sent By Job
	0  -  Total Bytes Received By Job
	Partitionable Resources :    Usage  Request Allocated 
	   Cpus                 :     3.83        8         8 
	   Disk (KB)            :     1           1      2048 
	   GPUs                 :                           0 
	   Memory (MB)          :  1063        6144      6144 
	   TimeExecute (s)      :   690                       
	   TimeSlotBusy (s)     :   702                       
...
