000 (6918.181.000) 2026-04-15 19:42:50 Job submitted from host: <140.160.143.131:9618?addrs=140.160.143.131-9618&alias=cse-head.cluster.cs.wwu.edu&noUDP&sock=schedd_1483_cb0a>
...
001 (6918.181.000) 2026-04-15 21:56:51 Job executing on host: <140.160.143.149:9618?addrs=140.160.143.149-9618&alias=c-0-9.cluster.cs.wwu.edu&noUDP&sock=startd_1570_77c7>
	SlotName: slot1_3@c-0-9.cluster.cs.wwu.edu
	CondorScratchDir = "/var/lib/condor/execute/dir_1060115"
	Cpus = 8
	Disk = 2048
	GPUs = 0
	Memory = 4096
...
006 (6918.181.000) 2026-04-15 21:56:59 Image size of job updated: 336416
	329  -  MemoryUsage of job (MB)
	336416  -  ResidentSetSize of job (KB)
...
006 (6918.181.000) 2026-04-15 22:01:59 Image size of job updated: 760784
	743  -  MemoryUsage of job (MB)
	760784  -  ResidentSetSize of job (KB)
...
006 (6918.181.000) 2026-04-15 22:02:30 Image size of job updated: 762616
	743  -  MemoryUsage of job (MB)
	760784  -  ResidentSetSize of job (KB)
...
005 (6918.181.000) 2026-04-15 22:02:30 Job terminated.
	(1) Normal termination (return value 0)
		Usr 0 00:06:04, Sys 0 00:00:01  -  Run Remote Usage
		Usr 0 00:00:00, Sys 0 00:00:00  -  Run Local Usage
		Usr 0 00:06:04, Sys 0 00:00:01  -  Total Remote Usage
		Usr 0 00:00:00, Sys 0 00:00:00  -  Total Local Usage
	0  -  Run Bytes Sent By Job
	0  -  Run Bytes Received By Job
	0  -  Total Bytes Sent By Job
	0  -  Total Bytes Received By Job
	Partitionable Resources :    Usage  Request Allocated 
	   Cpus                 :     1.07        8         8 
	   Disk (KB)            :     1           1      2048 
	   GPUs                 :                           0 
	   Memory (MB)          :   743        4096      4096 
	   TimeExecute (s)      :   340                       
	   TimeSlotBusy (s)     :   340                       
...
