000 (6919.310.000) 2026-04-16 09:41:22 Job submitted from host: <140.160.143.131:9618?addrs=140.160.143.131-9618&alias=cse-head.cluster.cs.wwu.edu&noUDP&sock=schedd_1483_cb0a>
...
001 (6919.310.000) 2026-04-16 12:37:28 Job executing on host: <140.160.143.148:9618?addrs=140.160.143.148-9618&alias=c-0-8.cluster.cs.wwu.edu&noUDP&sock=startd_1538_84bf>
	SlotName: slot1_4@c-0-8.cluster.cs.wwu.edu
	CondorScratchDir = "/var/lib/condor/execute/dir_1083206"
	Cpus = 8
	Disk = 2048
	GPUs = 0
	Memory = 6144
...
006 (6919.310.000) 2026-04-16 12:37:37 Image size of job updated: 231328
	226  -  MemoryUsage of job (MB)
	231328  -  ResidentSetSize of job (KB)
...
006 (6919.310.000) 2026-04-16 12:42:38 Image size of job updated: 863600
	844  -  MemoryUsage of job (MB)
	863600  -  ResidentSetSize of job (KB)
...
006 (6919.310.000) 2026-04-16 12:47:38 Image size of job updated: 1136976
	1075  -  MemoryUsage of job (MB)
	1100036  -  ResidentSetSize of job (KB)
...
005 (6919.310.000) 2026-04-16 12:48:48 Job terminated.
	(1) Normal termination (return value 0)
		Usr 0 00:38:13, Sys 0 00:00:09  -  Run Remote Usage
		Usr 0 00:00:00, Sys 0 00:00:00  -  Run Local Usage
		Usr 0 00:38:13, Sys 0 00:00:09  -  Total Remote Usage
		Usr 0 00:00:00, Sys 0 00:00:00  -  Total Local Usage
	0  -  Run Bytes Sent By Job
	0  -  Run Bytes Received By Job
	0  -  Total Bytes Sent By Job
	0  -  Total Bytes Received By Job
	Partitionable Resources :    Usage  Request Allocated 
	   Cpus                 :     6.65        8         8 
	   Disk (KB)            :     1           1      2048 
	   GPUs                 :                           0 
	   Memory (MB)          :  1075        6144      6144 
	   TimeExecute (s)      :   680                       
	   TimeSlotBusy (s)     :   680                       
...
