000 (6920.330.000) 2026-04-16 09:44:16 Job submitted from host: <140.160.143.131:9618?addrs=140.160.143.131-9618&alias=cse-head.cluster.cs.wwu.edu&noUDP&sock=schedd_1483_cb0a>
...
001 (6920.330.000) 2026-04-16 17:54:17 Job executing on host: <140.160.143.148:9618?addrs=140.160.143.148-9618&alias=c-0-8.cluster.cs.wwu.edu&noUDP&sock=startd_1538_84bf>
	SlotName: slot1_4@c-0-8.cluster.cs.wwu.edu
	CondorScratchDir = "/var/lib/condor/execute/dir_1092882"
	Cpus = 8
	Disk = 2048
	GPUs = 0
	Memory = 9216
...
006 (6920.330.000) 2026-04-16 17:54:26 Image size of job updated: 247356
	242  -  MemoryUsage of job (MB)
	247356  -  ResidentSetSize of job (KB)
...
006 (6920.330.000) 2026-04-16 17:59:27 Image size of job updated: 884844
	846  -  MemoryUsage of job (MB)
	865720  -  ResidentSetSize of job (KB)
...
006 (6920.330.000) 2026-04-16 18:04:28 Image size of job updated: 1596584
	1469  -  MemoryUsage of job (MB)
	1503508  -  ResidentSetSize of job (KB)
...
005 (6920.330.000) 2026-04-16 18:09:37 Job terminated.
	(1) Normal termination (return value 0)
		Usr 0 01:07:24, Sys 0 00:00:30  -  Run Remote Usage
		Usr 0 00:00:00, Sys 0 00:00:00  -  Run Local Usage
		Usr 0 01:07:24, Sys 0 00:00:30  -  Total Remote Usage
		Usr 0 00:00:00, Sys 0 00:00:00  -  Total Local Usage
	0  -  Run Bytes Sent By Job
	0  -  Run Bytes Received By Job
	0  -  Total Bytes Sent By Job
	0  -  Total Bytes Received By Job
	Partitionable Resources :    Usage  Request Allocated 
	   Cpus                 :     7.78        8         8 
	   Disk (KB)            :     1           1      2048 
	   GPUs                 :                           0 
	   Memory (MB)          :  1469        9216      9216 
	   TimeExecute (s)      :   920                       
	   TimeSlotBusy (s)     :   920                       
...
