000 (6920.372.000) 2026-04-16 09:44:16 Job submitted from host: <140.160.143.131:9618?addrs=140.160.143.131-9618&alias=cse-head.cluster.cs.wwu.edu&noUDP&sock=schedd_1483_cb0a>
...
001 (6920.372.000) 2026-04-16 18:39:54 Job executing on host: <140.160.143.143:9618?addrs=140.160.143.143-9618&alias=c-0-3.cluster.cs.wwu.edu&noUDP&sock=startd_1365_dadd>
	SlotName: slot1_1@c-0-3.cluster.cs.wwu.edu
	CondorScratchDir = "/var/lib/condor/execute/dir_1084255"
	Cpus = 8
	Disk = 2048
	GPUs = 0
	Memory = 9216
...
006 (6920.372.000) 2026-04-16 18:40:02 Image size of job updated: 96692
	95  -  MemoryUsage of job (MB)
	96692  -  ResidentSetSize of job (KB)
...
006 (6920.372.000) 2026-04-16 18:45:02 Image size of job updated: 704252
	679  -  MemoryUsage of job (MB)
	694708  -  ResidentSetSize of job (KB)
...
006 (6920.372.000) 2026-04-16 18:50:03 Image size of job updated: 1193104
	1166  -  MemoryUsage of job (MB)
	1193104  -  ResidentSetSize of job (KB)
...
006 (6920.372.000) 2026-04-16 18:55:03 Image size of job updated: 1319388
	1217  -  MemoryUsage of job (MB)
	1245256  -  ResidentSetSize of job (KB)
...
005 (6920.372.000) 2026-04-16 18:58:23 Job terminated.
	(1) Normal termination (return value 0)
		Usr 0 01:11:51, Sys 0 00:00:13  -  Run Remote Usage
		Usr 0 00:00:00, Sys 0 00:00:00  -  Run Local Usage
		Usr 0 01:11:51, Sys 0 00:00:13  -  Total Remote Usage
		Usr 0 00:00:00, Sys 0 00:00:00  -  Total Local Usage
	0  -  Run Bytes Sent By Job
	0  -  Run Bytes Received By Job
	0  -  Total Bytes Sent By Job
	0  -  Total Bytes Received By Job
	Partitionable Resources :    Usage  Request Allocated 
	   Cpus                 :     5.23        8         8 
	   Disk (KB)            :     1           1      2048 
	   GPUs                 :                           0 
	   Memory (MB)          :  1217        9216      9216 
	   TimeExecute (s)      :  1108                       
	   TimeSlotBusy (s)     :  1109                       
...
