000 (6920.391.000) 2026-04-16 09:44:16 Job submitted from host: <140.160.143.131:9618?addrs=140.160.143.131-9618&alias=cse-head.cluster.cs.wwu.edu&noUDP&sock=schedd_1483_cb0a>
...
001 (6920.391.000) 2026-04-16 18:59:15 Job executing on host: <140.160.143.143:9618?addrs=140.160.143.143-9618&alias=c-0-3.cluster.cs.wwu.edu&noUDP&sock=startd_1365_dadd>
	SlotName: slot1_1@c-0-3.cluster.cs.wwu.edu
	CondorScratchDir = "/var/lib/condor/execute/dir_1085029"
	Cpus = 8
	Disk = 2048
	GPUs = 0
	Memory = 9216
...
006 (6920.391.000) 2026-04-16 18:59:23 Image size of job updated: 96696
	95  -  MemoryUsage of job (MB)
	96696  -  ResidentSetSize of job (KB)
...
006 (6920.391.000) 2026-04-16 19:04:23 Image size of job updated: 718020
	702  -  MemoryUsage of job (MB)
	718020  -  ResidentSetSize of job (KB)
...
006 (6920.391.000) 2026-04-16 19:09:24 Image size of job updated: 1237408
	1092  -  MemoryUsage of job (MB)
	1117300  -  ResidentSetSize of job (KB)
...
006 (6920.391.000) 2026-04-16 19:14:25 Image size of job updated: 1237408
	1130  -  MemoryUsage of job (MB)
	1156340  -  ResidentSetSize of job (KB)
...
005 (6920.391.000) 2026-04-16 19:16:56 Job terminated.
	(1) Normal termination (return value 0)
		Usr 0 00:58:16, Sys 0 00:00:25  -  Run Remote Usage
		Usr 0 00:00:00, Sys 0 00:00:00  -  Run Local Usage
		Usr 0 00:58:16, Sys 0 00:00:25  -  Total Remote Usage
		Usr 0 00:00:00, Sys 0 00:00:00  -  Total Local Usage
	0  -  Run Bytes Sent By Job
	0  -  Run Bytes Received By Job
	0  -  Total Bytes Sent By Job
	0  -  Total Bytes Received By Job
	Partitionable Resources :    Usage  Request Allocated 
	   Cpus                 :     4.50        8         8 
	   Disk (KB)            :     1           1      2048 
	   GPUs                 :                           0 
	   Memory (MB)          :  1130        9216      9216 
	   TimeExecute (s)      :  1061                       
	   TimeSlotBusy (s)     :  1061                       
...
