000 (6919.394.000) 2026-04-16 09:41:23 Job submitted from host: <140.160.143.131:9618?addrs=140.160.143.131-9618&alias=cse-head.cluster.cs.wwu.edu&noUDP&sock=schedd_1483_cb0a>
...
001 (6919.394.000) 2026-04-16 14:17:22 Job executing on host: <140.160.143.141:9618?addrs=140.160.143.141-9618&alias=c-0-1.cluster.cs.wwu.edu&noUDP&sock=startd_1336_f69e>
	SlotName: slot1_2@c-0-1.cluster.cs.wwu.edu
	CondorScratchDir = "/var/lib/condor/execute/dir_1060594"
	Cpus = 8
	Disk = 2048
	GPUs = 0
	Memory = 6144
...
006 (6919.394.000) 2026-04-16 14:17:30 Image size of job updated: 102860
	101  -  MemoryUsage of job (MB)
	102860  -  ResidentSetSize of job (KB)
...
006 (6919.394.000) 2026-04-16 14:22:30 Image size of job updated: 697520
	682  -  MemoryUsage of job (MB)
	697520  -  ResidentSetSize of job (KB)
...
006 (6919.394.000) 2026-04-16 14:27:31 Image size of job updated: 1129644
	1101  -  MemoryUsage of job (MB)
	1126912  -  ResidentSetSize of job (KB)
...
006 (6919.394.000) 2026-04-16 14:30:40 Image size of job updated: 1136048
	1101  -  MemoryUsage of job (MB)
	1126912  -  ResidentSetSize of job (KB)
...
005 (6919.394.000) 2026-04-16 14:30:40 Job terminated.
	(1) Normal termination (return value 0)
		Usr 0 00:52:28, Sys 0 00:00:24  -  Run Remote Usage
		Usr 0 00:00:00, Sys 0 00:00:00  -  Run Local Usage
		Usr 0 00:52:28, Sys 0 00:00:24  -  Total Remote Usage
		Usr 0 00:00:00, Sys 0 00:00:00  -  Total Local Usage
	0  -  Run Bytes Sent By Job
	0  -  Run Bytes Received By Job
	0  -  Total Bytes Sent By Job
	0  -  Total Bytes Received By Job
	Partitionable Resources :    Usage  Request Allocated 
	   Cpus                 :     7.01        8         8 
	   Disk (KB)            :     1           1      2048 
	   GPUs                 :                           0 
	   Memory (MB)          :  1101        6144      6144 
	   TimeExecute (s)      :   798                       
	   TimeSlotBusy (s)     :   799                       
...
