000 (6919.178.000) 2026-04-16 09:41:22 Job submitted from host: <140.160.143.131:9618?addrs=140.160.143.131-9618&alias=cse-head.cluster.cs.wwu.edu&noUDP&sock=schedd_1483_cb0a>
...
001 (6919.178.000) 2026-04-16 11:11:02 Job executing on host: <140.160.143.184:9618?addrs=140.160.143.184-9618&alias=c-0-15.cluster.cs.wwu.edu&noUDP&sock=startd_1429_c0ed>
	SlotName: slot1_1@c-0-15.cluster.cs.wwu.edu
	CondorScratchDir = "/var/lib/condor/execute/dir_11132"
	Cpus = 8
	Disk = 2048
	GPUs = 0
	Memory = 6144
...
006 (6919.178.000) 2026-04-16 11:11:11 Image size of job updated: 104668
	103  -  MemoryUsage of job (MB)
	104668  -  ResidentSetSize of job (KB)
...
006 (6919.178.000) 2026-04-16 11:16:12 Image size of job updated: 863236
	844  -  MemoryUsage of job (MB)
	863236  -  ResidentSetSize of job (KB)
...
006 (6919.178.000) 2026-04-16 11:16:23 Image size of job updated: 863588
	844  -  MemoryUsage of job (MB)
	863236  -  ResidentSetSize of job (KB)
...
005 (6919.178.000) 2026-04-16 11:16:24 Job terminated.
	(1) Normal termination (return value 0)
		Usr 0 00:05:36, Sys 0 00:00:01  -  Run Remote Usage
		Usr 0 00:00:00, Sys 0 00:00:00  -  Run Local Usage
		Usr 0 00:05:36, Sys 0 00:00:01  -  Total Remote Usage
		Usr 0 00:00:00, Sys 0 00:00:00  -  Total Local Usage
	0  -  Run Bytes Sent By Job
	0  -  Run Bytes Received By Job
	0  -  Total Bytes Sent By Job
	0  -  Total Bytes Received By Job
	Partitionable Resources :    Usage  Request Allocated 
	   Cpus                 :     1.02        8         8 
	   Disk (KB)            :     1           1      2048 
	   GPUs                 :                           0 
	   Memory (MB)          :   844        6144      6144 
	   TimeExecute (s)      :   321                       
	   TimeSlotBusy (s)     :   321                       
...
