000 (6918.037.000) 2026-04-15 19:42:51 Job submitted from host: <140.160.143.131:9618?addrs=140.160.143.131-9618&alias=cse-head.cluster.cs.wwu.edu&noUDP&sock=schedd_1483_cb0a>
...
001 (6918.037.000) 2026-04-15 20:07:24 Job executing on host: <140.160.143.185:9618?addrs=140.160.143.185-9618&alias=c-0-16.cluster.cs.wwu.edu&noUDP&sock=startd_1431_201d>
	SlotName: slot1_2@c-0-16.cluster.cs.wwu.edu
	CondorScratchDir = "/var/lib/condor/execute/dir_1049310"
	Cpus = 8
	Disk = 2048
	GPUs = 0
	Memory = 4096
...
006 (6918.037.000) 2026-04-15 20:07:32 Image size of job updated: 99492
	98  -  MemoryUsage of job (MB)
	99492  -  ResidentSetSize of job (KB)
...
006 (6918.037.000) 2026-04-15 20:12:32 Image size of job updated: 756660
	739  -  MemoryUsage of job (MB)
	756660  -  ResidentSetSize of job (KB)
...
006 (6918.037.000) 2026-04-15 20:13:14 Image size of job updated: 757536
	739  -  MemoryUsage of job (MB)
	756660  -  ResidentSetSize of job (KB)
...
005 (6918.037.000) 2026-04-15 20:13:14 Job terminated.
	(1) Normal termination (return value 0)
		Usr 0 00:05:53, Sys 0 00:00:02  -  Run Remote Usage
		Usr 0 00:00:00, Sys 0 00:00:00  -  Run Local Usage
		Usr 0 00:05:53, Sys 0 00:00:02  -  Total Remote Usage
		Usr 0 00:00:00, Sys 0 00:00:00  -  Total Local Usage
	0  -  Run Bytes Sent By Job
	0  -  Run Bytes Received By Job
	0  -  Total Bytes Sent By Job
	0  -  Total Bytes Received By Job
	Partitionable Resources :    Usage  Request Allocated 
	   Cpus                 :     1.02        8         8 
	   Disk (KB)            :     1           1      2048 
	   GPUs                 :                           0 
	   Memory (MB)          :   739        4096      4096 
	   TimeExecute (s)      :   350                       
	   TimeSlotBusy (s)     :   350                       
...
