000 (6920.246.000) 2026-04-16 09:44:16 Job submitted from host: <140.160.143.131:9618?addrs=140.160.143.131-9618&alias=cse-head.cluster.cs.wwu.edu&noUDP&sock=schedd_1483_cb0a>
...
001 (6920.246.000) 2026-04-16 16:37:32 Job executing on host: <140.160.143.144:9618?addrs=140.160.143.144-9618&alias=c-0-4.cluster.cs.wwu.edu&noUDP&sock=startd_1367_3a0d>
	SlotName: slot1_3@c-0-4.cluster.cs.wwu.edu
	CondorScratchDir = "/var/lib/condor/execute/dir_1074567"
	Cpus = 8
	Disk = 2048
	GPUs = 0
	Memory = 9216
...
006 (6920.246.000) 2026-04-16 16:37:40 Image size of job updated: 101516
	100  -  MemoryUsage of job (MB)
	101516  -  ResidentSetSize of job (KB)
...
006 (6920.246.000) 2026-04-16 16:42:40 Image size of job updated: 936836
	912  -  MemoryUsage of job (MB)
	933672  -  ResidentSetSize of job (KB)
...
006 (6920.246.000) 2026-04-16 16:46:06 Image size of job updated: 1085352
	912  -  MemoryUsage of job (MB)
	933672  -  ResidentSetSize of job (KB)
...
005 (6920.246.000) 2026-04-16 16:46:06 Job terminated.
	(1) Normal termination (return value 0)
		Usr 0 00:18:17, Sys 0 00:00:06  -  Run Remote Usage
		Usr 0 00:00:00, Sys 0 00:00:00  -  Run Local Usage
		Usr 0 00:18:17, Sys 0 00:00:06  -  Total Remote Usage
		Usr 0 00:00:00, Sys 0 00:00:00  -  Total Local Usage
	0  -  Run Bytes Sent By Job
	0  -  Run Bytes Received By Job
	0  -  Total Bytes Sent By Job
	0  -  Total Bytes Received By Job
	Partitionable Resources :    Usage  Request Allocated 
	   Cpus                 :     5.39        8         8 
	   Disk (KB)            :     1           1      2048 
	   GPUs                 :                           0 
	   Memory (MB)          :   912        9216      9216 
	   TimeExecute (s)      :   514                       
	   TimeSlotBusy (s)     :   514                       
...
