000 (6918.119.000) 2026-04-15 19:42:50 Job submitted from host: <140.160.143.131:9618?addrs=140.160.143.131-9618&alias=cse-head.cluster.cs.wwu.edu&noUDP&sock=schedd_1483_cb0a>
...
001 (6918.119.000) 2026-04-15 21:11:19 Job executing on host: <140.160.143.144:9618?addrs=140.160.143.144-9618&alias=c-0-4.cluster.cs.wwu.edu&noUDP&sock=startd_1367_3a0d>
	SlotName: slot1_3@c-0-4.cluster.cs.wwu.edu
	CondorScratchDir = "/var/lib/condor/execute/dir_1042226"
	Cpus = 8
	Disk = 2048
	GPUs = 0
	Memory = 4096
...
006 (6918.119.000) 2026-04-15 21:11:28 Image size of job updated: 98792
	97  -  MemoryUsage of job (MB)
	98792  -  ResidentSetSize of job (KB)
...
006 (6918.119.000) 2026-04-15 21:16:28 Image size of job updated: 689712
	674  -  MemoryUsage of job (MB)
	689712  -  ResidentSetSize of job (KB)
...
006 (6918.119.000) 2026-04-15 21:18:42 Image size of job updated: 713140
	674  -  MemoryUsage of job (MB)
	689712  -  ResidentSetSize of job (KB)
...
005 (6918.119.000) 2026-04-15 21:18:42 Job terminated.
	(1) Normal termination (return value 0)
		Usr 0 00:07:24, Sys 0 00:00:02  -  Run Remote Usage
		Usr 0 00:00:00, Sys 0 00:00:00  -  Run Local Usage
		Usr 0 00:07:24, Sys 0 00:00:02  -  Total Remote Usage
		Usr 0 00:00:00, Sys 0 00:00:00  -  Total Local Usage
	0  -  Run Bytes Sent By Job
	0  -  Run Bytes Received By Job
	0  -  Total Bytes Sent By Job
	0  -  Total Bytes Received By Job
	Partitionable Resources :    Usage  Request Allocated 
	   Cpus                 :     1.05        8         8 
	   Disk (KB)            :     1           1      2048 
	   GPUs                 :                           0 
	   Memory (MB)          :   674        4096      4096 
	   TimeExecute (s)      :   443                       
	   TimeSlotBusy (s)     :   443                       
...
