000 (6919.249.000) 2026-04-16 09:41:22 Job submitted from host: <140.160.143.131:9618?addrs=140.160.143.131-9618&alias=cse-head.cluster.cs.wwu.edu&noUDP&sock=schedd_1483_cb0a>
...
001 (6919.249.000) 2026-04-16 11:47:22 Job executing on host: <140.160.143.150:9618?addrs=140.160.143.150-9618&alias=c-0-10.cluster.cs.wwu.edu&noUDP&sock=startd_1506_91b7>
	SlotName: slot1_2@c-0-10.cluster.cs.wwu.edu
	CondorScratchDir = "/var/lib/condor/execute/dir_1072404"
	Cpus = 8
	Disk = 2048
	GPUs = 0
	Memory = 6144
...
006 (6919.249.000) 2026-04-16 11:47:31 Image size of job updated: 321912
	315  -  MemoryUsage of job (MB)
	321912  -  ResidentSetSize of job (KB)
...
006 (6919.249.000) 2026-04-16 11:52:31 Image size of job updated: 955752
	928  -  MemoryUsage of job (MB)
	950076  -  ResidentSetSize of job (KB)
...
006 (6919.249.000) 2026-04-16 11:54:15 Image size of job updated: 956900
	928  -  MemoryUsage of job (MB)
	950076  -  ResidentSetSize of job (KB)
...
005 (6919.249.000) 2026-04-16 11:54:15 Job terminated.
	(1) Normal termination (return value 0)
		Usr 0 00:13:51, Sys 0 00:00:03  -  Run Remote Usage
		Usr 0 00:00:00, Sys 0 00:00:00  -  Run Local Usage
		Usr 0 00:13:51, Sys 0 00:00:03  -  Total Remote Usage
		Usr 0 00:00:00, Sys 0 00:00:00  -  Total Local Usage
	0  -  Run Bytes Sent By Job
	0  -  Run Bytes Received By Job
	0  -  Total Bytes Sent By Job
	0  -  Total Bytes Received By Job
	Partitionable Resources :    Usage  Request Allocated 
	   Cpus                 :     3.00        8         8 
	   Disk (KB)            :     1           1      2048 
	   GPUs                 :                           0 
	   Memory (MB)          :   928        6144      6144 
	   TimeExecute (s)      :   413                       
	   TimeSlotBusy (s)     :   413                       
...
