000 (6919.359.000) 2026-04-16 09:41:22 Job submitted from host: <140.160.143.131:9618?addrs=140.160.143.131-9618&alias=cse-head.cluster.cs.wwu.edu&noUDP&sock=schedd_1483_cb0a>
...
001 (6919.359.000) 2026-04-16 13:33:29 Job executing on host: <140.160.143.141:9618?addrs=140.160.143.141-9618&alias=c-0-1.cluster.cs.wwu.edu&noUDP&sock=startd_1336_f69e>
	SlotName: slot1_2@c-0-1.cluster.cs.wwu.edu
	CondorScratchDir = "/var/lib/condor/execute/dir_1059715"
	Cpus = 8
	Disk = 2048
	GPUs = 0
	Memory = 6144
...
006 (6919.359.000) 2026-04-16 13:33:37 Image size of job updated: 102824
	101  -  MemoryUsage of job (MB)
	102824  -  ResidentSetSize of job (KB)
...
006 (6919.359.000) 2026-04-16 13:38:37 Image size of job updated: 725012
	709  -  MemoryUsage of job (MB)
	725012  -  ResidentSetSize of job (KB)
...
006 (6919.359.000) 2026-04-16 13:43:38 Image size of job updated: 1062932
	989  -  MemoryUsage of job (MB)
	1011840  -  ResidentSetSize of job (KB)
...
006 (6919.359.000) 2026-04-16 13:48:38 Image size of job updated: 1107444
	1071  -  MemoryUsage of job (MB)
	1095888  -  ResidentSetSize of job (KB)
...
006 (6919.359.000) 2026-04-16 13:53:38 Image size of job updated: 1115360
	1071  -  MemoryUsage of job (MB)
	1095888  -  ResidentSetSize of job (KB)
...
005 (6919.359.000) 2026-04-16 13:57:21 Job terminated.
	(1) Normal termination (return value 0)
		Usr 0 01:40:34, Sys 0 00:01:05  -  Run Remote Usage
		Usr 0 00:00:00, Sys 0 00:00:00  -  Run Local Usage
		Usr 0 01:40:34, Sys 0 00:01:05  -  Total Remote Usage
		Usr 0 00:00:00, Sys 0 00:00:00  -  Total Local Usage
	0  -  Run Bytes Sent By Job
	0  -  Run Bytes Received By Job
	0  -  Total Bytes Sent By Job
	0  -  Total Bytes Received By Job
	Partitionable Resources :    Usage  Request Allocated 
	   Cpus                 :     5.12        8         8 
	   Disk (KB)            :     1           1      2048 
	   GPUs                 :                           0 
	   Memory (MB)          :  1071        6144      6144 
	   TimeExecute (s)      :  1432                       
	   TimeSlotBusy (s)     :  1439                       
...
