000 (6919.392.000) 2026-04-16 09:41:23 Job submitted from host: <140.160.143.131:9618?addrs=140.160.143.131-9618&alias=cse-head.cluster.cs.wwu.edu&noUDP&sock=schedd_1483_cb0a>
...
001 (6919.392.000) 2026-04-16 14:17:01 Job executing on host: <140.160.143.184:9618?addrs=140.160.143.184-9618&alias=c-0-15.cluster.cs.wwu.edu&noUDP&sock=startd_1429_c0ed>
	SlotName: slot1_1@c-0-15.cluster.cs.wwu.edu
	CondorScratchDir = "/var/lib/condor/execute/dir_17846"
	Cpus = 8
	Disk = 2048
	GPUs = 0
	Memory = 6144
...
006 (6919.392.000) 2026-04-16 14:17:10 Image size of job updated: 326388
	319  -  MemoryUsage of job (MB)
	326388  -  ResidentSetSize of job (KB)
...
006 (6919.392.000) 2026-04-16 14:22:11 Image size of job updated: 733568
	717  -  MemoryUsage of job (MB)
	733568  -  ResidentSetSize of job (KB)
...
006 (6919.392.000) 2026-04-16 14:27:11 Image size of job updated: 1140576
	1114  -  MemoryUsage of job (MB)
	1140576  -  ResidentSetSize of job (KB)
...
006 (6919.392.000) 2026-04-16 14:28:49 Image size of job updated: 1170768
	1114  -  MemoryUsage of job (MB)
	1140576  -  ResidentSetSize of job (KB)
...
005 (6919.392.000) 2026-04-16 14:28:49 Job terminated.
	(1) Normal termination (return value 0)
		Usr 0 00:43:37, Sys 0 00:00:25  -  Run Remote Usage
		Usr 0 00:00:00, Sys 0 00:00:00  -  Run Local Usage
		Usr 0 00:43:37, Sys 0 00:00:25  -  Total Remote Usage
		Usr 0 00:00:00, Sys 0 00:00:00  -  Total Local Usage
	0  -  Run Bytes Sent By Job
	0  -  Run Bytes Received By Job
	0  -  Total Bytes Sent By Job
	0  -  Total Bytes Received By Job
	Partitionable Resources :    Usage  Request Allocated 
	   Cpus                 :     7.92        8         8 
	   Disk (KB)            :     1           1      2048 
	   GPUs                 :                           0 
	   Memory (MB)          :  1114        6144      6144 
	   TimeExecute (s)      :   708                       
	   TimeSlotBusy (s)     :   708                       
...
