000 (6918.256.000) 2026-04-15 19:42:50 Job submitted from host: <140.160.143.131:9618?addrs=140.160.143.131-9618&alias=cse-head.cluster.cs.wwu.edu&noUDP&sock=schedd_1483_cb0a>
...
001 (6918.256.000) 2026-04-15 22:54:02 Job executing on host: <140.160.143.150:9618?addrs=140.160.143.150-9618&alias=c-0-10.cluster.cs.wwu.edu&noUDP&sock=startd_1506_91b7>
	SlotName: slot1_3@c-0-10.cluster.cs.wwu.edu
	CondorScratchDir = "/var/lib/condor/execute/dir_1052063"
	Cpus = 8
	Disk = 2048
	GPUs = 0
	Memory = 4096
...
006 (6918.256.000) 2026-04-15 22:54:11 Image size of job updated: 252068
	247  -  MemoryUsage of job (MB)
	252068  -  ResidentSetSize of job (KB)
...
006 (6918.256.000) 2026-04-15 22:59:12 Image size of job updated: 942088
	921  -  MemoryUsage of job (MB)
	942088  -  ResidentSetSize of job (KB)
...
006 (6918.256.000) 2026-04-15 23:00:30 Image size of job updated: 1041972
	921  -  MemoryUsage of job (MB)
	942088  -  ResidentSetSize of job (KB)
...
005 (6918.256.000) 2026-04-15 23:00:30 Job terminated.
	(1) Normal termination (return value 0)
		Usr 0 00:10:06, Sys 0 00:00:06  -  Run Remote Usage
		Usr 0 00:00:00, Sys 0 00:00:00  -  Run Local Usage
		Usr 0 00:10:06, Sys 0 00:00:06  -  Total Remote Usage
		Usr 0 00:00:00, Sys 0 00:00:00  -  Total Local Usage
	0  -  Run Bytes Sent By Job
	0  -  Run Bytes Received By Job
	0  -  Total Bytes Sent By Job
	0  -  Total Bytes Received By Job
	Partitionable Resources :    Usage  Request Allocated 
	   Cpus                 :     1.01        8         8 
	   Disk (KB)            :     1           1      2048 
	   GPUs                 :                           0 
	   Memory (MB)          :   921        4096      4096 
	   TimeExecute (s)      :   388                       
	   TimeSlotBusy (s)     :   388                       
...
