000 (6919.265.000) 2026-04-16 09:41:22 Job submitted from host: <140.160.143.131:9618?addrs=140.160.143.131-9618&alias=cse-head.cluster.cs.wwu.edu&noUDP&sock=schedd_1483_cb0a>
...
001 (6919.265.000) 2026-04-16 11:58:29 Job executing on host: <140.160.143.149:9618?addrs=140.160.143.149-9618&alias=c-0-9.cluster.cs.wwu.edu&noUDP&sock=startd_1570_77c7>
	SlotName: slot1_4@c-0-9.cluster.cs.wwu.edu
	CondorScratchDir = "/var/lib/condor/execute/dir_1088362"
	Cpus = 8
	Disk = 2048
	GPUs = 0
	Memory = 6144
...
006 (6919.265.000) 2026-04-16 11:58:37 Image size of job updated: 449216
	439  -  MemoryUsage of job (MB)
	449216  -  ResidentSetSize of job (KB)
...
006 (6919.265.000) 2026-04-16 12:03:37 Image size of job updated: 1106152
	1072  -  MemoryUsage of job (MB)
	1097228  -  ResidentSetSize of job (KB)
...
005 (6919.265.000) 2026-04-16 12:06:34 Job terminated.
	(1) Normal termination (return value 0)
		Usr 0 00:24:47, Sys 0 00:00:04  -  Run Remote Usage
		Usr 0 00:00:00, Sys 0 00:00:00  -  Run Local Usage
		Usr 0 00:24:47, Sys 0 00:00:04  -  Total Remote Usage
		Usr 0 00:00:00, Sys 0 00:00:00  -  Total Local Usage
	0  -  Run Bytes Sent By Job
	0  -  Run Bytes Received By Job
	0  -  Total Bytes Sent By Job
	0  -  Total Bytes Received By Job
	Partitionable Resources :    Usage  Request Allocated 
	   Cpus                 :     4.14        8         8 
	   Disk (KB)            :     1           1      2048 
	   GPUs                 :                           0 
	   Memory (MB)          :  1072        6144      6144 
	   TimeExecute (s)      :   485                       
	   TimeSlotBusy (s)     :   486                       
...
