000 (6919.388.000) 2026-04-16 09:41:23 Job submitted from host: <140.160.143.131:9618?addrs=140.160.143.131-9618&alias=cse-head.cluster.cs.wwu.edu&noUDP&sock=schedd_1483_cb0a>
...
001 (6919.388.000) 2026-04-16 14:10:42 Job executing on host: <140.160.143.149:9618?addrs=140.160.143.149-9618&alias=c-0-9.cluster.cs.wwu.edu&noUDP&sock=startd_1570_77c7>
	SlotName: slot1_3@c-0-9.cluster.cs.wwu.edu
	CondorScratchDir = "/var/lib/condor/execute/dir_1092921"
	Cpus = 8
	Disk = 2048
	GPUs = 0
	Memory = 6144
...
006 (6919.388.000) 2026-04-16 14:10:51 Image size of job updated: 332340
	325  -  MemoryUsage of job (MB)
	332340  -  ResidentSetSize of job (KB)
...
006 (6919.388.000) 2026-04-16 14:15:51 Image size of job updated: 1120108
	1090  -  MemoryUsage of job (MB)
	1115656  -  ResidentSetSize of job (KB)
...
006 (6919.388.000) 2026-04-16 14:20:51 Image size of job updated: 1446548
	1413  -  MemoryUsage of job (MB)
	1446548  -  ResidentSetSize of job (KB)
...
006 (6919.388.000) 2026-04-16 14:25:52 Image size of job updated: 1462192
	1413  -  MemoryUsage of job (MB)
	1446548  -  ResidentSetSize of job (KB)
...
005 (6919.388.000) 2026-04-16 14:27:26 Job terminated.
	(1) Normal termination (return value 0)
		Usr 0 01:33:19, Sys 0 00:00:15  -  Run Remote Usage
		Usr 0 00:00:00, Sys 0 00:00:00  -  Run Local Usage
		Usr 0 01:33:19, Sys 0 00:00:15  -  Total Remote Usage
		Usr 0 00:00:00, Sys 0 00:00:00  -  Total Local Usage
	0  -  Run Bytes Sent By Job
	0  -  Run Bytes Received By Job
	0  -  Total Bytes Sent By Job
	0  -  Total Bytes Received By Job
	Partitionable Resources :    Usage  Request Allocated 
	   Cpus                 :     3.39        8         8 
	   Disk (KB)            :     1           1      2048 
	   GPUs                 :                           0 
	   Memory (MB)          :  1413        6144      6144 
	   TimeExecute (s)      :  1004                       
	   TimeSlotBusy (s)     :  1004                       
...
