000 (6918.357.000) 2026-04-15 19:42:51 Job submitted from host: <140.160.143.131:9618?addrs=140.160.143.131-9618&alias=cse-head.cluster.cs.wwu.edu&noUDP&sock=schedd_1483_cb0a>
...
001 (6918.357.000) 2026-04-16 00:25:03 Job executing on host: <140.160.143.149:9618?addrs=140.160.143.149-9618&alias=c-0-9.cluster.cs.wwu.edu&noUDP&sock=startd_1570_77c7>
	SlotName: slot1_1@c-0-9.cluster.cs.wwu.edu
	CondorScratchDir = "/var/lib/condor/execute/dir_1066592"
	Cpus = 8
	Disk = 2048
	GPUs = 0
	Memory = 4096
...
006 (6918.357.000) 2026-04-16 00:25:12 Image size of job updated: 424624
	415  -  MemoryUsage of job (MB)
	424624  -  ResidentSetSize of job (KB)
...
006 (6918.357.000) 2026-04-16 00:30:13 Image size of job updated: 1100716
	1051  -  MemoryUsage of job (MB)
	1075552  -  ResidentSetSize of job (KB)
...
006 (6918.357.000) 2026-04-16 00:33:17 Image size of job updated: 1121620
	1051  -  MemoryUsage of job (MB)
	1075552  -  ResidentSetSize of job (KB)
...
005 (6918.357.000) 2026-04-16 00:33:17 Job terminated.
	(1) Normal termination (return value 0)
		Usr 0 00:28:15, Sys 0 00:00:07  -  Run Remote Usage
		Usr 0 00:00:00, Sys 0 00:00:00  -  Run Local Usage
		Usr 0 00:28:15, Sys 0 00:00:07  -  Total Remote Usage
		Usr 0 00:00:00, Sys 0 00:00:00  -  Total Local Usage
	0  -  Run Bytes Sent By Job
	0  -  Run Bytes Received By Job
	0  -  Total Bytes Sent By Job
	0  -  Total Bytes Received By Job
	Partitionable Resources :    Usage  Request Allocated 
	   Cpus                 :     6.97        8         8 
	   Disk (KB)            :     1           1      2048 
	   GPUs                 :                           0 
	   Memory (MB)          :  1051        4096      4096 
	   TimeExecute (s)      :   494                       
	   TimeSlotBusy (s)     :   494                       
...
