000 (6919.271.000) 2026-04-16 09:41:22 Job submitted from host: <140.160.143.131:9618?addrs=140.160.143.131-9618&alias=cse-head.cluster.cs.wwu.edu&noUDP&sock=schedd_1483_cb0a>
...
001 (6919.271.000) 2026-04-16 12:02:54 Job executing on host: <140.160.143.184:9618?addrs=140.160.143.184-9618&alias=c-0-15.cluster.cs.wwu.edu&noUDP&sock=startd_1429_c0ed>
	SlotName: slot1_3@c-0-15.cluster.cs.wwu.edu
	CondorScratchDir = "/var/lib/condor/execute/dir_13563"
	Cpus = 8
	Disk = 2048
	GPUs = 0
	Memory = 6144
...
006 (6919.271.000) 2026-04-16 12:03:03 Image size of job updated: 382888
	374  -  MemoryUsage of job (MB)
	382888  -  ResidentSetSize of job (KB)
...
006 (6919.271.000) 2026-04-16 12:08:04 Image size of job updated: 989220
	967  -  MemoryUsage of job (MB)
	989220  -  ResidentSetSize of job (KB)
...
006 (6919.271.000) 2026-04-16 12:13:04 Image size of job updated: 1079372
	993  -  MemoryUsage of job (MB)
	1016696  -  ResidentSetSize of job (KB)
...
005 (6919.271.000) 2026-04-16 12:13:43 Job terminated.
	(1) Normal termination (return value 0)
		Usr 0 00:30:38, Sys 0 00:00:05  -  Run Remote Usage
		Usr 0 00:00:00, Sys 0 00:00:00  -  Run Local Usage
		Usr 0 00:30:38, Sys 0 00:00:05  -  Total Remote Usage
		Usr 0 00:00:00, Sys 0 00:00:00  -  Total Local Usage
	0  -  Run Bytes Sent By Job
	0  -  Run Bytes Received By Job
	0  -  Total Bytes Sent By Job
	0  -  Total Bytes Received By Job
	Partitionable Resources :    Usage  Request Allocated 
	   Cpus                 :     5.64        8         8 
	   Disk (KB)            :     1           1      2048 
	   GPUs                 :                           0 
	   Memory (MB)          :   993        6144      6144 
	   TimeExecute (s)      :   649                       
	   TimeSlotBusy (s)     :   649                       
...
