000 (6918.281.000) 2026-04-15 19:42:51 Job submitted from host: <140.160.143.131:9618?addrs=140.160.143.131-9618&alias=cse-head.cluster.cs.wwu.edu&noUDP&sock=schedd_1483_cb0a>
...
001 (6918.281.000) 2026-04-15 23:15:02 Job executing on host: <140.160.143.143:9618?addrs=140.160.143.143-9618&alias=c-0-3.cluster.cs.wwu.edu&noUDP&sock=startd_1365_dadd>
	SlotName: slot1_1@c-0-3.cluster.cs.wwu.edu
	CondorScratchDir = "/var/lib/condor/execute/dir_1052557"
	Cpus = 8
	Disk = 2048
	GPUs = 0
	Memory = 4096
...
006 (6918.281.000) 2026-04-15 23:15:11 Image size of job updated: 103568
	102  -  MemoryUsage of job (MB)
	103568  -  ResidentSetSize of job (KB)
...
006 (6918.281.000) 2026-04-15 23:20:12 Image size of job updated: 704304
	688  -  MemoryUsage of job (MB)
	704304  -  ResidentSetSize of job (KB)
...
006 (6918.281.000) 2026-04-15 23:25:12 Image size of job updated: 994164
	909  -  MemoryUsage of job (MB)
	929876  -  ResidentSetSize of job (KB)
...
005 (6918.281.000) 2026-04-15 23:25:33 Job terminated.
	(1) Normal termination (return value 0)
		Usr 0 00:20:36, Sys 0 00:00:09  -  Run Remote Usage
		Usr 0 00:00:00, Sys 0 00:00:00  -  Run Local Usage
		Usr 0 00:20:36, Sys 0 00:00:09  -  Total Remote Usage
		Usr 0 00:00:00, Sys 0 00:00:00  -  Total Local Usage
	0  -  Run Bytes Sent By Job
	0  -  Run Bytes Received By Job
	0  -  Total Bytes Sent By Job
	0  -  Total Bytes Received By Job
	Partitionable Resources :    Usage  Request Allocated 
	   Cpus                 :     4.19        8         8 
	   Disk (KB)            :     1           1      2048 
	   GPUs                 :                           0 
	   Memory (MB)          :   909        4096      4096 
	   TimeExecute (s)      :   631                       
	   TimeSlotBusy (s)     :   631                       
...
