000 (6918.184.000) 2026-04-15 19:42:50 Job submitted from host: <140.160.143.131:9618?addrs=140.160.143.131-9618&alias=cse-head.cluster.cs.wwu.edu&noUDP&sock=schedd_1483_cb0a>
...
001 (6918.184.000) 2026-04-15 22:00:55 Job executing on host: <140.160.143.151:9618?addrs=140.160.143.151-9618&alias=c-0-11.cluster.cs.wwu.edu&noUDP&sock=startd_1509_a080>
	SlotName: slot1_1@c-0-11.cluster.cs.wwu.edu
	CondorScratchDir = "/var/lib/condor/execute/dir_1046396"
	Cpus = 8
	Disk = 2048
	GPUs = 0
	Memory = 4096
...
006 (6918.184.000) 2026-04-15 22:01:03 Image size of job updated: 236908
	232  -  MemoryUsage of job (MB)
	236908  -  ResidentSetSize of job (KB)
...
006 (6918.184.000) 2026-04-15 22:06:03 Image size of job updated: 844044
	825  -  MemoryUsage of job (MB)
	844044  -  ResidentSetSize of job (KB)
...
006 (6918.184.000) 2026-04-15 22:06:21 Image size of job updated: 844596
	825  -  MemoryUsage of job (MB)
	844044  -  ResidentSetSize of job (KB)
...
005 (6918.184.000) 2026-04-15 22:06:21 Job terminated.
	(1) Normal termination (return value 0)
		Usr 0 00:05:41, Sys 0 00:00:02  -  Run Remote Usage
		Usr 0 00:00:00, Sys 0 00:00:00  -  Run Local Usage
		Usr 0 00:05:41, Sys 0 00:00:02  -  Total Remote Usage
		Usr 0 00:00:00, Sys 0 00:00:00  -  Total Local Usage
	0  -  Run Bytes Sent By Job
	0  -  Run Bytes Received By Job
	0  -  Total Bytes Sent By Job
	0  -  Total Bytes Received By Job
	Partitionable Resources :    Usage  Request Allocated 
	   Cpus                 :     1.14        8         8 
	   Disk (KB)            :     1           1      2048 
	   GPUs                 :                           0 
	   Memory (MB)          :   825        4096      4096 
	   TimeExecute (s)      :   326                       
	   TimeSlotBusy (s)     :   326                       
...
