000 (6919.353.000) 2026-04-16 09:41:22 Job submitted from host: <140.160.143.131:9618?addrs=140.160.143.131-9618&alias=cse-head.cluster.cs.wwu.edu&noUDP&sock=schedd_1483_cb0a>
...
001 (6919.353.000) 2026-04-16 13:26:59 Job executing on host: <140.160.143.143:9618?addrs=140.160.143.143-9618&alias=c-0-3.cluster.cs.wwu.edu&noUDP&sock=startd_1365_dadd>
	SlotName: slot1_1@c-0-3.cluster.cs.wwu.edu
	CondorScratchDir = "/var/lib/condor/execute/dir_1075577"
	Cpus = 8
	Disk = 2048
	GPUs = 0
	Memory = 6144
...
006 (6919.353.000) 2026-04-16 13:27:07 Image size of job updated: 98724
	97  -  MemoryUsage of job (MB)
	98724  -  ResidentSetSize of job (KB)
...
006 (6919.353.000) 2026-04-16 13:32:07 Image size of job updated: 737308
	717  -  MemoryUsage of job (MB)
	734096  -  ResidentSetSize of job (KB)
...
006 (6919.353.000) 2026-04-16 13:37:07 Image size of job updated: 1075440
	941  -  MemoryUsage of job (MB)
	963072  -  ResidentSetSize of job (KB)
...
006 (6919.353.000) 2026-04-16 13:42:08 Image size of job updated: 1105820
	1005  -  MemoryUsage of job (MB)
	1028524  -  ResidentSetSize of job (KB)
...
006 (6919.353.000) 2026-04-16 13:47:08 Image size of job updated: 1148728
	1095  -  MemoryUsage of job (MB)
	1120464  -  ResidentSetSize of job (KB)
...
006 (6919.353.000) 2026-04-16 13:52:09 Image size of job updated: 1148728
	1106  -  MemoryUsage of job (MB)
	1131720  -  ResidentSetSize of job (KB)
...
005 (6919.353.000) 2026-04-16 13:53:40 Job terminated.
	(1) Normal termination (return value 0)
		Usr 0 01:51:34, Sys 0 00:01:15  -  Run Remote Usage
		Usr 0 00:00:00, Sys 0 00:00:00  -  Run Local Usage
		Usr 0 01:51:34, Sys 0 00:01:15  -  Total Remote Usage
		Usr 0 00:00:00, Sys 0 00:00:00  -  Total Local Usage
	0  -  Run Bytes Sent By Job
	0  -  Run Bytes Received By Job
	0  -  Total Bytes Sent By Job
	0  -  Total Bytes Received By Job
	Partitionable Resources :    Usage  Request Allocated 
	   Cpus                 :     5.89        8         8 
	   Disk (KB)            :     1           1      2048 
	   GPUs                 :                           0 
	   Memory (MB)          :  1106        6144      6144 
	   TimeExecute (s)      :  1601                       
	   TimeSlotBusy (s)     :  1602                       
...
