000 (6918.004.000) 2026-04-15 19:42:51 Job submitted from host: <140.160.143.131:9618?addrs=140.160.143.131-9618&alias=cse-head.cluster.cs.wwu.edu&noUDP&sock=schedd_1483_cb0a>
...
001 (6918.004.000) 2026-04-15 19:42:52 Job executing on host: <140.160.143.148:9618?addrs=140.160.143.148-9618&alias=c-0-8.cluster.cs.wwu.edu&noUDP&sock=startd_1538_84bf>
	SlotName: slot1_4@c-0-8.cluster.cs.wwu.edu
	CondorScratchDir = "/var/lib/condor/execute/dir_1054423"
	Cpus = 8
	Disk = 2048
	GPUs = 0
	Memory = 4096
...
006 (6918.004.000) 2026-04-15 19:43:01 Image size of job updated: 247716
	242  -  MemoryUsage of job (MB)
	247716  -  ResidentSetSize of job (KB)
...
006 (6918.004.000) 2026-04-15 19:48:02 Image size of job updated: 755356
	738  -  MemoryUsage of job (MB)
	755356  -  ResidentSetSize of job (KB)
...
006 (6918.004.000) 2026-04-15 19:48:51 Image size of job updated: 756568
	738  -  MemoryUsage of job (MB)
	755356  -  ResidentSetSize of job (KB)
...
005 (6918.004.000) 2026-04-15 19:48:51 Job terminated.
	(1) Normal termination (return value 0)
		Usr 0 00:06:13, Sys 0 00:00:01  -  Run Remote Usage
		Usr 0 00:00:00, Sys 0 00:00:00  -  Run Local Usage
		Usr 0 00:06:13, Sys 0 00:00:01  -  Total Remote Usage
		Usr 0 00:00:00, Sys 0 00:00:00  -  Total Local Usage
	0  -  Run Bytes Sent By Job
	0  -  Run Bytes Received By Job
	0  -  Total Bytes Sent By Job
	0  -  Total Bytes Received By Job
	Partitionable Resources :    Usage  Request Allocated 
	   Cpus                 :     1.04        8         8 
	   Disk (KB)            :     1           1      2048 
	   GPUs                 :                           0 
	   Memory (MB)          :   738        4096      4096 
	   TimeExecute (s)      :   359                       
	   TimeSlotBusy (s)     :   359                       
...
