000 (6920.295.000) 2026-04-16 09:44:16 Job submitted from host: <140.160.143.131:9618?addrs=140.160.143.131-9618&alias=cse-head.cluster.cs.wwu.edu&noUDP&sock=schedd_1483_cb0a>
...
001 (6920.295.000) 2026-04-16 17:18:18 Job executing on host: <140.160.143.182:9618?addrs=140.160.143.182-9618&alias=c-0-13.cluster.cs.wwu.edu&noUDP&sock=startd_1434_2ee6>
	SlotName: slot1_1@c-0-13.cluster.cs.wwu.edu
	CondorScratchDir = "/var/lib/condor/execute/dir_1071036"
	Cpus = 8
	Disk = 2048
	GPUs = 0
	Memory = 9216
...
006 (6920.295.000) 2026-04-16 17:18:27 Image size of job updated: 104388
	102  -  MemoryUsage of job (MB)
	104388  -  ResidentSetSize of job (KB)
...
006 (6920.295.000) 2026-04-16 17:23:28 Image size of job updated: 698524
	677  -  MemoryUsage of job (MB)
	693048  -  ResidentSetSize of job (KB)
...
006 (6920.295.000) 2026-04-16 17:28:28 Image size of job updated: 920368
	886  -  MemoryUsage of job (MB)
	906748  -  ResidentSetSize of job (KB)
...
006 (6920.295.000) 2026-04-16 17:33:28 Image size of job updated: 1013164
	978  -  MemoryUsage of job (MB)
	1000824  -  ResidentSetSize of job (KB)
...
006 (6920.295.000) 2026-04-16 17:38:29 Image size of job updated: 1032664
	978  -  MemoryUsage of job (MB)
	1000824  -  ResidentSetSize of job (KB)
...
005 (6920.295.000) 2026-04-16 17:40:03 Job terminated.
	(1) Normal termination (return value 0)
		Usr 0 01:02:53, Sys 0 00:00:18  -  Run Remote Usage
		Usr 0 00:00:00, Sys 0 00:00:00  -  Run Local Usage
		Usr 0 01:02:53, Sys 0 00:00:18  -  Total Remote Usage
		Usr 0 00:00:00, Sys 0 00:00:00  -  Total Local Usage
	0  -  Run Bytes Sent By Job
	0  -  Run Bytes Received By Job
	0  -  Total Bytes Sent By Job
	0  -  Total Bytes Received By Job
	Partitionable Resources :    Usage  Request Allocated 
	   Cpus                 :     3.70        8         8 
	   Disk (KB)            :     1           1      2048 
	   GPUs                 :                           0 
	   Memory (MB)          :   978        9216      9216 
	   TimeExecute (s)      :  1305                       
	   TimeSlotBusy (s)     :  1305                       
...
