000 (6919.371.000) 2026-04-16 09:41:23 Job submitted from host: <140.160.143.131:9618?addrs=140.160.143.131-9618&alias=cse-head.cluster.cs.wwu.edu&noUDP&sock=schedd_1483_cb0a>
...
001 (6919.371.000) 2026-04-16 13:46:45 Job executing on host: <140.160.143.144:9618?addrs=140.160.143.144-9618&alias=c-0-4.cluster.cs.wwu.edu&noUDP&sock=startd_1367_3a0d>
	SlotName: slot1_3@c-0-4.cluster.cs.wwu.edu
	CondorScratchDir = "/var/lib/condor/execute/dir_1069143"
	Cpus = 8
	Disk = 2048
	GPUs = 0
	Memory = 6144
...
006 (6919.371.000) 2026-04-16 13:46:53 Image size of job updated: 103428
	102  -  MemoryUsage of job (MB)
	103428  -  ResidentSetSize of job (KB)
...
006 (6919.371.000) 2026-04-16 13:51:53 Image size of job updated: 710508
	693  -  MemoryUsage of job (MB)
	708676  -  ResidentSetSize of job (KB)
...
006 (6919.371.000) 2026-04-16 13:56:54 Image size of job updated: 1024232
	962  -  MemoryUsage of job (MB)
	984400  -  ResidentSetSize of job (KB)
...
006 (6919.371.000) 2026-04-16 14:01:54 Image size of job updated: 1095252
	1070  -  MemoryUsage of job (MB)
	1095252  -  ResidentSetSize of job (KB)
...
006 (6919.371.000) 2026-04-16 14:06:54 Image size of job updated: 1142128
	1100  -  MemoryUsage of job (MB)
	1125860  -  ResidentSetSize of job (KB)
...
005 (6919.371.000) 2026-04-16 14:15:27 Job terminated.
	(1) Normal termination (return value 0)
		Usr 0 02:14:29, Sys 0 00:00:53  -  Run Remote Usage
		Usr 0 00:00:00, Sys 0 00:00:00  -  Run Local Usage
		Usr 0 02:14:29, Sys 0 00:00:53  -  Total Remote Usage
		Usr 0 00:00:00, Sys 0 00:00:00  -  Total Local Usage
	0  -  Run Bytes Sent By Job
	0  -  Run Bytes Received By Job
	0  -  Total Bytes Sent By Job
	0  -  Total Bytes Received By Job
	Partitionable Resources :    Usage  Request Allocated 
	   Cpus                 :     5.73        8         8 
	   Disk (KB)            :     1           1      2048 
	   GPUs                 :                           0 
	   Memory (MB)          :  1100        6144      6144 
	   TimeExecute (s)      :  1722                       
	   TimeSlotBusy (s)     :  1722                       
...
