000 (6918.367.000) 2026-04-15 19:42:51 Job submitted from host: <140.160.143.131:9618?addrs=140.160.143.131-9618&alias=cse-head.cluster.cs.wwu.edu&noUDP&sock=schedd_1483_cb0a>
...
001 (6918.367.000) 2026-04-16 00:39:46 Job executing on host: <140.160.143.149:9618?addrs=140.160.143.149-9618&alias=c-0-9.cluster.cs.wwu.edu&noUDP&sock=startd_1570_77c7>
	SlotName: slot1_3@c-0-9.cluster.cs.wwu.edu
	CondorScratchDir = "/var/lib/condor/execute/dir_1066775"
	Cpus = 8
	Disk = 2048
	GPUs = 0
	Memory = 4096
...
006 (6918.367.000) 2026-04-16 00:39:55 Image size of job updated: 353596
	346  -  MemoryUsage of job (MB)
	353596  -  ResidentSetSize of job (KB)
...
006 (6918.367.000) 2026-04-16 00:44:56 Image size of job updated: 1076824
	1029  -  MemoryUsage of job (MB)
	1052928  -  ResidentSetSize of job (KB)
...
006 (6918.367.000) 2026-04-16 00:49:56 Image size of job updated: 1146800
	1076  -  MemoryUsage of job (MB)
	1100868  -  ResidentSetSize of job (KB)
...
005 (6918.367.000) 2026-04-16 00:51:03 Job terminated.
	(1) Normal termination (return value 0)
		Usr 0 00:55:31, Sys 0 00:00:27  -  Run Remote Usage
		Usr 0 00:00:00, Sys 0 00:00:00  -  Run Local Usage
		Usr 0 00:55:31, Sys 0 00:00:27  -  Total Remote Usage
		Usr 0 00:00:00, Sys 0 00:00:00  -  Total Local Usage
	0  -  Run Bytes Sent By Job
	0  -  Run Bytes Received By Job
	0  -  Total Bytes Sent By Job
	0  -  Total Bytes Received By Job
	Partitionable Resources :    Usage  Request Allocated 
	   Cpus                 :     7.07        8         8 
	   Disk (KB)            :     1           1      2048 
	   GPUs                 :                           0 
	   Memory (MB)          :  1076        4096      4096 
	   TimeExecute (s)      :   677                       
	   TimeSlotBusy (s)     :   677                       
...
