000 (6918.280.000) 2026-04-15 19:42:51 Job submitted from host: <140.160.143.131:9618?addrs=140.160.143.131-9618&alias=cse-head.cluster.cs.wwu.edu&noUDP&sock=schedd_1483_cb0a>
...
001 (6918.280.000) 2026-04-15 23:14:02 Job executing on host: <140.160.143.148:9618?addrs=140.160.143.148-9618&alias=c-0-8.cluster.cs.wwu.edu&noUDP&sock=startd_1538_84bf>
	SlotName: slot1_4@c-0-8.cluster.cs.wwu.edu
	CondorScratchDir = "/var/lib/condor/execute/dir_1061211"
	Cpus = 8
	Disk = 2048
	GPUs = 0
	Memory = 4096
...
006 (6918.280.000) 2026-04-15 23:14:10 Image size of job updated: 231056
	226  -  MemoryUsage of job (MB)
	231056  -  ResidentSetSize of job (KB)
...
006 (6918.280.000) 2026-04-15 23:19:11 Image size of job updated: 863336
	844  -  MemoryUsage of job (MB)
	863336  -  ResidentSetSize of job (KB)
...
006 (6918.280.000) 2026-04-15 23:21:25 Image size of job updated: 1121832
	844  -  MemoryUsage of job (MB)
	863336  -  ResidentSetSize of job (KB)
...
005 (6918.280.000) 2026-04-15 23:21:25 Job terminated.
	(1) Normal termination (return value 0)
		Usr 0 00:15:09, Sys 0 00:00:03  -  Run Remote Usage
		Usr 0 00:00:00, Sys 0 00:00:00  -  Run Local Usage
		Usr 0 00:15:09, Sys 0 00:00:03  -  Total Remote Usage
		Usr 0 00:00:00, Sys 0 00:00:00  -  Total Local Usage
	0  -  Run Bytes Sent By Job
	0  -  Run Bytes Received By Job
	0  -  Total Bytes Sent By Job
	0  -  Total Bytes Received By Job
	Partitionable Resources :    Usage  Request Allocated 
	   Cpus                 :     1.06        8         8 
	   Disk (KB)            :     1           1      2048 
	   GPUs                 :                           0 
	   Memory (MB)          :   844        4096      4096 
	   TimeExecute (s)      :   443                       
	   TimeSlotBusy (s)     :   443                       
...
