000 (6918.247.000) 2026-04-15 19:42:50 Job submitted from host: <140.160.143.131:9618?addrs=140.160.143.131-9618&alias=cse-head.cluster.cs.wwu.edu&noUDP&sock=schedd_1483_cb0a>
...
001 (6918.247.000) 2026-04-15 22:46:02 Job executing on host: <140.160.143.149:9618?addrs=140.160.143.149-9618&alias=c-0-9.cluster.cs.wwu.edu&noUDP&sock=startd_1570_77c7>
	SlotName: slot1_4@c-0-9.cluster.cs.wwu.edu
	CondorScratchDir = "/var/lib/condor/execute/dir_1061804"
	Cpus = 8
	Disk = 2048
	GPUs = 0
	Memory = 4096
...
006 (6918.247.000) 2026-04-15 22:46:11 Image size of job updated: 398712
	390  -  MemoryUsage of job (MB)
	398712  -  ResidentSetSize of job (KB)
...
006 (6918.247.000) 2026-04-15 22:51:10 Image size of job updated: 995616
	390  -  MemoryUsage of job (MB)
	398760  -  ResidentSetSize of job (KB)
...
005 (6918.247.000) 2026-04-15 22:51:11 Job terminated.
	(1) Normal termination (return value 0)
		Usr 0 00:09:29, Sys 0 00:00:03  -  Run Remote Usage
		Usr 0 00:00:00, Sys 0 00:00:00  -  Run Local Usage
		Usr 0 00:09:29, Sys 0 00:00:03  -  Total Remote Usage
		Usr 0 00:00:00, Sys 0 00:00:00  -  Total Local Usage
	0  -  Run Bytes Sent By Job
	0  -  Run Bytes Received By Job
	0  -  Total Bytes Sent By Job
	0  -  Total Bytes Received By Job
	Partitionable Resources :    Usage  Request Allocated 
	   Cpus                 :     1.08        8         8 
	   Disk (KB)            :     1           1      2048 
	   GPUs                 :                           0 
	   Memory (MB)          :   390        4096      4096 
	   TimeExecute (s)      :   308                       
	   TimeSlotBusy (s)     :   308                       
...
