000 (6918.303.000) 2026-04-15 19:42:51 Job submitted from host: <140.160.143.131:9618?addrs=140.160.143.131-9618&alias=cse-head.cluster.cs.wwu.edu&noUDP&sock=schedd_1483_cb0a>
...
001 (6918.303.000) 2026-04-15 23:33:03 Job executing on host: <140.160.143.185:9618?addrs=140.160.143.185-9618&alias=c-0-16.cluster.cs.wwu.edu&noUDP&sock=startd_1431_201d>
	SlotName: slot1_2@c-0-16.cluster.cs.wwu.edu
	CondorScratchDir = "/var/lib/condor/execute/dir_1055980"
	Cpus = 8
	Disk = 2048
	GPUs = 0
	Memory = 4096
...
006 (6918.303.000) 2026-04-15 23:33:11 Image size of job updated: 103792
	102  -  MemoryUsage of job (MB)
	103792  -  ResidentSetSize of job (KB)
...
006 (6918.303.000) 2026-04-15 23:38:11 Image size of job updated: 911160
	890  -  MemoryUsage of job (MB)
	911160  -  ResidentSetSize of job (KB)
...
006 (6918.303.000) 2026-04-15 23:42:07 Image size of job updated: 1050280
	890  -  MemoryUsage of job (MB)
	911160  -  ResidentSetSize of job (KB)
...
005 (6918.303.000) 2026-04-15 23:42:07 Job terminated.
	(1) Normal termination (return value 0)
		Usr 0 00:23:32, Sys 0 00:00:12  -  Run Remote Usage
		Usr 0 00:00:00, Sys 0 00:00:00  -  Run Local Usage
		Usr 0 00:23:32, Sys 0 00:00:12  -  Total Remote Usage
		Usr 0 00:00:00, Sys 0 00:00:00  -  Total Local Usage
	0  -  Run Bytes Sent By Job
	0  -  Run Bytes Received By Job
	0  -  Total Bytes Sent By Job
	0  -  Total Bytes Received By Job
	Partitionable Resources :    Usage  Request Allocated 
	   Cpus                 :     6.06        8         8 
	   Disk (KB)            :     1           1      2048 
	   GPUs                 :                           0 
	   Memory (MB)          :   890        4096      4096 
	   TimeExecute (s)      :   544                       
	   TimeSlotBusy (s)     :   544                       
...
