000 (6920.331.000) 2026-04-16 09:44:16 Job submitted from host: <140.160.143.131:9618?addrs=140.160.143.131-9618&alias=cse-head.cluster.cs.wwu.edu&noUDP&sock=schedd_1483_cb0a>
...
001 (6920.331.000) 2026-04-16 17:55:17 Job executing on host: <140.160.143.149:9618?addrs=140.160.143.149-9618&alias=c-0-9.cluster.cs.wwu.edu&noUDP&sock=startd_1570_77c7>
	SlotName: slot1_3@c-0-9.cluster.cs.wwu.edu
	CondorScratchDir = "/var/lib/condor/execute/dir_1103000"
	Cpus = 8
	Disk = 2048
	GPUs = 0
	Memory = 9216
...
006 (6920.331.000) 2026-04-16 17:55:26 Image size of job updated: 408688
	400  -  MemoryUsage of job (MB)
	408688  -  ResidentSetSize of job (KB)
...
006 (6920.331.000) 2026-04-16 18:00:27 Image size of job updated: 983100
	922  -  MemoryUsage of job (MB)
	944124  -  ResidentSetSize of job (KB)
...
006 (6920.331.000) 2026-04-16 18:05:27 Image size of job updated: 1120000
	1026  -  MemoryUsage of job (MB)
	1050316  -  ResidentSetSize of job (KB)
...
005 (6920.331.000) 2026-04-16 18:06:53 Job terminated.
	(1) Normal termination (return value 0)
		Usr 0 00:38:41, Sys 0 00:00:19  -  Run Remote Usage
		Usr 0 00:00:00, Sys 0 00:00:00  -  Run Local Usage
		Usr 0 00:38:41, Sys 0 00:00:19  -  Total Remote Usage
		Usr 0 00:00:00, Sys 0 00:00:00  -  Total Local Usage
	0  -  Run Bytes Sent By Job
	0  -  Run Bytes Received By Job
	0  -  Total Bytes Sent By Job
	0  -  Total Bytes Received By Job
	Partitionable Resources :    Usage  Request Allocated 
	   Cpus                 :     6.27        8         8 
	   Disk (KB)            :     1           1      2048 
	   GPUs                 :                           0 
	   Memory (MB)          :  1026        9216      9216 
	   TimeExecute (s)      :   696                       
	   TimeSlotBusy (s)     :   696                       
...
