000 (6920.102.000) 2026-04-16 09:44:15 Job submitted from host: <140.160.143.131:9618?addrs=140.160.143.131-9618&alias=cse-head.cluster.cs.wwu.edu&noUDP&sock=schedd_1483_cb0a>
...
001 (6920.102.000) 2026-04-16 15:29:27 Job executing on host: <140.160.143.141:9618?addrs=140.160.143.141-9618&alias=c-0-1.cluster.cs.wwu.edu&noUDP&sock=startd_1336_f69e>
	SlotName: slot1_2@c-0-1.cluster.cs.wwu.edu
	CondorScratchDir = "/var/lib/condor/execute/dir_1063285"
	Cpus = 8
	Disk = 2048
	GPUs = 0
	Memory = 9216
...
006 (6920.102.000) 2026-04-16 15:29:36 Image size of job updated: 105908
	104  -  MemoryUsage of job (MB)
	105908  -  ResidentSetSize of job (KB)
...
006 (6920.102.000) 2026-04-16 15:34:37 Image size of job updated: 712936
	697  -  MemoryUsage of job (MB)
	712936  -  ResidentSetSize of job (KB)
...
006 (6920.102.000) 2026-04-16 15:36:17 Image size of job updated: 815040
	697  -  MemoryUsage of job (MB)
	712936  -  ResidentSetSize of job (KB)
...
005 (6920.102.000) 2026-04-16 15:36:17 Job terminated.
	(1) Normal termination (return value 0)
		Usr 0 00:07:04, Sys 0 00:00:02  -  Run Remote Usage
		Usr 0 00:00:00, Sys 0 00:00:00  -  Run Local Usage
		Usr 0 00:07:04, Sys 0 00:00:02  -  Total Remote Usage
		Usr 0 00:00:00, Sys 0 00:00:00  -  Total Local Usage
	0  -  Run Bytes Sent By Job
	0  -  Run Bytes Received By Job
	0  -  Total Bytes Sent By Job
	0  -  Total Bytes Received By Job
	Partitionable Resources :    Usage  Request Allocated 
	   Cpus                 :     1.02        8         8 
	   Disk (KB)            :     1           1      2048 
	   GPUs                 :                           0 
	   Memory (MB)          :   697        9216      9216 
	   TimeExecute (s)      :   410                       
	   TimeSlotBusy (s)     :   410                       
...
