000 (6920.227.000) 2026-04-16 09:44:16 Job submitted from host: <140.160.143.131:9618?addrs=140.160.143.131-9618&alias=cse-head.cluster.cs.wwu.edu&noUDP&sock=schedd_1483_cb0a>
...
001 (6920.227.000) 2026-04-16 16:26:50 Job executing on host: <140.160.143.144:9618?addrs=140.160.143.144-9618&alias=c-0-4.cluster.cs.wwu.edu&noUDP&sock=startd_1367_3a0d>
	SlotName: slot1_3@c-0-4.cluster.cs.wwu.edu
	CondorScratchDir = "/var/lib/condor/execute/dir_1074503"
	Cpus = 8
	Disk = 2048
	GPUs = 0
	Memory = 9216
...
006 (6920.227.000) 2026-04-16 16:26:59 Image size of job updated: 107832
	106  -  MemoryUsage of job (MB)
	107832  -  ResidentSetSize of job (KB)
...
006 (6920.227.000) 2026-04-16 16:32:00 Image size of job updated: 909684
	889  -  MemoryUsage of job (MB)
	909684  -  ResidentSetSize of job (KB)
...
006 (6920.227.000) 2026-04-16 16:36:55 Image size of job updated: 991308
	889  -  MemoryUsage of job (MB)
	909684  -  ResidentSetSize of job (KB)
...
005 (6920.227.000) 2026-04-16 16:36:55 Job terminated.
	(1) Normal termination (return value 0)
		Usr 0 00:15:52, Sys 0 00:00:06  -  Run Remote Usage
		Usr 0 00:00:00, Sys 0 00:00:00  -  Run Local Usage
		Usr 0 00:15:52, Sys 0 00:00:06  -  Total Remote Usage
		Usr 0 00:00:00, Sys 0 00:00:00  -  Total Local Usage
	0  -  Run Bytes Sent By Job
	0  -  Run Bytes Received By Job
	0  -  Total Bytes Sent By Job
	0  -  Total Bytes Received By Job
	Partitionable Resources :    Usage  Request Allocated 
	   Cpus                 :     1.85        8         8 
	   Disk (KB)            :     1           1      2048 
	   GPUs                 :                           0 
	   Memory (MB)          :   889        9216      9216 
	   TimeExecute (s)      :   605                       
	   TimeSlotBusy (s)     :   605                       
...
