000 (6920.281.000) 2026-04-16 09:44:16 Job submitted from host: <140.160.143.131:9618?addrs=140.160.143.131-9618&alias=cse-head.cluster.cs.wwu.edu&noUDP&sock=schedd_1483_cb0a>
...
001 (6920.281.000) 2026-04-16 17:05:18 Job executing on host: <140.160.143.151:9618?addrs=140.160.143.151-9618&alias=c-0-11.cluster.cs.wwu.edu&noUDP&sock=startd_1509_a080>
	SlotName: slot1_1@c-0-11.cluster.cs.wwu.edu
	CondorScratchDir = "/var/lib/condor/execute/dir_1078329"
	Cpus = 8
	Disk = 2048
	GPUs = 0
	Memory = 9216
...
006 (6920.281.000) 2026-04-16 17:05:27 Image size of job updated: 303016
	296  -  MemoryUsage of job (MB)
	303016  -  ResidentSetSize of job (KB)
...
006 (6920.281.000) 2026-04-16 17:10:28 Image size of job updated: 893672
	870  -  MemoryUsage of job (MB)
	890576  -  ResidentSetSize of job (KB)
...
006 (6920.281.000) 2026-04-16 17:15:28 Image size of job updated: 960200
	927  -  MemoryUsage of job (MB)
	949208  -  ResidentSetSize of job (KB)
...
006 (6920.281.000) 2026-04-16 17:20:28 Image size of job updated: 993052
	927  -  MemoryUsage of job (MB)
	949208  -  ResidentSetSize of job (KB)
...
005 (6920.281.000) 2026-04-16 17:21:47 Job terminated.
	(1) Normal termination (return value 0)
		Usr 0 00:50:30, Sys 0 00:00:19  -  Run Remote Usage
		Usr 0 00:00:00, Sys 0 00:00:00  -  Run Local Usage
		Usr 0 00:50:30, Sys 0 00:00:19  -  Total Remote Usage
		Usr 0 00:00:00, Sys 0 00:00:00  -  Total Local Usage
	0  -  Run Bytes Sent By Job
	0  -  Run Bytes Received By Job
	0  -  Total Bytes Sent By Job
	0  -  Total Bytes Received By Job
	Partitionable Resources :    Usage  Request Allocated 
	   Cpus                 :     1.27        8         8 
	   Disk (KB)            :     1           1      2048 
	   GPUs                 :                           0 
	   Memory (MB)          :   927        9216      9216 
	   TimeExecute (s)      :   989                       
	   TimeSlotBusy (s)     :   989                       
...
