000 (6920.399.000) 2026-04-16 09:44:16 Job submitted from host: <140.160.143.131:9618?addrs=140.160.143.131-9618&alias=cse-head.cluster.cs.wwu.edu&noUDP&sock=schedd_1483_cb0a>
...
001 (6920.399.000) 2026-04-16 19:08:34 Job executing on host: <140.160.143.184:9618?addrs=140.160.143.184-9618&alias=c-0-15.cluster.cs.wwu.edu&noUDP&sock=startd_1429_c0ed>
	SlotName: slot1_1@c-0-15.cluster.cs.wwu.edu
	CondorScratchDir = "/var/lib/condor/execute/dir_29333"
	Cpus = 8
	Disk = 2048
	GPUs = 0
	Memory = 9216
...
006 (6920.399.000) 2026-04-16 19:08:42 Image size of job updated: 262296
	257  -  MemoryUsage of job (MB)
	262296  -  ResidentSetSize of job (KB)
...
006 (6920.399.000) 2026-04-16 19:13:42 Image size of job updated: 705100
	689  -  MemoryUsage of job (MB)
	705100  -  ResidentSetSize of job (KB)
...
006 (6920.399.000) 2026-04-16 19:18:43 Image size of job updated: 1131012
	1092  -  MemoryUsage of job (MB)
	1118000  -  ResidentSetSize of job (KB)
...
005 (6920.399.000) 2026-04-16 19:21:27 Job terminated.
	(1) Normal termination (return value 0)
		Usr 0 00:36:05, Sys 0 00:00:16  -  Run Remote Usage
		Usr 0 00:00:00, Sys 0 00:00:00  -  Run Local Usage
		Usr 0 00:36:05, Sys 0 00:00:16  -  Total Remote Usage
		Usr 0 00:00:00, Sys 0 00:00:00  -  Total Local Usage
	0  -  Run Bytes Sent By Job
	0  -  Run Bytes Received By Job
	0  -  Total Bytes Sent By Job
	0  -  Total Bytes Received By Job
	Partitionable Resources :    Usage  Request Allocated 
	   Cpus                 :     5.37        8         8 
	   Disk (KB)            :     1           1      2048 
	   GPUs                 :                           0 
	   Memory (MB)          :  1092        9216      9216 
	   TimeExecute (s)      :   772                       
	   TimeSlotBusy (s)     :   773                       
...
