000 (6920.271.000) 2026-04-16 09:44:16 Job submitted from host: <140.160.143.131:9618?addrs=140.160.143.131-9618&alias=cse-head.cluster.cs.wwu.edu&noUDP&sock=schedd_1483_cb0a>
...
001 (6920.271.000) 2026-04-16 16:55:18 Job executing on host: <140.160.143.149:9618?addrs=140.160.143.149-9618&alias=c-0-9.cluster.cs.wwu.edu&noUDP&sock=startd_1570_77c7>
	SlotName: slot1_1@c-0-9.cluster.cs.wwu.edu
	CondorScratchDir = "/var/lib/condor/execute/dir_1100791"
	Cpus = 8
	Disk = 2048
	GPUs = 0
	Memory = 9216
...
006 (6920.271.000) 2026-04-16 16:55:26 Image size of job updated: 473192
	463  -  MemoryUsage of job (MB)
	473192  -  ResidentSetSize of job (KB)
...
006 (6920.271.000) 2026-04-16 17:00:26 Image size of job updated: 1044680
	939  -  MemoryUsage of job (MB)
	961416  -  ResidentSetSize of job (KB)
...
006 (6920.271.000) 2026-04-16 17:05:27 Image size of job updated: 1068268
	989  -  MemoryUsage of job (MB)
	1012388  -  ResidentSetSize of job (KB)
...
005 (6920.271.000) 2026-04-16 17:06:10 Job terminated.
	(1) Normal termination (return value 0)
		Usr 0 00:39:34, Sys 0 00:00:09  -  Run Remote Usage
		Usr 0 00:00:00, Sys 0 00:00:00  -  Run Local Usage
		Usr 0 00:39:34, Sys 0 00:00:09  -  Total Remote Usage
		Usr 0 00:00:00, Sys 0 00:00:00  -  Total Local Usage
	0  -  Run Bytes Sent By Job
	0  -  Run Bytes Received By Job
	0  -  Total Bytes Sent By Job
	0  -  Total Bytes Received By Job
	Partitionable Resources :    Usage  Request Allocated 
	   Cpus                 :     5.21        8         8 
	   Disk (KB)            :     1           1      2048 
	   GPUs                 :                           0 
	   Memory (MB)          :   989        9216      9216 
	   TimeExecute (s)      :   652                       
	   TimeSlotBusy (s)     :   652                       
...
