000 (6920.305.000) 2026-04-16 09:44:16 Job submitted from host: <140.160.143.131:9618?addrs=140.160.143.131-9618&alias=cse-head.cluster.cs.wwu.edu&noUDP&sock=schedd_1483_cb0a>
...
001 (6920.305.000) 2026-04-16 17:27:39 Job executing on host: <140.160.143.184:9618?addrs=140.160.143.184-9618&alias=c-0-15.cluster.cs.wwu.edu&noUDP&sock=startd_1429_c0ed>
	SlotName: slot1_1@c-0-15.cluster.cs.wwu.edu
	CondorScratchDir = "/var/lib/condor/execute/dir_26134"
	Cpus = 8
	Disk = 2048
	GPUs = 0
	Memory = 9216
...
006 (6920.305.000) 2026-04-16 17:27:48 Image size of job updated: 359516
	352  -  MemoryUsage of job (MB)
	359516  -  ResidentSetSize of job (KB)
...
006 (6920.305.000) 2026-04-16 17:32:49 Image size of job updated: 929684
	888  -  MemoryUsage of job (MB)
	908748  -  ResidentSetSize of job (KB)
...
006 (6920.305.000) 2026-04-16 17:37:49 Image size of job updated: 1126004
	1100  -  MemoryUsage of job (MB)
	1126004  -  ResidentSetSize of job (KB)
...
006 (6920.305.000) 2026-04-16 17:42:49 Image size of job updated: 1126028
	1100  -  MemoryUsage of job (MB)
	1126004  -  ResidentSetSize of job (KB)
...
005 (6920.305.000) 2026-04-16 17:45:05 Job terminated.
	(1) Normal termination (return value 0)
		Usr 0 01:05:19, Sys 0 00:00:26  -  Run Remote Usage
		Usr 0 00:00:00, Sys 0 00:00:00  -  Run Local Usage
		Usr 0 01:05:19, Sys 0 00:00:26  -  Total Remote Usage
		Usr 0 00:00:00, Sys 0 00:00:00  -  Total Local Usage
	0  -  Run Bytes Sent By Job
	0  -  Run Bytes Received By Job
	0  -  Total Bytes Sent By Job
	0  -  Total Bytes Received By Job
	Partitionable Resources :    Usage  Request Allocated 
	   Cpus                 :     2.98        8         8 
	   Disk (KB)            :     1           1      2048 
	   GPUs                 :                           0 
	   Memory (MB)          :  1100        9216      9216 
	   TimeExecute (s)      :  1046                       
	   TimeSlotBusy (s)     :  1046                       
...
