000 (6918.141.000) 2026-04-15 19:42:50 Job submitted from host: <140.160.143.131:9618?addrs=140.160.143.131-9618&alias=cse-head.cluster.cs.wwu.edu&noUDP&sock=schedd_1483_cb0a>
...
001 (6918.141.000) 2026-04-15 21:27:23 Job executing on host: <140.160.143.144:9618?addrs=140.160.143.144-9618&alias=c-0-4.cluster.cs.wwu.edu&noUDP&sock=startd_1367_3a0d>
	SlotName: slot1_3@c-0-4.cluster.cs.wwu.edu
	CondorScratchDir = "/var/lib/condor/execute/dir_1043040"
	Cpus = 8
	Disk = 2048
	GPUs = 0
	Memory = 4096
...
006 (6918.141.000) 2026-04-15 21:27:32 Image size of job updated: 103660
	102  -  MemoryUsage of job (MB)
	103660  -  ResidentSetSize of job (KB)
...
006 (6918.141.000) 2026-04-15 21:32:33 Image size of job updated: 708120
	691  -  MemoryUsage of job (MB)
	707312  -  ResidentSetSize of job (KB)
...
006 (6918.141.000) 2026-04-15 21:34:49 Image size of job updated: 734568
	691  -  MemoryUsage of job (MB)
	707312  -  ResidentSetSize of job (KB)
...
005 (6918.141.000) 2026-04-15 21:34:50 Job terminated.
	(1) Normal termination (return value 0)
		Usr 0 00:07:33, Sys 0 00:00:02  -  Run Remote Usage
		Usr 0 00:00:00, Sys 0 00:00:00  -  Run Local Usage
		Usr 0 00:07:33, Sys 0 00:00:02  -  Total Remote Usage
		Usr 0 00:00:00, Sys 0 00:00:00  -  Total Local Usage
	0  -  Run Bytes Sent By Job
	0  -  Run Bytes Received By Job
	0  -  Total Bytes Sent By Job
	0  -  Total Bytes Received By Job
	Partitionable Resources :    Usage  Request Allocated 
	   Cpus                 :     1.22        8         8 
	   Disk (KB)            :     1           1      2048 
	   GPUs                 :                           0 
	   Memory (MB)          :   691        4096      4096 
	   TimeExecute (s)      :   446                       
	   TimeSlotBusy (s)     :   446                       
...
