000 (6920.192.000) 2026-04-16 09:44:16 Job submitted from host: <140.160.143.131:9618?addrs=140.160.143.131-9618&alias=cse-head.cluster.cs.wwu.edu&noUDP&sock=schedd_1483_cb0a>
...
001 (6920.192.000) 2026-04-16 16:10:35 Job executing on host: <140.160.143.182:9618?addrs=140.160.143.182-9618&alias=c-0-13.cluster.cs.wwu.edu&noUDP&sock=startd_1434_2ee6>
	SlotName: slot1_1@c-0-13.cluster.cs.wwu.edu
	CondorScratchDir = "/var/lib/condor/execute/dir_1069258"
	Cpus = 8
	Disk = 2048
	GPUs = 0
	Memory = 9216
...
006 (6920.192.000) 2026-04-16 16:10:43 Image size of job updated: 101836
	100  -  MemoryUsage of job (MB)
	101836  -  ResidentSetSize of job (KB)
...
006 (6920.192.000) 2026-04-16 16:15:43 Image size of job updated: 725108
	709  -  MemoryUsage of job (MB)
	725040  -  ResidentSetSize of job (KB)
...
006 (6920.192.000) 2026-04-16 16:18:54 Image size of job updated: 891376
	709  -  MemoryUsage of job (MB)
	725040  -  ResidentSetSize of job (KB)
...
005 (6920.192.000) 2026-04-16 16:18:54 Job terminated.
	(1) Normal termination (return value 0)
		Usr 0 00:08:54, Sys 0 00:00:02  -  Run Remote Usage
		Usr 0 00:00:00, Sys 0 00:00:00  -  Run Local Usage
		Usr 0 00:08:54, Sys 0 00:00:02  -  Total Remote Usage
		Usr 0 00:00:00, Sys 0 00:00:00  -  Total Local Usage
	0  -  Run Bytes Sent By Job
	0  -  Run Bytes Received By Job
	0  -  Total Bytes Sent By Job
	0  -  Total Bytes Received By Job
	Partitionable Resources :    Usage  Request Allocated 
	   Cpus                 :     1.01        8         8 
	   Disk (KB)            :     1           1      2048 
	   GPUs                 :                           0 
	   Memory (MB)          :   709        9216      9216 
	   TimeExecute (s)      :   500                       
	   TimeSlotBusy (s)     :   500                       
...
