000 (6918.366.000) 2026-04-15 19:42:51 Job submitted from host: <140.160.143.131:9618?addrs=140.160.143.131-9618&alias=cse-head.cluster.cs.wwu.edu&noUDP&sock=schedd_1483_cb0a>
...
001 (6918.366.000) 2026-04-16 00:35:46 Job executing on host: <140.160.143.143:9618?addrs=140.160.143.143-9618&alias=c-0-3.cluster.cs.wwu.edu&noUDP&sock=startd_1365_dadd>
	SlotName: slot1_1@c-0-3.cluster.cs.wwu.edu
	CondorScratchDir = "/var/lib/condor/execute/dir_1055092"
	Cpus = 8
	Disk = 2048
	GPUs = 0
	Memory = 4096
...
006 (6918.366.000) 2026-04-16 00:35:54 Image size of job updated: 102812
	101  -  MemoryUsage of job (MB)
	102812  -  ResidentSetSize of job (KB)
...
006 (6918.366.000) 2026-04-16 00:40:54 Image size of job updated: 722672
	706  -  MemoryUsage of job (MB)
	722672  -  ResidentSetSize of job (KB)
...
006 (6918.366.000) 2026-04-16 00:45:55 Image size of job updated: 1143244
	1101  -  MemoryUsage of job (MB)
	1126836  -  ResidentSetSize of job (KB)
...
006 (6918.366.000) 2026-04-16 00:47:32 Image size of job updated: 1156092
	1101  -  MemoryUsage of job (MB)
	1126836  -  ResidentSetSize of job (KB)
...
005 (6918.366.000) 2026-04-16 00:47:32 Job terminated.
	(1) Normal termination (return value 0)
		Usr 0 00:36:06, Sys 0 00:00:10  -  Run Remote Usage
		Usr 0 00:00:00, Sys 0 00:00:00  -  Run Local Usage
		Usr 0 00:36:06, Sys 0 00:00:10  -  Total Remote Usage
		Usr 0 00:00:00, Sys 0 00:00:00  -  Total Local Usage
	0  -  Run Bytes Sent By Job
	0  -  Run Bytes Received By Job
	0  -  Total Bytes Sent By Job
	0  -  Total Bytes Received By Job
	Partitionable Resources :    Usage  Request Allocated 
	   Cpus                 :     7.37        8         8 
	   Disk (KB)            :     1           1      2048 
	   GPUs                 :                           0 
	   Memory (MB)          :  1101        4096      4096 
	   TimeExecute (s)      :   706                       
	   TimeSlotBusy (s)     :   706                       
...
