000 (6957.000.000) 2026-04-20 10:33:46 Job submitted from host: <140.160.143.131:9618?addrs=140.160.143.131-9618&alias=cse-head.cluster.cs.wwu.edu&noUDP&sock=schedd_1483_cb0a>
...
001 (6957.000.000) 2026-04-20 10:34:07 Job executing on host: <140.160.143.145:9618?addrs=140.160.143.145-9618&alias=c-0-5.cluster.cs.wwu.edu&noUDP&sock=startd_1332_383d>
	SlotName: slot1_2@c-0-5.cluster.cs.wwu.edu
	CondorScratchDir = "/var/lib/condor/execute/dir_1222424"
	Cpus = 8
	Disk = 2048
	GPUs = 0
	Memory = 4096
...
006 (6957.000.000) 2026-04-20 10:34:15 Image size of job updated: 108384
	106  -  MemoryUsage of job (MB)
	108384  -  ResidentSetSize of job (KB)
...
006 (6957.000.000) 2026-04-20 10:39:15 Image size of job updated: 928592
	905  -  MemoryUsage of job (MB)
	926640  -  ResidentSetSize of job (KB)
...
006 (6957.000.000) 2026-04-20 10:44:16 Image size of job updated: 1215744
	1184  -  MemoryUsage of job (MB)
	1211540  -  ResidentSetSize of job (KB)
...
006 (6957.000.000) 2026-04-20 10:49:16 Image size of job updated: 1353464
	1231  -  MemoryUsage of job (MB)
	1260444  -  ResidentSetSize of job (KB)
...
005 (6957.000.000) 2026-04-20 10:51:10 Job terminated.
	(1) Normal termination (return value 0)
		Usr 0 00:33:47, Sys 0 00:00:56  -  Run Remote Usage
		Usr 0 00:00:00, Sys 0 00:00:00  -  Run Local Usage
		Usr 0 00:33:47, Sys 0 00:00:56  -  Total Remote Usage
		Usr 0 00:00:00, Sys 0 00:00:00  -  Total Local Usage
	0  -  Run Bytes Sent By Job
	0  -  Run Bytes Received By Job
	0  -  Total Bytes Sent By Job
	0  -  Total Bytes Received By Job
	Partitionable Resources :    Usage  Request Allocated 
	   Cpus                 :     2.64        8         8 
	   Disk (KB)            :     1           1      2048 
	   GPUs                 :                           0 
	   Memory (MB)          :  1231        4096      4096 
	   TimeExecute (s)      :  1023                       
	   TimeSlotBusy (s)     :  1024                       
...
