000 (6919.280.000) 2026-04-16 09:41:22 Job submitted from host: <140.160.143.131:9618?addrs=140.160.143.131-9618&alias=cse-head.cluster.cs.wwu.edu&noUDP&sock=schedd_1483_cb0a>
...
001 (6919.280.000) 2026-04-16 12:09:45 Job executing on host: <140.160.143.149:9618?addrs=140.160.143.149-9618&alias=c-0-9.cluster.cs.wwu.edu&noUDP&sock=startd_1570_77c7>
	SlotName: slot1_3@c-0-9.cluster.cs.wwu.edu
	CondorScratchDir = "/var/lib/condor/execute/dir_1088592"
	Cpus = 8
	Disk = 2048
	GPUs = 0
	Memory = 6144
...
006 (6919.280.000) 2026-04-16 12:09:53 Image size of job updated: 363376
	355  -  MemoryUsage of job (MB)
	363376  -  ResidentSetSize of job (KB)
...
006 (6919.280.000) 2026-04-16 12:14:53 Image size of job updated: 1137436
	1052  -  MemoryUsage of job (MB)
	1076436  -  ResidentSetSize of job (KB)
...
005 (6919.280.000) 2026-04-16 12:16:30 Job terminated.
	(1) Normal termination (return value 0)
		Usr 0 00:21:57, Sys 0 00:00:04  -  Run Remote Usage
		Usr 0 00:00:00, Sys 0 00:00:00  -  Run Local Usage
		Usr 0 00:21:57, Sys 0 00:00:04  -  Total Remote Usage
		Usr 0 00:00:00, Sys 0 00:00:00  -  Total Local Usage
	0  -  Run Bytes Sent By Job
	0  -  Run Bytes Received By Job
	0  -  Total Bytes Sent By Job
	0  -  Total Bytes Received By Job
	Partitionable Resources :    Usage  Request Allocated 
	   Cpus                 :     1.05        8         8 
	   Disk (KB)            :     1           1      2048 
	   GPUs                 :                           0 
	   Memory (MB)          :  1052        6144      6144 
	   TimeExecute (s)      :   404                       
	   TimeSlotBusy (s)     :   405                       
...
