000 (6919.337.000) 2026-04-16 09:41:22 Job submitted from host: <140.160.143.131:9618?addrs=140.160.143.131-9618&alias=cse-head.cluster.cs.wwu.edu&noUDP&sock=schedd_1483_cb0a>
...
001 (6919.337.000) 2026-04-16 13:06:15 Job executing on host: <140.160.143.184:9618?addrs=140.160.143.184-9618&alias=c-0-15.cluster.cs.wwu.edu&noUDP&sock=startd_1429_c0ed>
	SlotName: slot1_3@c-0-15.cluster.cs.wwu.edu
	CondorScratchDir = "/var/lib/condor/execute/dir_15754"
	Cpus = 8
	Disk = 2048
	GPUs = 0
	Memory = 6144
...
006 (6919.337.000) 2026-04-16 13:06:23 Image size of job updated: 367256
	359  -  MemoryUsage of job (MB)
	367256  -  ResidentSetSize of job (KB)
...
006 (6919.337.000) 2026-04-16 13:11:24 Image size of job updated: 952992
	931  -  MemoryUsage of job (MB)
	952992  -  ResidentSetSize of job (KB)
...
006 (6919.337.000) 2026-04-16 13:16:25 Image size of job updated: 1065480
	970  -  MemoryUsage of job (MB)
	992288  -  ResidentSetSize of job (KB)
...
006 (6919.337.000) 2026-04-16 13:21:25 Image size of job updated: 1093548
	1034  -  MemoryUsage of job (MB)
	1057804  -  ResidentSetSize of job (KB)
...
005 (6919.337.000) 2026-04-16 13:22:47 Job terminated.
	(1) Normal termination (return value 0)
		Usr 0 01:03:54, Sys 0 00:00:42  -  Run Remote Usage
		Usr 0 00:00:00, Sys 0 00:00:00  -  Run Local Usage
		Usr 0 01:03:54, Sys 0 00:00:42  -  Total Remote Usage
		Usr 0 00:00:00, Sys 0 00:00:00  -  Total Local Usage
	0  -  Run Bytes Sent By Job
	0  -  Run Bytes Received By Job
	0  -  Total Bytes Sent By Job
	0  -  Total Bytes Received By Job
	Partitionable Resources :    Usage  Request Allocated 
	   Cpus                 :     5.56        8         8 
	   Disk (KB)            :     1           1      2048 
	   GPUs                 :                           0 
	   Memory (MB)          :  1034        6144      6144 
	   TimeExecute (s)      :   992                       
	   TimeSlotBusy (s)     :   992                       
...
