000 (6920.214.000) 2026-04-16 09:44:16 Job submitted from host: <140.160.143.131:9618?addrs=140.160.143.131-9618&alias=cse-head.cluster.cs.wwu.edu&noUDP&sock=schedd_1483_cb0a>
...
001 (6920.214.000) 2026-04-16 16:19:51 Job executing on host: <140.160.143.144:9618?addrs=140.160.143.144-9618&alias=c-0-4.cluster.cs.wwu.edu&noUDP&sock=startd_1367_3a0d>
	SlotName: slot1_3@c-0-4.cluster.cs.wwu.edu
	CondorScratchDir = "/var/lib/condor/execute/dir_1074315"
	Cpus = 8
	Disk = 2048
	GPUs = 0
	Memory = 9216
...
006 (6920.214.000) 2026-04-16 16:19:59 Image size of job updated: 99476
	98  -  MemoryUsage of job (MB)
	99476  -  ResidentSetSize of job (KB)
...
006 (6920.214.000) 2026-04-16 16:24:59 Image size of job updated: 838532
	819  -  MemoryUsage of job (MB)
	838532  -  ResidentSetSize of job (KB)
...
006 (6920.214.000) 2026-04-16 16:26:12 Image size of job updated: 863928
	819  -  MemoryUsage of job (MB)
	838600  -  ResidentSetSize of job (KB)
...
005 (6920.214.000) 2026-04-16 16:26:12 Job terminated.
	(1) Normal termination (return value 0)
		Usr 0 00:06:48, Sys 0 00:00:02  -  Run Remote Usage
		Usr 0 00:00:00, Sys 0 00:00:00  -  Run Local Usage
		Usr 0 00:06:48, Sys 0 00:00:02  -  Total Remote Usage
		Usr 0 00:00:00, Sys 0 00:00:00  -  Total Local Usage
	0  -  Run Bytes Sent By Job
	0  -  Run Bytes Received By Job
	0  -  Total Bytes Sent By Job
	0  -  Total Bytes Received By Job
	Partitionable Resources :    Usage  Request Allocated 
	   Cpus                 :     1.05        8         8 
	   Disk (KB)            :     1           1      2048 
	   GPUs                 :                           0 
	   Memory (MB)          :   819        9216      9216 
	   TimeExecute (s)      :   381                       
	   TimeSlotBusy (s)     :   381                       
...
