000 (6919.395.000) 2026-04-16 09:41:23 Job submitted from host: <140.160.143.131:9618?addrs=140.160.143.131-9618&alias=cse-head.cluster.cs.wwu.edu&noUDP&sock=schedd_1483_cb0a>
...
001 (6919.395.000) 2026-04-16 14:24:58 Job executing on host: <140.160.143.143:9618?addrs=140.160.143.143-9618&alias=c-0-3.cluster.cs.wwu.edu&noUDP&sock=startd_1365_dadd>
	SlotName: slot1_1@c-0-3.cluster.cs.wwu.edu
	CondorScratchDir = "/var/lib/condor/execute/dir_1077211"
	Cpus = 8
	Disk = 2048
	GPUs = 0
	Memory = 6144
...
006 (6919.395.000) 2026-04-16 14:25:06 Image size of job updated: 104856
	103  -  MemoryUsage of job (MB)
	104856  -  ResidentSetSize of job (KB)
...
006 (6919.395.000) 2026-04-16 14:30:06 Image size of job updated: 719636
	703  -  MemoryUsage of job (MB)
	719636  -  ResidentSetSize of job (KB)
...
006 (6919.395.000) 2026-04-16 14:35:07 Image size of job updated: 1066432
	935  -  MemoryUsage of job (MB)
	957432  -  ResidentSetSize of job (KB)
...
006 (6919.395.000) 2026-04-16 14:40:08 Image size of job updated: 1115540
	1062  -  MemoryUsage of job (MB)
	1087344  -  ResidentSetSize of job (KB)
...
006 (6919.395.000) 2026-04-16 14:45:08 Image size of job updated: 1191412
	1124  -  MemoryUsage of job (MB)
	1149988  -  ResidentSetSize of job (KB)
...
006 (6919.395.000) 2026-04-16 14:50:09 Image size of job updated: 1191412
	1126  -  MemoryUsage of job (MB)
	1152572  -  ResidentSetSize of job (KB)
...
005 (6919.395.000) 2026-04-16 14:57:55 Job terminated.
	(1) Normal termination (return value 0)
		Usr 0 02:58:53, Sys 0 00:02:52  -  Run Remote Usage
		Usr 0 00:00:00, Sys 0 00:00:00  -  Run Local Usage
		Usr 0 02:58:53, Sys 0 00:02:52  -  Total Remote Usage
		Usr 0 00:00:00, Sys 0 00:00:00  -  Total Local Usage
	0  -  Run Bytes Sent By Job
	0  -  Run Bytes Received By Job
	0  -  Total Bytes Sent By Job
	0  -  Total Bytes Received By Job
	Partitionable Resources :    Usage  Request Allocated 
	   Cpus                 :     7.81        8         8 
	   Disk (KB)            :     1           1      2048 
	   GPUs                 :                           0 
	   Memory (MB)          :  1126        6144      6144 
	   TimeExecute (s)      :  1977                       
	   TimeSlotBusy (s)     :  1978                       
...
