000 (6918.401.000) 2026-04-15 19:42:51 Job submitted from host: <140.160.143.131:9618?addrs=140.160.143.131-9618&alias=cse-head.cluster.cs.wwu.edu&noUDP&sock=schedd_1483_cb0a>
...
001 (6918.401.000) 2026-04-16 01:22:07 Job executing on host: <140.160.143.185:9618?addrs=140.160.143.185-9618&alias=c-0-16.cluster.cs.wwu.edu&noUDP&sock=startd_1431_201d>
	SlotName: slot1_2@c-0-16.cluster.cs.wwu.edu
	CondorScratchDir = "/var/lib/condor/execute/dir_1059478"
	Cpus = 8
	Disk = 2048
	GPUs = 0
	Memory = 4096
...
006 (6918.401.000) 2026-04-16 01:22:16 Image size of job updated: 106316
	104  -  MemoryUsage of job (MB)
	106316  -  ResidentSetSize of job (KB)
...
006 (6918.401.000) 2026-04-16 01:27:17 Image size of job updated: 1017680
	994  -  MemoryUsage of job (MB)
	1017680  -  ResidentSetSize of job (KB)
...
006 (6918.401.000) 2026-04-16 01:32:17 Image size of job updated: 1124520
	1095  -  MemoryUsage of job (MB)
	1120928  -  ResidentSetSize of job (KB)
...
006 (6918.401.000) 2026-04-16 01:37:18 Image size of job updated: 1201512
	1160  -  MemoryUsage of job (MB)
	1187516  -  ResidentSetSize of job (KB)
...
006 (6918.401.000) 2026-04-16 01:41:17 Image size of job updated: 1208016
	1160  -  MemoryUsage of job (MB)
	1187516  -  ResidentSetSize of job (KB)
...
005 (6918.401.000) 2026-04-16 01:41:17 Job terminated.
	(1) Normal termination (return value 0)
		Usr 0 01:41:40, Sys 0 00:00:22  -  Run Remote Usage
		Usr 0 00:00:00, Sys 0 00:00:00  -  Run Local Usage
		Usr 0 01:41:40, Sys 0 00:00:22  -  Total Remote Usage
		Usr 0 00:00:00, Sys 0 00:00:00  -  Total Local Usage
	0  -  Run Bytes Sent By Job
	0  -  Run Bytes Received By Job
	0  -  Total Bytes Sent By Job
	0  -  Total Bytes Received By Job
	Partitionable Resources :    Usage  Request Allocated 
	   Cpus                 :     5.58        8         8 
	   Disk (KB)            :     1           1      2048 
	   GPUs                 :                           0 
	   Memory (MB)          :  1160        4096      4096 
	   TimeExecute (s)      :  1150                       
	   TimeSlotBusy (s)     :  1150                       
...
