000 (6919.381.000) 2026-04-16 09:41:23 Job submitted from host: <140.160.143.131:9618?addrs=140.160.143.131-9618&alias=cse-head.cluster.cs.wwu.edu&noUDP&sock=schedd_1483_cb0a>
...
001 (6919.381.000) 2026-04-16 14:01:39 Job executing on host: <140.160.143.150:9618?addrs=140.160.143.150-9618&alias=c-0-10.cluster.cs.wwu.edu&noUDP&sock=startd_1506_91b7>
	SlotName: slot1_2@c-0-10.cluster.cs.wwu.edu
	CondorScratchDir = "/var/lib/condor/execute/dir_1076783"
	Cpus = 8
	Disk = 2048
	GPUs = 0
	Memory = 6144
...
006 (6919.381.000) 2026-04-16 14:01:47 Image size of job updated: 270244
	264  -  MemoryUsage of job (MB)
	270244  -  ResidentSetSize of job (KB)
...
006 (6919.381.000) 2026-04-16 14:06:47 Image size of job updated: 1071756
	1047  -  MemoryUsage of job (MB)
	1071756  -  ResidentSetSize of job (KB)
...
006 (6919.381.000) 2026-04-16 14:11:48 Image size of job updated: 1073372
	1049  -  MemoryUsage of job (MB)
	1073372  -  ResidentSetSize of job (KB)
...
006 (6919.381.000) 2026-04-16 14:15:44 Image size of job updated: 1138800
	1049  -  MemoryUsage of job (MB)
	1073372  -  ResidentSetSize of job (KB)
...
005 (6919.381.000) 2026-04-16 14:15:44 Job terminated.
	(1) Normal termination (return value 0)
		Usr 0 01:12:07, Sys 0 00:00:58  -  Run Remote Usage
		Usr 0 00:00:00, Sys 0 00:00:00  -  Run Local Usage
		Usr 0 01:12:07, Sys 0 00:00:58  -  Total Remote Usage
		Usr 0 00:00:00, Sys 0 00:00:00  -  Total Local Usage
	0  -  Run Bytes Sent By Job
	0  -  Run Bytes Received By Job
	0  -  Total Bytes Sent By Job
	0  -  Total Bytes Received By Job
	Partitionable Resources :    Usage  Request Allocated 
	   Cpus                 :     7.41        8         8 
	   Disk (KB)            :     1           1      2048 
	   GPUs                 :                           0 
	   Memory (MB)          :  1049        6144      6144 
	   TimeExecute (s)      :   845                       
	   TimeSlotBusy (s)     :   845                       
...
