000 (6918.345.000) 2026-04-15 19:42:51 Job submitted from host: <140.160.143.131:9618?addrs=140.160.143.131-9618&alias=cse-head.cluster.cs.wwu.edu&noUDP&sock=schedd_1483_cb0a>
...
001 (6918.345.000) 2026-04-16 00:13:04 Job executing on host: <140.160.143.151:9618?addrs=140.160.143.151-9618&alias=c-0-11.cluster.cs.wwu.edu&noUDP&sock=startd_1509_a080>
	SlotName: slot1_1@c-0-11.cluster.cs.wwu.edu
	CondorScratchDir = "/var/lib/condor/execute/dir_1050254"
	Cpus = 8
	Disk = 2048
	GPUs = 0
	Memory = 4096
...
006 (6918.345.000) 2026-04-16 00:13:12 Image size of job updated: 245404
	240  -  MemoryUsage of job (MB)
	245404  -  ResidentSetSize of job (KB)
...
006 (6918.345.000) 2026-04-16 00:18:12 Image size of job updated: 1043972
	1020  -  MemoryUsage of job (MB)
	1043972  -  ResidentSetSize of job (KB)
...
006 (6918.345.000) 2026-04-16 00:23:13 Image size of job updated: 1130276
	1020  -  MemoryUsage of job (MB)
	1043972  -  ResidentSetSize of job (KB)
...
005 (6918.345.000) 2026-04-16 00:24:33 Job terminated.
	(1) Normal termination (return value 0)
		Usr 0 00:46:12, Sys 0 00:00:23  -  Run Remote Usage
		Usr 0 00:00:00, Sys 0 00:00:00  -  Run Local Usage
		Usr 0 00:46:12, Sys 0 00:00:23  -  Total Remote Usage
		Usr 0 00:00:00, Sys 0 00:00:00  -  Total Local Usage
	0  -  Run Bytes Sent By Job
	0  -  Run Bytes Received By Job
	0  -  Total Bytes Sent By Job
	0  -  Total Bytes Received By Job
	Partitionable Resources :    Usage  Request Allocated 
	   Cpus                 :     6.87        8         8 
	   Disk (KB)            :     1           1      2048 
	   GPUs                 :                           0 
	   Memory (MB)          :  1020        4096      4096 
	   TimeExecute (s)      :   689                       
	   TimeSlotBusy (s)     :   689                       
...
