000 (6920.115.000) 2026-04-16 09:44:15 Job submitted from host: <140.160.143.131:9618?addrs=140.160.143.131-9618&alias=cse-head.cluster.cs.wwu.edu&noUDP&sock=schedd_1483_cb0a>
...
001 (6920.115.000) 2026-04-16 15:36:28 Job executing on host: <140.160.143.141:9618?addrs=140.160.143.141-9618&alias=c-0-1.cluster.cs.wwu.edu&noUDP&sock=startd_1336_f69e>
	SlotName: slot1_2@c-0-1.cluster.cs.wwu.edu
	CondorScratchDir = "/var/lib/condor/execute/dir_1063343"
	Cpus = 8
	Disk = 2048
	GPUs = 0
	Memory = 9216
...
006 (6920.115.000) 2026-04-16 15:36:36 Image size of job updated: 102808
	101  -  MemoryUsage of job (MB)
	102808  -  ResidentSetSize of job (KB)
...
006 (6920.115.000) 2026-04-16 15:41:36 Image size of job updated: 717484
	698  -  MemoryUsage of job (MB)
	714316  -  ResidentSetSize of job (KB)
...
006 (6920.115.000) 2026-04-16 15:42:54 Image size of job updated: 837720
	698  -  MemoryUsage of job (MB)
	714316  -  ResidentSetSize of job (KB)
...
005 (6920.115.000) 2026-04-16 15:42:54 Job terminated.
	(1) Normal termination (return value 0)
		Usr 0 00:06:47, Sys 0 00:00:02  -  Run Remote Usage
		Usr 0 00:00:00, Sys 0 00:00:00  -  Run Local Usage
		Usr 0 00:06:47, Sys 0 00:00:02  -  Total Remote Usage
		Usr 0 00:00:00, Sys 0 00:00:00  -  Total Local Usage
	0  -  Run Bytes Sent By Job
	0  -  Run Bytes Received By Job
	0  -  Total Bytes Sent By Job
	0  -  Total Bytes Received By Job
	Partitionable Resources :    Usage  Request Allocated 
	   Cpus                 :     1.01        8         8 
	   Disk (KB)            :     1           1      2048 
	   GPUs                 :                           0 
	   Memory (MB)          :   698        9216      9216 
	   TimeExecute (s)      :   387                       
	   TimeSlotBusy (s)     :   387                       
...
