000 (6918.166.000) 2026-04-15 19:42:50 Job submitted from host: <140.160.143.131:9618?addrs=140.160.143.131-9618&alias=cse-head.cluster.cs.wwu.edu&noUDP&sock=schedd_1483_cb0a>
...
001 (6918.166.000) 2026-04-15 21:46:18 Job executing on host: <140.160.143.143:9618?addrs=140.160.143.143-9618&alias=c-0-3.cluster.cs.wwu.edu&noUDP&sock=startd_1365_dadd>
	SlotName: slot1_1@c-0-3.cluster.cs.wwu.edu
	CondorScratchDir = "/var/lib/condor/execute/dir_1049875"
	Cpus = 8
	Disk = 2048
	GPUs = 0
	Memory = 4096
...
006 (6918.166.000) 2026-04-15 21:46:27 Image size of job updated: 103616
	102  -  MemoryUsage of job (MB)
	103616  -  ResidentSetSize of job (KB)
...
006 (6918.166.000) 2026-04-15 21:51:28 Image size of job updated: 690328
	675  -  MemoryUsage of job (MB)
	690328  -  ResidentSetSize of job (KB)
...
006 (6918.166.000) 2026-04-15 21:54:16 Image size of job updated: 732068
	675  -  MemoryUsage of job (MB)
	690328  -  ResidentSetSize of job (KB)
...
005 (6918.166.000) 2026-04-15 21:54:17 Job terminated.
	(1) Normal termination (return value 0)
		Usr 0 00:08:06, Sys 0 00:00:02  -  Run Remote Usage
		Usr 0 00:00:00, Sys 0 00:00:00  -  Run Local Usage
		Usr 0 00:08:06, Sys 0 00:00:02  -  Total Remote Usage
		Usr 0 00:00:00, Sys 0 00:00:00  -  Total Local Usage
	0  -  Run Bytes Sent By Job
	0  -  Run Bytes Received By Job
	0  -  Total Bytes Sent By Job
	0  -  Total Bytes Received By Job
	Partitionable Resources :    Usage  Request Allocated 
	   Cpus                 :     1.01        8         8 
	   Disk (KB)            :     1           1      2048 
	   GPUs                 :                           0 
	   Memory (MB)          :   675        4096      4096 
	   TimeExecute (s)      :   478                       
	   TimeSlotBusy (s)     :   478                       
...
