000 (6920.377.000) 2026-04-16 09:44:16 Job submitted from host: <140.160.143.131:9618?addrs=140.160.143.131-9618&alias=cse-head.cluster.cs.wwu.edu&noUDP&sock=schedd_1483_cb0a>
...
001 (6920.377.000) 2026-04-16 18:42:26 Job executing on host: <140.160.143.151:9618?addrs=140.160.143.151-9618&alias=c-0-11.cluster.cs.wwu.edu&noUDP&sock=startd_1509_a080>
	SlotName: slot1_1@c-0-11.cluster.cs.wwu.edu
	CondorScratchDir = "/var/lib/condor/execute/dir_1080892"
	Cpus = 8
	Disk = 2048
	GPUs = 0
	Memory = 9216
...
006 (6920.377.000) 2026-04-16 18:42:34 Image size of job updated: 245892
	241  -  MemoryUsage of job (MB)
	245892  -  ResidentSetSize of job (KB)
...
006 (6920.377.000) 2026-04-16 18:47:34 Image size of job updated: 1084072
	1059  -  MemoryUsage of job (MB)
	1084072  -  ResidentSetSize of job (KB)
...
006 (6920.377.000) 2026-04-16 18:52:35 Image size of job updated: 1248188
	1219  -  MemoryUsage of job (MB)
	1247244  -  ResidentSetSize of job (KB)
...
006 (6920.377.000) 2026-04-16 18:56:28 Image size of job updated: 1257312
	1219  -  MemoryUsage of job (MB)
	1247244  -  ResidentSetSize of job (KB)
...
005 (6920.377.000) 2026-04-16 18:56:28 Job terminated.
	(1) Normal termination (return value 0)
		Usr 0 00:58:46, Sys 0 00:00:22  -  Run Remote Usage
		Usr 0 00:00:00, Sys 0 00:00:00  -  Run Local Usage
		Usr 0 00:58:46, Sys 0 00:00:22  -  Total Remote Usage
		Usr 0 00:00:00, Sys 0 00:00:00  -  Total Local Usage
	0  -  Run Bytes Sent By Job
	0  -  Run Bytes Received By Job
	0  -  Total Bytes Sent By Job
	0  -  Total Bytes Received By Job
	Partitionable Resources :    Usage  Request Allocated 
	   Cpus                 :     7.03        8         8 
	   Disk (KB)            :     1           1      2048 
	   GPUs                 :                           0 
	   Memory (MB)          :  1219        9216      9216 
	   TimeExecute (s)      :   842                       
	   TimeSlotBusy (s)     :   842                       
...
