000 (6919.391.000) 2026-04-16 09:41:23 Job submitted from host: <140.160.143.131:9618?addrs=140.160.143.131-9618&alias=cse-head.cluster.cs.wwu.edu&noUDP&sock=schedd_1483_cb0a>
...
001 (6919.391.000) 2026-04-16 14:16:07 Job executing on host: <140.160.143.150:9618?addrs=140.160.143.150-9618&alias=c-0-10.cluster.cs.wwu.edu&noUDP&sock=startd_1506_91b7>
	SlotName: slot1_2@c-0-10.cluster.cs.wwu.edu
	CondorScratchDir = "/var/lib/condor/execute/dir_1076853"
	Cpus = 8
	Disk = 2048
	GPUs = 0
	Memory = 6144
...
006 (6919.391.000) 2026-04-16 14:16:16 Image size of job updated: 313692
	307  -  MemoryUsage of job (MB)
	313692  -  ResidentSetSize of job (KB)
...
006 (6919.391.000) 2026-04-16 14:21:17 Image size of job updated: 1015608
	966  -  MemoryUsage of job (MB)
	988928  -  ResidentSetSize of job (KB)
...
006 (6919.391.000) 2026-04-16 14:26:17 Image size of job updated: 1086884
	1040  -  MemoryUsage of job (MB)
	1064304  -  ResidentSetSize of job (KB)
...
006 (6919.391.000) 2026-04-16 14:31:17 Image size of job updated: 1132164
	1087  -  MemoryUsage of job (MB)
	1112332  -  ResidentSetSize of job (KB)
...
006 (6919.391.000) 2026-04-16 14:36:18 Image size of job updated: 1134356
	1088  -  MemoryUsage of job (MB)
	1113708  -  ResidentSetSize of job (KB)
...
006 (6919.391.000) 2026-04-16 14:38:39 Image size of job updated: 1176476
	1088  -  MemoryUsage of job (MB)
	1113708  -  ResidentSetSize of job (KB)
...
005 (6919.391.000) 2026-04-16 14:38:40 Job terminated.
	(1) Normal termination (return value 0)
		Usr 0 02:16:13, Sys 0 00:00:58  -  Run Remote Usage
		Usr 0 00:00:00, Sys 0 00:00:00  -  Run Local Usage
		Usr 0 02:16:13, Sys 0 00:00:58  -  Total Remote Usage
		Usr 0 00:00:00, Sys 0 00:00:00  -  Total Local Usage
	0  -  Run Bytes Sent By Job
	0  -  Run Bytes Received By Job
	0  -  Total Bytes Sent By Job
	0  -  Total Bytes Received By Job
	Partitionable Resources :    Usage  Request Allocated 
	   Cpus                 :     7.39        8         8 
	   Disk (KB)            :     1           1      2048 
	   GPUs                 :                           0 
	   Memory (MB)          :  1088        6144      6144 
	   TimeExecute (s)      :  1352                       
	   TimeSlotBusy (s)     :  1358                       
...
