000 (6919.352.000) 2026-04-16 09:41:22 Job submitted from host: <140.160.143.131:9618?addrs=140.160.143.131-9618&alias=cse-head.cluster.cs.wwu.edu&noUDP&sock=schedd_1483_cb0a>
...
001 (6919.352.000) 2026-04-16 13:24:58 Job executing on host: <140.160.143.150:9618?addrs=140.160.143.150-9618&alias=c-0-10.cluster.cs.wwu.edu&noUDP&sock=startd_1506_91b7>
	SlotName: slot1_2@c-0-10.cluster.cs.wwu.edu
	CondorScratchDir = "/var/lib/condor/execute/dir_1075866"
	Cpus = 8
	Disk = 2048
	GPUs = 0
	Memory = 6144
...
006 (6919.352.000) 2026-04-16 13:25:07 Image size of job updated: 356520
	349  -  MemoryUsage of job (MB)
	356520  -  ResidentSetSize of job (KB)
...
006 (6919.352.000) 2026-04-16 13:30:08 Image size of job updated: 1106072
	1045  -  MemoryUsage of job (MB)
	1069572  -  ResidentSetSize of job (KB)
...
006 (6919.352.000) 2026-04-16 13:32:21 Image size of job updated: 1140028
	1045  -  MemoryUsage of job (MB)
	1069572  -  ResidentSetSize of job (KB)
...
005 (6919.352.000) 2026-04-16 13:32:21 Job terminated.
	(1) Normal termination (return value 0)
		Usr 0 00:28:16, Sys 0 00:00:06  -  Run Remote Usage
		Usr 0 00:00:00, Sys 0 00:00:00  -  Run Local Usage
		Usr 0 00:28:16, Sys 0 00:00:06  -  Total Remote Usage
		Usr 0 00:00:00, Sys 0 00:00:00  -  Total Local Usage
	0  -  Run Bytes Sent By Job
	0  -  Run Bytes Received By Job
	0  -  Total Bytes Sent By Job
	0  -  Total Bytes Received By Job
	Partitionable Resources :    Usage  Request Allocated 
	   Cpus                 :     7.69        8         8 
	   Disk (KB)            :     1           1      2048 
	   GPUs                 :                           0 
	   Memory (MB)          :  1045        6144      6144 
	   TimeExecute (s)      :   443                       
	   TimeSlotBusy (s)     :   443                       
...
