000 (6919.268.000) 2026-04-16 09:41:22 Job submitted from host: <140.160.143.131:9618?addrs=140.160.143.131-9618&alias=cse-head.cluster.cs.wwu.edu&noUDP&sock=schedd_1483_cb0a>
...
001 (6919.268.000) 2026-04-16 12:01:54 Job executing on host: <140.160.143.151:9618?addrs=140.160.143.151-9618&alias=c-0-11.cluster.cs.wwu.edu&noUDP&sock=startd_1509_a080>
	SlotName: slot1_1@c-0-11.cluster.cs.wwu.edu
	CondorScratchDir = "/var/lib/condor/execute/dir_1069325"
	Cpus = 8
	Disk = 2048
	GPUs = 0
	Memory = 6144
...
006 (6919.268.000) 2026-04-16 12:02:02 Image size of job updated: 236720
	232  -  MemoryUsage of job (MB)
	236720  -  ResidentSetSize of job (KB)
...
006 (6919.268.000) 2026-04-16 12:07:02 Image size of job updated: 918384
	897  -  MemoryUsage of job (MB)
	918384  -  ResidentSetSize of job (KB)
...
006 (6919.268.000) 2026-04-16 12:09:28 Image size of job updated: 1049072
	897  -  MemoryUsage of job (MB)
	918384  -  ResidentSetSize of job (KB)
...
005 (6919.268.000) 2026-04-16 12:09:28 Job terminated.
	(1) Normal termination (return value 0)
		Usr 0 00:16:01, Sys 0 00:00:05  -  Run Remote Usage
		Usr 0 00:00:00, Sys 0 00:00:00  -  Run Local Usage
		Usr 0 00:16:01, Sys 0 00:00:05  -  Total Remote Usage
		Usr 0 00:00:00, Sys 0 00:00:00  -  Total Local Usage
	0  -  Run Bytes Sent By Job
	0  -  Run Bytes Received By Job
	0  -  Total Bytes Sent By Job
	0  -  Total Bytes Received By Job
	Partitionable Resources :    Usage  Request Allocated 
	   Cpus                 :     1.64        8         8 
	   Disk (KB)            :     1           1      2048 
	   GPUs                 :                           0 
	   Memory (MB)          :   897        6144      6144 
	   TimeExecute (s)      :   454                       
	   TimeSlotBusy (s)     :   454                       
...
