000 (6918.188.000) 2026-04-15 19:42:50 Job submitted from host: <140.160.143.131:9618?addrs=140.160.143.131-9618&alias=cse-head.cluster.cs.wwu.edu&noUDP&sock=schedd_1483_cb0a>
...
001 (6918.188.000) 2026-04-15 22:03:34 Job executing on host: <140.160.143.185:9618?addrs=140.160.143.185-9618&alias=c-0-16.cluster.cs.wwu.edu&noUDP&sock=startd_1431_201d>
	SlotName: slot1_2@c-0-16.cluster.cs.wwu.edu
	CondorScratchDir = "/var/lib/condor/execute/dir_1053176"
	Cpus = 8
	Disk = 2048
	GPUs = 0
	Memory = 4096
...
006 (6918.188.000) 2026-04-15 22:03:43 Image size of job updated: 106296
	104  -  MemoryUsage of job (MB)
	106296  -  ResidentSetSize of job (KB)
...
006 (6918.188.000) 2026-04-15 22:08:44 Image size of job updated: 733524
	715  -  MemoryUsage of job (MB)
	731696  -  ResidentSetSize of job (KB)
...
006 (6918.188.000) 2026-04-15 22:09:30 Image size of job updated: 765252
	715  -  MemoryUsage of job (MB)
	731696  -  ResidentSetSize of job (KB)
...
005 (6918.188.000) 2026-04-15 22:09:30 Job terminated.
	(1) Normal termination (return value 0)
		Usr 0 00:06:11, Sys 0 00:00:02  -  Run Remote Usage
		Usr 0 00:00:00, Sys 0 00:00:00  -  Run Local Usage
		Usr 0 00:06:11, Sys 0 00:00:02  -  Total Remote Usage
		Usr 0 00:00:00, Sys 0 00:00:00  -  Total Local Usage
	0  -  Run Bytes Sent By Job
	0  -  Run Bytes Received By Job
	0  -  Total Bytes Sent By Job
	0  -  Total Bytes Received By Job
	Partitionable Resources :    Usage  Request Allocated 
	   Cpus                 :     1.05        8         8 
	   Disk (KB)            :     1           1      2048 
	   GPUs                 :                           0 
	   Memory (MB)          :   715        4096      4096 
	   TimeExecute (s)      :   356                       
	   TimeSlotBusy (s)     :   356                       
...
