000 (6920.267.000) 2026-04-16 09:44:16 Job submitted from host: <140.160.143.131:9618?addrs=140.160.143.131-9618&alias=cse-head.cluster.cs.wwu.edu&noUDP&sock=schedd_1483_cb0a>
...
001 (6920.267.000) 2026-04-16 16:53:17 Job executing on host: <140.160.143.144:9618?addrs=140.160.143.144-9618&alias=c-0-4.cluster.cs.wwu.edu&noUDP&sock=startd_1367_3a0d>
	SlotName: slot1_3@c-0-4.cluster.cs.wwu.edu
	CondorScratchDir = "/var/lib/condor/execute/dir_1075381"
	Cpus = 8
	Disk = 2048
	GPUs = 0
	Memory = 9216
...
006 (6920.267.000) 2026-04-16 16:53:26 Image size of job updated: 102216
	100  -  MemoryUsage of job (MB)
	102216  -  ResidentSetSize of job (KB)
...
006 (6920.267.000) 2026-04-16 16:58:27 Image size of job updated: 922116
	901  -  MemoryUsage of job (MB)
	922116  -  ResidentSetSize of job (KB)
...
006 (6920.267.000) 2026-04-16 17:03:27 Image size of job updated: 992120
	941  -  MemoryUsage of job (MB)
	963508  -  ResidentSetSize of job (KB)
...
005 (6920.267.000) 2026-04-16 17:08:14 Job terminated.
	(1) Normal termination (return value 0)
		Usr 0 00:46:58, Sys 0 00:00:08  -  Run Remote Usage
		Usr 0 00:00:00, Sys 0 00:00:00  -  Run Local Usage
		Usr 0 00:46:58, Sys 0 00:00:08  -  Total Remote Usage
		Usr 0 00:00:00, Sys 0 00:00:00  -  Total Local Usage
	0  -  Run Bytes Sent By Job
	0  -  Run Bytes Received By Job
	0  -  Total Bytes Sent By Job
	0  -  Total Bytes Received By Job
	Partitionable Resources :    Usage  Request Allocated 
	   Cpus                 :     4.12        8         8 
	   Disk (KB)            :     1           1      2048 
	   GPUs                 :                           0 
	   Memory (MB)          :   941        9216      9216 
	   TimeExecute (s)      :   897                       
	   TimeSlotBusy (s)     :   897                       
...
