000 (6919.181.000) 2026-04-16 09:41:22 Job submitted from host: <140.160.143.131:9618?addrs=140.160.143.131-9618&alias=cse-head.cluster.cs.wwu.edu&noUDP&sock=schedd_1483_cb0a>
...
001 (6919.181.000) 2026-04-16 11:12:02 Job executing on host: <140.160.143.151:9618?addrs=140.160.143.151-9618&alias=c-0-11.cluster.cs.wwu.edu&noUDP&sock=startd_1509_a080>
	SlotName: slot1_1@c-0-11.cluster.cs.wwu.edu
	CondorScratchDir = "/var/lib/condor/execute/dir_1067539"
	Cpus = 8
	Disk = 2048
	GPUs = 0
	Memory = 6144
...
006 (6919.181.000) 2026-04-16 11:12:11 Image size of job updated: 291504
	285  -  MemoryUsage of job (MB)
	291504  -  ResidentSetSize of job (KB)
...
006 (6919.181.000) 2026-04-16 11:17:12 Image size of job updated: 866276
	846  -  MemoryUsage of job (MB)
	866276  -  ResidentSetSize of job (KB)
...
006 (6919.181.000) 2026-04-16 11:17:53 Image size of job updated: 867340
	846  -  MemoryUsage of job (MB)
	866276  -  ResidentSetSize of job (KB)
...
005 (6919.181.000) 2026-04-16 11:17:53 Job terminated.
	(1) Normal termination (return value 0)
		Usr 0 00:06:20, Sys 0 00:00:02  -  Run Remote Usage
		Usr 0 00:00:00, Sys 0 00:00:00  -  Run Local Usage
		Usr 0 00:06:20, Sys 0 00:00:02  -  Total Remote Usage
		Usr 0 00:00:00, Sys 0 00:00:00  -  Total Local Usage
	0  -  Run Bytes Sent By Job
	0  -  Run Bytes Received By Job
	0  -  Total Bytes Sent By Job
	0  -  Total Bytes Received By Job
	Partitionable Resources :    Usage  Request Allocated 
	   Cpus                 :     1.08        8         8 
	   Disk (KB)            :     1           1      2048 
	   GPUs                 :                           0 
	   Memory (MB)          :   846        6144      6144 
	   TimeExecute (s)      :   351                       
	   TimeSlotBusy (s)     :   351                       
...
