000 (6918.018.000) 2026-04-15 19:42:50 Job submitted from host: <140.160.143.131:9618?addrs=140.160.143.131-9618&alias=cse-head.cluster.cs.wwu.edu&noUDP&sock=schedd_1483_cb0a>
...
001 (6918.018.000) 2026-04-15 19:54:51 Job executing on host: <140.160.143.185:9618?addrs=140.160.143.185-9618&alias=c-0-16.cluster.cs.wwu.edu&noUDP&sock=startd_1431_201d>
	SlotName: slot1_2@c-0-16.cluster.cs.wwu.edu
	CondorScratchDir = "/var/lib/condor/execute/dir_1049191"
	Cpus = 8
	Disk = 2048
	GPUs = 0
	Memory = 4096
...
006 (6918.018.000) 2026-04-15 19:55:00 Image size of job updated: 107076
	105  -  MemoryUsage of job (MB)
	107076  -  ResidentSetSize of job (KB)
...
006 (6918.018.000) 2026-04-15 20:00:01 Image size of job updated: 726468
	708  -  MemoryUsage of job (MB)
	724632  -  ResidentSetSize of job (KB)
...
006 (6918.018.000) 2026-04-15 20:00:42 Image size of job updated: 740248
	708  -  MemoryUsage of job (MB)
	724632  -  ResidentSetSize of job (KB)
...
005 (6918.018.000) 2026-04-15 20:00:42 Job terminated.
	(1) Normal termination (return value 0)
		Usr 0 00:05:53, Sys 0 00:00:02  -  Run Remote Usage
		Usr 0 00:00:00, Sys 0 00:00:00  -  Run Local Usage
		Usr 0 00:05:53, Sys 0 00:00:02  -  Total Remote Usage
		Usr 0 00:00:00, Sys 0 00:00:00  -  Total Local Usage
	0  -  Run Bytes Sent By Job
	0  -  Run Bytes Received By Job
	0  -  Total Bytes Sent By Job
	0  -  Total Bytes Received By Job
	Partitionable Resources :    Usage  Request Allocated 
	   Cpus                 :     1.03        8         8 
	   Disk (KB)            :     1           1      2048 
	   GPUs                 :                           0 
	   Memory (MB)          :   708        4096      4096 
	   TimeExecute (s)      :   351                       
	   TimeSlotBusy (s)     :   351                       
...
