000 (6918.344.000) 2026-04-15 19:42:51 Job submitted from host: <140.160.143.131:9618?addrs=140.160.143.131-9618&alias=cse-head.cluster.cs.wwu.edu&noUDP&sock=schedd_1483_cb0a>
...
001 (6918.344.000) 2026-04-16 00:13:04 Job executing on host: <140.160.143.143:9618?addrs=140.160.143.143-9618&alias=c-0-3.cluster.cs.wwu.edu&noUDP&sock=startd_1365_dadd>
	SlotName: slot1_1@c-0-3.cluster.cs.wwu.edu
	CondorScratchDir = "/var/lib/condor/execute/dir_1054268"
	Cpus = 8
	Disk = 2048
	GPUs = 0
	Memory = 4096
...
006 (6918.344.000) 2026-04-16 00:13:12 Image size of job updated: 102860
	101  -  MemoryUsage of job (MB)
	102860  -  ResidentSetSize of job (KB)
...
006 (6918.344.000) 2026-04-16 00:18:12 Image size of job updated: 704748
	687  -  MemoryUsage of job (MB)
	702792  -  ResidentSetSize of job (KB)
...
006 (6918.344.000) 2026-04-16 00:23:13 Image size of job updated: 1108992
	1080  -  MemoryUsage of job (MB)
	1105748  -  ResidentSetSize of job (KB)
...
005 (6918.344.000) 2026-04-16 00:23:50 Job terminated.
	(1) Normal termination (return value 0)
		Usr 0 00:27:33, Sys 0 00:00:09  -  Run Remote Usage
		Usr 0 00:00:00, Sys 0 00:00:00  -  Run Local Usage
		Usr 0 00:27:33, Sys 0 00:00:09  -  Total Remote Usage
		Usr 0 00:00:00, Sys 0 00:00:00  -  Total Local Usage
	0  -  Run Bytes Sent By Job
	0  -  Run Bytes Received By Job
	0  -  Total Bytes Sent By Job
	0  -  Total Bytes Received By Job
	Partitionable Resources :    Usage  Request Allocated 
	   Cpus                 :     1.02        8         8 
	   Disk (KB)            :     1           1      2048 
	   GPUs                 :                           0 
	   Memory (MB)          :  1080        4096      4096 
	   TimeExecute (s)      :   645                       
	   TimeSlotBusy (s)     :   645                       
...
