000 (6920.315.000) 2026-04-16 09:44:16 Job submitted from host: <140.160.143.131:9618?addrs=140.160.143.131-9618&alias=cse-head.cluster.cs.wwu.edu&noUDP&sock=schedd_1483_cb0a>
...
001 (6920.315.000) 2026-04-16 17:40:02 Job executing on host: <140.160.143.148:9618?addrs=140.160.143.148-9618&alias=c-0-8.cluster.cs.wwu.edu&noUDP&sock=startd_1538_84bf>
	SlotName: slot1_4@c-0-8.cluster.cs.wwu.edu
	CondorScratchDir = "/var/lib/condor/execute/dir_1092121"
	Cpus = 8
	Disk = 2048
	GPUs = 0
	Memory = 9216
...
006 (6920.315.000) 2026-04-16 17:40:11 Image size of job updated: 255996
	250  -  MemoryUsage of job (MB)
	255996  -  ResidentSetSize of job (KB)
...
006 (6920.315.000) 2026-04-16 17:45:12 Image size of job updated: 922660
	901  -  MemoryUsage of job (MB)
	921776  -  ResidentSetSize of job (KB)
...
006 (6920.315.000) 2026-04-16 17:50:12 Image size of job updated: 1135876
	1071  -  MemoryUsage of job (MB)
	1095736  -  ResidentSetSize of job (KB)
...
005 (6920.315.000) 2026-04-16 17:53:50 Job terminated.
	(1) Normal termination (return value 0)
		Usr 0 00:37:52, Sys 0 00:00:11  -  Run Remote Usage
		Usr 0 00:00:00, Sys 0 00:00:00  -  Run Local Usage
		Usr 0 00:37:52, Sys 0 00:00:11  -  Total Remote Usage
		Usr 0 00:00:00, Sys 0 00:00:00  -  Total Local Usage
	0  -  Run Bytes Sent By Job
	0  -  Run Bytes Received By Job
	0  -  Total Bytes Sent By Job
	0  -  Total Bytes Received By Job
	Partitionable Resources :    Usage  Request Allocated 
	   Cpus                 :     3.82        8         8 
	   Disk (KB)            :     1           1      2048 
	   GPUs                 :                           0 
	   Memory (MB)          :  1071        9216      9216 
	   TimeExecute (s)      :   828                       
	   TimeSlotBusy (s)     :   828                       
...
