000 (6919.342.000) 2026-04-16 09:41:22 Job submitted from host: <140.160.143.131:9618?addrs=140.160.143.131-9618&alias=cse-head.cluster.cs.wwu.edu&noUDP&sock=schedd_1483_cb0a>
...
001 (6919.342.000) 2026-04-16 13:13:28 Job executing on host: <140.160.143.143:9618?addrs=140.160.143.143-9618&alias=c-0-3.cluster.cs.wwu.edu&noUDP&sock=startd_1365_dadd>
	SlotName: slot1_1@c-0-3.cluster.cs.wwu.edu
	CondorScratchDir = "/var/lib/condor/execute/dir_1074819"
	Cpus = 8
	Disk = 2048
	GPUs = 0
	Memory = 6144
...
006 (6919.342.000) 2026-04-16 13:13:36 Image size of job updated: 98796
	97  -  MemoryUsage of job (MB)
	98796  -  ResidentSetSize of job (KB)
...
006 (6919.342.000) 2026-04-16 13:18:36 Image size of job updated: 712840
	685  -  MemoryUsage of job (MB)
	700888  -  ResidentSetSize of job (KB)
...
006 (6919.342.000) 2026-04-16 13:23:36 Image size of job updated: 1110256
	1082  -  MemoryUsage of job (MB)
	1107736  -  ResidentSetSize of job (KB)
...
005 (6919.342.000) 2026-04-16 13:26:18 Job terminated.
	(1) Normal termination (return value 0)
		Usr 0 00:38:03, Sys 0 00:00:26  -  Run Remote Usage
		Usr 0 00:00:00, Sys 0 00:00:00  -  Run Local Usage
		Usr 0 00:38:03, Sys 0 00:00:26  -  Total Remote Usage
		Usr 0 00:00:00, Sys 0 00:00:00  -  Total Local Usage
	0  -  Run Bytes Sent By Job
	0  -  Run Bytes Received By Job
	0  -  Total Bytes Sent By Job
	0  -  Total Bytes Received By Job
	Partitionable Resources :    Usage  Request Allocated 
	   Cpus                 :     7.05        8         8 
	   Disk (KB)            :     1           1      2048 
	   GPUs                 :                           0 
	   Memory (MB)          :  1082        6144      6144 
	   TimeExecute (s)      :   771                       
	   TimeSlotBusy (s)     :   771                       
...
