000 (6920.354.000) 2026-04-16 09:44:16 Job submitted from host: <140.160.143.131:9618?addrs=140.160.143.131-9618&alias=cse-head.cluster.cs.wwu.edu&noUDP&sock=schedd_1483_cb0a>
...
001 (6920.354.000) 2026-04-16 18:19:29 Job executing on host: <140.160.143.149:9618?addrs=140.160.143.149-9618&alias=c-0-9.cluster.cs.wwu.edu&noUDP&sock=startd_1570_77c7>
	SlotName: slot1_3@c-0-9.cluster.cs.wwu.edu
	CondorScratchDir = "/var/lib/condor/execute/dir_1103296"
	Cpus = 8
	Disk = 2048
	GPUs = 0
	Memory = 9216
...
006 (6920.354.000) 2026-04-16 18:19:37 Image size of job updated: 430884
	421  -  MemoryUsage of job (MB)
	430884  -  ResidentSetSize of job (KB)
...
006 (6920.354.000) 2026-04-16 18:24:37 Image size of job updated: 1166588
	1139  -  MemoryUsage of job (MB)
	1166200  -  ResidentSetSize of job (KB)
...
006 (6920.354.000) 2026-04-16 18:27:48 Image size of job updated: 1193684
	1139  -  MemoryUsage of job (MB)
	1166200  -  ResidentSetSize of job (KB)
...
005 (6920.354.000) 2026-04-16 18:27:48 Job terminated.
	(1) Normal termination (return value 0)
		Usr 0 00:29:49, Sys 0 00:00:07  -  Run Remote Usage
		Usr 0 00:00:00, Sys 0 00:00:00  -  Run Local Usage
		Usr 0 00:29:49, Sys 0 00:00:07  -  Total Remote Usage
		Usr 0 00:00:00, Sys 0 00:00:00  -  Total Local Usage
	0  -  Run Bytes Sent By Job
	0  -  Run Bytes Received By Job
	0  -  Total Bytes Sent By Job
	0  -  Total Bytes Received By Job
	Partitionable Resources :    Usage  Request Allocated 
	   Cpus                 :     1.15        8         8 
	   Disk (KB)            :     1           1      2048 
	   GPUs                 :                           0 
	   Memory (MB)          :  1139        9216      9216 
	   TimeExecute (s)      :   500                       
	   TimeSlotBusy (s)     :   500                       
...
