000 (6919.376.000) 2026-04-16 09:41:23 Job submitted from host: <140.160.143.131:9618?addrs=140.160.143.131-9618&alias=cse-head.cluster.cs.wwu.edu&noUDP&sock=schedd_1483_cb0a>
...
001 (6919.376.000) 2026-04-16 13:56:39 Job executing on host: <140.160.143.149:9618?addrs=140.160.143.149-9618&alias=c-0-9.cluster.cs.wwu.edu&noUDP&sock=startd_1570_77c7>
	SlotName: slot1_4@c-0-9.cluster.cs.wwu.edu
	CondorScratchDir = "/var/lib/condor/execute/dir_1092745"
	Cpus = 8
	Disk = 2048
	GPUs = 0
	Memory = 6144
...
006 (6919.376.000) 2026-04-16 13:56:47 Image size of job updated: 394736
	386  -  MemoryUsage of job (MB)
	394736  -  ResidentSetSize of job (KB)
...
006 (6919.376.000) 2026-04-16 14:01:47 Image size of job updated: 1080252
	993  -  MemoryUsage of job (MB)
	1016752  -  ResidentSetSize of job (KB)
...
006 (6919.376.000) 2026-04-16 14:06:48 Image size of job updated: 1173500
	1134  -  MemoryUsage of job (MB)
	1160420  -  ResidentSetSize of job (KB)
...
005 (6919.376.000) 2026-04-16 14:07:19 Job terminated.
	(1) Normal termination (return value 0)
		Usr 0 00:45:47, Sys 0 00:00:32  -  Run Remote Usage
		Usr 0 00:00:00, Sys 0 00:00:00  -  Run Local Usage
		Usr 0 00:45:47, Sys 0 00:00:32  -  Total Remote Usage
		Usr 0 00:00:00, Sys 0 00:00:00  -  Total Local Usage
	0  -  Run Bytes Sent By Job
	0  -  Run Bytes Received By Job
	0  -  Total Bytes Sent By Job
	0  -  Total Bytes Received By Job
	Partitionable Resources :    Usage  Request Allocated 
	   Cpus                 :     6.32        8         8 
	   Disk (KB)            :     1           1      2048 
	   GPUs                 :                           0 
	   Memory (MB)          :  1134        6144      6144 
	   TimeExecute (s)      :   639                       
	   TimeSlotBusy (s)     :   639                       
...
