000 (6918.305.000) 2026-04-15 19:42:51 Job submitted from host: <140.160.143.131:9618?addrs=140.160.143.131-9618&alias=cse-head.cluster.cs.wwu.edu&noUDP&sock=schedd_1483_cb0a>
...
001 (6918.305.000) 2026-04-15 23:35:03 Job executing on host: <140.160.143.149:9618?addrs=140.160.143.149-9618&alias=c-0-9.cluster.cs.wwu.edu&noUDP&sock=startd_1570_77c7>
	SlotName: slot1_3@c-0-9.cluster.cs.wwu.edu
	CondorScratchDir = "/var/lib/condor/execute/dir_1064235"
	Cpus = 8
	Disk = 2048
	GPUs = 0
	Memory = 4096
...
006 (6918.305.000) 2026-04-15 23:35:12 Image size of job updated: 353256
	345  -  MemoryUsage of job (MB)
	353256  -  ResidentSetSize of job (KB)
...
006 (6918.305.000) 2026-04-15 23:40:13 Image size of job updated: 970220
	946  -  MemoryUsage of job (MB)
	968232  -  ResidentSetSize of job (KB)
...
006 (6918.305.000) 2026-04-15 23:42:19 Image size of job updated: 1076648
	946  -  MemoryUsage of job (MB)
	968232  -  ResidentSetSize of job (KB)
...
005 (6918.305.000) 2026-04-15 23:42:19 Job terminated.
	(1) Normal termination (return value 0)
		Usr 0 00:18:57, Sys 0 00:00:09  -  Run Remote Usage
		Usr 0 00:00:00, Sys 0 00:00:00  -  Run Local Usage
		Usr 0 00:18:57, Sys 0 00:00:09  -  Total Remote Usage
		Usr 0 00:00:00, Sys 0 00:00:00  -  Total Local Usage
	0  -  Run Bytes Sent By Job
	0  -  Run Bytes Received By Job
	0  -  Total Bytes Sent By Job
	0  -  Total Bytes Received By Job
	Partitionable Resources :    Usage  Request Allocated 
	   Cpus                 :     1.01        8         8 
	   Disk (KB)            :     1           1      2048 
	   GPUs                 :                           0 
	   Memory (MB)          :   946        4096      4096 
	   TimeExecute (s)      :   436                       
	   TimeSlotBusy (s)     :   436                       
...
