000 (6920.323.000) 2026-04-16 09:44:16 Job submitted from host: <140.160.143.131:9618?addrs=140.160.143.131-9618&alias=cse-head.cluster.cs.wwu.edu&noUDP&sock=schedd_1483_cb0a>
...
001 (6920.323.000) 2026-04-16 17:49:02 Job executing on host: <140.160.143.143:9618?addrs=140.160.143.143-9618&alias=c-0-3.cluster.cs.wwu.edu&noUDP&sock=startd_1365_dadd>
	SlotName: slot1_1@c-0-3.cluster.cs.wwu.edu
	CondorScratchDir = "/var/lib/condor/execute/dir_1082602"
	Cpus = 8
	Disk = 2048
	GPUs = 0
	Memory = 9216
...
006 (6920.323.000) 2026-04-16 17:49:11 Image size of job updated: 103508
	102  -  MemoryUsage of job (MB)
	103508  -  ResidentSetSize of job (KB)
...
006 (6920.323.000) 2026-04-16 17:54:12 Image size of job updated: 716052
	697  -  MemoryUsage of job (MB)
	713716  -  ResidentSetSize of job (KB)
...
006 (6920.323.000) 2026-04-16 17:59:12 Image size of job updated: 1048720
	1025  -  MemoryUsage of job (MB)
	1048704  -  ResidentSetSize of job (KB)
...
006 (6920.323.000) 2026-04-16 18:03:17 Image size of job updated: 1051768
	1025  -  MemoryUsage of job (MB)
	1048704  -  ResidentSetSize of job (KB)
...
005 (6920.323.000) 2026-04-16 18:03:18 Job terminated.
	(1) Normal termination (return value 0)
		Usr 0 00:31:29, Sys 0 00:00:12  -  Run Remote Usage
		Usr 0 00:00:00, Sys 0 00:00:00  -  Run Local Usage
		Usr 0 00:31:29, Sys 0 00:00:12  -  Total Remote Usage
		Usr 0 00:00:00, Sys 0 00:00:00  -  Total Local Usage
	0  -  Run Bytes Sent By Job
	0  -  Run Bytes Received By Job
	0  -  Total Bytes Sent By Job
	0  -  Total Bytes Received By Job
	Partitionable Resources :    Usage  Request Allocated 
	   Cpus                 :     3.79        8         8 
	   Disk (KB)            :     1           1      2048 
	   GPUs                 :                           0 
	   Memory (MB)          :  1025        9216      9216 
	   TimeExecute (s)      :   855                       
	   TimeSlotBusy (s)     :   855                       
...
