000 (6918.393.000) 2026-04-15 19:42:51 Job submitted from host: <140.160.143.131:9618?addrs=140.160.143.131-9618&alias=cse-head.cluster.cs.wwu.edu&noUDP&sock=schedd_1483_cb0a>
...
001 (6918.393.000) 2026-04-16 01:09:47 Job executing on host: <140.160.143.150:9618?addrs=140.160.143.150-9618&alias=c-0-10.cluster.cs.wwu.edu&noUDP&sock=startd_1506_91b7>
	SlotName: slot1_3@c-0-10.cluster.cs.wwu.edu
	CondorScratchDir = "/var/lib/condor/execute/dir_1055799"
	Cpus = 8
	Disk = 2048
	GPUs = 0
	Memory = 4096
...
006 (6918.393.000) 2026-04-16 01:09:56 Image size of job updated: 253916
	248  -  MemoryUsage of job (MB)
	253916  -  ResidentSetSize of job (KB)
...
006 (6918.393.000) 2026-04-16 01:14:57 Image size of job updated: 1045152
	1021  -  MemoryUsage of job (MB)
	1045152  -  ResidentSetSize of job (KB)
...
006 (6918.393.000) 2026-04-16 01:19:57 Image size of job updated: 1101952
	1077  -  MemoryUsage of job (MB)
	1101952  -  ResidentSetSize of job (KB)
...
006 (6918.393.000) 2026-04-16 01:24:58 Image size of job updated: 1205092
	1107  -  MemoryUsage of job (MB)
	1132852  -  ResidentSetSize of job (KB)
...
005 (6918.393.000) 2026-04-16 01:25:04 Job terminated.
	(1) Normal termination (return value 0)
		Usr 0 01:15:50, Sys 0 00:00:21  -  Run Remote Usage
		Usr 0 00:00:00, Sys 0 00:00:00  -  Run Local Usage
		Usr 0 01:15:50, Sys 0 00:00:21  -  Total Remote Usage
		Usr 0 00:00:00, Sys 0 00:00:00  -  Total Local Usage
	0  -  Run Bytes Sent By Job
	0  -  Run Bytes Received By Job
	0  -  Total Bytes Sent By Job
	0  -  Total Bytes Received By Job
	Partitionable Resources :    Usage  Request Allocated 
	   Cpus                 :     7.54        8         8 
	   Disk (KB)            :     1           1      2048 
	   GPUs                 :                           0 
	   Memory (MB)          :  1107        4096      4096 
	   TimeExecute (s)      :   917                       
	   TimeSlotBusy (s)     :   917                       
...
