000 (6918.381.000) 2026-04-15 19:42:51 Job submitted from host: <140.160.143.131:9618?addrs=140.160.143.131-9618&alias=cse-head.cluster.cs.wwu.edu&noUDP&sock=schedd_1483_cb0a>
...
001 (6918.381.000) 2026-04-16 00:54:47 Job executing on host: <140.160.143.185:9618?addrs=140.160.143.185-9618&alias=c-0-16.cluster.cs.wwu.edu&noUDP&sock=startd_1431_201d>
	SlotName: slot1_2@c-0-16.cluster.cs.wwu.edu
	CondorScratchDir = "/var/lib/condor/execute/dir_1058625"
	Cpus = 8
	Disk = 2048
	GPUs = 0
	Memory = 4096
...
006 (6918.381.000) 2026-04-16 00:54:56 Image size of job updated: 102736
	101  -  MemoryUsage of job (MB)
	102736  -  ResidentSetSize of job (KB)
...
006 (6918.381.000) 2026-04-16 00:59:57 Image size of job updated: 878136
	858  -  MemoryUsage of job (MB)
	878136  -  ResidentSetSize of job (KB)
...
006 (6918.381.000) 2026-04-16 01:04:57 Image size of job updated: 1090660
	1031  -  MemoryUsage of job (MB)
	1055292  -  ResidentSetSize of job (KB)
...
006 (6918.381.000) 2026-04-16 01:07:36 Image size of job updated: 1103328
	1031  -  MemoryUsage of job (MB)
	1055292  -  ResidentSetSize of job (KB)
...
005 (6918.381.000) 2026-04-16 01:07:36 Job terminated.
	(1) Normal termination (return value 0)
		Usr 0 00:53:00, Sys 0 00:00:11  -  Run Remote Usage
		Usr 0 00:00:00, Sys 0 00:00:00  -  Run Local Usage
		Usr 0 00:53:00, Sys 0 00:00:11  -  Total Remote Usage
		Usr 0 00:00:00, Sys 0 00:00:00  -  Total Local Usage
	0  -  Run Bytes Sent By Job
	0  -  Run Bytes Received By Job
	0  -  Total Bytes Sent By Job
	0  -  Total Bytes Received By Job
	Partitionable Resources :    Usage  Request Allocated 
	   Cpus                 :     7.17        8         8 
	   Disk (KB)            :     1           1      2048 
	   GPUs                 :                           0 
	   Memory (MB)          :  1031        4096      4096 
	   TimeExecute (s)      :   769                       
	   TimeSlotBusy (s)     :   769                       
...
