000 (6918.395.000) 2026-04-15 19:42:51 Job submitted from host: <140.160.143.131:9618?addrs=140.160.143.131-9618&alias=cse-head.cluster.cs.wwu.edu&noUDP&sock=schedd_1483_cb0a>
...
001 (6918.395.000) 2026-04-16 01:14:47 Job executing on host: <140.160.143.151:9618?addrs=140.160.143.151-9618&alias=c-0-11.cluster.cs.wwu.edu&noUDP&sock=startd_1509_a080>
	SlotName: slot1_1@c-0-11.cluster.cs.wwu.edu
	CondorScratchDir = "/var/lib/condor/execute/dir_1051973"
	Cpus = 8
	Disk = 2048
	GPUs = 0
	Memory = 4096
...
006 (6918.395.000) 2026-04-16 01:14:56 Image size of job updated: 300424
	294  -  MemoryUsage of job (MB)
	300424  -  ResidentSetSize of job (KB)
...
006 (6918.395.000) 2026-04-16 01:19:57 Image size of job updated: 1070096
	1046  -  MemoryUsage of job (MB)
	1070096  -  ResidentSetSize of job (KB)
...
006 (6918.395.000) 2026-04-16 01:24:57 Image size of job updated: 1104540
	1061  -  MemoryUsage of job (MB)
	1086420  -  ResidentSetSize of job (KB)
...
006 (6918.395.000) 2026-04-16 01:26:22 Image size of job updated: 1111048
	1061  -  MemoryUsage of job (MB)
	1086420  -  ResidentSetSize of job (KB)
...
005 (6918.395.000) 2026-04-16 01:26:22 Job terminated.
	(1) Normal termination (return value 0)
		Usr 0 00:50:41, Sys 0 00:00:10  -  Run Remote Usage
		Usr 0 00:00:00, Sys 0 00:00:00  -  Run Local Usage
		Usr 0 00:50:41, Sys 0 00:00:10  -  Total Remote Usage
		Usr 0 00:00:00, Sys 0 00:00:00  -  Total Local Usage
	0  -  Run Bytes Sent By Job
	0  -  Run Bytes Received By Job
	0  -  Total Bytes Sent By Job
	0  -  Total Bytes Received By Job
	Partitionable Resources :    Usage  Request Allocated 
	   Cpus                 :     6.98        8         8 
	   Disk (KB)            :     1           1      2048 
	   GPUs                 :                           0 
	   Memory (MB)          :  1061        4096      4096 
	   TimeExecute (s)      :   695                       
	   TimeSlotBusy (s)     :   695                       
...
