000 (6918.067.000) 2026-04-15 19:42:51 Job submitted from host: <140.160.143.131:9618?addrs=140.160.143.131-9618&alias=cse-head.cluster.cs.wwu.edu&noUDP&sock=schedd_1483_cb0a>
...
001 (6918.067.000) 2026-04-15 20:31:06 Job executing on host: <140.160.143.144:9618?addrs=140.160.143.144-9618&alias=c-0-4.cluster.cs.wwu.edu&noUDP&sock=startd_1367_3a0d>
	SlotName: slot1_3@c-0-4.cluster.cs.wwu.edu
	CondorScratchDir = "/var/lib/condor/execute/dir_1041217"
	Cpus = 8
	Disk = 2048
	GPUs = 0
	Memory = 4096
...
006 (6918.067.000) 2026-04-15 20:31:14 Image size of job updated: 102904
	101  -  MemoryUsage of job (MB)
	102904  -  ResidentSetSize of job (KB)
...
006 (6918.067.000) 2026-04-15 20:36:14 Image size of job updated: 711880
	692  -  MemoryUsage of job (MB)
	707648  -  ResidentSetSize of job (KB)
...
006 (6918.067.000) 2026-04-15 20:39:01 Image size of job updated: 738940
	692  -  MemoryUsage of job (MB)
	707648  -  ResidentSetSize of job (KB)
...
005 (6918.067.000) 2026-04-15 20:39:01 Job terminated.
	(1) Normal termination (return value 0)
		Usr 0 00:08:04, Sys 0 00:00:02  -  Run Remote Usage
		Usr 0 00:00:00, Sys 0 00:00:00  -  Run Local Usage
		Usr 0 00:08:04, Sys 0 00:00:02  -  Total Remote Usage
		Usr 0 00:00:00, Sys 0 00:00:00  -  Total Local Usage
	0  -  Run Bytes Sent By Job
	0  -  Run Bytes Received By Job
	0  -  Total Bytes Sent By Job
	0  -  Total Bytes Received By Job
	Partitionable Resources :    Usage  Request Allocated 
	   Cpus                 :     1.01        8         8 
	   Disk (KB)            :     1           1      2048 
	   GPUs                 :                           0 
	   Memory (MB)          :   692        4096      4096 
	   TimeExecute (s)      :   475                       
	   TimeSlotBusy (s)     :   475                       
...
