000 (6918.205.000) 2026-04-15 19:42:50 Job submitted from host: <140.160.143.131:9618?addrs=140.160.143.131-9618&alias=cse-head.cluster.cs.wwu.edu&noUDP&sock=schedd_1483_cb0a>
...
001 (6918.205.000) 2026-04-15 22:16:15 Job executing on host: <140.160.143.148:9618?addrs=140.160.143.148-9618&alias=c-0-8.cluster.cs.wwu.edu&noUDP&sock=startd_1538_84bf>
	SlotName: slot1_4@c-0-8.cluster.cs.wwu.edu
	CondorScratchDir = "/var/lib/condor/execute/dir_1059307"
	Cpus = 8
	Disk = 2048
	GPUs = 0
	Memory = 4096
...
006 (6918.205.000) 2026-04-15 22:16:24 Image size of job updated: 255852
	250  -  MemoryUsage of job (MB)
	255852  -  ResidentSetSize of job (KB)
...
006 (6918.205.000) 2026-04-15 22:21:25 Image size of job updated: 748700
	732  -  MemoryUsage of job (MB)
	748700  -  ResidentSetSize of job (KB)
...
006 (6918.205.000) 2026-04-15 22:22:11 Image size of job updated: 778840
	732  -  MemoryUsage of job (MB)
	748700  -  ResidentSetSize of job (KB)
...
005 (6918.205.000) 2026-04-15 22:22:11 Job terminated.
	(1) Normal termination (return value 0)
		Usr 0 00:06:16, Sys 0 00:00:02  -  Run Remote Usage
		Usr 0 00:00:00, Sys 0 00:00:00  -  Run Local Usage
		Usr 0 00:06:16, Sys 0 00:00:02  -  Total Remote Usage
		Usr 0 00:00:00, Sys 0 00:00:00  -  Total Local Usage
	0  -  Run Bytes Sent By Job
	0  -  Run Bytes Received By Job
	0  -  Total Bytes Sent By Job
	0  -  Total Bytes Received By Job
	Partitionable Resources :    Usage  Request Allocated 
	   Cpus                 :     1.29        8         8 
	   Disk (KB)            :     1           1      2048 
	   GPUs                 :                           0 
	   Memory (MB)          :   732        4096      4096 
	   TimeExecute (s)      :   356                       
	   TimeSlotBusy (s)     :   356                       
...
