000 (6918.335.000) 2026-04-15 19:42:51 Job submitted from host: <140.160.143.131:9618?addrs=140.160.143.131-9618&alias=cse-head.cluster.cs.wwu.edu&noUDP&sock=schedd_1483_cb0a>
...
001 (6918.335.000) 2026-04-16 00:03:04 Job executing on host: <140.160.143.151:9618?addrs=140.160.143.151-9618&alias=c-0-11.cluster.cs.wwu.edu&noUDP&sock=startd_1509_a080>
	SlotName: slot1_1@c-0-11.cluster.cs.wwu.edu
	CondorScratchDir = "/var/lib/condor/execute/dir_1050188"
	Cpus = 8
	Disk = 2048
	GPUs = 0
	Memory = 4096
...
006 (6918.335.000) 2026-04-16 00:03:12 Image size of job updated: 236100
	231  -  MemoryUsage of job (MB)
	236100  -  ResidentSetSize of job (KB)
...
006 (6918.335.000) 2026-04-16 00:08:12 Image size of job updated: 1039348
	998  -  MemoryUsage of job (MB)
	1021244  -  ResidentSetSize of job (KB)
...
006 (6918.335.000) 2026-04-16 00:12:46 Image size of job updated: 1113612
	998  -  MemoryUsage of job (MB)
	1021244  -  ResidentSetSize of job (KB)
...
005 (6918.335.000) 2026-04-16 00:12:46 Job terminated.
	(1) Normal termination (return value 0)
		Usr 0 00:33:35, Sys 0 00:00:17  -  Run Remote Usage
		Usr 0 00:00:00, Sys 0 00:00:00  -  Run Local Usage
		Usr 0 00:33:35, Sys 0 00:00:17  -  Total Remote Usage
		Usr 0 00:00:00, Sys 0 00:00:00  -  Total Local Usage
	0  -  Run Bytes Sent By Job
	0  -  Run Bytes Received By Job
	0  -  Total Bytes Sent By Job
	0  -  Total Bytes Received By Job
	Partitionable Resources :    Usage  Request Allocated 
	   Cpus                 :     6.28        8         8 
	   Disk (KB)            :     1           1      2048 
	   GPUs                 :                           0 
	   Memory (MB)          :   998        4096      4096 
	   TimeExecute (s)      :   582                       
	   TimeSlotBusy (s)     :   582                       
...
