000 (6918.361.000) 2026-04-15 19:42:51 Job submitted from host: <140.160.143.131:9618?addrs=140.160.143.131-9618&alias=cse-head.cluster.cs.wwu.edu&noUDP&sock=schedd_1483_cb0a>
...
001 (6918.361.000) 2026-04-16 00:31:04 Job executing on host: <140.160.143.149:9618?addrs=140.160.143.149-9618&alias=c-0-9.cluster.cs.wwu.edu&noUDP&sock=startd_1570_77c7>
	SlotName: slot1_3@c-0-9.cluster.cs.wwu.edu
	CondorScratchDir = "/var/lib/condor/execute/dir_1066680"
	Cpus = 8
	Disk = 2048
	GPUs = 0
	Memory = 4096
...
006 (6918.361.000) 2026-04-16 00:31:13 Image size of job updated: 362520
	355  -  MemoryUsage of job (MB)
	362520  -  ResidentSetSize of job (KB)
...
006 (6918.361.000) 2026-04-16 00:36:14 Image size of job updated: 1057008
	1008  -  MemoryUsage of job (MB)
	1032116  -  ResidentSetSize of job (KB)
...
006 (6918.361.000) 2026-04-16 00:39:40 Image size of job updated: 1099356
	1008  -  MemoryUsage of job (MB)
	1032116  -  ResidentSetSize of job (KB)
...
005 (6918.361.000) 2026-04-16 00:39:40 Job terminated.
	(1) Normal termination (return value 0)
		Usr 0 00:33:12, Sys 0 00:00:08  -  Run Remote Usage
		Usr 0 00:00:00, Sys 0 00:00:00  -  Run Local Usage
		Usr 0 00:33:12, Sys 0 00:00:08  -  Total Remote Usage
		Usr 0 00:00:00, Sys 0 00:00:00  -  Total Local Usage
	0  -  Run Bytes Sent By Job
	0  -  Run Bytes Received By Job
	0  -  Total Bytes Sent By Job
	0  -  Total Bytes Received By Job
	Partitionable Resources :    Usage  Request Allocated 
	   Cpus                 :     6.93        8         8 
	   Disk (KB)            :     1           1      2048 
	   GPUs                 :                           0 
	   Memory (MB)          :  1008        4096      4096 
	   TimeExecute (s)      :   516                       
	   TimeSlotBusy (s)     :   516                       
...
