000 (6919.397.000) 2026-04-16 09:41:23 Job submitted from host: <140.160.143.131:9618?addrs=140.160.143.131-9618&alias=cse-head.cluster.cs.wwu.edu&noUDP&sock=schedd_1483_cb0a>
...
001 (6919.397.000) 2026-04-16 14:24:58 Job executing on host: <140.160.143.149:9618?addrs=140.160.143.149-9618&alias=c-0-9.cluster.cs.wwu.edu&noUDP&sock=startd_1570_77c7>
	SlotName: slot1_4@c-0-9.cluster.cs.wwu.edu
	CondorScratchDir = "/var/lib/condor/execute/dir_1093725"
	Cpus = 8
	Disk = 2048
	GPUs = 0
	Memory = 6144
...
006 (6919.397.000) 2026-04-16 14:25:06 Image size of job updated: 328864
	322  -  MemoryUsage of job (MB)
	328864  -  ResidentSetSize of job (KB)
...
006 (6919.397.000) 2026-04-16 14:30:06 Image size of job updated: 1043152
	1019  -  MemoryUsage of job (MB)
	1043152  -  ResidentSetSize of job (KB)
...
006 (6919.397.000) 2026-04-16 14:35:06 Image size of job updated: 1101596
	1068  -  MemoryUsage of job (MB)
	1093500  -  ResidentSetSize of job (KB)
...
006 (6919.397.000) 2026-04-16 14:40:07 Image size of job updated: 1185816
	1159  -  MemoryUsage of job (MB)
	1185816  -  ResidentSetSize of job (KB)
...
006 (6919.397.000) 2026-04-16 14:45:07 Image size of job updated: 1197192
	1159  -  MemoryUsage of job (MB)
	1185816  -  ResidentSetSize of job (KB)
...
005 (6919.397.000) 2026-04-16 14:52:40 Job terminated.
	(1) Normal termination (return value 0)
		Usr 0 02:45:30, Sys 0 00:02:04  -  Run Remote Usage
		Usr 0 00:00:00, Sys 0 00:00:00  -  Run Local Usage
		Usr 0 02:45:30, Sys 0 00:02:04  -  Total Remote Usage
		Usr 0 00:00:00, Sys 0 00:00:00  -  Total Local Usage
	0  -  Run Bytes Sent By Job
	0  -  Run Bytes Received By Job
	0  -  Total Bytes Sent By Job
	0  -  Total Bytes Received By Job
	Partitionable Resources :    Usage  Request Allocated 
	   Cpus                 :     1.79        8         8 
	   Disk (KB)            :     1           1      2048 
	   GPUs                 :                           0 
	   Memory (MB)          :  1159        6144      6144 
	   TimeExecute (s)      :  1662                       
	   TimeSlotBusy (s)     :  1663                       
...
