000 (6918.306.000) 2026-04-15 19:42:51 Job submitted from host: <140.160.143.131:9618?addrs=140.160.143.131-9618&alias=cse-head.cluster.cs.wwu.edu&noUDP&sock=schedd_1483_cb0a>
...
001 (6918.306.000) 2026-04-15 23:35:03 Job executing on host: <140.160.143.149:9618?addrs=140.160.143.149-9618&alias=c-0-9.cluster.cs.wwu.edu&noUDP&sock=startd_1570_77c7>
	SlotName: slot1_4@c-0-9.cluster.cs.wwu.edu
	CondorScratchDir = "/var/lib/condor/execute/dir_1064236"
	Cpus = 8
	Disk = 2048
	GPUs = 0
	Memory = 4096
...
006 (6918.306.000) 2026-04-15 23:35:12 Image size of job updated: 356008
	348  -  MemoryUsage of job (MB)
	356008  -  ResidentSetSize of job (KB)
...
006 (6918.306.000) 2026-04-15 23:40:13 Image size of job updated: 1063308
	1039  -  MemoryUsage of job (MB)
	1063308  -  ResidentSetSize of job (KB)
...
006 (6918.306.000) 2026-04-15 23:41:47 Image size of job updated: 1083316
	1039  -  MemoryUsage of job (MB)
	1063308  -  ResidentSetSize of job (KB)
...
005 (6918.306.000) 2026-04-15 23:41:48 Job terminated.
	(1) Normal termination (return value 0)
		Usr 0 00:18:00, Sys 0 00:00:04  -  Run Remote Usage
		Usr 0 00:00:00, Sys 0 00:00:00  -  Run Local Usage
		Usr 0 00:18:00, Sys 0 00:00:04  -  Total Remote Usage
		Usr 0 00:00:00, Sys 0 00:00:00  -  Total Local Usage
	0  -  Run Bytes Sent By Job
	0  -  Run Bytes Received By Job
	0  -  Total Bytes Sent By Job
	0  -  Total Bytes Received By Job
	Partitionable Resources :    Usage  Request Allocated 
	   Cpus                 :     1.01        8         8 
	   Disk (KB)            :     1           1      2048 
	   GPUs                 :                           0 
	   Memory (MB)          :  1039        4096      4096 
	   TimeExecute (s)      :   404                       
	   TimeSlotBusy (s)     :   405                       
...
