000 (6920.292.000) 2026-04-16 09:44:16 Job submitted from host: <140.160.143.131:9618?addrs=140.160.143.131-9618&alias=cse-head.cluster.cs.wwu.edu&noUDP&sock=schedd_1483_cb0a>
...
001 (6920.292.000) 2026-04-16 17:14:18 Job executing on host: <140.160.143.149:9618?addrs=140.160.143.149-9618&alias=c-0-9.cluster.cs.wwu.edu&noUDP&sock=startd_1570_77c7>
	SlotName: slot1_4@c-0-9.cluster.cs.wwu.edu
	CondorScratchDir = "/var/lib/condor/execute/dir_1101119"
	Cpus = 8
	Disk = 2048
	GPUs = 0
	Memory = 9216
...
006 (6920.292.000) 2026-04-16 17:14:27 Image size of job updated: 494052
	483  -  MemoryUsage of job (MB)
	494052  -  ResidentSetSize of job (KB)
...
006 (6920.292.000) 2026-04-16 17:19:28 Image size of job updated: 1137720
	1074  -  MemoryUsage of job (MB)
	1099168  -  ResidentSetSize of job (KB)
...
006 (6920.292.000) 2026-04-16 17:23:12 Image size of job updated: 1163848
	1074  -  MemoryUsage of job (MB)
	1099168  -  ResidentSetSize of job (KB)
...
005 (6920.292.000) 2026-04-16 17:23:12 Job terminated.
	(1) Normal termination (return value 0)
		Usr 0 00:31:28, Sys 0 00:00:05  -  Run Remote Usage
		Usr 0 00:00:00, Sys 0 00:00:00  -  Run Local Usage
		Usr 0 00:31:28, Sys 0 00:00:05  -  Total Remote Usage
		Usr 0 00:00:00, Sys 0 00:00:00  -  Total Local Usage
	0  -  Run Bytes Sent By Job
	0  -  Run Bytes Received By Job
	0  -  Total Bytes Sent By Job
	0  -  Total Bytes Received By Job
	Partitionable Resources :    Usage  Request Allocated 
	   Cpus                 :     5.45        8         8 
	   Disk (KB)            :     1           1      2048 
	   GPUs                 :                           0 
	   Memory (MB)          :  1074        9216      9216 
	   TimeExecute (s)      :   534                       
	   TimeSlotBusy (s)     :   534                       
...
