000 (6920.042.000) 2026-04-16 09:44:16 Job submitted from host: <140.160.143.131:9618?addrs=140.160.143.131-9618&alias=cse-head.cluster.cs.wwu.edu&noUDP&sock=schedd_1483_cb0a>
...
001 (6920.042.000) 2026-04-16 15:01:27 Job executing on host: <140.160.143.151:9618?addrs=140.160.143.151-9618&alias=c-0-11.cluster.cs.wwu.edu&noUDP&sock=startd_1509_a080>
	SlotName: slot1_1@c-0-11.cluster.cs.wwu.edu
	CondorScratchDir = "/var/lib/condor/execute/dir_1074586"
	Cpus = 8
	Disk = 2048
	GPUs = 0
	Memory = 9216
...
006 (6920.042.000) 2026-04-16 15:01:36 Image size of job updated: 295592
	289  -  MemoryUsage of job (MB)
	295592  -  ResidentSetSize of job (KB)
...
006 (6920.042.000) 2026-04-16 15:06:37 Image size of job updated: 834184
	815  -  MemoryUsage of job (MB)
	834184  -  ResidentSetSize of job (KB)
...
006 (6920.042.000) 2026-04-16 15:07:14 Image size of job updated: 838008
	815  -  MemoryUsage of job (MB)
	834184  -  ResidentSetSize of job (KB)
...
005 (6920.042.000) 2026-04-16 15:07:14 Job terminated.
	(1) Normal termination (return value 0)
		Usr 0 00:06:08, Sys 0 00:00:02  -  Run Remote Usage
		Usr 0 00:00:00, Sys 0 00:00:00  -  Run Local Usage
		Usr 0 00:06:08, Sys 0 00:00:02  -  Total Remote Usage
		Usr 0 00:00:00, Sys 0 00:00:00  -  Total Local Usage
	0  -  Run Bytes Sent By Job
	0  -  Run Bytes Received By Job
	0  -  Total Bytes Sent By Job
	0  -  Total Bytes Received By Job
	Partitionable Resources :    Usage  Request Allocated 
	   Cpus                 :     1.46        8         8 
	   Disk (KB)            :     1           1      2048 
	   GPUs                 :                           0 
	   Memory (MB)          :   815        9216      9216 
	   TimeExecute (s)      :   347                       
	   TimeSlotBusy (s)     :   347                       
...
