000 (6920.332.000) 2026-04-16 09:44:16 Job submitted from host: <140.160.143.131:9618?addrs=140.160.143.131-9618&alias=cse-head.cluster.cs.wwu.edu&noUDP&sock=schedd_1483_cb0a>
...
001 (6920.332.000) 2026-04-16 17:56:17 Job executing on host: <140.160.143.184:9618?addrs=140.160.143.184-9618&alias=c-0-15.cluster.cs.wwu.edu&noUDP&sock=startd_1429_c0ed>
	SlotName: slot1_1@c-0-15.cluster.cs.wwu.edu
	CondorScratchDir = "/var/lib/condor/execute/dir_27223"
	Cpus = 8
	Disk = 2048
	GPUs = 0
	Memory = 9216
...
006 (6920.332.000) 2026-04-16 17:56:26 Image size of job updated: 354564
	347  -  MemoryUsage of job (MB)
	354564  -  ResidentSetSize of job (KB)
...
006 (6920.332.000) 2026-04-16 18:01:27 Image size of job updated: 906372
	872  -  MemoryUsage of job (MB)
	892624  -  ResidentSetSize of job (KB)
...
006 (6920.332.000) 2026-04-16 18:06:27 Image size of job updated: 1236336
	1069  -  MemoryUsage of job (MB)
	1094332  -  ResidentSetSize of job (KB)
...
005 (6920.332.000) 2026-04-16 18:10:01 Job terminated.
	(1) Normal termination (return value 0)
		Usr 0 00:55:01, Sys 0 00:00:20  -  Run Remote Usage
		Usr 0 00:00:00, Sys 0 00:00:00  -  Run Local Usage
		Usr 0 00:55:01, Sys 0 00:00:20  -  Total Remote Usage
		Usr 0 00:00:00, Sys 0 00:00:00  -  Total Local Usage
	0  -  Run Bytes Sent By Job
	0  -  Run Bytes Received By Job
	0  -  Total Bytes Sent By Job
	0  -  Total Bytes Received By Job
	Partitionable Resources :    Usage  Request Allocated 
	   Cpus                 :     3.79        8         8 
	   Disk (KB)            :     1           1      2048 
	   GPUs                 :                           0 
	   Memory (MB)          :  1069        9216      9216 
	   TimeExecute (s)      :   824                       
	   TimeSlotBusy (s)     :   824                       
...
