000 (6918.362.000) 2026-04-15 19:42:51 Job submitted from host: <140.160.143.131:9618?addrs=140.160.143.131-9618&alias=cse-head.cluster.cs.wwu.edu&noUDP&sock=schedd_1483_cb0a>
...
001 (6918.362.000) 2026-04-16 00:32:04 Job executing on host: <140.160.143.185:9618?addrs=140.160.143.185-9618&alias=c-0-16.cluster.cs.wwu.edu&noUDP&sock=startd_1431_201d>
	SlotName: slot1_2@c-0-16.cluster.cs.wwu.edu
	CondorScratchDir = "/var/lib/condor/execute/dir_1057801"
	Cpus = 8
	Disk = 2048
	GPUs = 0
	Memory = 4096
...
006 (6918.362.000) 2026-04-16 00:32:13 Image size of job updated: 108864
	107  -  MemoryUsage of job (MB)
	108864  -  ResidentSetSize of job (KB)
...
006 (6918.362.000) 2026-04-16 00:37:14 Image size of job updated: 918464
	893  -  MemoryUsage of job (MB)
	913460  -  ResidentSetSize of job (KB)
...
006 (6918.362.000) 2026-04-16 00:41:26 Image size of job updated: 1140296
	893  -  MemoryUsage of job (MB)
	913460  -  ResidentSetSize of job (KB)
...
005 (6918.362.000) 2026-04-16 00:41:26 Job terminated.
	(1) Normal termination (return value 0)
		Usr 0 00:29:43, Sys 0 00:00:06  -  Run Remote Usage
		Usr 0 00:00:00, Sys 0 00:00:00  -  Run Local Usage
		Usr 0 00:29:43, Sys 0 00:00:06  -  Total Remote Usage
		Usr 0 00:00:00, Sys 0 00:00:00  -  Total Local Usage
	0  -  Run Bytes Sent By Job
	0  -  Run Bytes Received By Job
	0  -  Total Bytes Sent By Job
	0  -  Total Bytes Received By Job
	Partitionable Resources :    Usage  Request Allocated 
	   Cpus                 :     6.22        8         8 
	   Disk (KB)            :     1           1      2048 
	   GPUs                 :                           0 
	   Memory (MB)          :   893        4096      4096 
	   TimeExecute (s)      :   562                       
	   TimeSlotBusy (s)     :   562                       
...
