000 (6919.000.000) 2026-04-16 09:41:22 Job submitted from host: <140.160.143.131:9618?addrs=140.160.143.131-9618&alias=cse-head.cluster.cs.wwu.edu&noUDP&sock=schedd_1483_cb0a>
...
001 (6919.000.000) 2026-04-16 09:41:23 Job executing on host: <140.160.143.143:9618?addrs=140.160.143.143-9618&alias=c-0-3.cluster.cs.wwu.edu&noUDP&sock=startd_1365_dadd>
	SlotName: slot1_1@c-0-3.cluster.cs.wwu.edu
	CondorScratchDir = "/var/lib/condor/execute/dir_1068623"
	Cpus = 8
	Disk = 2048
	GPUs = 0
	Memory = 6144
...
006 (6919.000.000) 2026-04-16 09:41:32 Image size of job updated: 102860
	101  -  MemoryUsage of job (MB)
	102860  -  ResidentSetSize of job (KB)
...
006 (6919.000.000) 2026-04-16 09:46:32 Image size of job updated: 703556
	688  -  MemoryUsage of job (MB)
	703556  -  ResidentSetSize of job (KB)
...
006 (6919.000.000) 2026-04-16 09:49:16 Image size of job updated: 738120
	688  -  MemoryUsage of job (MB)
	703556  -  ResidentSetSize of job (KB)
...
005 (6919.000.000) 2026-04-16 09:49:17 Job terminated.
	(1) Normal termination (return value 0)
		Usr 0 00:07:59, Sys 0 00:00:02  -  Run Remote Usage
		Usr 0 00:00:00, Sys 0 00:00:00  -  Run Local Usage
		Usr 0 00:07:59, Sys 0 00:00:02  -  Total Remote Usage
		Usr 0 00:00:00, Sys 0 00:00:00  -  Total Local Usage
	0  -  Run Bytes Sent By Job
	0  -  Run Bytes Received By Job
	0  -  Total Bytes Sent By Job
	0  -  Total Bytes Received By Job
	Partitionable Resources :    Usage  Request Allocated 
	   Cpus                 :     1.01        8         8 
	   Disk (KB)            :     1           1      2048 
	   GPUs                 :                           0 
	   Memory (MB)          :   688        6144      6144 
	   TimeExecute (s)      :   473                       
	   TimeSlotBusy (s)     :   474                       
...
