000 (6918.365.000) 2026-04-15 19:42:51 Job submitted from host: <140.160.143.131:9618?addrs=140.160.143.131-9618&alias=cse-head.cluster.cs.wwu.edu&noUDP&sock=schedd_1483_cb0a>
...
001 (6918.365.000) 2026-04-16 00:34:45 Job executing on host: <140.160.143.150:9618?addrs=140.160.143.150-9618&alias=c-0-10.cluster.cs.wwu.edu&noUDP&sock=startd_1506_91b7>
	SlotName: slot1_3@c-0-10.cluster.cs.wwu.edu
	CondorScratchDir = "/var/lib/condor/execute/dir_1054899"
	Cpus = 8
	Disk = 2048
	GPUs = 0
	Memory = 4096
...
006 (6918.365.000) 2026-04-16 00:34:54 Image size of job updated: 275904
	270  -  MemoryUsage of job (MB)
	275904  -  ResidentSetSize of job (KB)
...
006 (6918.365.000) 2026-04-16 00:39:55 Image size of job updated: 1078896
	1049  -  MemoryUsage of job (MB)
	1073972  -  ResidentSetSize of job (KB)
...
006 (6918.365.000) 2026-04-16 00:44:55 Image size of job updated: 1172820
	1145  -  MemoryUsage of job (MB)
	1171548  -  ResidentSetSize of job (KB)
...
005 (6918.365.000) 2026-04-16 00:47:22 Job terminated.
	(1) Normal termination (return value 0)
		Usr 0 00:55:14, Sys 0 00:00:11  -  Run Remote Usage
		Usr 0 00:00:00, Sys 0 00:00:00  -  Run Local Usage
		Usr 0 00:55:14, Sys 0 00:00:11  -  Total Remote Usage
		Usr 0 00:00:00, Sys 0 00:00:00  -  Total Local Usage
	0  -  Run Bytes Sent By Job
	0  -  Run Bytes Received By Job
	0  -  Total Bytes Sent By Job
	0  -  Total Bytes Received By Job
	Partitionable Resources :    Usage  Request Allocated 
	   Cpus                 :     7.26        8         8 
	   Disk (KB)            :     1           1      2048 
	   GPUs                 :                           0 
	   Memory (MB)          :  1145        4096      4096 
	   TimeExecute (s)      :   756                       
	   TimeSlotBusy (s)     :   756                       
...
