000 (6918.373.000) 2026-04-15 19:42:51 Job submitted from host: <140.160.143.131:9618?addrs=140.160.143.131-9618&alias=cse-head.cluster.cs.wwu.edu&noUDP&sock=schedd_1483_cb0a>
...
001 (6918.373.000) 2026-04-16 00:47:47 Job executing on host: <140.160.143.143:9618?addrs=140.160.143.143-9618&alias=c-0-3.cluster.cs.wwu.edu&noUDP&sock=startd_1365_dadd>
	SlotName: slot1_1@c-0-3.cluster.cs.wwu.edu
	CondorScratchDir = "/var/lib/condor/execute/dir_1055156"
	Cpus = 8
	Disk = 2048
	GPUs = 0
	Memory = 4096
...
006 (6918.373.000) 2026-04-16 00:47:56 Image size of job updated: 103556
	102  -  MemoryUsage of job (MB)
	103556  -  ResidentSetSize of job (KB)
...
006 (6918.373.000) 2026-04-16 00:52:57 Image size of job updated: 719464
	703  -  MemoryUsage of job (MB)
	719464  -  ResidentSetSize of job (KB)
...
006 (6918.373.000) 2026-04-16 00:57:58 Image size of job updated: 1107164
	1080  -  MemoryUsage of job (MB)
	1105120  -  ResidentSetSize of job (KB)
...
006 (6918.373.000) 2026-04-16 01:00:55 Image size of job updated: 1151424
	1080  -  MemoryUsage of job (MB)
	1105120  -  ResidentSetSize of job (KB)
...
005 (6918.373.000) 2026-04-16 01:00:55 Job terminated.
	(1) Normal termination (return value 0)
		Usr 0 00:46:18, Sys 0 00:00:12  -  Run Remote Usage
		Usr 0 00:00:00, Sys 0 00:00:00  -  Run Local Usage
		Usr 0 00:46:18, Sys 0 00:00:12  -  Total Remote Usage
		Usr 0 00:00:00, Sys 0 00:00:00  -  Total Local Usage
	0  -  Run Bytes Sent By Job
	0  -  Run Bytes Received By Job
	0  -  Total Bytes Sent By Job
	0  -  Total Bytes Received By Job
	Partitionable Resources :    Usage  Request Allocated 
	   Cpus                 :     7.15        8         8 
	   Disk (KB)            :     1           1      2048 
	   GPUs                 :                           0 
	   Memory (MB)          :  1080        4096      4096 
	   TimeExecute (s)      :   788                       
	   TimeSlotBusy (s)     :   788                       
...
