000 (6918.221.000) 2026-04-15 19:42:50 Job submitted from host: <140.160.143.131:9618?addrs=140.160.143.131-9618&alias=cse-head.cluster.cs.wwu.edu&noUDP&sock=schedd_1483_cb0a>
...
001 (6918.221.000) 2026-04-15 22:29:15 Job executing on host: <140.160.143.185:9618?addrs=140.160.143.185-9618&alias=c-0-16.cluster.cs.wwu.edu&noUDP&sock=startd_1431_201d>
	SlotName: slot1_2@c-0-16.cluster.cs.wwu.edu
	CondorScratchDir = "/var/lib/condor/execute/dir_1054098"
	Cpus = 8
	Disk = 2048
	GPUs = 0
	Memory = 4096
...
006 (6918.221.000) 2026-04-15 22:29:24 Image size of job updated: 102236
	100  -  MemoryUsage of job (MB)
	102236  -  ResidentSetSize of job (KB)
...
006 (6918.221.000) 2026-04-15 22:34:25 Image size of job updated: 902448
	882  -  MemoryUsage of job (MB)
	902448  -  ResidentSetSize of job (KB)
...
006 (6918.221.000) 2026-04-15 22:35:50 Image size of job updated: 908788
	882  -  MemoryUsage of job (MB)
	902448  -  ResidentSetSize of job (KB)
...
005 (6918.221.000) 2026-04-15 22:35:50 Job terminated.
	(1) Normal termination (return value 0)
		Usr 0 00:07:39, Sys 0 00:00:02  -  Run Remote Usage
		Usr 0 00:00:00, Sys 0 00:00:00  -  Run Local Usage
		Usr 0 00:07:39, Sys 0 00:00:02  -  Total Remote Usage
		Usr 0 00:00:00, Sys 0 00:00:00  -  Total Local Usage
	0  -  Run Bytes Sent By Job
	0  -  Run Bytes Received By Job
	0  -  Total Bytes Sent By Job
	0  -  Total Bytes Received By Job
	Partitionable Resources :    Usage  Request Allocated 
	   Cpus                 :     1.02        8         8 
	   Disk (KB)            :     1           1      2048 
	   GPUs                 :                           0 
	   Memory (MB)          :   882        4096      4096 
	   TimeExecute (s)      :   395                       
	   TimeSlotBusy (s)     :   395                       
...
