000 (6919.385.000) 2026-04-16 09:41:23 Job submitted from host: <140.160.143.131:9618?addrs=140.160.143.131-9618&alias=cse-head.cluster.cs.wwu.edu&noUDP&sock=schedd_1483_cb0a>
...
001 (6919.385.000) 2026-04-16 14:07:21 Job executing on host: <140.160.143.149:9618?addrs=140.160.143.149-9618&alias=c-0-9.cluster.cs.wwu.edu&noUDP&sock=startd_1570_77c7>
	SlotName: slot1_4@c-0-9.cluster.cs.wwu.edu
	CondorScratchDir = "/var/lib/condor/execute/dir_1092873"
	Cpus = 8
	Disk = 2048
	GPUs = 0
	Memory = 6144
...
006 (6919.385.000) 2026-04-16 14:07:29 Image size of job updated: 326172
	319  -  MemoryUsage of job (MB)
	326172  -  ResidentSetSize of job (KB)
...
006 (6919.385.000) 2026-04-16 14:12:29 Image size of job updated: 984076
	929  -  MemoryUsage of job (MB)
	950952  -  ResidentSetSize of job (KB)
...
006 (6919.385.000) 2026-04-16 14:17:29 Image size of job updated: 1091432
	1006  -  MemoryUsage of job (MB)
	1029824  -  ResidentSetSize of job (KB)
...
006 (6919.385.000) 2026-04-16 14:22:30 Image size of job updated: 1137340
	1111  -  MemoryUsage of job (MB)
	1137340  -  ResidentSetSize of job (KB)
...
006 (6919.385.000) 2026-04-16 14:24:43 Image size of job updated: 1224840
	1111  -  MemoryUsage of job (MB)
	1137340  -  ResidentSetSize of job (KB)
...
005 (6919.385.000) 2026-04-16 14:24:44 Job terminated.
	(1) Normal termination (return value 0)
		Usr 0 01:25:21, Sys 0 00:00:36  -  Run Remote Usage
		Usr 0 00:00:00, Sys 0 00:00:00  -  Run Local Usage
		Usr 0 01:25:21, Sys 0 00:00:36  -  Total Remote Usage
		Usr 0 00:00:00, Sys 0 00:00:00  -  Total Local Usage
	0  -  Run Bytes Sent By Job
	0  -  Run Bytes Received By Job
	0  -  Total Bytes Sent By Job
	0  -  Total Bytes Received By Job
	Partitionable Resources :    Usage  Request Allocated 
	   Cpus                 :     7.09        8         8 
	   Disk (KB)            :     1           1      2048 
	   GPUs                 :                           0 
	   Memory (MB)          :  1111        6144      6144 
	   TimeExecute (s)      :  1043                       
	   TimeSlotBusy (s)     :  1043                       
...
