000 (6919.372.000) 2026-04-16 09:41:23 Job submitted from host: <140.160.143.131:9618?addrs=140.160.143.131-9618&alias=cse-head.cluster.cs.wwu.edu&noUDP&sock=schedd_1483_cb0a>
...
001 (6919.372.000) 2026-04-16 13:46:45 Job executing on host: <140.160.143.184:9618?addrs=140.160.143.184-9618&alias=c-0-15.cluster.cs.wwu.edu&noUDP&sock=startd_1429_c0ed>
	SlotName: slot1_1@c-0-15.cluster.cs.wwu.edu
	CondorScratchDir = "/var/lib/condor/execute/dir_16880"
	Cpus = 8
	Disk = 2048
	GPUs = 0
	Memory = 6144
...
006 (6919.372.000) 2026-04-16 13:46:53 Image size of job updated: 361396
	353  -  MemoryUsage of job (MB)
	361396  -  ResidentSetSize of job (KB)
...
006 (6919.372.000) 2026-04-16 13:51:53 Image size of job updated: 941820
	920  -  MemoryUsage of job (MB)
	941820  -  ResidentSetSize of job (KB)
...
006 (6919.372.000) 2026-04-16 13:56:54 Image size of job updated: 1294452
	1235  -  MemoryUsage of job (MB)
	1263956  -  ResidentSetSize of job (KB)
...
005 (6919.372.000) 2026-04-16 14:00:42 Job terminated.
	(1) Normal termination (return value 0)
		Usr 0 01:07:38, Sys 0 00:00:22  -  Run Remote Usage
		Usr 0 00:00:00, Sys 0 00:00:00  -  Run Local Usage
		Usr 0 01:07:38, Sys 0 00:00:22  -  Total Remote Usage
		Usr 0 00:00:00, Sys 0 00:00:00  -  Total Local Usage
	0  -  Run Bytes Sent By Job
	0  -  Run Bytes Received By Job
	0  -  Total Bytes Sent By Job
	0  -  Total Bytes Received By Job
	Partitionable Resources :    Usage  Request Allocated 
	   Cpus                 :     4.90        8         8 
	   Disk (KB)            :     1           1      2048 
	   GPUs                 :                           0 
	   Memory (MB)          :  1235        6144      6144 
	   TimeExecute (s)      :   837                       
	   TimeSlotBusy (s)     :   837                       
...
