000 (6918.013.000) 2026-04-15 19:42:50 Job submitted from host: <140.160.143.131:9618?addrs=140.160.143.131-9618&alias=cse-head.cluster.cs.wwu.edu&noUDP&sock=schedd_1483_cb0a>
...
001 (6918.013.000) 2026-04-15 19:49:51 Job executing on host: <140.160.143.148:9618?addrs=140.160.143.148-9618&alias=c-0-8.cluster.cs.wwu.edu&noUDP&sock=startd_1538_84bf>
	SlotName: slot1_4@c-0-8.cluster.cs.wwu.edu
	CondorScratchDir = "/var/lib/condor/execute/dir_1054484"
	Cpus = 8
	Disk = 2048
	GPUs = 0
	Memory = 4096
...
006 (6918.013.000) 2026-04-15 19:50:00 Image size of job updated: 245868
	241  -  MemoryUsage of job (MB)
	245868  -  ResidentSetSize of job (KB)
...
006 (6918.013.000) 2026-04-15 19:55:01 Image size of job updated: 706652
	690  -  MemoryUsage of job (MB)
	705764  -  ResidentSetSize of job (KB)
...
006 (6918.013.000) 2026-04-15 19:55:51 Image size of job updated: 715632
	690  -  MemoryUsage of job (MB)
	705764  -  ResidentSetSize of job (KB)
...
005 (6918.013.000) 2026-04-15 19:55:52 Job terminated.
	(1) Normal termination (return value 0)
		Usr 0 00:06:15, Sys 0 00:00:01  -  Run Remote Usage
		Usr 0 00:00:00, Sys 0 00:00:00  -  Run Local Usage
		Usr 0 00:06:15, Sys 0 00:00:01  -  Total Remote Usage
		Usr 0 00:00:00, Sys 0 00:00:00  -  Total Local Usage
	0  -  Run Bytes Sent By Job
	0  -  Run Bytes Received By Job
	0  -  Total Bytes Sent By Job
	0  -  Total Bytes Received By Job
	Partitionable Resources :    Usage  Request Allocated 
	   Cpus                 :     1.04        8         8 
	   Disk (KB)            :     1           1      2048 
	   GPUs                 :                           0 
	   Memory (MB)          :   690        4096      4096 
	   TimeExecute (s)      :   360                       
	   TimeSlotBusy (s)     :   360                       
...
