000 (6920.307.000) 2026-04-16 09:44:16 Job submitted from host: <140.160.143.131:9618?addrs=140.160.143.131-9618&alias=cse-head.cluster.cs.wwu.edu&noUDP&sock=schedd_1483_cb0a>
...
001 (6920.307.000) 2026-04-16 17:31:06 Job executing on host: <140.160.143.143:9618?addrs=140.160.143.143-9618&alias=c-0-3.cluster.cs.wwu.edu&noUDP&sock=startd_1365_dadd>
	SlotName: slot1_1@c-0-3.cluster.cs.wwu.edu
	CondorScratchDir = "/var/lib/condor/execute/dir_1082517"
	Cpus = 8
	Disk = 2048
	GPUs = 0
	Memory = 9216
...
006 (6920.307.000) 2026-04-16 17:31:15 Image size of job updated: 103680
	102  -  MemoryUsage of job (MB)
	103680  -  ResidentSetSize of job (KB)
...
006 (6920.307.000) 2026-04-16 17:36:16 Image size of job updated: 710892
	685  -  MemoryUsage of job (MB)
	701068  -  ResidentSetSize of job (KB)
...
006 (6920.307.000) 2026-04-16 17:41:16 Image size of job updated: 926440
	900  -  MemoryUsage of job (MB)
	921016  -  ResidentSetSize of job (KB)
...
006 (6920.307.000) 2026-04-16 17:46:17 Image size of job updated: 982436
	947  -  MemoryUsage of job (MB)
	969072  -  ResidentSetSize of job (KB)
...
006 (6920.307.000) 2026-04-16 17:48:49 Image size of job updated: 986256
	947  -  MemoryUsage of job (MB)
	969072  -  ResidentSetSize of job (KB)
...
005 (6920.307.000) 2026-04-16 17:48:49 Job terminated.
	(1) Normal termination (return value 0)
		Usr 0 00:50:16, Sys 0 00:00:28  -  Run Remote Usage
		Usr 0 00:00:00, Sys 0 00:00:00  -  Run Local Usage
		Usr 0 00:50:16, Sys 0 00:00:28  -  Total Remote Usage
		Usr 0 00:00:00, Sys 0 00:00:00  -  Total Local Usage
	0  -  Run Bytes Sent By Job
	0  -  Run Bytes Received By Job
	0  -  Total Bytes Sent By Job
	0  -  Total Bytes Received By Job
	Partitionable Resources :    Usage  Request Allocated 
	   Cpus                 :     2.31        8         8 
	   Disk (KB)            :     1           1      2048 
	   GPUs                 :                           0 
	   Memory (MB)          :   947        9216      9216 
	   TimeExecute (s)      :  1063                       
	   TimeSlotBusy (s)     :  1063                       
...
