000 (6920.313.000) 2026-04-16 09:44:16 Job submitted from host: <140.160.143.131:9618?addrs=140.160.143.131-9618&alias=cse-head.cluster.cs.wwu.edu&noUDP&sock=schedd_1483_cb0a>
...
001 (6920.313.000) 2026-04-16 17:37:06 Job executing on host: <140.160.143.149:9618?addrs=140.160.143.149-9618&alias=c-0-9.cluster.cs.wwu.edu&noUDP&sock=startd_1570_77c7>
	SlotName: slot1_3@c-0-9.cluster.cs.wwu.edu
	CondorScratchDir = "/var/lib/condor/execute/dir_1102105"
	Cpus = 8
	Disk = 2048
	GPUs = 0
	Memory = 9216
...
006 (6920.313.000) 2026-04-16 17:37:15 Image size of job updated: 392716
	384  -  MemoryUsage of job (MB)
	392716  -  ResidentSetSize of job (KB)
...
006 (6920.313.000) 2026-04-16 17:42:16 Image size of job updated: 1079980
	998  -  MemoryUsage of job (MB)
	1021128  -  ResidentSetSize of job (KB)
...
006 (6920.313.000) 2026-04-16 17:47:16 Image size of job updated: 1093920
	1062  -  MemoryUsage of job (MB)
	1087108  -  ResidentSetSize of job (KB)
...
006 (6920.313.000) 2026-04-16 17:52:18 Image size of job updated: 1113564
	1062  -  MemoryUsage of job (MB)
	1087108  -  ResidentSetSize of job (KB)
...
006 (6920.313.000) 2026-04-16 17:55:13 Image size of job updated: 1116664
	1062  -  MemoryUsage of job (MB)
	1087108  -  ResidentSetSize of job (KB)
...
005 (6920.313.000) 2026-04-16 17:55:14 Job terminated.
	(1) Normal termination (return value 0)
		Usr 0 01:18:16, Sys 0 00:00:24  -  Run Remote Usage
		Usr 0 00:00:00, Sys 0 00:00:00  -  Run Local Usage
		Usr 0 01:18:16, Sys 0 00:00:24  -  Total Remote Usage
		Usr 0 00:00:00, Sys 0 00:00:00  -  Total Local Usage
	0  -  Run Bytes Sent By Job
	0  -  Run Bytes Received By Job
	0  -  Total Bytes Sent By Job
	0  -  Total Bytes Received By Job
	Partitionable Resources :    Usage  Request Allocated 
	   Cpus                 :     5.15        8         8 
	   Disk (KB)            :     1           1      2048 
	   GPUs                 :                           0 
	   Memory (MB)          :  1062        9216      9216 
	   TimeExecute (s)      :  1087                       
	   TimeSlotBusy (s)     :  1087                       
...
