000 (6919.379.000) 2026-04-16 09:41:23 Job submitted from host: <140.160.143.131:9618?addrs=140.160.143.131-9618&alias=cse-head.cluster.cs.wwu.edu&noUDP&sock=schedd_1483_cb0a>
...
001 (6919.379.000) 2026-04-16 13:59:38 Job executing on host: <140.160.143.184:9618?addrs=140.160.143.184-9618&alias=c-0-15.cluster.cs.wwu.edu&noUDP&sock=startd_1429_c0ed>
	SlotName: slot1_2@c-0-15.cluster.cs.wwu.edu
	CondorScratchDir = "/var/lib/condor/execute/dir_17684"
	Cpus = 8
	Disk = 2048
	GPUs = 0
	Memory = 6144
...
006 (6919.379.000) 2026-04-16 13:59:47 Image size of job updated: 322648
	316  -  MemoryUsage of job (MB)
	322648  -  ResidentSetSize of job (KB)
...
006 (6919.379.000) 2026-04-16 14:04:48 Image size of job updated: 1110248
	1073  -  MemoryUsage of job (MB)
	1097920  -  ResidentSetSize of job (KB)
...
006 (6919.379.000) 2026-04-16 14:09:48 Image size of job updated: 1130440
	1073  -  MemoryUsage of job (MB)
	1097920  -  ResidentSetSize of job (KB)
...
006 (6919.379.000) 2026-04-16 14:14:49 Image size of job updated: 1159156
	1110  -  MemoryUsage of job (MB)
	1136572  -  ResidentSetSize of job (KB)
...
006 (6919.379.000) 2026-04-16 14:19:50 Image size of job updated: 1192572
	1158  -  MemoryUsage of job (MB)
	1185572  -  ResidentSetSize of job (KB)
...
006 (6919.379.000) 2026-04-16 14:24:42 Image size of job updated: 1192572
	1158  -  MemoryUsage of job (MB)
	1185576  -  ResidentSetSize of job (KB)
...
005 (6919.379.000) 2026-04-16 14:24:42 Job terminated.
	(1) Normal termination (return value 0)
		Usr 0 02:11:51, Sys 0 00:01:27  -  Run Remote Usage
		Usr 0 00:00:00, Sys 0 00:00:00  -  Run Local Usage
		Usr 0 02:11:51, Sys 0 00:01:27  -  Total Remote Usage
		Usr 0 00:00:00, Sys 0 00:00:00  -  Total Local Usage
	0  -  Run Bytes Sent By Job
	0  -  Run Bytes Received By Job
	0  -  Total Bytes Sent By Job
	0  -  Total Bytes Received By Job
	Partitionable Resources :    Usage  Request Allocated 
	   Cpus                 :     7.74        8         8 
	   Disk (KB)            :     1           1      2048 
	   GPUs                 :                           0 
	   Memory (MB)          :  1158        6144      6144 
	   TimeExecute (s)      :  1504                       
	   TimeSlotBusy (s)     :  1504                       
...
