000 (6920.073.000) 2026-04-16 09:44:16 Job submitted from host: <140.160.143.131:9618?addrs=140.160.143.131-9618&alias=cse-head.cluster.cs.wwu.edu&noUDP&sock=schedd_1483_cb0a>
...
001 (6920.073.000) 2026-04-16 15:15:27 Job executing on host: <140.160.143.184:9618?addrs=140.160.143.184-9618&alias=c-0-15.cluster.cs.wwu.edu&noUDP&sock=startd_1429_c0ed>
	SlotName: slot1_3@c-0-15.cluster.cs.wwu.edu
	CondorScratchDir = "/var/lib/condor/execute/dir_20291"
	Cpus = 8
	Disk = 2048
	GPUs = 0
	Memory = 9216
...
006 (6920.073.000) 2026-04-16 15:15:36 Image size of job updated: 392316
	384  -  MemoryUsage of job (MB)
	392316  -  ResidentSetSize of job (KB)
...
006 (6920.073.000) 2026-04-16 15:20:37 Image size of job updated: 871424
	851  -  MemoryUsage of job (MB)
	871424  -  ResidentSetSize of job (KB)
...
006 (6920.073.000) 2026-04-16 15:20:38 Image size of job updated: 871472
	851  -  MemoryUsage of job (MB)
	871424  -  ResidentSetSize of job (KB)
...
005 (6920.073.000) 2026-04-16 15:20:39 Job terminated.
	(1) Normal termination (return value 0)
		Usr 0 00:05:52, Sys 0 00:00:01  -  Run Remote Usage
		Usr 0 00:00:00, Sys 0 00:00:00  -  Run Local Usage
		Usr 0 00:05:52, Sys 0 00:00:01  -  Total Remote Usage
		Usr 0 00:00:00, Sys 0 00:00:00  -  Total Local Usage
	0  -  Run Bytes Sent By Job
	0  -  Run Bytes Received By Job
	0  -  Total Bytes Sent By Job
	0  -  Total Bytes Received By Job
	Partitionable Resources :    Usage  Request Allocated 
	   Cpus                 :     1.44        8         8 
	   Disk (KB)            :     1           1      2048 
	   GPUs                 :                           0 
	   Memory (MB)          :   851        9216      9216 
	   TimeExecute (s)      :   311                       
	   TimeSlotBusy (s)     :   311                       
...
