000 (6920.157.000) 2026-04-16 09:44:16 Job submitted from host: <140.160.143.131:9618?addrs=140.160.143.131-9618&alias=cse-head.cluster.cs.wwu.edu&noUDP&sock=schedd_1483_cb0a>
...
001 (6920.157.000) 2026-04-16 15:53:51 Job executing on host: <140.160.143.144:9618?addrs=140.160.143.144-9618&alias=c-0-4.cluster.cs.wwu.edu&noUDP&sock=startd_1367_3a0d>
	SlotName: slot1_3@c-0-4.cluster.cs.wwu.edu
	CondorScratchDir = "/var/lib/condor/execute/dir_1073518"
	Cpus = 8
	Disk = 2048
	GPUs = 0
	Memory = 9216
...
006 (6920.157.000) 2026-04-16 15:53:59 Image size of job updated: 107656
	106  -  MemoryUsage of job (MB)
	107656  -  ResidentSetSize of job (KB)
...
006 (6920.157.000) 2026-04-16 15:58:59 Image size of job updated: 709764
	694  -  MemoryUsage of job (MB)
	709764  -  ResidentSetSize of job (KB)
...
006 (6920.157.000) 2026-04-16 16:00:45 Image size of job updated: 871192
	694  -  MemoryUsage of job (MB)
	709764  -  ResidentSetSize of job (KB)
...
005 (6920.157.000) 2026-04-16 16:00:45 Job terminated.
	(1) Normal termination (return value 0)
		Usr 0 00:07:29, Sys 0 00:00:02  -  Run Remote Usage
		Usr 0 00:00:00, Sys 0 00:00:00  -  Run Local Usage
		Usr 0 00:07:29, Sys 0 00:00:02  -  Total Remote Usage
		Usr 0 00:00:00, Sys 0 00:00:00  -  Total Local Usage
	0  -  Run Bytes Sent By Job
	0  -  Run Bytes Received By Job
	0  -  Total Bytes Sent By Job
	0  -  Total Bytes Received By Job
	Partitionable Resources :    Usage  Request Allocated 
	   Cpus                 :     1.07        8         8 
	   Disk (KB)            :     1           1      2048 
	   GPUs                 :                           0 
	   Memory (MB)          :   694        9216      9216 
	   TimeExecute (s)      :   414                       
	   TimeSlotBusy (s)     :   414                       
...
