000 (6918.351.000) 2026-04-15 19:42:51 Job submitted from host: <140.160.143.131:9618?addrs=140.160.143.131-9618&alias=cse-head.cluster.cs.wwu.edu&noUDP&sock=schedd_1483_cb0a>
...
001 (6918.351.000) 2026-04-16 00:21:03 Job executing on host: <140.160.143.149:9618?addrs=140.160.143.149-9618&alias=c-0-9.cluster.cs.wwu.edu&noUDP&sock=startd_1570_77c7>
	SlotName: slot1_4@c-0-9.cluster.cs.wwu.edu
	CondorScratchDir = "/var/lib/condor/execute/dir_1065818"
	Cpus = 8
	Disk = 2048
	GPUs = 0
	Memory = 4096
...
006 (6918.351.000) 2026-04-16 00:21:12 Image size of job updated: 352860
	345  -  MemoryUsage of job (MB)
	352860  -  ResidentSetSize of job (KB)
...
006 (6918.351.000) 2026-04-16 00:26:13 Image size of job updated: 1064728
	1034  -  MemoryUsage of job (MB)
	1058552  -  ResidentSetSize of job (KB)
...
006 (6918.351.000) 2026-04-16 00:29:39 Image size of job updated: 1070952
	1034  -  MemoryUsage of job (MB)
	1058552  -  ResidentSetSize of job (KB)
...
005 (6918.351.000) 2026-04-16 00:29:39 Job terminated.
	(1) Normal termination (return value 0)
		Usr 0 00:30:09, Sys 0 00:00:07  -  Run Remote Usage
		Usr 0 00:00:00, Sys 0 00:00:00  -  Run Local Usage
		Usr 0 00:30:09, Sys 0 00:00:07  -  Total Remote Usage
		Usr 0 00:00:00, Sys 0 00:00:00  -  Total Local Usage
	0  -  Run Bytes Sent By Job
	0  -  Run Bytes Received By Job
	0  -  Total Bytes Sent By Job
	0  -  Total Bytes Received By Job
	Partitionable Resources :    Usage  Request Allocated 
	   Cpus                 :     6.48        8         8 
	   Disk (KB)            :     1           1      2048 
	   GPUs                 :                           0 
	   Memory (MB)          :  1034        4096      4096 
	   TimeExecute (s)      :   516                       
	   TimeSlotBusy (s)     :   516                       
...
