000 (6919.369.000) 2026-04-16 09:41:23 Job submitted from host: <140.160.143.131:9618?addrs=140.160.143.131-9618&alias=cse-head.cluster.cs.wwu.edu&noUDP&sock=schedd_1483_cb0a>
...
001 (6919.369.000) 2026-04-16 13:43:38 Job executing on host: <140.160.143.149:9618?addrs=140.160.143.149-9618&alias=c-0-9.cluster.cs.wwu.edu&noUDP&sock=startd_1570_77c7>
	SlotName: slot1_1@c-0-9.cluster.cs.wwu.edu
	CondorScratchDir = "/var/lib/condor/execute/dir_1091945"
	Cpus = 8
	Disk = 2048
	GPUs = 0
	Memory = 6144
...
006 (6919.369.000) 2026-04-16 13:43:47 Image size of job updated: 467332
	457  -  MemoryUsage of job (MB)
	467332  -  ResidentSetSize of job (KB)
...
006 (6919.369.000) 2026-04-16 13:48:48 Image size of job updated: 1000684
	951  -  MemoryUsage of job (MB)
	973552  -  ResidentSetSize of job (KB)
...
006 (6919.369.000) 2026-04-16 13:53:49 Image size of job updated: 1108568
	1076  -  MemoryUsage of job (MB)
	1101168  -  ResidentSetSize of job (KB)
...
006 (6919.369.000) 2026-04-16 13:58:49 Image size of job updated: 1148148
	1076  -  MemoryUsage of job (MB)
	1101168  -  ResidentSetSize of job (KB)
...
005 (6919.369.000) 2026-04-16 14:02:17 Job terminated.
	(1) Normal termination (return value 0)
		Usr 0 01:37:50, Sys 0 00:00:53  -  Run Remote Usage
		Usr 0 00:00:00, Sys 0 00:00:00  -  Run Local Usage
		Usr 0 01:37:50, Sys 0 00:00:53  -  Total Remote Usage
		Usr 0 00:00:00, Sys 0 00:00:00  -  Total Local Usage
	0  -  Run Bytes Sent By Job
	0  -  Run Bytes Received By Job
	0  -  Total Bytes Sent By Job
	0  -  Total Bytes Received By Job
	Partitionable Resources :    Usage  Request Allocated 
	   Cpus                 :     6.31        8         8 
	   Disk (KB)            :     1           1      2048 
	   GPUs                 :                           0 
	   Memory (MB)          :  1076        6144      6144 
	   TimeExecute (s)      :  1119                       
	   TimeSlotBusy (s)     :  1119                       
...
