000 (6920.069.000) 2026-04-16 09:44:16 Job submitted from host: <140.160.143.131:9618?addrs=140.160.143.131-9618&alias=cse-head.cluster.cs.wwu.edu&noUDP&sock=schedd_1483_cb0a>
...
001 (6920.069.000) 2026-04-16 15:14:28 Job executing on host: <140.160.143.151:9618?addrs=140.160.143.151-9618&alias=c-0-11.cluster.cs.wwu.edu&noUDP&sock=startd_1509_a080>
	SlotName: slot1_1@c-0-11.cluster.cs.wwu.edu
	CondorScratchDir = "/var/lib/condor/execute/dir_1074694"
	Cpus = 8
	Disk = 2048
	GPUs = 0
	Memory = 9216
...
006 (6920.069.000) 2026-04-16 15:14:37 Image size of job updated: 297068
	291  -  MemoryUsage of job (MB)
	297068  -  ResidentSetSize of job (KB)
...
006 (6920.069.000) 2026-04-16 15:19:38 Image size of job updated: 856836
	837  -  MemoryUsage of job (MB)
	856836  -  ResidentSetSize of job (KB)
...
006 (6920.069.000) 2026-04-16 15:20:25 Image size of job updated: 858044
	837  -  MemoryUsage of job (MB)
	856836  -  ResidentSetSize of job (KB)
...
005 (6920.069.000) 2026-04-16 15:20:26 Job terminated.
	(1) Normal termination (return value 0)
		Usr 0 00:06:26, Sys 0 00:00:02  -  Run Remote Usage
		Usr 0 00:00:00, Sys 0 00:00:00  -  Run Local Usage
		Usr 0 00:06:26, Sys 0 00:00:02  -  Total Remote Usage
		Usr 0 00:00:00, Sys 0 00:00:00  -  Total Local Usage
	0  -  Run Bytes Sent By Job
	0  -  Run Bytes Received By Job
	0  -  Total Bytes Sent By Job
	0  -  Total Bytes Received By Job
	Partitionable Resources :    Usage  Request Allocated 
	   Cpus                 :     1.01        8         8 
	   Disk (KB)            :     1           1      2048 
	   GPUs                 :                           0 
	   Memory (MB)          :   837        9216      9216 
	   TimeExecute (s)      :   357                       
	   TimeSlotBusy (s)     :   357                       
...
