000 (6918.245.000) 2026-04-15 19:42:50 Job submitted from host: <140.160.143.131:9618?addrs=140.160.143.131-9618&alias=cse-head.cluster.cs.wwu.edu&noUDP&sock=schedd_1483_cb0a>
...
001 (6918.245.000) 2026-04-15 22:46:03 Job executing on host: <140.160.143.150:9618?addrs=140.160.143.150-9618&alias=c-0-10.cluster.cs.wwu.edu&noUDP&sock=startd_1506_91b7>
	SlotName: slot1_3@c-0-10.cluster.cs.wwu.edu
	CondorScratchDir = "/var/lib/condor/execute/dir_1051322"
	Cpus = 8
	Disk = 2048
	GPUs = 0
	Memory = 4096
...
006 (6918.245.000) 2026-04-15 22:46:11 Image size of job updated: 234040
	229  -  MemoryUsage of job (MB)
	234040  -  ResidentSetSize of job (KB)
...
006 (6918.245.000) 2026-04-15 22:51:11 Image size of job updated: 878264
	851  -  MemoryUsage of job (MB)
	871156  -  ResidentSetSize of job (KB)
...
006 (6918.245.000) 2026-04-15 22:53:03 Image size of job updated: 922652
	851  -  MemoryUsage of job (MB)
	871156  -  ResidentSetSize of job (KB)
...
005 (6918.245.000) 2026-04-15 22:53:04 Job terminated.
	(1) Normal termination (return value 0)
		Usr 0 00:10:30, Sys 0 00:00:03  -  Run Remote Usage
		Usr 0 00:00:00, Sys 0 00:00:00  -  Run Local Usage
		Usr 0 00:10:30, Sys 0 00:00:03  -  Total Remote Usage
		Usr 0 00:00:00, Sys 0 00:00:00  -  Total Local Usage
	0  -  Run Bytes Sent By Job
	0  -  Run Bytes Received By Job
	0  -  Total Bytes Sent By Job
	0  -  Total Bytes Received By Job
	Partitionable Resources :    Usage  Request Allocated 
	   Cpus                 :     2.76        8         8 
	   Disk (KB)            :     1           1      2048 
	   GPUs                 :                           0 
	   Memory (MB)          :   851        4096      4096 
	   TimeExecute (s)      :   421                       
	   TimeSlotBusy (s)     :   421                       
...
