000 (6918.389.000) 2026-04-15 19:42:51 Job submitted from host: <140.160.143.131:9618?addrs=140.160.143.131-9618&alias=cse-head.cluster.cs.wwu.edu&noUDP&sock=schedd_1483_cb0a>
...
001 (6918.389.000) 2026-04-16 01:04:47 Job executing on host: <140.160.143.149:9618?addrs=140.160.143.149-9618&alias=c-0-9.cluster.cs.wwu.edu&noUDP&sock=startd_1570_77c7>
	SlotName: slot1_1@c-0-9.cluster.cs.wwu.edu
	CondorScratchDir = "/var/lib/condor/execute/dir_1067885"
	Cpus = 8
	Disk = 2048
	GPUs = 0
	Memory = 4096
...
006 (6918.389.000) 2026-04-16 01:04:56 Image size of job updated: 356632
	349  -  MemoryUsage of job (MB)
	356632  -  ResidentSetSize of job (KB)
...
006 (6918.389.000) 2026-04-16 01:09:57 Image size of job updated: 1103404
	1048  -  MemoryUsage of job (MB)
	1072552  -  ResidentSetSize of job (KB)
...
006 (6918.389.000) 2026-04-16 01:14:57 Image size of job updated: 1131156
	1098  -  MemoryUsage of job (MB)
	1124068  -  ResidentSetSize of job (KB)
...
006 (6918.389.000) 2026-04-16 01:19:15 Image size of job updated: 1241608
	1098  -  MemoryUsage of job (MB)
	1124068  -  ResidentSetSize of job (KB)
...
005 (6918.389.000) 2026-04-16 01:19:15 Job terminated.
	(1) Normal termination (return value 0)
		Usr 0 01:15:20, Sys 0 00:00:16  -  Run Remote Usage
		Usr 0 00:00:00, Sys 0 00:00:00  -  Run Local Usage
		Usr 0 01:15:20, Sys 0 00:00:16  -  Total Remote Usage
		Usr 0 00:00:00, Sys 0 00:00:00  -  Total Local Usage
	0  -  Run Bytes Sent By Job
	0  -  Run Bytes Received By Job
	0  -  Total Bytes Sent By Job
	0  -  Total Bytes Received By Job
	Partitionable Resources :    Usage  Request Allocated 
	   Cpus                 :     7.35        8         8 
	   Disk (KB)            :     1           1      2048 
	   GPUs                 :                           0 
	   Memory (MB)          :  1098        4096      4096 
	   TimeExecute (s)      :   868                       
	   TimeSlotBusy (s)     :   868                       
...
