000 (6919.281.000) 2026-04-16 09:41:22 Job submitted from host: <140.160.143.131:9618?addrs=140.160.143.131-9618&alias=cse-head.cluster.cs.wwu.edu&noUDP&sock=schedd_1483_cb0a>
...
001 (6919.281.000) 2026-04-16 12:11:10 Job executing on host: <140.160.143.143:9618?addrs=140.160.143.143-9618&alias=c-0-3.cluster.cs.wwu.edu&noUDP&sock=startd_1365_dadd>
	SlotName: slot1_1@c-0-3.cluster.cs.wwu.edu
	CondorScratchDir = "/var/lib/condor/execute/dir_1073136"
	Cpus = 8
	Disk = 2048
	GPUs = 0
	Memory = 6144
...
006 (6919.281.000) 2026-04-16 12:11:19 Image size of job updated: 105656
	104  -  MemoryUsage of job (MB)
	105656  -  ResidentSetSize of job (KB)
...
006 (6919.281.000) 2026-04-16 12:16:20 Image size of job updated: 709652
	694  -  MemoryUsage of job (MB)
	709652  -  ResidentSetSize of job (KB)
...
006 (6919.281.000) 2026-04-16 12:21:21 Image size of job updated: 934780
	903  -  MemoryUsage of job (MB)
	924252  -  ResidentSetSize of job (KB)
...
006 (6919.281.000) 2026-04-16 12:23:56 Image size of job updated: 956260
	903  -  MemoryUsage of job (MB)
	924252  -  ResidentSetSize of job (KB)
...
005 (6919.281.000) 2026-04-16 12:23:56 Job terminated.
	(1) Normal termination (return value 0)
		Usr 0 00:26:39, Sys 0 00:00:06  -  Run Remote Usage
		Usr 0 00:00:00, Sys 0 00:00:00  -  Run Local Usage
		Usr 0 00:26:39, Sys 0 00:00:06  -  Total Remote Usage
		Usr 0 00:00:00, Sys 0 00:00:00  -  Total Local Usage
	0  -  Run Bytes Sent By Job
	0  -  Run Bytes Received By Job
	0  -  Total Bytes Sent By Job
	0  -  Total Bytes Received By Job
	Partitionable Resources :    Usage  Request Allocated 
	   Cpus                 :     3.99        8         8 
	   Disk (KB)            :     1           1      2048 
	   GPUs                 :                           0 
	   Memory (MB)          :   903        6144      6144 
	   TimeExecute (s)      :   766                       
	   TimeSlotBusy (s)     :   772                       
...
