000 (6920.150.000) 2026-04-16 09:44:16 Job submitted from host: <140.160.143.131:9618?addrs=140.160.143.131-9618&alias=cse-head.cluster.cs.wwu.edu&noUDP&sock=schedd_1483_cb0a>
...
001 (6920.150.000) 2026-04-16 15:50:50 Job executing on host: <140.160.143.184:9618?addrs=140.160.143.184-9618&alias=c-0-15.cluster.cs.wwu.edu&noUDP&sock=startd_1429_c0ed>
	SlotName: slot1_3@c-0-15.cluster.cs.wwu.edu
	CondorScratchDir = "/var/lib/condor/execute/dir_22458"
	Cpus = 8
	Disk = 2048
	GPUs = 0
	Memory = 9216
...
006 (6920.150.000) 2026-04-16 15:50:59 Image size of job updated: 391240
	383  -  MemoryUsage of job (MB)
	391240  -  ResidentSetSize of job (KB)
...
006 (6920.150.000) 2026-04-16 15:56:00 Image size of job updated: 873120
	853  -  MemoryUsage of job (MB)
	873120  -  ResidentSetSize of job (KB)
...
006 (6920.150.000) 2026-04-16 15:56:09 Image size of job updated: 873228
	853  -  MemoryUsage of job (MB)
	873120  -  ResidentSetSize of job (KB)
...
005 (6920.150.000) 2026-04-16 15:56:09 Job terminated.
	(1) Normal termination (return value 0)
		Usr 0 00:05:58, Sys 0 00:00:01  -  Run Remote Usage
		Usr 0 00:00:00, Sys 0 00:00:00  -  Run Local Usage
		Usr 0 00:05:58, Sys 0 00:00:01  -  Total Remote Usage
		Usr 0 00:00:00, Sys 0 00:00:00  -  Total Local Usage
	0  -  Run Bytes Sent By Job
	0  -  Run Bytes Received By Job
	0  -  Total Bytes Sent By Job
	0  -  Total Bytes Received By Job
	Partitionable Resources :    Usage  Request Allocated 
	   Cpus                 :     1.14        8         8 
	   Disk (KB)            :     1           1      2048 
	   GPUs                 :                           0 
	   Memory (MB)          :   853        9216      9216 
	   TimeExecute (s)      :   319                       
	   TimeSlotBusy (s)     :   319                       
...
