000 (6918.385.000) 2026-04-15 19:42:51 Job submitted from host: <140.160.143.131:9618?addrs=140.160.143.131-9618&alias=cse-head.cluster.cs.wwu.edu&noUDP&sock=schedd_1483_cb0a>
...
001 (6918.385.000) 2026-04-16 00:59:47 Job executing on host: <140.160.143.149:9618?addrs=140.160.143.149-9618&alias=c-0-9.cluster.cs.wwu.edu&noUDP&sock=startd_1570_77c7>
	SlotName: slot1_3@c-0-9.cluster.cs.wwu.edu
	CondorScratchDir = "/var/lib/condor/execute/dir_1067823"
	Cpus = 8
	Disk = 2048
	GPUs = 0
	Memory = 4096
...
006 (6918.385.000) 2026-04-16 00:59:56 Image size of job updated: 390272
	382  -  MemoryUsage of job (MB)
	390272  -  ResidentSetSize of job (KB)
...
006 (6918.385.000) 2026-04-16 01:04:57 Image size of job updated: 1080284
	1055  -  MemoryUsage of job (MB)
	1080284  -  ResidentSetSize of job (KB)
...
006 (6918.385.000) 2026-04-16 01:09:57 Image size of job updated: 1114572
	1080  -  MemoryUsage of job (MB)
	1105872  -  ResidentSetSize of job (KB)
...
005 (6918.385.000) 2026-04-16 01:11:03 Job terminated.
	(1) Normal termination (return value 0)
		Usr 0 00:47:19, Sys 0 00:00:17  -  Run Remote Usage
		Usr 0 00:00:00, Sys 0 00:00:00  -  Run Local Usage
		Usr 0 00:47:19, Sys 0 00:00:17  -  Total Remote Usage
		Usr 0 00:00:00, Sys 0 00:00:00  -  Total Local Usage
	0  -  Run Bytes Sent By Job
	0  -  Run Bytes Received By Job
	0  -  Total Bytes Sent By Job
	0  -  Total Bytes Received By Job
	Partitionable Resources :    Usage  Request Allocated 
	   Cpus                 :     6.98        8         8 
	   Disk (KB)            :     1           1      2048 
	   GPUs                 :                           0 
	   Memory (MB)          :  1080        4096      4096 
	   TimeExecute (s)      :   675                       
	   TimeSlotBusy (s)     :   676                       
...
