000 (6919.330.000) 2026-04-16 09:41:22 Job submitted from host: <140.160.143.131:9618?addrs=140.160.143.131-9618&alias=cse-head.cluster.cs.wwu.edu&noUDP&sock=schedd_1483_cb0a>
...
001 (6919.330.000) 2026-04-16 12:58:15 Job executing on host: <140.160.143.141:9618?addrs=140.160.143.141-9618&alias=c-0-1.cluster.cs.wwu.edu&noUDP&sock=startd_1336_f69e>
	SlotName: slot1_2@c-0-1.cluster.cs.wwu.edu
	CondorScratchDir = "/var/lib/condor/execute/dir_1058865"
	Cpus = 8
	Disk = 2048
	GPUs = 0
	Memory = 6144
...
006 (6919.330.000) 2026-04-16 12:58:24 Image size of job updated: 101476
	100  -  MemoryUsage of job (MB)
	101476  -  ResidentSetSize of job (KB)
...
006 (6919.330.000) 2026-04-16 13:03:25 Image size of job updated: 730516
	714  -  MemoryUsage of job (MB)
	730516  -  ResidentSetSize of job (KB)
...
006 (6919.330.000) 2026-04-16 13:08:25 Image size of job updated: 1317040
	1242  -  MemoryUsage of job (MB)
	1271356  -  ResidentSetSize of job (KB)
...
005 (6919.330.000) 2026-04-16 13:14:22 Job terminated.
	(1) Normal termination (return value 0)
		Usr 0 01:15:40, Sys 0 00:00:16  -  Run Remote Usage
		Usr 0 00:00:00, Sys 0 00:00:00  -  Run Local Usage
		Usr 0 01:15:40, Sys 0 00:00:16  -  Total Remote Usage
		Usr 0 00:00:00, Sys 0 00:00:00  -  Total Local Usage
	0  -  Run Bytes Sent By Job
	0  -  Run Bytes Received By Job
	0  -  Total Bytes Sent By Job
	0  -  Total Bytes Received By Job
	Partitionable Resources :    Usage  Request Allocated 
	   Cpus                 :     1.04        8         8 
	   Disk (KB)            :     1           1      2048 
	   GPUs                 :                           0 
	   Memory (MB)          :  1242        6144      6144 
	   TimeExecute (s)      :   967                       
	   TimeSlotBusy (s)     :   967                       
...
