000 (6920.303.000) 2026-04-16 09:44:16 Job submitted from host: <140.160.143.131:9618?addrs=140.160.143.131-9618&alias=cse-head.cluster.cs.wwu.edu&noUDP&sock=schedd_1483_cb0a>
...
001 (6920.303.000) 2026-04-16 17:26:05 Job executing on host: <140.160.143.149:9618?addrs=140.160.143.149-9618&alias=c-0-9.cluster.cs.wwu.edu&noUDP&sock=startd_1570_77c7>
	SlotName: slot1_1@c-0-9.cluster.cs.wwu.edu
	CondorScratchDir = "/var/lib/condor/execute/dir_1101958"
	Cpus = 8
	Disk = 2048
	GPUs = 0
	Memory = 9216
...
006 (6920.303.000) 2026-04-16 17:26:13 Image size of job updated: 408968
	400  -  MemoryUsage of job (MB)
	408968  -  ResidentSetSize of job (KB)
...
006 (6920.303.000) 2026-04-16 17:31:13 Image size of job updated: 1024448
	910  -  MemoryUsage of job (MB)
	931540  -  ResidentSetSize of job (KB)
...
006 (6920.303.000) 2026-04-16 17:36:14 Image size of job updated: 1081448
	1013  -  MemoryUsage of job (MB)
	1036436  -  ResidentSetSize of job (KB)
...
005 (6920.303.000) 2026-04-16 17:39:15 Job terminated.
	(1) Normal termination (return value 0)
		Usr 0 00:54:07, Sys 0 00:00:16  -  Run Remote Usage
		Usr 0 00:00:00, Sys 0 00:00:00  -  Run Local Usage
		Usr 0 00:54:07, Sys 0 00:00:16  -  Total Remote Usage
		Usr 0 00:00:00, Sys 0 00:00:00  -  Total Local Usage
	0  -  Run Bytes Sent By Job
	0  -  Run Bytes Received By Job
	0  -  Total Bytes Sent By Job
	0  -  Total Bytes Received By Job
	Partitionable Resources :    Usage  Request Allocated 
	   Cpus                 :     5.55        8         8 
	   Disk (KB)            :     1           1      2048 
	   GPUs                 :                           0 
	   Memory (MB)          :  1013        9216      9216 
	   TimeExecute (s)      :   789                       
	   TimeSlotBusy (s)     :   789                       
...
