000 (6919.301.000) 2026-04-16 09:41:22 Job submitted from host: <140.160.143.131:9618?addrs=140.160.143.131-9618&alias=cse-head.cluster.cs.wwu.edu&noUDP&sock=schedd_1483_cb0a>
...
001 (6919.301.000) 2026-04-16 12:28:18 Job executing on host: <140.160.143.149:9618?addrs=140.160.143.149-9618&alias=c-0-9.cluster.cs.wwu.edu&noUDP&sock=startd_1570_77c7>
	SlotName: slot1_1@c-0-9.cluster.cs.wwu.edu
	CondorScratchDir = "/var/lib/condor/execute/dir_1089587"
	Cpus = 8
	Disk = 2048
	GPUs = 0
	Memory = 6144
...
006 (6919.301.000) 2026-04-16 12:28:26 Image size of job updated: 422788
	413  -  MemoryUsage of job (MB)
	422788  -  ResidentSetSize of job (KB)
...
006 (6919.301.000) 2026-04-16 12:33:26 Image size of job updated: 995724
	973  -  MemoryUsage of job (MB)
	995724  -  ResidentSetSize of job (KB)
...
006 (6919.301.000) 2026-04-16 12:36:53 Image size of job updated: 1089740
	973  -  MemoryUsage of job (MB)
	995724  -  ResidentSetSize of job (KB)
...
005 (6919.301.000) 2026-04-16 12:36:53 Job terminated.
	(1) Normal termination (return value 0)
		Usr 0 00:31:36, Sys 0 00:00:20  -  Run Remote Usage
		Usr 0 00:00:00, Sys 0 00:00:00  -  Run Local Usage
		Usr 0 00:31:36, Sys 0 00:00:20  -  Total Remote Usage
		Usr 0 00:00:00, Sys 0 00:00:00  -  Total Local Usage
	0  -  Run Bytes Sent By Job
	0  -  Run Bytes Received By Job
	0  -  Total Bytes Sent By Job
	0  -  Total Bytes Received By Job
	Partitionable Resources :    Usage  Request Allocated 
	   Cpus                 :     5.49        8         8 
	   Disk (KB)            :     1           1      2048 
	   GPUs                 :                           0 
	   Memory (MB)          :   973        6144      6144 
	   TimeExecute (s)      :   515                       
	   TimeSlotBusy (s)     :   521                       
...
