000 (6918.358.000) 2026-04-15 19:42:51 Job submitted from host: <140.160.143.131:9618?addrs=140.160.143.131-9618&alias=cse-head.cluster.cs.wwu.edu&noUDP&sock=schedd_1483_cb0a>
...
001 (6918.358.000) 2026-04-16 00:26:03 Job executing on host: <140.160.143.150:9618?addrs=140.160.143.150-9618&alias=c-0-10.cluster.cs.wwu.edu&noUDP&sock=startd_1506_91b7>
	SlotName: slot1_3@c-0-10.cluster.cs.wwu.edu
	CondorScratchDir = "/var/lib/condor/execute/dir_1054833"
	Cpus = 8
	Disk = 2048
	GPUs = 0
	Memory = 4096
...
006 (6918.358.000) 2026-04-16 00:26:12 Image size of job updated: 262256
	257  -  MemoryUsage of job (MB)
	262256  -  ResidentSetSize of job (KB)
...
006 (6918.358.000) 2026-04-16 00:31:13 Image size of job updated: 893320
	873  -  MemoryUsage of job (MB)
	893320  -  ResidentSetSize of job (KB)
...
006 (6918.358.000) 2026-04-16 00:34:17 Image size of job updated: 1106600
	873  -  MemoryUsage of job (MB)
	893320  -  ResidentSetSize of job (KB)
...
005 (6918.358.000) 2026-04-16 00:34:18 Job terminated.
	(1) Normal termination (return value 0)
		Usr 0 00:23:01, Sys 0 00:00:08  -  Run Remote Usage
		Usr 0 00:00:00, Sys 0 00:00:00  -  Run Local Usage
		Usr 0 00:23:01, Sys 0 00:00:08  -  Total Remote Usage
		Usr 0 00:00:00, Sys 0 00:00:00  -  Total Local Usage
	0  -  Run Bytes Sent By Job
	0  -  Run Bytes Received By Job
	0  -  Total Bytes Sent By Job
	0  -  Total Bytes Received By Job
	Partitionable Resources :    Usage  Request Allocated 
	   Cpus                 :     3.93        8         8 
	   Disk (KB)            :     1           1      2048 
	   GPUs                 :                           0 
	   Memory (MB)          :   873        4096      4096 
	   TimeExecute (s)      :   494                       
	   TimeSlotBusy (s)     :   495                       
...
