000 (6919.327.000) 2026-04-16 09:41:22 Job submitted from host: <140.160.143.131:9618?addrs=140.160.143.131-9618&alias=cse-head.cluster.cs.wwu.edu&noUDP&sock=schedd_1483_cb0a>
...
001 (6919.327.000) 2026-04-16 12:54:16 Job executing on host: <140.160.143.144:9618?addrs=140.160.143.144-9618&alias=c-0-4.cluster.cs.wwu.edu&noUDP&sock=startd_1367_3a0d>
	SlotName: slot1_3@c-0-4.cluster.cs.wwu.edu
	CondorScratchDir = "/var/lib/condor/execute/dir_1068183"
	Cpus = 8
	Disk = 2048
	GPUs = 0
	Memory = 6144
...
006 (6919.327.000) 2026-04-16 12:54:24 Image size of job updated: 99260
	97  -  MemoryUsage of job (MB)
	99260  -  ResidentSetSize of job (KB)
...
006 (6919.327.000) 2026-04-16 12:59:24 Image size of job updated: 691324
	675  -  MemoryUsage of job (MB)
	690956  -  ResidentSetSize of job (KB)
...
006 (6919.327.000) 2026-04-16 13:04:24 Image size of job updated: 1023844
	906  -  MemoryUsage of job (MB)
	926844  -  ResidentSetSize of job (KB)
...
006 (6919.327.000) 2026-04-16 13:14:25 Image size of job updated: 1067056
	950  -  MemoryUsage of job (MB)
	972620  -  ResidentSetSize of job (KB)
...
005 (6919.327.000) 2026-04-16 13:14:44 Job terminated.
	(1) Normal termination (return value 0)
		Usr 0 01:11:27, Sys 0 00:01:13  -  Run Remote Usage
		Usr 0 00:00:00, Sys 0 00:00:00  -  Run Local Usage
		Usr 0 01:11:27, Sys 0 00:01:13  -  Total Remote Usage
		Usr 0 00:00:00, Sys 0 00:00:00  -  Total Local Usage
	0  -  Run Bytes Sent By Job
	0  -  Run Bytes Received By Job
	0  -  Total Bytes Sent By Job
	0  -  Total Bytes Received By Job
	Partitionable Resources :    Usage  Request Allocated 
	   Cpus                 :     1.08        8         8 
	   Disk (KB)            :     1           1      2048 
	   GPUs                 :                           0 
	   Memory (MB)          :   950        6144      6144 
	   TimeExecute (s)      :  1228                       
	   TimeSlotBusy (s)     :  1229                       
...
