000 (6919.102.000) 2026-04-16 09:41:22 Job submitted from host: <140.160.143.131:9618?addrs=140.160.143.131-9618&alias=cse-head.cluster.cs.wwu.edu&noUDP&sock=schedd_1483_cb0a>
...
001 (6919.102.000) 2026-04-16 10:32:24 Job executing on host: <140.160.143.150:9618?addrs=140.160.143.150-9618&alias=c-0-10.cluster.cs.wwu.edu&noUDP&sock=startd_1506_91b7>
	SlotName: slot1_3@c-0-10.cluster.cs.wwu.edu
	CondorScratchDir = "/var/lib/condor/execute/dir_1070278"
	Cpus = 8
	Disk = 2048
	GPUs = 0
	Memory = 6144
...
006 (6919.102.000) 2026-04-16 10:32:33 Image size of job updated: 270036
	264  -  MemoryUsage of job (MB)
	270036  -  ResidentSetSize of job (KB)
...
006 (6919.102.000) 2026-04-16 10:37:34 Image size of job updated: 730080
	713  -  MemoryUsage of job (MB)
	730080  -  ResidentSetSize of job (KB)
...
006 (6919.102.000) 2026-04-16 10:37:54 Image size of job updated: 740080
	713  -  MemoryUsage of job (MB)
	730080  -  ResidentSetSize of job (KB)
...
005 (6919.102.000) 2026-04-16 10:37:54 Job terminated.
	(1) Normal termination (return value 0)
		Usr 0 00:05:40, Sys 0 00:00:01  -  Run Remote Usage
		Usr 0 00:00:00, Sys 0 00:00:00  -  Run Local Usage
		Usr 0 00:05:40, Sys 0 00:00:01  -  Total Remote Usage
		Usr 0 00:00:00, Sys 0 00:00:00  -  Total Local Usage
	0  -  Run Bytes Sent By Job
	0  -  Run Bytes Received By Job
	0  -  Total Bytes Sent By Job
	0  -  Total Bytes Received By Job
	Partitionable Resources :    Usage  Request Allocated 
	   Cpus                 :     1.04        8         8 
	   Disk (KB)            :     1           1      2048 
	   GPUs                 :                           0 
	   Memory (MB)          :   713        6144      6144 
	   TimeExecute (s)      :   330                       
	   TimeSlotBusy (s)     :   330                       
...
