000 (6920.297.000) 2026-04-16 09:44:16 Job submitted from host: <140.160.143.131:9618?addrs=140.160.143.131-9618&alias=cse-head.cluster.cs.wwu.edu&noUDP&sock=schedd_1483_cb0a>
...
001 (6920.297.000) 2026-04-16 17:19:39 Job executing on host: <140.160.143.148:9618?addrs=140.160.143.148-9618&alias=c-0-8.cluster.cs.wwu.edu&noUDP&sock=startd_1538_84bf>
	SlotName: slot1_4@c-0-8.cluster.cs.wwu.edu
	CondorScratchDir = "/var/lib/condor/execute/dir_1091342"
	Cpus = 8
	Disk = 2048
	GPUs = 0
	Memory = 9216
...
006 (6920.297.000) 2026-04-16 17:19:47 Image size of job updated: 230948
	226  -  MemoryUsage of job (MB)
	230948  -  ResidentSetSize of job (KB)
...
006 (6920.297.000) 2026-04-16 17:24:47 Image size of job updated: 895388
	875  -  MemoryUsage of job (MB)
	895388  -  ResidentSetSize of job (KB)
...
006 (6920.297.000) 2026-04-16 17:29:47 Image size of job updated: 959268
	932  -  MemoryUsage of job (MB)
	954336  -  ResidentSetSize of job (KB)
...
006 (6920.297.000) 2026-04-16 17:34:48 Image size of job updated: 1125996
	1017  -  MemoryUsage of job (MB)
	1040968  -  ResidentSetSize of job (KB)
...
005 (6920.297.000) 2026-04-16 17:39:50 Job terminated.
	(1) Normal termination (return value 0)
		Usr 0 01:04:42, Sys 0 00:00:17  -  Run Remote Usage
		Usr 0 00:00:00, Sys 0 00:00:00  -  Run Local Usage
		Usr 0 01:04:42, Sys 0 00:00:17  -  Total Remote Usage
		Usr 0 00:00:00, Sys 0 00:00:00  -  Total Local Usage
	0  -  Run Bytes Sent By Job
	0  -  Run Bytes Received By Job
	0  -  Total Bytes Sent By Job
	0  -  Total Bytes Received By Job
	Partitionable Resources :    Usage  Request Allocated 
	   Cpus                 :     3.80        8         8 
	   Disk (KB)            :     1           1      2048 
	   GPUs                 :                           0 
	   Memory (MB)          :  1017        9216      9216 
	   TimeExecute (s)      :  1211                       
	   TimeSlotBusy (s)     :  1212                       
...
