000 (6918.331.000) 2026-04-15 19:42:51 Job submitted from host: <140.160.143.131:9618?addrs=140.160.143.131-9618&alias=cse-head.cluster.cs.wwu.edu&noUDP&sock=schedd_1483_cb0a>
...
001 (6918.331.000) 2026-04-16 00:01:03 Job executing on host: <140.160.143.143:9618?addrs=140.160.143.143-9618&alias=c-0-3.cluster.cs.wwu.edu&noUDP&sock=startd_1365_dadd>
	SlotName: slot1_1@c-0-3.cluster.cs.wwu.edu
	CondorScratchDir = "/var/lib/condor/execute/dir_1054204"
	Cpus = 8
	Disk = 2048
	GPUs = 0
	Memory = 4096
...
006 (6918.331.000) 2026-04-16 00:01:12 Image size of job updated: 103728
	102  -  MemoryUsage of job (MB)
	103728  -  ResidentSetSize of job (KB)
...
006 (6918.331.000) 2026-04-16 00:06:13 Image size of job updated: 705176
	689  -  MemoryUsage of job (MB)
	705176  -  ResidentSetSize of job (KB)
...
006 (6918.331.000) 2026-04-16 00:11:13 Image size of job updated: 1049588
	978  -  MemoryUsage of job (MB)
	1001244  -  ResidentSetSize of job (KB)
...
005 (6918.331.000) 2026-04-16 00:12:12 Job terminated.
	(1) Normal termination (return value 0)
		Usr 0 00:26:30, Sys 0 00:00:12  -  Run Remote Usage
		Usr 0 00:00:00, Sys 0 00:00:00  -  Run Local Usage
		Usr 0 00:26:30, Sys 0 00:00:12  -  Total Remote Usage
		Usr 0 00:00:00, Sys 0 00:00:00  -  Total Local Usage
	0  -  Run Bytes Sent By Job
	0  -  Run Bytes Received By Job
	0  -  Total Bytes Sent By Job
	0  -  Total Bytes Received By Job
	Partitionable Resources :    Usage  Request Allocated 
	   Cpus                 :     5.39        8         8 
	   Disk (KB)            :     1           1      2048 
	   GPUs                 :                           0 
	   Memory (MB)          :   978        4096      4096 
	   TimeExecute (s)      :   669                       
	   TimeSlotBusy (s)     :   669                       
...
