000 (6919.314.000) 2026-04-16 09:41:22 Job submitted from host: <140.160.143.131:9618?addrs=140.160.143.131-9618&alias=cse-head.cluster.cs.wwu.edu&noUDP&sock=schedd_1483_cb0a>
...
001 (6919.314.000) 2026-04-16 12:39:48 Job executing on host: <140.160.143.149:9618?addrs=140.160.143.149-9618&alias=c-0-9.cluster.cs.wwu.edu&noUDP&sock=startd_1570_77c7>
	SlotName: slot1_4@c-0-9.cluster.cs.wwu.edu
	CondorScratchDir = "/var/lib/condor/execute/dir_1089770"
	Cpus = 8
	Disk = 2048
	GPUs = 0
	Memory = 6144
...
006 (6919.314.000) 2026-04-16 12:39:56 Image size of job updated: 328160
	321  -  MemoryUsage of job (MB)
	328160  -  ResidentSetSize of job (KB)
...
006 (6919.314.000) 2026-04-16 12:44:56 Image size of job updated: 1104716
	1079  -  MemoryUsage of job (MB)
	1104048  -  ResidentSetSize of job (KB)
...
006 (6919.314.000) 2026-04-16 12:48:47 Image size of job updated: 1145024
	1079  -  MemoryUsage of job (MB)
	1104048  -  ResidentSetSize of job (KB)
...
005 (6919.314.000) 2026-04-16 12:48:48 Job terminated.
	(1) Normal termination (return value 0)
		Usr 0 00:34:52, Sys 0 00:00:07  -  Run Remote Usage
		Usr 0 00:00:00, Sys 0 00:00:00  -  Run Local Usage
		Usr 0 00:34:52, Sys 0 00:00:07  -  Total Remote Usage
		Usr 0 00:00:00, Sys 0 00:00:00  -  Total Local Usage
	0  -  Run Bytes Sent By Job
	0  -  Run Bytes Received By Job
	0  -  Total Bytes Sent By Job
	0  -  Total Bytes Received By Job
	Partitionable Resources :    Usage  Request Allocated 
	   Cpus                 :     7.25        8         8 
	   Disk (KB)            :     1           1      2048 
	   GPUs                 :                           0 
	   Memory (MB)          :  1079        6144      6144 
	   TimeExecute (s)      :   539                       
	   TimeSlotBusy (s)     :   539                       
...
