000 (6920.395.000) 2026-04-16 09:44:16 Job submitted from host: <140.160.143.131:9618?addrs=140.160.143.131-9618&alias=cse-head.cluster.cs.wwu.edu&noUDP&sock=schedd_1483_cb0a>
...
001 (6920.395.000) 2026-04-16 19:03:13 Job executing on host: <140.160.143.149:9618?addrs=140.160.143.149-9618&alias=c-0-9.cluster.cs.wwu.edu&noUDP&sock=startd_1570_77c7>
	SlotName: slot1_4@c-0-9.cluster.cs.wwu.edu
	CondorScratchDir = "/var/lib/condor/execute/dir_1105221"
	Cpus = 8
	Disk = 2048
	GPUs = 0
	Memory = 9216
...
006 (6920.395.000) 2026-04-16 19:03:22 Image size of job updated: 419700
	410  -  MemoryUsage of job (MB)
	419700  -  ResidentSetSize of job (KB)
...
006 (6920.395.000) 2026-04-16 19:08:23 Image size of job updated: 1092064
	1029  -  MemoryUsage of job (MB)
	1053072  -  ResidentSetSize of job (KB)
...
006 (6920.395.000) 2026-04-16 19:13:23 Image size of job updated: 1116924
	1029  -  MemoryUsage of job (MB)
	1053072  -  ResidentSetSize of job (KB)
...
005 (6920.395.000) 2026-04-16 19:14:21 Job terminated.
	(1) Normal termination (return value 0)
		Usr 0 00:39:23, Sys 0 00:00:17  -  Run Remote Usage
		Usr 0 00:00:00, Sys 0 00:00:00  -  Run Local Usage
		Usr 0 00:39:23, Sys 0 00:00:17  -  Total Remote Usage
		Usr 0 00:00:00, Sys 0 00:00:00  -  Total Local Usage
	0  -  Run Bytes Sent By Job
	0  -  Run Bytes Received By Job
	0  -  Total Bytes Sent By Job
	0  -  Total Bytes Received By Job
	Partitionable Resources :    Usage  Request Allocated 
	   Cpus                 :     4.93        8         8 
	   Disk (KB)            :     1           1      2048 
	   GPUs                 :                           0 
	   Memory (MB)          :  1029        9216      9216 
	   TimeExecute (s)      :   668                       
	   TimeSlotBusy (s)     :   668                       
...
