000 (6918.083.000) 2026-04-15 19:42:51 Job submitted from host: <140.160.143.131:9618?addrs=140.160.143.131-9618&alias=cse-head.cluster.cs.wwu.edu&noUDP&sock=schedd_1483_cb0a>
...
001 (6918.083.000) 2026-04-15 20:43:32 Job executing on host: <140.160.143.150:9618?addrs=140.160.143.150-9618&alias=c-0-10.cluster.cs.wwu.edu&noUDP&sock=startd_1506_91b7>
	SlotName: slot1_3@c-0-10.cluster.cs.wwu.edu
	CondorScratchDir = "/var/lib/condor/execute/dir_1047417"
	Cpus = 8
	Disk = 2048
	GPUs = 0
	Memory = 4096
...
006 (6918.083.000) 2026-04-15 20:43:40 Image size of job updated: 224316
	220  -  MemoryUsage of job (MB)
	224316  -  ResidentSetSize of job (KB)
...
006 (6918.083.000) 2026-04-15 20:48:40 Image size of job updated: 728976
	712  -  MemoryUsage of job (MB)
	728976  -  ResidentSetSize of job (KB)
...
006 (6918.083.000) 2026-04-15 20:49:08 Image size of job updated: 738048
	712  -  MemoryUsage of job (MB)
	728976  -  ResidentSetSize of job (KB)
...
005 (6918.083.000) 2026-04-15 20:49:09 Job terminated.
	(1) Normal termination (return value 0)
		Usr 0 00:05:48, Sys 0 00:00:02  -  Run Remote Usage
		Usr 0 00:00:00, Sys 0 00:00:00  -  Run Local Usage
		Usr 0 00:05:48, Sys 0 00:00:02  -  Total Remote Usage
		Usr 0 00:00:00, Sys 0 00:00:00  -  Total Local Usage
	0  -  Run Bytes Sent By Job
	0  -  Run Bytes Received By Job
	0  -  Total Bytes Sent By Job
	0  -  Total Bytes Received By Job
	Partitionable Resources :    Usage  Request Allocated 
	   Cpus                 :     1.01        8         8 
	   Disk (KB)            :     1           1      2048 
	   GPUs                 :                           0 
	   Memory (MB)          :   712        4096      4096 
	   TimeExecute (s)      :   336                       
	   TimeSlotBusy (s)     :   338                       
...
