000 (6920.181.000) 2026-04-16 09:44:16 Job submitted from host: <140.160.143.131:9618?addrs=140.160.143.131-9618&alias=cse-head.cluster.cs.wwu.edu&noUDP&sock=schedd_1483_cb0a>
...
001 (6920.181.000) 2026-04-16 16:05:32 Job executing on host: <140.160.143.184:9618?addrs=140.160.143.184-9618&alias=c-0-15.cluster.cs.wwu.edu&noUDP&sock=startd_1429_c0ed>
	SlotName: slot1_1@c-0-15.cluster.cs.wwu.edu
	CondorScratchDir = "/var/lib/condor/execute/dir_22775"
	Cpus = 8
	Disk = 2048
	GPUs = 0
	Memory = 9216
...
006 (6920.181.000) 2026-04-16 16:05:40 Image size of job updated: 355160
	347  -  MemoryUsage of job (MB)
	355160  -  ResidentSetSize of job (KB)
...
006 (6920.181.000) 2026-04-16 16:10:40 Image size of job updated: 911456
	891  -  MemoryUsage of job (MB)
	911456  -  ResidentSetSize of job (KB)
...
006 (6920.181.000) 2026-04-16 16:11:07 Image size of job updated: 912288
	891  -  MemoryUsage of job (MB)
	911456  -  ResidentSetSize of job (KB)
...
005 (6920.181.000) 2026-04-16 16:11:07 Job terminated.
	(1) Normal termination (return value 0)
		Usr 0 00:06:42, Sys 0 00:00:01  -  Run Remote Usage
		Usr 0 00:00:00, Sys 0 00:00:00  -  Run Local Usage
		Usr 0 00:06:42, Sys 0 00:00:01  -  Total Remote Usage
		Usr 0 00:00:00, Sys 0 00:00:00  -  Total Local Usage
	0  -  Run Bytes Sent By Job
	0  -  Run Bytes Received By Job
	0  -  Total Bytes Sent By Job
	0  -  Total Bytes Received By Job
	Partitionable Resources :    Usage  Request Allocated 
	   Cpus                 :     1.62        8         8 
	   Disk (KB)            :     1           1      2048 
	   GPUs                 :                           0 
	   Memory (MB)          :   891        9216      9216 
	   TimeExecute (s)      :   335                       
	   TimeSlotBusy (s)     :   335                       
...
