000 (6918.387.000) 2026-04-15 19:42:51 Job submitted from host: <140.160.143.131:9618?addrs=140.160.143.131-9618&alias=cse-head.cluster.cs.wwu.edu&noUDP&sock=schedd_1483_cb0a>
...
001 (6918.387.000) 2026-04-16 01:02:47 Job executing on host: <140.160.143.148:9618?addrs=140.160.143.148-9618&alias=c-0-8.cluster.cs.wwu.edu&noUDP&sock=startd_1538_84bf>
	SlotName: slot1_4@c-0-8.cluster.cs.wwu.edu
	CondorScratchDir = "/var/lib/condor/execute/dir_1064768"
	Cpus = 8
	Disk = 2048
	GPUs = 0
	Memory = 4096
...
006 (6918.387.000) 2026-04-16 01:02:56 Image size of job updated: 262044
	256  -  MemoryUsage of job (MB)
	262044  -  ResidentSetSize of job (KB)
...
006 (6918.387.000) 2026-04-16 01:07:57 Image size of job updated: 990948
	968  -  MemoryUsage of job (MB)
	990948  -  ResidentSetSize of job (KB)
...
006 (6918.387.000) 2026-04-16 01:12:58 Image size of job updated: 1143044
	1114  -  MemoryUsage of job (MB)
	1140444  -  ResidentSetSize of job (KB)
...
006 (6918.387.000) 2026-04-16 01:17:58 Image size of job updated: 1250388
	1146  -  MemoryUsage of job (MB)
	1172816  -  ResidentSetSize of job (KB)
...
006 (6918.387.000) 2026-04-16 01:18:57 Image size of job updated: 1250388
	1146  -  MemoryUsage of job (MB)
	1173496  -  ResidentSetSize of job (KB)
...
005 (6918.387.000) 2026-04-16 01:18:57 Job terminated.
	(1) Normal termination (return value 0)
		Usr 0 01:19:38, Sys 0 00:00:23  -  Run Remote Usage
		Usr 0 00:00:00, Sys 0 00:00:00  -  Run Local Usage
		Usr 0 01:19:38, Sys 0 00:00:23  -  Total Remote Usage
		Usr 0 00:00:00, Sys 0 00:00:00  -  Total Local Usage
	0  -  Run Bytes Sent By Job
	0  -  Run Bytes Received By Job
	0  -  Total Bytes Sent By Job
	0  -  Total Bytes Received By Job
	Partitionable Resources :    Usage  Request Allocated 
	   Cpus                 :     7.44        8         8 
	   Disk (KB)            :     1           1      2048 
	   GPUs                 :                           0 
	   Memory (MB)          :  1146        4096      4096 
	   TimeExecute (s)      :   970                       
	   TimeSlotBusy (s)     :   970                       
...
