000 (6920.333.000) 2026-04-16 09:44:16 Job submitted from host: <140.160.143.131:9618?addrs=140.160.143.131-9618&alias=cse-head.cluster.cs.wwu.edu&noUDP&sock=schedd_1483_cb0a>
...
001 (6920.333.000) 2026-04-16 17:56:17 Job executing on host: <140.160.143.144:9618?addrs=140.160.143.144-9618&alias=c-0-4.cluster.cs.wwu.edu&noUDP&sock=startd_1367_3a0d>
	SlotName: slot1_3@c-0-4.cluster.cs.wwu.edu
	CondorScratchDir = "/var/lib/condor/execute/dir_1077114"
	Cpus = 8
	Disk = 2048
	GPUs = 0
	Memory = 9216
...
006 (6920.333.000) 2026-04-16 17:56:26 Image size of job updated: 101528
	100  -  MemoryUsage of job (MB)
	101528  -  ResidentSetSize of job (KB)
...
006 (6920.333.000) 2026-04-16 18:01:26 Image size of job updated: 949472
	928  -  MemoryUsage of job (MB)
	949472  -  ResidentSetSize of job (KB)
...
006 (6920.333.000) 2026-04-16 18:06:26 Image size of job updated: 1043728
	1018  -  MemoryUsage of job (MB)
	1042056  -  ResidentSetSize of job (KB)
...
005 (6920.333.000) 2026-04-16 18:07:08 Job terminated.
	(1) Normal termination (return value 0)
		Usr 0 00:28:50, Sys 0 00:00:11  -  Run Remote Usage
		Usr 0 00:00:00, Sys 0 00:00:00  -  Run Local Usage
		Usr 0 00:28:50, Sys 0 00:00:11  -  Total Remote Usage
		Usr 0 00:00:00, Sys 0 00:00:00  -  Total Local Usage
	0  -  Run Bytes Sent By Job
	0  -  Run Bytes Received By Job
	0  -  Total Bytes Sent By Job
	0  -  Total Bytes Received By Job
	Partitionable Resources :    Usage  Request Allocated 
	   Cpus                 :     3.25        8         8 
	   Disk (KB)            :     1           1      2048 
	   GPUs                 :                           0 
	   Memory (MB)          :  1018        9216      9216 
	   TimeExecute (s)      :   650                       
	   TimeSlotBusy (s)     :   650                       
...
