000 (6918.324.000) 2026-04-15 19:42:51 Job submitted from host: <140.160.143.131:9618?addrs=140.160.143.131-9618&alias=cse-head.cluster.cs.wwu.edu&noUDP&sock=schedd_1483_cb0a>
...
001 (6918.324.000) 2026-04-15 23:52:03 Job executing on host: <140.160.143.185:9618?addrs=140.160.143.185-9618&alias=c-0-16.cluster.cs.wwu.edu&noUDP&sock=startd_1431_201d>
	SlotName: slot1_2@c-0-16.cluster.cs.wwu.edu
	CondorScratchDir = "/var/lib/condor/execute/dir_1056799"
	Cpus = 8
	Disk = 2048
	GPUs = 0
	Memory = 4096
...
006 (6918.324.000) 2026-04-15 23:52:12 Image size of job updated: 101524
	100  -  MemoryUsage of job (MB)
	101524  -  ResidentSetSize of job (KB)
...
006 (6918.324.000) 2026-04-15 23:57:12 Image size of job updated: 855672
	818  -  MemoryUsage of job (MB)
	836660  -  ResidentSetSize of job (KB)
...
006 (6918.324.000) 2026-04-16 00:00:59 Image size of job updated: 1115556
	818  -  MemoryUsage of job (MB)
	836660  -  ResidentSetSize of job (KB)
...
005 (6918.324.000) 2026-04-16 00:00:59 Job terminated.
	(1) Normal termination (return value 0)
		Usr 0 00:25:51, Sys 0 00:00:11  -  Run Remote Usage
		Usr 0 00:00:00, Sys 0 00:00:00  -  Run Local Usage
		Usr 0 00:25:51, Sys 0 00:00:11  -  Total Remote Usage
		Usr 0 00:00:00, Sys 0 00:00:00  -  Total Local Usage
	0  -  Run Bytes Sent By Job
	0  -  Run Bytes Received By Job
	0  -  Total Bytes Sent By Job
	0  -  Total Bytes Received By Job
	Partitionable Resources :    Usage  Request Allocated 
	   Cpus                 :     1.04        8         8 
	   Disk (KB)            :     1           1      2048 
	   GPUs                 :                           0 
	   Memory (MB)          :   818        4096      4096 
	   TimeExecute (s)      :   536                       
	   TimeSlotBusy (s)     :   536                       
...
