000 (6920.341.000) 2026-04-16 09:44:16 Job submitted from host: <140.160.143.131:9618?addrs=140.160.143.131-9618&alias=cse-head.cluster.cs.wwu.edu&noUDP&sock=schedd_1483_cb0a>
...
001 (6920.341.000) 2026-04-16 18:05:24 Job executing on host: <140.160.143.151:9618?addrs=140.160.143.151-9618&alias=c-0-11.cluster.cs.wwu.edu&noUDP&sock=startd_1509_a080>
	SlotName: slot1_1@c-0-11.cluster.cs.wwu.edu
	CondorScratchDir = "/var/lib/condor/execute/dir_1080001"
	Cpus = 8
	Disk = 2048
	GPUs = 0
	Memory = 9216
...
006 (6920.341.000) 2026-04-16 18:05:33 Image size of job updated: 241420
	236  -  MemoryUsage of job (MB)
	241420  -  ResidentSetSize of job (KB)
...
006 (6920.341.000) 2026-04-16 18:10:33 Image size of job updated: 1094732
	1054  -  MemoryUsage of job (MB)
	1078680  -  ResidentSetSize of job (KB)
...
006 (6920.341.000) 2026-04-16 18:15:33 Image size of job updated: 1155352
	1068  -  MemoryUsage of job (MB)
	1092744  -  ResidentSetSize of job (KB)
...
006 (6920.341.000) 2026-04-16 18:20:34 Image size of job updated: 1156712
	1130  -  MemoryUsage of job (MB)
	1156712  -  ResidentSetSize of job (KB)
...
005 (6920.341.000) 2026-04-16 18:29:56 Job terminated.
	(1) Normal termination (return value 0)
		Usr 0 01:52:19, Sys 0 00:00:21  -  Run Remote Usage
		Usr 0 00:00:00, Sys 0 00:00:00  -  Run Local Usage
		Usr 0 01:52:19, Sys 0 00:00:21  -  Total Remote Usage
		Usr 0 00:00:00, Sys 0 00:00:00  -  Total Local Usage
	0  -  Run Bytes Sent By Job
	0  -  Run Bytes Received By Job
	0  -  Total Bytes Sent By Job
	0  -  Total Bytes Received By Job
	Partitionable Resources :    Usage  Request Allocated 
	   Cpus                 :     5.12        8         8 
	   Disk (KB)            :     1           1      2048 
	   GPUs                 :                           0 
	   Memory (MB)          :  1130        9216      9216 
	   TimeExecute (s)      :  1472                       
	   TimeSlotBusy (s)     :  1472                       
...
