000 (6918.354.000) 2026-04-15 19:42:51 Job submitted from host: <140.160.143.131:9618?addrs=140.160.143.131-9618&alias=cse-head.cluster.cs.wwu.edu&noUDP&sock=schedd_1483_cb0a>
...
001 (6918.354.000) 2026-04-16 00:24:04 Job executing on host: <140.160.143.143:9618?addrs=140.160.143.143-9618&alias=c-0-3.cluster.cs.wwu.edu&noUDP&sock=startd_1365_dadd>
	SlotName: slot1_1@c-0-3.cluster.cs.wwu.edu
	CondorScratchDir = "/var/lib/condor/execute/dir_1055024"
	Cpus = 8
	Disk = 2048
	GPUs = 0
	Memory = 4096
...
006 (6918.354.000) 2026-04-16 00:24:12 Image size of job updated: 98708
	97  -  MemoryUsage of job (MB)
	98708  -  ResidentSetSize of job (KB)
...
006 (6918.354.000) 2026-04-16 00:29:12 Image size of job updated: 714220
	698  -  MemoryUsage of job (MB)
	714220  -  ResidentSetSize of job (KB)
...
006 (6918.354.000) 2026-04-16 00:34:13 Image size of job updated: 1136040
	1056  -  MemoryUsage of job (MB)
	1080504  -  ResidentSetSize of job (KB)
...
005 (6918.354.000) 2026-04-16 00:34:49 Job terminated.
	(1) Normal termination (return value 0)
		Usr 0 00:28:31, Sys 0 00:00:06  -  Run Remote Usage
		Usr 0 00:00:00, Sys 0 00:00:00  -  Run Local Usage
		Usr 0 00:28:31, Sys 0 00:00:06  -  Total Remote Usage
		Usr 0 00:00:00, Sys 0 00:00:00  -  Total Local Usage
	0  -  Run Bytes Sent By Job
	0  -  Run Bytes Received By Job
	0  -  Total Bytes Sent By Job
	0  -  Total Bytes Received By Job
	Partitionable Resources :    Usage  Request Allocated 
	   Cpus                 :     1.15        8         8 
	   Disk (KB)            :     1           1      2048 
	   GPUs                 :                           0 
	   Memory (MB)          :  1056        4096      4096 
	   TimeExecute (s)      :   645                       
	   TimeSlotBusy (s)     :   645                       
...
