000 (6918.325.000) 2026-04-15 19:42:51 Job submitted from host: <140.160.143.131:9618?addrs=140.160.143.131-9618&alias=cse-head.cluster.cs.wwu.edu&noUDP&sock=schedd_1483_cb0a>
...
001 (6918.325.000) 2026-04-15 23:52:04 Job executing on host: <140.160.143.148:9618?addrs=140.160.143.148-9618&alias=c-0-8.cluster.cs.wwu.edu&noUDP&sock=startd_1538_84bf>
	SlotName: slot1_4@c-0-8.cluster.cs.wwu.edu
	CondorScratchDir = "/var/lib/condor/execute/dir_1062900"
	Cpus = 8
	Disk = 2048
	GPUs = 0
	Memory = 4096
...
006 (6918.325.000) 2026-04-15 23:52:12 Image size of job updated: 222272
	218  -  MemoryUsage of job (MB)
	222272  -  ResidentSetSize of job (KB)
...
006 (6918.325.000) 2026-04-15 23:57:12 Image size of job updated: 1068748
	1044  -  MemoryUsage of job (MB)
	1068748  -  ResidentSetSize of job (KB)
...
006 (6918.325.000) 2026-04-16 00:02:12 Image size of job updated: 1144720
	1103  -  MemoryUsage of job (MB)
	1128824  -  ResidentSetSize of job (KB)
...
005 (6918.325.000) 2026-04-16 00:02:31 Job terminated.
	(1) Normal termination (return value 0)
		Usr 0 00:34:06, Sys 0 00:00:10  -  Run Remote Usage
		Usr 0 00:00:00, Sys 0 00:00:00  -  Run Local Usage
		Usr 0 00:34:06, Sys 0 00:00:10  -  Total Remote Usage
		Usr 0 00:00:00, Sys 0 00:00:00  -  Total Local Usage
	0  -  Run Bytes Sent By Job
	0  -  Run Bytes Received By Job
	0  -  Total Bytes Sent By Job
	0  -  Total Bytes Received By Job
	Partitionable Resources :    Usage  Request Allocated 
	   Cpus                 :     5.10        8         8 
	   Disk (KB)            :     1           1      2048 
	   GPUs                 :                           0 
	   Memory (MB)          :  1103        4096      4096 
	   TimeExecute (s)      :   627                       
	   TimeSlotBusy (s)     :   628                       
...
