000 (6920.375.000) 2026-04-16 09:44:16 Job submitted from host: <140.160.143.131:9618?addrs=140.160.143.131-9618&alias=cse-head.cluster.cs.wwu.edu&noUDP&sock=schedd_1483_cb0a>
...
001 (6920.375.000) 2026-04-16 18:41:27 Job executing on host: <140.160.143.148:9618?addrs=140.160.143.148-9618&alias=c-0-8.cluster.cs.wwu.edu&noUDP&sock=startd_1538_84bf>
	SlotName: slot1_4@c-0-8.cluster.cs.wwu.edu
	CondorScratchDir = "/var/lib/condor/execute/dir_1093817"
	Cpus = 8
	Disk = 2048
	GPUs = 0
	Memory = 9216
...
006 (6920.375.000) 2026-04-16 18:41:35 Image size of job updated: 225932
	221  -  MemoryUsage of job (MB)
	225932  -  ResidentSetSize of job (KB)
...
006 (6920.375.000) 2026-04-16 18:46:35 Image size of job updated: 928168
	907  -  MemoryUsage of job (MB)
	928168  -  ResidentSetSize of job (KB)
...
006 (6920.375.000) 2026-04-16 18:51:36 Image size of job updated: 1064184
	1040  -  MemoryUsage of job (MB)
	1064184  -  ResidentSetSize of job (KB)
...
006 (6920.375.000) 2026-04-16 18:53:31 Image size of job updated: 1076076
	1040  -  MemoryUsage of job (MB)
	1064184  -  ResidentSetSize of job (KB)
...
005 (6920.375.000) 2026-04-16 18:53:31 Job terminated.
	(1) Normal termination (return value 0)
		Usr 0 00:34:23, Sys 0 00:00:16  -  Run Remote Usage
		Usr 0 00:00:00, Sys 0 00:00:00  -  Run Local Usage
		Usr 0 00:34:23, Sys 0 00:00:16  -  Total Remote Usage
		Usr 0 00:00:00, Sys 0 00:00:00  -  Total Local Usage
	0  -  Run Bytes Sent By Job
	0  -  Run Bytes Received By Job
	0  -  Total Bytes Sent By Job
	0  -  Total Bytes Received By Job
	Partitionable Resources :    Usage  Request Allocated 
	   Cpus                 :     4.61        8         8 
	   Disk (KB)            :     1           1      2048 
	   GPUs                 :                           0 
	   Memory (MB)          :  1040        9216      9216 
	   TimeExecute (s)      :   724                       
	   TimeSlotBusy (s)     :   724                       
...
