000 (6918.082.000) 2026-04-15 19:42:51 Job submitted from host: <140.160.143.131:9618?addrs=140.160.143.131-9618&alias=cse-head.cluster.cs.wwu.edu&noUDP&sock=schedd_1483_cb0a>
...
001 (6918.082.000) 2026-04-15 20:41:31 Job executing on host: <140.160.143.149:9618?addrs=140.160.143.149-9618&alias=c-0-9.cluster.cs.wwu.edu&noUDP&sock=startd_1570_77c7>
	SlotName: slot1_3@c-0-9.cluster.cs.wwu.edu
	CondorScratchDir = "/var/lib/condor/execute/dir_1056671"
	Cpus = 8
	Disk = 2048
	GPUs = 0
	Memory = 4096
...
006 (6918.082.000) 2026-04-15 20:41:40 Image size of job updated: 368400
	360  -  MemoryUsage of job (MB)
	368400  -  ResidentSetSize of job (KB)
...
006 (6918.082.000) 2026-04-15 20:46:41 Image size of job updated: 754428
	737  -  MemoryUsage of job (MB)
	754428  -  ResidentSetSize of job (KB)
...
006 (6918.082.000) 2026-04-15 20:47:28 Image size of job updated: 759824
	737  -  MemoryUsage of job (MB)
	754428  -  ResidentSetSize of job (KB)
...
005 (6918.082.000) 2026-04-15 20:47:28 Job terminated.
	(1) Normal termination (return value 0)
		Usr 0 00:06:18, Sys 0 00:00:01  -  Run Remote Usage
		Usr 0 00:00:00, Sys 0 00:00:00  -  Run Local Usage
		Usr 0 00:06:18, Sys 0 00:00:01  -  Total Remote Usage
		Usr 0 00:00:00, Sys 0 00:00:00  -  Total Local Usage
	0  -  Run Bytes Sent By Job
	0  -  Run Bytes Received By Job
	0  -  Total Bytes Sent By Job
	0  -  Total Bytes Received By Job
	Partitionable Resources :    Usage  Request Allocated 
	   Cpus                 :     1.02        8         8 
	   Disk (KB)            :     1           1      2048 
	   GPUs                 :                           0 
	   Memory (MB)          :   737        4096      4096 
	   TimeExecute (s)      :   357                       
	   TimeSlotBusy (s)     :   357                       
...
