000 (6919.291.000) 2026-04-16 09:41:22 Job submitted from host: <140.160.143.131:9618?addrs=140.160.143.131-9618&alias=cse-head.cluster.cs.wwu.edu&noUDP&sock=schedd_1483_cb0a>
...
001 (6919.291.000) 2026-04-16 12:19:51 Job executing on host: <140.160.143.184:9618?addrs=140.160.143.184-9618&alias=c-0-15.cluster.cs.wwu.edu&noUDP&sock=startd_1429_c0ed>
	SlotName: slot1_2@c-0-15.cluster.cs.wwu.edu
	CondorScratchDir = "/var/lib/condor/execute/dir_13826"
	Cpus = 8
	Disk = 2048
	GPUs = 0
	Memory = 6144
...
006 (6919.291.000) 2026-04-16 12:20:00 Image size of job updated: 314904
	308  -  MemoryUsage of job (MB)
	314904  -  ResidentSetSize of job (KB)
...
006 (6919.291.000) 2026-04-16 12:25:01 Image size of job updated: 983300
	921  -  MemoryUsage of job (MB)
	942544  -  ResidentSetSize of job (KB)
...
006 (6919.291.000) 2026-04-16 12:30:01 Image size of job updated: 997632
	948  -  MemoryUsage of job (MB)
	970316  -  ResidentSetSize of job (KB)
...
005 (6919.291.000) 2026-04-16 12:30:27 Job terminated.
	(1) Normal termination (return value 0)
		Usr 0 00:30:42, Sys 0 00:00:08  -  Run Remote Usage
		Usr 0 00:00:00, Sys 0 00:00:00  -  Run Local Usage
		Usr 0 00:30:42, Sys 0 00:00:08  -  Total Remote Usage
		Usr 0 00:00:00, Sys 0 00:00:00  -  Total Local Usage
	0  -  Run Bytes Sent By Job
	0  -  Run Bytes Received By Job
	0  -  Total Bytes Sent By Job
	0  -  Total Bytes Received By Job
	Partitionable Resources :    Usage  Request Allocated 
	   Cpus                 :     1.02        8         8 
	   Disk (KB)            :     1           1      2048 
	   GPUs                 :                           0 
	   Memory (MB)          :   948        6144      6144 
	   TimeExecute (s)      :   636                       
	   TimeSlotBusy (s)     :   636                       
...
