000 (6919.239.000) 2026-04-16 09:41:22 Job submitted from host: <140.160.143.131:9618?addrs=140.160.143.131-9618&alias=cse-head.cluster.cs.wwu.edu&noUDP&sock=schedd_1483_cb0a>
...
001 (6919.239.000) 2026-04-16 11:42:22 Job executing on host: <140.160.143.184:9618?addrs=140.160.143.184-9618&alias=c-0-15.cluster.cs.wwu.edu&noUDP&sock=startd_1429_c0ed>
	SlotName: slot1_1@c-0-15.cluster.cs.wwu.edu
	CondorScratchDir = "/var/lib/condor/execute/dir_12541"
	Cpus = 8
	Disk = 2048
	GPUs = 0
	Memory = 6144
...
006 (6919.239.000) 2026-04-16 11:42:32 Image size of job updated: 365596
	358  -  MemoryUsage of job (MB)
	365596  -  ResidentSetSize of job (KB)
...
006 (6919.239.000) 2026-04-16 11:47:32 Image size of job updated: 927848
	880  -  MemoryUsage of job (MB)
	900496  -  ResidentSetSize of job (KB)
...
006 (6919.239.000) 2026-04-16 11:49:47 Image size of job updated: 957148
	880  -  MemoryUsage of job (MB)
	900496  -  ResidentSetSize of job (KB)
...
005 (6919.239.000) 2026-04-16 11:49:47 Job terminated.
	(1) Normal termination (return value 0)
		Usr 0 00:10:16, Sys 0 00:00:03  -  Run Remote Usage
		Usr 0 00:00:00, Sys 0 00:00:00  -  Run Local Usage
		Usr 0 00:10:16, Sys 0 00:00:03  -  Total Remote Usage
		Usr 0 00:00:00, Sys 0 00:00:00  -  Total Local Usage
	0  -  Run Bytes Sent By Job
	0  -  Run Bytes Received By Job
	0  -  Total Bytes Sent By Job
	0  -  Total Bytes Received By Job
	Partitionable Resources :    Usage  Request Allocated 
	   Cpus                 :     1.02        8         8 
	   Disk (KB)            :     1           1      2048 
	   GPUs                 :                           0 
	   Memory (MB)          :   880        6144      6144 
	   TimeExecute (s)      :   445                       
	   TimeSlotBusy (s)     :   445                       
...
