000 (6918.066.000) 2026-04-15 19:42:51 Job submitted from host: <140.160.143.131:9618?addrs=140.160.143.131-9618&alias=cse-head.cluster.cs.wwu.edu&noUDP&sock=schedd_1483_cb0a>
...
001 (6918.066.000) 2026-04-15 20:31:06 Job executing on host: <140.160.143.150:9618?addrs=140.160.143.150-9618&alias=c-0-10.cluster.cs.wwu.edu&noUDP&sock=startd_1506_91b7>
	SlotName: slot1_3@c-0-10.cluster.cs.wwu.edu
	CondorScratchDir = "/var/lib/condor/execute/dir_1047304"
	Cpus = 8
	Disk = 2048
	GPUs = 0
	Memory = 4096
...
006 (6918.066.000) 2026-04-15 20:31:14 Image size of job updated: 230820
	226  -  MemoryUsage of job (MB)
	230820  -  ResidentSetSize of job (KB)
...
006 (6918.066.000) 2026-04-15 20:36:14 Image size of job updated: 719784
	703  -  MemoryUsage of job (MB)
	719784  -  ResidentSetSize of job (KB)
...
006 (6918.066.000) 2026-04-15 20:36:44 Image size of job updated: 740604
	703  -  MemoryUsage of job (MB)
	719784  -  ResidentSetSize of job (KB)
...
005 (6918.066.000) 2026-04-15 20:36:44 Job terminated.
	(1) Normal termination (return value 0)
		Usr 0 00:05:50, Sys 0 00:00:02  -  Run Remote Usage
		Usr 0 00:00:00, Sys 0 00:00:00  -  Run Local Usage
		Usr 0 00:05:50, Sys 0 00:00:02  -  Total Remote Usage
		Usr 0 00:00:00, Sys 0 00:00:00  -  Total Local Usage
	0  -  Run Bytes Sent By Job
	0  -  Run Bytes Received By Job
	0  -  Total Bytes Sent By Job
	0  -  Total Bytes Received By Job
	Partitionable Resources :    Usage  Request Allocated 
	   Cpus                 :     1.07        8         8 
	   Disk (KB)            :     1           1      2048 
	   GPUs                 :                           0 
	   Memory (MB)          :   703        4096      4096 
	   TimeExecute (s)      :   338                       
	   TimeSlotBusy (s)     :   338                       
...
