000 (6919.304.000) 2026-04-16 09:41:22 Job submitted from host: <140.160.143.131:9618?addrs=140.160.143.131-9618&alias=cse-head.cluster.cs.wwu.edu&noUDP&sock=schedd_1483_cb0a>
...
001 (6919.304.000) 2026-04-16 12:30:11 Job executing on host: <140.160.143.150:9618?addrs=140.160.143.150-9618&alias=c-0-10.cluster.cs.wwu.edu&noUDP&sock=startd_1506_91b7>
	SlotName: slot1_2@c-0-10.cluster.cs.wwu.edu
	CondorScratchDir = "/var/lib/condor/execute/dir_1074144"
	Cpus = 8
	Disk = 2048
	GPUs = 0
	Memory = 6144
...
006 (6919.304.000) 2026-04-16 12:30:20 Image size of job updated: 353392
	346  -  MemoryUsage of job (MB)
	353392  -  ResidentSetSize of job (KB)
...
006 (6919.304.000) 2026-04-16 12:35:21 Image size of job updated: 1178972
	1150  -  MemoryUsage of job (MB)
	1176644  -  ResidentSetSize of job (KB)
...
005 (6919.304.000) 2026-04-16 12:38:47 Job terminated.
	(1) Normal termination (return value 0)
		Usr 0 00:35:01, Sys 0 00:00:17  -  Run Remote Usage
		Usr 0 00:00:00, Sys 0 00:00:00  -  Run Local Usage
		Usr 0 00:35:01, Sys 0 00:00:17  -  Total Remote Usage
		Usr 0 00:00:00, Sys 0 00:00:00  -  Total Local Usage
	0  -  Run Bytes Sent By Job
	0  -  Run Bytes Received By Job
	0  -  Total Bytes Sent By Job
	0  -  Total Bytes Received By Job
	Partitionable Resources :    Usage  Request Allocated 
	   Cpus                 :     7.36        8         8 
	   Disk (KB)            :     1           1      2048 
	   GPUs                 :                           0 
	   Memory (MB)          :  1150        6144      6144 
	   TimeExecute (s)      :   516                       
	   TimeSlotBusy (s)     :   516                       
...
