000 (6920.343.000) 2026-04-16 09:44:16 Job submitted from host: <140.160.143.131:9618?addrs=140.160.143.131-9618&alias=cse-head.cluster.cs.wwu.edu&noUDP&sock=schedd_1483_cb0a>
...
001 (6920.343.000) 2026-04-16 18:07:24 Job executing on host: <140.160.143.149:9618?addrs=140.160.143.149-9618&alias=c-0-9.cluster.cs.wwu.edu&noUDP&sock=startd_1570_77c7>
	SlotName: slot1_3@c-0-9.cluster.cs.wwu.edu
	CondorScratchDir = "/var/lib/condor/execute/dir_1103154"
	Cpus = 8
	Disk = 2048
	GPUs = 0
	Memory = 9216
...
006 (6920.343.000) 2026-04-16 18:07:32 Image size of job updated: 364136
	356  -  MemoryUsage of job (MB)
	364136  -  ResidentSetSize of job (KB)
...
006 (6920.343.000) 2026-04-16 18:12:32 Image size of job updated: 985700
	940  -  MemoryUsage of job (MB)
	961636  -  ResidentSetSize of job (KB)
...
006 (6920.343.000) 2026-04-16 18:17:33 Image size of job updated: 1190704
	1134  -  MemoryUsage of job (MB)
	1160692  -  ResidentSetSize of job (KB)
...
005 (6920.343.000) 2026-04-16 18:19:04 Job terminated.
	(1) Normal termination (return value 0)
		Usr 0 00:44:30, Sys 0 00:00:14  -  Run Remote Usage
		Usr 0 00:00:00, Sys 0 00:00:00  -  Run Local Usage
		Usr 0 00:44:30, Sys 0 00:00:14  -  Total Remote Usage
		Usr 0 00:00:00, Sys 0 00:00:00  -  Total Local Usage
	0  -  Run Bytes Sent By Job
	0  -  Run Bytes Received By Job
	0  -  Total Bytes Sent By Job
	0  -  Total Bytes Received By Job
	Partitionable Resources :    Usage  Request Allocated 
	   Cpus                 :     4.60        8         8 
	   Disk (KB)            :     1           1      2048 
	   GPUs                 :                           0 
	   Memory (MB)          :  1134        9216      9216 
	   TimeExecute (s)      :   700                       
	   TimeSlotBusy (s)     :   700                       
...
