000 (6920.374.000) 2026-04-16 09:44:16 Job submitted from host: <140.160.143.131:9618?addrs=140.160.143.131-9618&alias=cse-head.cluster.cs.wwu.edu&noUDP&sock=schedd_1483_cb0a>
...
001 (6920.374.000) 2026-04-16 18:40:26 Job executing on host: <140.160.143.184:9618?addrs=140.160.143.184-9618&alias=c-0-15.cluster.cs.wwu.edu&noUDP&sock=startd_1429_c0ed>
	SlotName: slot1_3@c-0-15.cluster.cs.wwu.edu
	CondorScratchDir = "/var/lib/condor/execute/dir_28367"
	Cpus = 8
	Disk = 2048
	GPUs = 0
	Memory = 9216
...
006 (6920.374.000) 2026-04-16 18:40:35 Image size of job updated: 295352
	289  -  MemoryUsage of job (MB)
	295352  -  ResidentSetSize of job (KB)
...
006 (6920.374.000) 2026-04-16 18:45:36 Image size of job updated: 943952
	883  -  MemoryUsage of job (MB)
	903252  -  ResidentSetSize of job (KB)
...
006 (6920.374.000) 2026-04-16 18:50:36 Image size of job updated: 1076248
	976  -  MemoryUsage of job (MB)
	999008  -  ResidentSetSize of job (KB)
...
005 (6920.374.000) 2026-04-16 18:52:58 Job terminated.
	(1) Normal termination (return value 0)
		Usr 0 00:41:04, Sys 0 00:00:24  -  Run Remote Usage
		Usr 0 00:00:00, Sys 0 00:00:00  -  Run Local Usage
		Usr 0 00:41:04, Sys 0 00:00:24  -  Total Remote Usage
		Usr 0 00:00:00, Sys 0 00:00:00  -  Total Local Usage
	0  -  Run Bytes Sent By Job
	0  -  Run Bytes Received By Job
	0  -  Total Bytes Sent By Job
	0  -  Total Bytes Received By Job
	Partitionable Resources :    Usage  Request Allocated 
	   Cpus                 :     5.25        8         8 
	   Disk (KB)            :     1           1      2048 
	   GPUs                 :                           0 
	   Memory (MB)          :   976        9216      9216 
	   TimeExecute (s)      :   752                       
	   TimeSlotBusy (s)     :   752                       
...
