000 (6919.384.000) 2026-04-16 09:41:23 Job submitted from host: <140.160.143.131:9618?addrs=140.160.143.131-9618&alias=cse-head.cluster.cs.wwu.edu&noUDP&sock=schedd_1483_cb0a>
...
001 (6919.384.000) 2026-04-16 14:04:39 Job executing on host: <140.160.143.148:9618?addrs=140.160.143.148-9618&alias=c-0-8.cluster.cs.wwu.edu&noUDP&sock=startd_1538_84bf>
	SlotName: slot1_4@c-0-8.cluster.cs.wwu.edu
	CondorScratchDir = "/var/lib/condor/execute/dir_1085724"
	Cpus = 8
	Disk = 2048
	GPUs = 0
	Memory = 6144
...
006 (6919.384.000) 2026-04-16 14:04:48 Image size of job updated: 247880
	243  -  MemoryUsage of job (MB)
	247880  -  ResidentSetSize of job (KB)
...
006 (6919.384.000) 2026-04-16 14:09:49 Image size of job updated: 938252
	917  -  MemoryUsage of job (MB)
	938252  -  ResidentSetSize of job (KB)
...
006 (6919.384.000) 2026-04-16 14:14:49 Image size of job updated: 1225356
	1155  -  MemoryUsage of job (MB)
	1182276  -  ResidentSetSize of job (KB)
...
006 (6919.384.000) 2026-04-16 14:16:36 Image size of job updated: 1225356
	1155  -  MemoryUsage of job (MB)
	1182280  -  ResidentSetSize of job (KB)
...
005 (6919.384.000) 2026-04-16 14:16:36 Job terminated.
	(1) Normal termination (return value 0)
		Usr 0 00:47:53, Sys 0 00:00:18  -  Run Remote Usage
		Usr 0 00:00:00, Sys 0 00:00:00  -  Run Local Usage
		Usr 0 00:47:53, Sys 0 00:00:18  -  Total Remote Usage
		Usr 0 00:00:00, Sys 0 00:00:00  -  Total Local Usage
	0  -  Run Bytes Sent By Job
	0  -  Run Bytes Received By Job
	0  -  Total Bytes Sent By Job
	0  -  Total Bytes Received By Job
	Partitionable Resources :    Usage  Request Allocated 
	   Cpus                 :     1.05        8         8 
	   Disk (KB)            :     1           1      2048 
	   GPUs                 :                           0 
	   Memory (MB)          :  1155        6144      6144 
	   TimeExecute (s)      :   717                       
	   TimeSlotBusy (s)     :   717                       
...
