000 (6920.398.000) 2026-04-16 09:44:16 Job submitted from host: <140.160.143.131:9618?addrs=140.160.143.131-9618&alias=cse-head.cluster.cs.wwu.edu&noUDP&sock=schedd_1483_cb0a>
...
001 (6920.398.000) 2026-04-16 19:07:33 Job executing on host: <140.160.143.150:9618?addrs=140.160.143.150-9618&alias=c-0-10.cluster.cs.wwu.edu&noUDP&sock=startd_1506_91b7>
	SlotName: slot1_2@c-0-10.cluster.cs.wwu.edu
	CondorScratchDir = "/var/lib/condor/execute/dir_1086355"
	Cpus = 8
	Disk = 2048
	GPUs = 0
	Memory = 9216
...
006 (6920.398.000) 2026-04-16 19:07:42 Image size of job updated: 333684
	326  -  MemoryUsage of job (MB)
	333684  -  ResidentSetSize of job (KB)
...
006 (6920.398.000) 2026-04-16 19:12:43 Image size of job updated: 1159724
	1117  -  MemoryUsage of job (MB)
	1143444  -  ResidentSetSize of job (KB)
...
006 (6920.398.000) 2026-04-16 19:17:43 Image size of job updated: 1431072
	1293  -  MemoryUsage of job (MB)
	1323528  -  ResidentSetSize of job (KB)
...
005 (6920.398.000) 2026-04-16 19:21:16 Job terminated.
	(1) Normal termination (return value 0)
		Usr 0 01:10:52, Sys 0 00:00:16  -  Run Remote Usage
		Usr 0 00:00:00, Sys 0 00:00:00  -  Run Local Usage
		Usr 0 01:10:52, Sys 0 00:00:16  -  Total Remote Usage
		Usr 0 00:00:00, Sys 0 00:00:00  -  Total Local Usage
	0  -  Run Bytes Sent By Job
	0  -  Run Bytes Received By Job
	0  -  Total Bytes Sent By Job
	0  -  Total Bytes Received By Job
	Partitionable Resources :    Usage  Request Allocated 
	   Cpus                 :     7.70        8         8 
	   Disk (KB)            :     1           1      2048 
	   GPUs                 :                           0 
	   Memory (MB)          :  1293        9216      9216 
	   TimeExecute (s)      :   823                       
	   TimeSlotBusy (s)     :   823                       
...
