000 (6920.325.000) 2026-04-16 09:44:16 Job submitted from host: <140.160.143.131:9618?addrs=140.160.143.131-9618&alias=cse-head.cluster.cs.wwu.edu&noUDP&sock=schedd_1483_cb0a>
...
001 (6920.325.000) 2026-04-16 17:49:23 Job executing on host: <140.160.143.184:9618?addrs=140.160.143.184-9618&alias=c-0-15.cluster.cs.wwu.edu&noUDP&sock=startd_1429_c0ed>
	SlotName: slot1_2@c-0-15.cluster.cs.wwu.edu
	CondorScratchDir = "/var/lib/condor/execute/dir_26374"
	Cpus = 8
	Disk = 2048
	GPUs = 0
	Memory = 9216
...
006 (6920.325.000) 2026-04-16 17:49:31 Image size of job updated: 363532
	356  -  MemoryUsage of job (MB)
	363532  -  ResidentSetSize of job (KB)
...
006 (6920.325.000) 2026-04-16 17:54:31 Image size of job updated: 1004672
	933  -  MemoryUsage of job (MB)
	955140  -  ResidentSetSize of job (KB)
...
006 (6920.325.000) 2026-04-16 17:59:31 Image size of job updated: 1083928
	971  -  MemoryUsage of job (MB)
	993768  -  ResidentSetSize of job (KB)
...
005 (6920.325.000) 2026-04-16 18:00:15 Job terminated.
	(1) Normal termination (return value 0)
		Usr 0 00:29:55, Sys 0 00:00:11  -  Run Remote Usage
		Usr 0 00:00:00, Sys 0 00:00:00  -  Run Local Usage
		Usr 0 00:29:55, Sys 0 00:00:11  -  Total Remote Usage
		Usr 0 00:00:00, Sys 0 00:00:00  -  Total Local Usage
	0  -  Run Bytes Sent By Job
	0  -  Run Bytes Received By Job
	0  -  Total Bytes Sent By Job
	0  -  Total Bytes Received By Job
	Partitionable Resources :    Usage  Request Allocated 
	   Cpus                 :     1.22        8         8 
	   Disk (KB)            :     1           1      2048 
	   GPUs                 :                           0 
	   Memory (MB)          :   971        9216      9216 
	   TimeExecute (s)      :   653                       
	   TimeSlotBusy (s)     :   653                       
...
