000 (6918.391.000) 2026-04-15 19:42:51 Job submitted from host: <140.160.143.131:9618?addrs=140.160.143.131-9618&alias=cse-head.cluster.cs.wwu.edu&noUDP&sock=schedd_1483_cb0a>
...
001 (6918.391.000) 2026-04-16 01:07:47 Job executing on host: <140.160.143.185:9618?addrs=140.160.143.185-9618&alias=c-0-16.cluster.cs.wwu.edu&noUDP&sock=startd_1431_201d>
	SlotName: slot1_2@c-0-16.cluster.cs.wwu.edu
	CondorScratchDir = "/var/lib/condor/execute/dir_1058712"
	Cpus = 8
	Disk = 2048
	GPUs = 0
	Memory = 4096
...
006 (6918.391.000) 2026-04-16 01:07:55 Image size of job updated: 103504
	102  -  MemoryUsage of job (MB)
	103504  -  ResidentSetSize of job (KB)
...
006 (6918.391.000) 2026-04-16 01:12:55 Image size of job updated: 1025260
	1002  -  MemoryUsage of job (MB)
	1025260  -  ResidentSetSize of job (KB)
...
006 (6918.391.000) 2026-04-16 01:17:56 Image size of job updated: 1098336
	1061  -  MemoryUsage of job (MB)
	1086436  -  ResidentSetSize of job (KB)
...
006 (6918.391.000) 2026-04-16 01:21:26 Image size of job updated: 1128092
	1061  -  MemoryUsage of job (MB)
	1086436  -  ResidentSetSize of job (KB)
...
005 (6918.391.000) 2026-04-16 01:21:27 Job terminated.
	(1) Normal termination (return value 0)
		Usr 0 01:01:30, Sys 0 00:00:09  -  Run Remote Usage
		Usr 0 00:00:00, Sys 0 00:00:00  -  Run Local Usage
		Usr 0 01:01:30, Sys 0 00:00:09  -  Total Remote Usage
		Usr 0 00:00:00, Sys 0 00:00:00  -  Total Local Usage
	0  -  Run Bytes Sent By Job
	0  -  Run Bytes Received By Job
	0  -  Total Bytes Sent By Job
	0  -  Total Bytes Received By Job
	Partitionable Resources :    Usage  Request Allocated 
	   Cpus                 :     7.13        8         8 
	   Disk (KB)            :     1           1      2048 
	   GPUs                 :                           0 
	   Memory (MB)          :  1061        4096      4096 
	   TimeExecute (s)      :   819                       
	   TimeSlotBusy (s)     :   819                       
...
