000 (6919.346.000) 2026-04-16 09:41:22 Job submitted from host: <140.160.143.131:9618?addrs=140.160.143.131-9618&alias=cse-head.cluster.cs.wwu.edu&noUDP&sock=schedd_1483_cb0a>
...
001 (6919.346.000) 2026-04-16 13:15:16 Job executing on host: <140.160.143.144:9618?addrs=140.160.143.144-9618&alias=c-0-4.cluster.cs.wwu.edu&noUDP&sock=startd_1367_3a0d>
	SlotName: slot1_3@c-0-4.cluster.cs.wwu.edu
	CondorScratchDir = "/var/lib/condor/execute/dir_1068285"
	Cpus = 8
	Disk = 2048
	GPUs = 0
	Memory = 6144
...
006 (6919.346.000) 2026-04-16 13:15:24 Image size of job updated: 101532
	100  -  MemoryUsage of job (MB)
	101532  -  ResidentSetSize of job (KB)
...
006 (6919.346.000) 2026-04-16 13:20:24 Image size of job updated: 696428
	681  -  MemoryUsage of job (MB)
	696428  -  ResidentSetSize of job (KB)
...
006 (6919.346.000) 2026-04-16 13:25:25 Image size of job updated: 1100332
	1070  -  MemoryUsage of job (MB)
	1095164  -  ResidentSetSize of job (KB)
...
006 (6919.346.000) 2026-04-16 13:27:45 Image size of job updated: 1109568
	1070  -  MemoryUsage of job (MB)
	1095164  -  ResidentSetSize of job (KB)
...
005 (6919.346.000) 2026-04-16 13:27:46 Job terminated.
	(1) Normal termination (return value 0)
		Usr 0 00:36:38, Sys 0 00:00:09  -  Run Remote Usage
		Usr 0 00:00:00, Sys 0 00:00:00  -  Run Local Usage
		Usr 0 00:36:38, Sys 0 00:00:09  -  Total Remote Usage
		Usr 0 00:00:00, Sys 0 00:00:00  -  Total Local Usage
	0  -  Run Bytes Sent By Job
	0  -  Run Bytes Received By Job
	0  -  Total Bytes Sent By Job
	0  -  Total Bytes Received By Job
	Partitionable Resources :    Usage  Request Allocated 
	   Cpus                 :     6.72        8         8 
	   Disk (KB)            :     1           1      2048 
	   GPUs                 :                           0 
	   Memory (MB)          :  1070        6144      6144 
	   TimeExecute (s)      :   749                       
	   TimeSlotBusy (s)     :   749                       
...
