000 (6919.386.000) 2026-04-16 09:41:23 Job submitted from host: <140.160.143.131:9618?addrs=140.160.143.131-9618&alias=cse-head.cluster.cs.wwu.edu&noUDP&sock=schedd_1483_cb0a>
...
001 (6919.386.000) 2026-04-16 14:09:08 Job executing on host: <140.160.143.143:9618?addrs=140.160.143.143-9618&alias=c-0-3.cluster.cs.wwu.edu&noUDP&sock=startd_1365_dadd>
	SlotName: slot1_1@c-0-3.cluster.cs.wwu.edu
	CondorScratchDir = "/var/lib/condor/execute/dir_1076448"
	Cpus = 8
	Disk = 2048
	GPUs = 0
	Memory = 6144
...
006 (6919.386.000) 2026-04-16 14:09:17 Image size of job updated: 101632
	100  -  MemoryUsage of job (MB)
	101632  -  ResidentSetSize of job (KB)
...
006 (6919.386.000) 2026-04-16 14:14:18 Image size of job updated: 705240
	688  -  MemoryUsage of job (MB)
	703792  -  ResidentSetSize of job (KB)
...
006 (6919.386.000) 2026-04-16 14:19:18 Image size of job updated: 1117012
	1077  -  MemoryUsage of job (MB)
	1102124  -  ResidentSetSize of job (KB)
...
006 (6919.386.000) 2026-04-16 14:24:19 Image size of job updated: 1124220
	1091  -  MemoryUsage of job (MB)
	1117148  -  ResidentSetSize of job (KB)
...
005 (6919.386.000) 2026-04-16 14:24:22 Job terminated.
	(1) Normal termination (return value 0)
		Usr 0 00:57:13, Sys 0 00:00:30  -  Run Remote Usage
		Usr 0 00:00:00, Sys 0 00:00:00  -  Run Local Usage
		Usr 0 00:57:13, Sys 0 00:00:30  -  Total Remote Usage
		Usr 0 00:00:00, Sys 0 00:00:00  -  Total Local Usage
	0  -  Run Bytes Sent By Job
	0  -  Run Bytes Received By Job
	0  -  Total Bytes Sent By Job
	0  -  Total Bytes Received By Job
	Partitionable Resources :    Usage  Request Allocated 
	   Cpus                 :     7.31        8         8 
	   Disk (KB)            :     1           1      2048 
	   GPUs                 :                           0 
	   Memory (MB)          :  1091        6144      6144 
	   TimeExecute (s)      :   914                       
	   TimeSlotBusy (s)     :   920                       
...
