000 (6919.401.000) 2026-04-16 09:41:23 Job submitted from host: <140.160.143.131:9618?addrs=140.160.143.131-9618&alias=cse-head.cluster.cs.wwu.edu&noUDP&sock=schedd_1483_cb0a>
...
001 (6919.401.000) 2026-04-16 14:29:37 Job executing on host: <140.160.143.149:9618?addrs=140.160.143.149-9618&alias=c-0-9.cluster.cs.wwu.edu&noUDP&sock=startd_1570_77c7>
	SlotName: slot1_1@c-0-9.cluster.cs.wwu.edu
	CondorScratchDir = "/var/lib/condor/execute/dir_1093819"
	Cpus = 8
	Disk = 2048
	GPUs = 0
	Memory = 6144
...
006 (6919.401.000) 2026-04-16 14:29:45 Image size of job updated: 407092
	398  -  MemoryUsage of job (MB)
	407092  -  ResidentSetSize of job (KB)
...
006 (6919.401.000) 2026-04-16 14:34:45 Image size of job updated: 1051608
	947  -  MemoryUsage of job (MB)
	969580  -  ResidentSetSize of job (KB)
...
006 (6919.401.000) 2026-04-16 14:39:46 Image size of job updated: 1111104
	1054  -  MemoryUsage of job (MB)
	1078308  -  ResidentSetSize of job (KB)
...
006 (6919.401.000) 2026-04-16 14:44:40 Image size of job updated: 1148516
	1054  -  MemoryUsage of job (MB)
	1078308  -  ResidentSetSize of job (KB)
...
005 (6919.401.000) 2026-04-16 14:44:40 Job terminated.
	(1) Normal termination (return value 0)
		Usr 0 01:18:02, Sys 0 00:00:30  -  Run Remote Usage
		Usr 0 00:00:00, Sys 0 00:00:00  -  Run Local Usage
		Usr 0 01:18:02, Sys 0 00:00:30  -  Total Remote Usage
		Usr 0 00:00:00, Sys 0 00:00:00  -  Total Local Usage
	0  -  Run Bytes Sent By Job
	0  -  Run Bytes Received By Job
	0  -  Total Bytes Sent By Job
	0  -  Total Bytes Received By Job
	Partitionable Resources :    Usage  Request Allocated 
	   Cpus                 :     7.37        8         8 
	   Disk (KB)            :     1           1      2048 
	   GPUs                 :                           0 
	   Memory (MB)          :  1054        6144      6144 
	   TimeExecute (s)      :   903                       
	   TimeSlotBusy (s)     :   903                       
...
