000 (6920.362.000) 2026-04-16 09:44:16 Job submitted from host: <140.160.143.131:9618?addrs=140.160.143.131-9618&alias=cse-head.cluster.cs.wwu.edu&noUDP&sock=schedd_1483_cb0a>
...
001 (6920.362.000) 2026-04-16 18:27:46 Job executing on host: <140.160.143.184:9618?addrs=140.160.143.184-9618&alias=c-0-15.cluster.cs.wwu.edu&noUDP&sock=startd_1429_c0ed>
	SlotName: slot1_1@c-0-15.cluster.cs.wwu.edu
	CondorScratchDir = "/var/lib/condor/execute/dir_28266"
	Cpus = 8
	Disk = 2048
	GPUs = 0
	Memory = 9216
...
006 (6920.362.000) 2026-04-16 18:27:55 Image size of job updated: 359124
	351  -  MemoryUsage of job (MB)
	359124  -  ResidentSetSize of job (KB)
...
006 (6920.362.000) 2026-04-16 18:32:55 Image size of job updated: 923512
	902  -  MemoryUsage of job (MB)
	923512  -  ResidentSetSize of job (KB)
...
006 (6920.362.000) 2026-04-16 18:37:55 Image size of job updated: 1265780
	1142  -  MemoryUsage of job (MB)
	1168644  -  ResidentSetSize of job (KB)
...
006 (6920.362.000) 2026-04-16 18:42:56 Image size of job updated: 1290132
	1144  -  MemoryUsage of job (MB)
	1170944  -  ResidentSetSize of job (KB)
...
005 (6920.362.000) 2026-04-16 18:44:02 Job terminated.
	(1) Normal termination (return value 0)
		Usr 0 01:18:21, Sys 0 00:00:43  -  Run Remote Usage
		Usr 0 00:00:00, Sys 0 00:00:00  -  Run Local Usage
		Usr 0 01:18:21, Sys 0 00:00:43  -  Total Remote Usage
		Usr 0 00:00:00, Sys 0 00:00:00  -  Total Local Usage
	0  -  Run Bytes Sent By Job
	0  -  Run Bytes Received By Job
	0  -  Total Bytes Sent By Job
	0  -  Total Bytes Received By Job
	Partitionable Resources :    Usage  Request Allocated 
	   Cpus                 :     7.57        8         8 
	   Disk (KB)            :     1           1      2048 
	   GPUs                 :                           0 
	   Memory (MB)          :  1144        9216      9216 
	   TimeExecute (s)      :   976                       
	   TimeSlotBusy (s)     :   976                       
...
