000 (6918.026.000) 2026-04-15 19:42:50 Job submitted from host: <140.160.143.131:9618?addrs=140.160.143.131-9618&alias=cse-head.cluster.cs.wwu.edu&noUDP&sock=schedd_1483_cb0a>
...
001 (6918.026.000) 2026-04-15 20:00:52 Job executing on host: <140.160.143.150:9618?addrs=140.160.143.150-9618&alias=c-0-10.cluster.cs.wwu.edu&noUDP&sock=startd_1506_91b7>
	SlotName: slot1_3@c-0-10.cluster.cs.wwu.edu
	CondorScratchDir = "/var/lib/condor/execute/dir_1046351"
	Cpus = 8
	Disk = 2048
	GPUs = 0
	Memory = 4096
...
006 (6918.026.000) 2026-04-15 20:01:01 Image size of job updated: 264284
	259  -  MemoryUsage of job (MB)
	264284  -  ResidentSetSize of job (KB)
...
006 (6918.026.000) 2026-04-15 20:06:02 Image size of job updated: 714380
	698  -  MemoryUsage of job (MB)
	714380  -  ResidentSetSize of job (KB)
...
006 (6918.026.000) 2026-04-15 20:06:29 Image size of job updated: 721436
	698  -  MemoryUsage of job (MB)
	714380  -  ResidentSetSize of job (KB)
...
005 (6918.026.000) 2026-04-15 20:06:29 Job terminated.
	(1) Normal termination (return value 0)
		Usr 0 00:05:46, Sys 0 00:00:01  -  Run Remote Usage
		Usr 0 00:00:00, Sys 0 00:00:00  -  Run Local Usage
		Usr 0 00:05:46, Sys 0 00:00:01  -  Total Remote Usage
		Usr 0 00:00:00, Sys 0 00:00:00  -  Total Local Usage
	0  -  Run Bytes Sent By Job
	0  -  Run Bytes Received By Job
	0  -  Total Bytes Sent By Job
	0  -  Total Bytes Received By Job
	Partitionable Resources :    Usage  Request Allocated 
	   Cpus                 :     1.12        8         8 
	   Disk (KB)            :     1           1      2048 
	   GPUs                 :                           0 
	   Memory (MB)          :   698        4096      4096 
	   TimeExecute (s)      :   337                       
	   TimeSlotBusy (s)     :   337                       
...
