000 (6919.296.000) 2026-04-16 09:41:22 Job submitted from host: <140.160.143.131:9618?addrs=140.160.143.131-9618&alias=cse-head.cluster.cs.wwu.edu&noUDP&sock=schedd_1483_cb0a>
...
001 (6919.296.000) 2026-04-16 12:23:51 Job executing on host: <140.160.143.150:9618?addrs=140.160.143.150-9618&alias=c-0-10.cluster.cs.wwu.edu&noUDP&sock=startd_1506_91b7>
	SlotName: slot1_2@c-0-10.cluster.cs.wwu.edu
	CondorScratchDir = "/var/lib/condor/execute/dir_1074088"
	Cpus = 8
	Disk = 2048
	GPUs = 0
	Memory = 6144
...
006 (6919.296.000) 2026-04-16 12:24:00 Image size of job updated: 346772
	339  -  MemoryUsage of job (MB)
	346772  -  ResidentSetSize of job (KB)
...
006 (6919.296.000) 2026-04-16 12:29:01 Image size of job updated: 1036556
	992  -  MemoryUsage of job (MB)
	1015244  -  ResidentSetSize of job (KB)
...
005 (6919.296.000) 2026-04-16 12:29:38 Job terminated.
	(1) Normal termination (return value 0)
		Usr 0 00:15:22, Sys 0 00:00:06  -  Run Remote Usage
		Usr 0 00:00:00, Sys 0 00:00:00  -  Run Local Usage
		Usr 0 00:15:22, Sys 0 00:00:06  -  Total Remote Usage
		Usr 0 00:00:00, Sys 0 00:00:00  -  Total Local Usage
	0  -  Run Bytes Sent By Job
	0  -  Run Bytes Received By Job
	0  -  Total Bytes Sent By Job
	0  -  Total Bytes Received By Job
	Partitionable Resources :    Usage  Request Allocated 
	   Cpus                 :     1.05        8         8 
	   Disk (KB)            :     1           1      2048 
	   GPUs                 :                           0 
	   Memory (MB)          :   992        6144      6144 
	   TimeExecute (s)      :   347                       
	   TimeSlotBusy (s)     :   347                       
...
