000 (6920.189.000) 2026-04-16 09:44:16 Job submitted from host: <140.160.143.131:9618?addrs=140.160.143.131-9618&alias=cse-head.cluster.cs.wwu.edu&noUDP&sock=schedd_1483_cb0a>
...
001 (6920.189.000) 2026-04-16 16:08:34 Job executing on host: <140.160.143.184:9618?addrs=140.160.143.184-9618&alias=c-0-15.cluster.cs.wwu.edu&noUDP&sock=startd_1429_c0ed>
	SlotName: slot1_3@c-0-15.cluster.cs.wwu.edu
	CondorScratchDir = "/var/lib/condor/execute/dir_22861"
	Cpus = 8
	Disk = 2048
	GPUs = 0
	Memory = 9216
...
006 (6920.189.000) 2026-04-16 16:08:43 Image size of job updated: 386528
	378  -  MemoryUsage of job (MB)
	386528  -  ResidentSetSize of job (KB)
...
006 (6920.189.000) 2026-04-16 16:13:44 Image size of job updated: 913516
	889  -  MemoryUsage of job (MB)
	909892  -  ResidentSetSize of job (KB)
...
006 (6920.189.000) 2026-04-16 16:14:16 Image size of job updated: 914156
	889  -  MemoryUsage of job (MB)
	909892  -  ResidentSetSize of job (KB)
...
005 (6920.189.000) 2026-04-16 16:14:16 Job terminated.
	(1) Normal termination (return value 0)
		Usr 0 00:06:59, Sys 0 00:00:02  -  Run Remote Usage
		Usr 0 00:00:00, Sys 0 00:00:00  -  Run Local Usage
		Usr 0 00:06:59, Sys 0 00:00:02  -  Total Remote Usage
		Usr 0 00:00:00, Sys 0 00:00:00  -  Total Local Usage
	0  -  Run Bytes Sent By Job
	0  -  Run Bytes Received By Job
	0  -  Total Bytes Sent By Job
	0  -  Total Bytes Received By Job
	Partitionable Resources :    Usage  Request Allocated 
	   Cpus                 :     1.04        8         8 
	   Disk (KB)            :     1           1      2048 
	   GPUs                 :                           0 
	   Memory (MB)          :   889        9216      9216 
	   TimeExecute (s)      :   342                       
	   TimeSlotBusy (s)     :   342                       
...
