000 (6920.368.000) 2026-04-16 09:44:16 Job submitted from host: <140.160.143.131:9618?addrs=140.160.143.131-9618&alias=cse-head.cluster.cs.wwu.edu&noUDP&sock=schedd_1483_cb0a>
...
001 (6920.368.000) 2026-04-16 18:31:26 Job executing on host: <140.160.143.149:9618?addrs=140.160.143.149-9618&alias=c-0-9.cluster.cs.wwu.edu&noUDP&sock=startd_1570_77c7>
	SlotName: slot1_4@c-0-9.cluster.cs.wwu.edu
	CondorScratchDir = "/var/lib/condor/execute/dir_1104180"
	Cpus = 8
	Disk = 2048
	GPUs = 0
	Memory = 9216
...
006 (6920.368.000) 2026-04-16 18:31:35 Image size of job updated: 422196
	413  -  MemoryUsage of job (MB)
	422196  -  ResidentSetSize of job (KB)
...
006 (6920.368.000) 2026-04-16 18:36:36 Image size of job updated: 1084784
	1055  -  MemoryUsage of job (MB)
	1079608  -  ResidentSetSize of job (KB)
...
006 (6920.368.000) 2026-04-16 18:41:36 Image size of job updated: 1288600
	1259  -  MemoryUsage of job (MB)
	1288600  -  ResidentSetSize of job (KB)
...
006 (6920.368.000) 2026-04-16 18:46:37 Image size of job updated: 1293312
	1259  -  MemoryUsage of job (MB)
	1288600  -  ResidentSetSize of job (KB)
...
005 (6920.368.000) 2026-04-16 18:47:03 Job terminated.
	(1) Normal termination (return value 0)
		Usr 0 01:14:34, Sys 0 00:00:27  -  Run Remote Usage
		Usr 0 00:00:00, Sys 0 00:00:00  -  Run Local Usage
		Usr 0 01:14:34, Sys 0 00:00:27  -  Total Remote Usage
		Usr 0 00:00:00, Sys 0 00:00:00  -  Total Local Usage
	0  -  Run Bytes Sent By Job
	0  -  Run Bytes Received By Job
	0  -  Total Bytes Sent By Job
	0  -  Total Bytes Received By Job
	Partitionable Resources :    Usage  Request Allocated 
	   Cpus                 :     7.38        8         8 
	   Disk (KB)            :     1           1      2048 
	   GPUs                 :                           0 
	   Memory (MB)          :  1259        9216      9216 
	   TimeExecute (s)      :   937                       
	   TimeSlotBusy (s)     :   937                       
...
