000 (6920.358.000) 2026-04-16 09:44:16 Job submitted from host: <140.160.143.131:9618?addrs=140.160.143.131-9618&alias=cse-head.cluster.cs.wwu.edu&noUDP&sock=schedd_1483_cb0a>
...
001 (6920.358.000) 2026-04-16 18:22:45 Job executing on host: <140.160.143.144:9618?addrs=140.160.143.144-9618&alias=c-0-4.cluster.cs.wwu.edu&noUDP&sock=startd_1367_3a0d>
	SlotName: slot1_3@c-0-4.cluster.cs.wwu.edu
	CondorScratchDir = "/var/lib/condor/execute/dir_1077950"
	Cpus = 8
	Disk = 2048
	GPUs = 0
	Memory = 9216
...
006 (6920.358.000) 2026-04-16 18:22:54 Image size of job updated: 108340
	106  -  MemoryUsage of job (MB)
	108340  -  ResidentSetSize of job (KB)
...
006 (6920.358.000) 2026-04-16 18:27:55 Image size of job updated: 923260
	902  -  MemoryUsage of job (MB)
	923260  -  ResidentSetSize of job (KB)
...
006 (6920.358.000) 2026-04-16 18:32:55 Image size of job updated: 1195848
	1143  -  MemoryUsage of job (MB)
	1170332  -  ResidentSetSize of job (KB)
...
005 (6920.358.000) 2026-04-16 18:38:23 Job terminated.
	(1) Normal termination (return value 0)
		Usr 0 01:04:22, Sys 0 00:00:19  -  Run Remote Usage
		Usr 0 00:00:00, Sys 0 00:00:00  -  Run Local Usage
		Usr 0 01:04:22, Sys 0 00:00:19  -  Total Remote Usage
		Usr 0 00:00:00, Sys 0 00:00:00  -  Total Local Usage
	0  -  Run Bytes Sent By Job
	0  -  Run Bytes Received By Job
	0  -  Total Bytes Sent By Job
	0  -  Total Bytes Received By Job
	Partitionable Resources :    Usage  Request Allocated 
	   Cpus                 :     5.25        8         8 
	   Disk (KB)            :     1           1      2048 
	   GPUs                 :                           0 
	   Memory (MB)          :  1143        9216      9216 
	   TimeExecute (s)      :   938                       
	   TimeSlotBusy (s)     :   938                       
...
