000 (6920.095.000) 2026-04-16 09:44:17 Job submitted from host: <140.160.143.131:9618?addrs=140.160.143.131-9618&alias=cse-head.cluster.cs.wwu.edu&noUDP&sock=schedd_1483_cb0a>
...
001 (6920.095.000) 2026-04-16 15:26:27 Job executing on host: <140.160.143.144:9618?addrs=140.160.143.144-9618&alias=c-0-4.cluster.cs.wwu.edu&noUDP&sock=startd_1367_3a0d>
	SlotName: slot1_3@c-0-4.cluster.cs.wwu.edu
	CondorScratchDir = "/var/lib/condor/execute/dir_1072579"
	Cpus = 8
	Disk = 2048
	GPUs = 0
	Memory = 9216
...
006 (6920.095.000) 2026-04-16 15:26:36 Image size of job updated: 99416
	98  -  MemoryUsage of job (MB)
	99416  -  ResidentSetSize of job (KB)
...
006 (6920.095.000) 2026-04-16 15:31:36 Image size of job updated: 690080
	674  -  MemoryUsage of job (MB)
	690040  -  ResidentSetSize of job (KB)
...
006 (6920.095.000) 2026-04-16 15:33:39 Image size of job updated: 858692
	674  -  MemoryUsage of job (MB)
	690040  -  ResidentSetSize of job (KB)
...
005 (6920.095.000) 2026-04-16 15:33:39 Job terminated.
	(1) Normal termination (return value 0)
		Usr 0 00:07:55, Sys 0 00:00:02  -  Run Remote Usage
		Usr 0 00:00:00, Sys 0 00:00:00  -  Run Local Usage
		Usr 0 00:07:55, Sys 0 00:00:02  -  Total Remote Usage
		Usr 0 00:00:00, Sys 0 00:00:00  -  Total Local Usage
	0  -  Run Bytes Sent By Job
	0  -  Run Bytes Received By Job
	0  -  Total Bytes Sent By Job
	0  -  Total Bytes Received By Job
	Partitionable Resources :    Usage  Request Allocated 
	   Cpus                 :     1.03        8         8 
	   Disk (KB)            :     1           1      2048 
	   GPUs                 :                           0 
	   Memory (MB)          :   674        9216      9216 
	   TimeExecute (s)      :   432                       
	   TimeSlotBusy (s)     :   432                       
...
