000 (6918.368.000) 2026-04-15 19:42:51 Job submitted from host: <140.160.143.131:9618?addrs=140.160.143.131-9618&alias=cse-head.cluster.cs.wwu.edu&noUDP&sock=schedd_1483_cb0a>
...
001 (6918.368.000) 2026-04-16 00:40:47 Job executing on host: <140.160.143.144:9618?addrs=140.160.143.144-9618&alias=c-0-4.cluster.cs.wwu.edu&noUDP&sock=startd_1367_3a0d>
	SlotName: slot1_3@c-0-4.cluster.cs.wwu.edu
	CondorScratchDir = "/var/lib/condor/execute/dir_1048502"
	Cpus = 8
	Disk = 2048
	GPUs = 0
	Memory = 4096
...
006 (6918.368.000) 2026-04-16 00:40:55 Image size of job updated: 105372
	103  -  MemoryUsage of job (MB)
	105372  -  ResidentSetSize of job (KB)
...
006 (6918.368.000) 2026-04-16 00:45:55 Image size of job updated: 702712
	687  -  MemoryUsage of job (MB)
	702712  -  ResidentSetSize of job (KB)
...
006 (6918.368.000) 2026-04-16 00:50:56 Image size of job updated: 1136260
	1072  -  MemoryUsage of job (MB)
	1096720  -  ResidentSetSize of job (KB)
...
005 (6918.368.000) 2026-04-16 00:52:08 Job terminated.
	(1) Normal termination (return value 0)
		Usr 0 00:35:21, Sys 0 00:00:07  -  Run Remote Usage
		Usr 0 00:00:00, Sys 0 00:00:00  -  Run Local Usage
		Usr 0 00:35:21, Sys 0 00:00:07  -  Total Remote Usage
		Usr 0 00:00:00, Sys 0 00:00:00  -  Total Local Usage
	0  -  Run Bytes Sent By Job
	0  -  Run Bytes Received By Job
	0  -  Total Bytes Sent By Job
	0  -  Total Bytes Received By Job
	Partitionable Resources :    Usage  Request Allocated 
	   Cpus                 :     7.27        8         8 
	   Disk (KB)            :     1           1      2048 
	   GPUs                 :                           0 
	   Memory (MB)          :  1072        4096      4096 
	   TimeExecute (s)      :   681                       
	   TimeSlotBusy (s)     :   681                       
...
