000 (6918.172.000) 2026-04-15 19:42:50 Job submitted from host: <140.160.143.131:9618?addrs=140.160.143.131-9618&alias=cse-head.cluster.cs.wwu.edu&noUDP&sock=schedd_1483_cb0a>
...
001 (6918.172.000) 2026-04-15 21:50:39 Job executing on host: <140.160.143.148:9618?addrs=140.160.143.148-9618&alias=c-0-8.cluster.cs.wwu.edu&noUDP&sock=startd_1538_84bf>
	SlotName: slot1_4@c-0-8.cluster.cs.wwu.edu
	CondorScratchDir = "/var/lib/condor/execute/dir_1058386"
	Cpus = 8
	Disk = 2048
	GPUs = 0
	Memory = 4096
...
006 (6918.172.000) 2026-04-15 21:50:48 Image size of job updated: 261836
	256  -  MemoryUsage of job (MB)
	261836  -  ResidentSetSize of job (KB)
...
006 (6918.172.000) 2026-04-15 21:55:49 Image size of job updated: 873064
	853  -  MemoryUsage of job (MB)
	873064  -  ResidentSetSize of job (KB)
...
006 (6918.172.000) 2026-04-15 21:56:41 Image size of job updated: 874212
	853  -  MemoryUsage of job (MB)
	873064  -  ResidentSetSize of job (KB)
...
005 (6918.172.000) 2026-04-15 21:56:41 Job terminated.
	(1) Normal termination (return value 0)
		Usr 0 00:06:24, Sys 0 00:00:02  -  Run Remote Usage
		Usr 0 00:00:00, Sys 0 00:00:00  -  Run Local Usage
		Usr 0 00:06:24, Sys 0 00:00:02  -  Total Remote Usage
		Usr 0 00:00:00, Sys 0 00:00:00  -  Total Local Usage
	0  -  Run Bytes Sent By Job
	0  -  Run Bytes Received By Job
	0  -  Total Bytes Sent By Job
	0  -  Total Bytes Received By Job
	Partitionable Resources :    Usage  Request Allocated 
	   Cpus                 :     1.03        8         8 
	   Disk (KB)            :     1           1      2048 
	   GPUs                 :                           0 
	   Memory (MB)          :   853        4096      4096 
	   TimeExecute (s)      :   362                       
	   TimeSlotBusy (s)     :   362                       
...
