000 (6918.151.000) 2026-04-15 19:42:50 Job submitted from host: <140.160.143.131:9618?addrs=140.160.143.131-9618&alias=cse-head.cluster.cs.wwu.edu&noUDP&sock=schedd_1483_cb0a>
...
001 (6918.151.000) 2026-04-15 21:34:54 Job executing on host: <140.160.143.144:9618?addrs=140.160.143.144-9618&alias=c-0-4.cluster.cs.wwu.edu&noUDP&sock=startd_1367_3a0d>
	SlotName: slot1_3@c-0-4.cluster.cs.wwu.edu
	CondorScratchDir = "/var/lib/condor/execute/dir_1043101"
	Cpus = 8
	Disk = 2048
	GPUs = 0
	Memory = 4096
...
006 (6918.151.000) 2026-04-15 21:35:03 Image size of job updated: 101776
	100  -  MemoryUsage of job (MB)
	101776  -  ResidentSetSize of job (KB)
...
006 (6918.151.000) 2026-04-15 21:40:04 Image size of job updated: 703792
	688  -  MemoryUsage of job (MB)
	703792  -  ResidentSetSize of job (KB)
...
006 (6918.151.000) 2026-04-15 21:42:23 Image size of job updated: 731524
	688  -  MemoryUsage of job (MB)
	703792  -  ResidentSetSize of job (KB)
...
005 (6918.151.000) 2026-04-15 21:42:23 Job terminated.
	(1) Normal termination (return value 0)
		Usr 0 00:07:36, Sys 0 00:00:02  -  Run Remote Usage
		Usr 0 00:00:00, Sys 0 00:00:00  -  Run Local Usage
		Usr 0 00:07:36, Sys 0 00:00:02  -  Total Remote Usage
		Usr 0 00:00:00, Sys 0 00:00:00  -  Total Local Usage
	0  -  Run Bytes Sent By Job
	0  -  Run Bytes Received By Job
	0  -  Total Bytes Sent By Job
	0  -  Total Bytes Received By Job
	Partitionable Resources :    Usage  Request Allocated 
	   Cpus                 :     1.01        8         8 
	   Disk (KB)            :     1           1      2048 
	   GPUs                 :                           0 
	   Memory (MB)          :   688        4096      4096 
	   TimeExecute (s)      :   449                       
	   TimeSlotBusy (s)     :   449                       
...
