000 (6918.336.000) 2026-04-15 19:42:51 Job submitted from host: <140.160.143.131:9618?addrs=140.160.143.131-9618&alias=cse-head.cluster.cs.wwu.edu&noUDP&sock=schedd_1483_cb0a>
...
001 (6918.336.000) 2026-04-16 00:03:04 Job executing on host: <140.160.143.149:9618?addrs=140.160.143.149-9618&alias=c-0-9.cluster.cs.wwu.edu&noUDP&sock=startd_1570_77c7>
	SlotName: slot1_1@c-0-9.cluster.cs.wwu.edu
	CondorScratchDir = "/var/lib/condor/execute/dir_1065461"
	Cpus = 8
	Disk = 2048
	GPUs = 0
	Memory = 4096
...
006 (6918.336.000) 2026-04-16 00:03:12 Image size of job updated: 364020
	356  -  MemoryUsage of job (MB)
	364020  -  ResidentSetSize of job (KB)
...
006 (6918.336.000) 2026-04-16 00:08:12 Image size of job updated: 1123236
	1088  -  MemoryUsage of job (MB)
	1113104  -  ResidentSetSize of job (KB)
...
006 (6918.336.000) 2026-04-16 00:09:09 Image size of job updated: 1130092
	1088  -  MemoryUsage of job (MB)
	1113104  -  ResidentSetSize of job (KB)
...
005 (6918.336.000) 2026-04-16 00:09:10 Job terminated.
	(1) Normal termination (return value 0)
		Usr 0 00:19:10, Sys 0 00:00:09  -  Run Remote Usage
		Usr 0 00:00:00, Sys 0 00:00:00  -  Run Local Usage
		Usr 0 00:19:10, Sys 0 00:00:09  -  Total Remote Usage
		Usr 0 00:00:00, Sys 0 00:00:00  -  Total Local Usage
	0  -  Run Bytes Sent By Job
	0  -  Run Bytes Received By Job
	0  -  Total Bytes Sent By Job
	0  -  Total Bytes Received By Job
	Partitionable Resources :    Usage  Request Allocated 
	   Cpus                 :     7.37        8         8 
	   Disk (KB)            :     1           1      2048 
	   GPUs                 :                           0 
	   Memory (MB)          :  1088        4096      4096 
	   TimeExecute (s)      :   365                       
	   TimeSlotBusy (s)     :   365                       
...
