000 (6919.366.000) 2026-04-16 09:41:23 Job submitted from host: <140.160.143.131:9618?addrs=140.160.143.131-9618&alias=cse-head.cluster.cs.wwu.edu&noUDP&sock=schedd_1483_cb0a>
...
001 (6919.366.000) 2026-04-16 13:42:38 Job executing on host: <140.160.143.151:9618?addrs=140.160.143.151-9618&alias=c-0-11.cluster.cs.wwu.edu&noUDP&sock=startd_1509_a080>
	SlotName: slot1_1@c-0-11.cluster.cs.wwu.edu
	CondorScratchDir = "/var/lib/condor/execute/dir_1071968"
	Cpus = 8
	Disk = 2048
	GPUs = 0
	Memory = 6144
...
006 (6919.366.000) 2026-04-16 13:42:46 Image size of job updated: 233564
	229  -  MemoryUsage of job (MB)
	233564  -  ResidentSetSize of job (KB)
...
006 (6919.366.000) 2026-04-16 13:47:46 Image size of job updated: 901016
	877  -  MemoryUsage of job (MB)
	897228  -  ResidentSetSize of job (KB)
...
006 (6919.366.000) 2026-04-16 13:52:47 Image size of job updated: 1365732
	1280  -  MemoryUsage of job (MB)
	1310668  -  ResidentSetSize of job (KB)
...
005 (6919.366.000) 2026-04-16 13:57:21 Job terminated.
	(1) Normal termination (return value 0)
		Usr 0 01:13:35, Sys 0 00:00:21  -  Run Remote Usage
		Usr 0 00:00:00, Sys 0 00:00:00  -  Run Local Usage
		Usr 0 01:13:35, Sys 0 00:00:21  -  Total Remote Usage
		Usr 0 00:00:00, Sys 0 00:00:00  -  Total Local Usage
	0  -  Run Bytes Sent By Job
	0  -  Run Bytes Received By Job
	0  -  Total Bytes Sent By Job
	0  -  Total Bytes Received By Job
	Partitionable Resources :    Usage  Request Allocated 
	   Cpus                 :     7.74        8         8 
	   Disk (KB)            :     1           1      2048 
	   GPUs                 :                           0 
	   Memory (MB)          :  1280        6144      6144 
	   TimeExecute (s)      :   883                       
	   TimeSlotBusy (s)     :   883                       
...
