000 (6919.184.000) 2026-04-16 09:41:22 Job submitted from host: <140.160.143.131:9618?addrs=140.160.143.131-9618&alias=cse-head.cluster.cs.wwu.edu&noUDP&sock=schedd_1483_cb0a>
...
001 (6919.184.000) 2026-04-16 11:13:03 Job executing on host: <140.160.143.144:9618?addrs=140.160.143.144-9618&alias=c-0-4.cluster.cs.wwu.edu&noUDP&sock=startd_1367_3a0d>
	SlotName: slot1_3@c-0-4.cluster.cs.wwu.edu
	CondorScratchDir = "/var/lib/condor/execute/dir_1064818"
	Cpus = 8
	Disk = 2048
	GPUs = 0
	Memory = 6144
...
006 (6919.184.000) 2026-04-16 11:13:11 Image size of job updated: 103488
	102  -  MemoryUsage of job (MB)
	103488  -  ResidentSetSize of job (KB)
...
006 (6919.184.000) 2026-04-16 11:18:11 Image size of job updated: 712996
	697  -  MemoryUsage of job (MB)
	712996  -  ResidentSetSize of job (KB)
...
006 (6919.184.000) 2026-04-16 11:20:59 Image size of job updated: 862396
	697  -  MemoryUsage of job (MB)
	712996  -  ResidentSetSize of job (KB)
...
005 (6919.184.000) 2026-04-16 11:20:59 Job terminated.
	(1) Normal termination (return value 0)
		Usr 0 00:08:20, Sys 0 00:00:02  -  Run Remote Usage
		Usr 0 00:00:00, Sys 0 00:00:00  -  Run Local Usage
		Usr 0 00:08:20, Sys 0 00:00:02  -  Total Remote Usage
		Usr 0 00:00:00, Sys 0 00:00:00  -  Total Local Usage
	0  -  Run Bytes Sent By Job
	0  -  Run Bytes Received By Job
	0  -  Total Bytes Sent By Job
	0  -  Total Bytes Received By Job
	Partitionable Resources :    Usage  Request Allocated 
	   Cpus                 :     1.06        8         8 
	   Disk (KB)            :     1           1      2048 
	   GPUs                 :                           0 
	   Memory (MB)          :   697        6144      6144 
	   TimeExecute (s)      :   476                       
	   TimeSlotBusy (s)     :   477                       
...
