000 (6919.400.000) 2026-04-16 09:41:23 Job submitted from host: <140.160.143.131:9618?addrs=140.160.143.131-9618&alias=cse-head.cluster.cs.wwu.edu&noUDP&sock=schedd_1483_cb0a>
...
001 (6919.400.000) 2026-04-16 14:29:37 Job executing on host: <140.160.143.184:9618?addrs=140.160.143.184-9618&alias=c-0-15.cluster.cs.wwu.edu&noUDP&sock=startd_1429_c0ed>
	SlotName: slot1_1@c-0-15.cluster.cs.wwu.edu
	CondorScratchDir = "/var/lib/condor/execute/dir_18693"
	Cpus = 8
	Disk = 2048
	GPUs = 0
	Memory = 6144
...
006 (6919.400.000) 2026-04-16 14:29:45 Image size of job updated: 338720
	331  -  MemoryUsage of job (MB)
	338720  -  ResidentSetSize of job (KB)
...
006 (6919.400.000) 2026-04-16 14:34:45 Image size of job updated: 730492
	714  -  MemoryUsage of job (MB)
	730492  -  ResidentSetSize of job (KB)
...
006 (6919.400.000) 2026-04-16 14:39:46 Image size of job updated: 1138732
	1082  -  MemoryUsage of job (MB)
	1107828  -  ResidentSetSize of job (KB)
...
006 (6919.400.000) 2026-04-16 14:42:36 Image size of job updated: 1147120
	1082  -  MemoryUsage of job (MB)
	1107828  -  ResidentSetSize of job (KB)
...
005 (6919.400.000) 2026-04-16 14:42:36 Job terminated.
	(1) Normal termination (return value 0)
		Usr 0 00:52:11, Sys 0 00:00:25  -  Run Remote Usage
		Usr 0 00:00:00, Sys 0 00:00:00  -  Run Local Usage
		Usr 0 00:52:11, Sys 0 00:00:25  -  Total Remote Usage
		Usr 0 00:00:00, Sys 0 00:00:00  -  Total Local Usage
	0  -  Run Bytes Sent By Job
	0  -  Run Bytes Received By Job
	0  -  Total Bytes Sent By Job
	0  -  Total Bytes Received By Job
	Partitionable Resources :    Usage  Request Allocated 
	   Cpus                 :     7.89        8         8 
	   Disk (KB)            :     1           1      2048 
	   GPUs                 :                           0 
	   Memory (MB)          :  1082        6144      6144 
	   TimeExecute (s)      :   779                       
	   TimeSlotBusy (s)     :   779                       
...
