000 (6920.182.000) 2026-04-16 09:44:16 Job submitted from host: <140.160.143.131:9618?addrs=140.160.143.131-9618&alias=cse-head.cluster.cs.wwu.edu&noUDP&sock=schedd_1483_cb0a>
...
001 (6920.182.000) 2026-04-16 16:05:35 Job executing on host: <140.160.143.151:9618?addrs=140.160.143.151-9618&alias=c-0-11.cluster.cs.wwu.edu&noUDP&sock=startd_1509_a080>
	SlotName: slot1_1@c-0-11.cluster.cs.wwu.edu
	CondorScratchDir = "/var/lib/condor/execute/dir_1076520"
	Cpus = 8
	Disk = 2048
	GPUs = 0
	Memory = 9216
...
006 (6920.182.000) 2026-04-16 16:05:43 Image size of job updated: 249604
	244  -  MemoryUsage of job (MB)
	249604  -  ResidentSetSize of job (KB)
...
006 (6920.182.000) 2026-04-16 16:10:43 Image size of job updated: 876876
	853  -  MemoryUsage of job (MB)
	873356  -  ResidentSetSize of job (KB)
...
006 (6920.182.000) 2026-04-16 16:11:45 Image size of job updated: 878060
	853  -  MemoryUsage of job (MB)
	873356  -  ResidentSetSize of job (KB)
...
005 (6920.182.000) 2026-04-16 16:11:45 Job terminated.
	(1) Normal termination (return value 0)
		Usr 0 00:06:49, Sys 0 00:00:02  -  Run Remote Usage
		Usr 0 00:00:00, Sys 0 00:00:00  -  Run Local Usage
		Usr 0 00:06:49, Sys 0 00:00:02  -  Total Remote Usage
		Usr 0 00:00:00, Sys 0 00:00:00  -  Total Local Usage
	0  -  Run Bytes Sent By Job
	0  -  Run Bytes Received By Job
	0  -  Total Bytes Sent By Job
	0  -  Total Bytes Received By Job
	Partitionable Resources :    Usage  Request Allocated 
	   Cpus                 :     1.05        8         8 
	   Disk (KB)            :     1           1      2048 
	   GPUs                 :                           0 
	   Memory (MB)          :   853        9216      9216 
	   TimeExecute (s)      :   370                       
	   TimeSlotBusy (s)     :   374                       
...
