000 (6920.198.000) 2026-04-16 09:44:16 Job submitted from host: <140.160.143.131:9618?addrs=140.160.143.131-9618&alias=cse-head.cluster.cs.wwu.edu&noUDP&sock=schedd_1483_cb0a>
...
001 (6920.198.000) 2026-04-16 16:12:55 Job executing on host: <140.160.143.150:9618?addrs=140.160.143.150-9618&alias=c-0-10.cluster.cs.wwu.edu&noUDP&sock=startd_1506_91b7>
	SlotName: slot1_2@c-0-10.cluster.cs.wwu.edu
	CondorScratchDir = "/var/lib/condor/execute/dir_1080841"
	Cpus = 8
	Disk = 2048
	GPUs = 0
	Memory = 9216
...
006 (6920.198.000) 2026-04-16 16:13:03 Image size of job updated: 295200
	289  -  MemoryUsage of job (MB)
	295200  -  ResidentSetSize of job (KB)
...
006 (6920.198.000) 2026-04-16 16:17:03 Image size of job updated: 891736
	289  -  MemoryUsage of job (MB)
	295200  -  ResidentSetSize of job (KB)
...
005 (6920.198.000) 2026-04-16 16:17:04 Job terminated.
	(1) Normal termination (return value 0)
		Usr 0 00:04:39, Sys 0 00:00:02  -  Run Remote Usage
		Usr 0 00:00:00, Sys 0 00:00:00  -  Run Local Usage
		Usr 0 00:04:39, Sys 0 00:00:02  -  Total Remote Usage
		Usr 0 00:00:00, Sys 0 00:00:00  -  Total Local Usage
	0  -  Run Bytes Sent By Job
	0  -  Run Bytes Received By Job
	0  -  Total Bytes Sent By Job
	0  -  Total Bytes Received By Job
	Partitionable Resources :    Usage  Request Allocated 
	   Cpus                 :     1.76        8         8 
	   Disk (KB)            :     1           1      2048 
	   GPUs                 :                           0 
	   Memory (MB)          :   289        9216      9216 
	   TimeExecute (s)      :   249                       
	   TimeSlotBusy (s)     :   249                       
...
