000 (6919.311.000) 2026-04-16 09:41:22 Job submitted from host: <140.160.143.131:9618?addrs=140.160.143.131-9618&alias=cse-head.cluster.cs.wwu.edu&noUDP&sock=schedd_1483_cb0a>
...
001 (6919.311.000) 2026-04-16 12:38:29 Job executing on host: <140.160.143.141:9618?addrs=140.160.143.141-9618&alias=c-0-1.cluster.cs.wwu.edu&noUDP&sock=startd_1336_f69e>
	SlotName: slot1_2@c-0-1.cluster.cs.wwu.edu
	CondorScratchDir = "/var/lib/condor/execute/dir_1058105"
	Cpus = 8
	Disk = 2048
	GPUs = 0
	Memory = 6144
...
006 (6919.311.000) 2026-04-16 12:38:37 Image size of job updated: 96692
	95  -  MemoryUsage of job (MB)
	96692  -  ResidentSetSize of job (KB)
...
006 (6919.311.000) 2026-04-16 12:43:37 Image size of job updated: 884368
	864  -  MemoryUsage of job (MB)
	884368  -  ResidentSetSize of job (KB)
...
006 (6919.311.000) 2026-04-16 12:48:38 Image size of job updated: 1020460
	955  -  MemoryUsage of job (MB)
	977228  -  ResidentSetSize of job (KB)
...
006 (6919.311.000) 2026-04-16 12:53:39 Image size of job updated: 1101976
	990  -  MemoryUsage of job (MB)
	1013608  -  ResidentSetSize of job (KB)
...
005 (6919.311.000) 2026-04-16 12:57:20 Job terminated.
	(1) Normal termination (return value 0)
		Usr 0 01:07:51, Sys 0 00:00:31  -  Run Remote Usage
		Usr 0 00:00:00, Sys 0 00:00:00  -  Run Local Usage
		Usr 0 01:07:51, Sys 0 00:00:31  -  Total Remote Usage
		Usr 0 00:00:00, Sys 0 00:00:00  -  Total Local Usage
	0  -  Run Bytes Sent By Job
	0  -  Run Bytes Received By Job
	0  -  Total Bytes Sent By Job
	0  -  Total Bytes Received By Job
	Partitionable Resources :    Usage  Request Allocated 
	   Cpus                 :     4.68        8         8 
	   Disk (KB)            :     1           1      2048 
	   GPUs                 :                           0 
	   Memory (MB)          :   990        6144      6144 
	   TimeExecute (s)      :  1131                       
	   TimeSlotBusy (s)     :  1131                       
...
