000 (6920.381.000) 2026-04-16 09:44:16 Job submitted from host: <140.160.143.131:9618?addrs=140.160.143.131-9618&alias=cse-head.cluster.cs.wwu.edu&noUDP&sock=schedd_1483_cb0a>
...
001 (6920.381.000) 2026-04-16 18:47:14 Job executing on host: <140.160.143.149:9618?addrs=140.160.143.149-9618&alias=c-0-9.cluster.cs.wwu.edu&noUDP&sock=startd_1570_77c7>
	SlotName: slot1_1@c-0-9.cluster.cs.wwu.edu
	CondorScratchDir = "/var/lib/condor/execute/dir_1104334"
	Cpus = 8
	Disk = 2048
	GPUs = 0
	Memory = 9216
...
006 (6920.381.000) 2026-04-16 18:47:22 Image size of job updated: 404712
	396  -  MemoryUsage of job (MB)
	404712  -  ResidentSetSize of job (KB)
...
006 (6920.381.000) 2026-04-16 18:52:22 Image size of job updated: 1150212
	1114  -  MemoryUsage of job (MB)
	1140140  -  ResidentSetSize of job (KB)
...
005 (6920.381.000) 2026-04-16 18:55:13 Job terminated.
	(1) Normal termination (return value 0)
		Usr 0 00:30:56, Sys 0 00:00:15  -  Run Remote Usage
		Usr 0 00:00:00, Sys 0 00:00:00  -  Run Local Usage
		Usr 0 00:30:56, Sys 0 00:00:15  -  Total Remote Usage
		Usr 0 00:00:00, Sys 0 00:00:00  -  Total Local Usage
	0  -  Run Bytes Sent By Job
	0  -  Run Bytes Received By Job
	0  -  Total Bytes Sent By Job
	0  -  Total Bytes Received By Job
	Partitionable Resources :    Usage  Request Allocated 
	   Cpus                 :     6.84        8         8 
	   Disk (KB)            :     1           1      2048 
	   GPUs                 :                           0 
	   Memory (MB)          :  1114        9216      9216 
	   TimeExecute (s)      :   479                       
	   TimeSlotBusy (s)     :   479                       
...
