000 (6920.092.000) 2026-04-16 09:44:17 Job submitted from host: <140.160.143.131:9618?addrs=140.160.143.131-9618&alias=cse-head.cluster.cs.wwu.edu&noUDP&sock=schedd_1483_cb0a>
...
001 (6920.092.000) 2026-04-16 15:25:27 Job executing on host: <140.160.143.143:9618?addrs=140.160.143.143-9618&alias=c-0-3.cluster.cs.wwu.edu&noUDP&sock=startd_1365_dadd>
	SlotName: slot1_1@c-0-3.cluster.cs.wwu.edu
	CondorScratchDir = "/var/lib/condor/execute/dir_1078955"
	Cpus = 8
	Disk = 2048
	GPUs = 0
	Memory = 9216
...
006 (6920.092.000) 2026-04-16 15:25:36 Image size of job updated: 105720
	104  -  MemoryUsage of job (MB)
	105720  -  ResidentSetSize of job (KB)
...
006 (6920.092.000) 2026-04-16 15:30:37 Image size of job updated: 707524
	691  -  MemoryUsage of job (MB)
	707524  -  ResidentSetSize of job (KB)
...
006 (6920.092.000) 2026-04-16 15:34:02 Image size of job updated: 873960
	691  -  MemoryUsage of job (MB)
	707524  -  ResidentSetSize of job (KB)
...
005 (6920.092.000) 2026-04-16 15:34:02 Job terminated.
	(1) Normal termination (return value 0)
		Usr 0 00:09:11, Sys 0 00:00:03  -  Run Remote Usage
		Usr 0 00:00:00, Sys 0 00:00:00  -  Run Local Usage
		Usr 0 00:09:11, Sys 0 00:00:03  -  Total Remote Usage
		Usr 0 00:00:00, Sys 0 00:00:00  -  Total Local Usage
	0  -  Run Bytes Sent By Job
	0  -  Run Bytes Received By Job
	0  -  Total Bytes Sent By Job
	0  -  Total Bytes Received By Job
	Partitionable Resources :    Usage  Request Allocated 
	   Cpus                 :     1.01        8         8 
	   Disk (KB)            :     1           1      2048 
	   GPUs                 :                           0 
	   Memory (MB)          :   691        9216      9216 
	   TimeExecute (s)      :   515                       
	   TimeSlotBusy (s)     :   515                       
...
