000 (6918.364.000) 2026-04-15 19:42:51 Job submitted from host: <140.160.143.131:9618?addrs=140.160.143.131-9618&alias=cse-head.cluster.cs.wwu.edu&noUDP&sock=schedd_1483_cb0a>
...
001 (6918.364.000) 2026-04-16 00:33:45 Job executing on host: <140.160.143.149:9618?addrs=140.160.143.149-9618&alias=c-0-9.cluster.cs.wwu.edu&noUDP&sock=startd_1570_77c7>
	SlotName: slot1_1@c-0-9.cluster.cs.wwu.edu
	CondorScratchDir = "/var/lib/condor/execute/dir_1066724"
	Cpus = 8
	Disk = 2048
	GPUs = 0
	Memory = 4096
...
006 (6918.364.000) 2026-04-16 00:33:54 Image size of job updated: 362016
	354  -  MemoryUsage of job (MB)
	362016  -  ResidentSetSize of job (KB)
...
006 (6918.364.000) 2026-04-16 00:38:55 Image size of job updated: 1095332
	1070  -  MemoryUsage of job (MB)
	1095332  -  ResidentSetSize of job (KB)
...
006 (6918.364.000) 2026-04-16 00:41:11 Image size of job updated: 1185212
	1070  -  MemoryUsage of job (MB)
	1095332  -  ResidentSetSize of job (KB)
...
005 (6918.364.000) 2026-04-16 00:41:12 Job terminated.
	(1) Normal termination (return value 0)
		Usr 0 00:22:15, Sys 0 00:00:04  -  Run Remote Usage
		Usr 0 00:00:00, Sys 0 00:00:00  -  Run Local Usage
		Usr 0 00:22:15, Sys 0 00:00:04  -  Total Remote Usage
		Usr 0 00:00:00, Sys 0 00:00:00  -  Total Local Usage
	0  -  Run Bytes Sent By Job
	0  -  Run Bytes Received By Job
	0  -  Total Bytes Sent By Job
	0  -  Total Bytes Received By Job
	Partitionable Resources :    Usage  Request Allocated 
	   Cpus                 :     1.01        8         8 
	   Disk (KB)            :     1           1      2048 
	   GPUs                 :                           0 
	   Memory (MB)          :  1070        4096      4096 
	   TimeExecute (s)      :   446                       
	   TimeSlotBusy (s)     :   447                       
...
