000 (6918.396.000) 2026-04-15 19:42:51 Job submitted from host: <140.160.143.131:9618?addrs=140.160.143.131-9618&alias=cse-head.cluster.cs.wwu.edu&noUDP&sock=schedd_1483_cb0a>
...
001 (6918.396.000) 2026-04-16 01:15:48 Job executing on host: <140.160.143.143:9618?addrs=140.160.143.143-9618&alias=c-0-3.cluster.cs.wwu.edu&noUDP&sock=startd_1365_dadd>
	SlotName: slot1_1@c-0-3.cluster.cs.wwu.edu
	CondorScratchDir = "/var/lib/condor/execute/dir_1055997"
	Cpus = 8
	Disk = 2048
	GPUs = 0
	Memory = 4096
...
006 (6918.396.000) 2026-04-16 01:15:56 Image size of job updated: 98724
	97  -  MemoryUsage of job (MB)
	98724  -  ResidentSetSize of job (KB)
...
006 (6918.396.000) 2026-04-16 01:20:56 Image size of job updated: 697328
	681  -  MemoryUsage of job (MB)
	697328  -  ResidentSetSize of job (KB)
...
006 (6918.396.000) 2026-04-16 01:25:56 Image size of job updated: 1187148
	1157  -  MemoryUsage of job (MB)
	1184424  -  ResidentSetSize of job (KB)
...
006 (6918.396.000) 2026-04-16 01:29:02 Image size of job updated: 1194468
	1157  -  MemoryUsage of job (MB)
	1184424  -  ResidentSetSize of job (KB)
...
005 (6918.396.000) 2026-04-16 01:29:02 Job terminated.
	(1) Normal termination (return value 0)
		Usr 0 00:47:17, Sys 0 00:00:20  -  Run Remote Usage
		Usr 0 00:00:00, Sys 0 00:00:00  -  Run Local Usage
		Usr 0 00:47:17, Sys 0 00:00:20  -  Total Remote Usage
		Usr 0 00:00:00, Sys 0 00:00:00  -  Total Local Usage
	0  -  Run Bytes Sent By Job
	0  -  Run Bytes Received By Job
	0  -  Total Bytes Sent By Job
	0  -  Total Bytes Received By Job
	Partitionable Resources :    Usage  Request Allocated 
	   Cpus                 :     7.79        8         8 
	   Disk (KB)            :     1           1      2048 
	   GPUs                 :                           0 
	   Memory (MB)          :  1157        4096      4096 
	   TimeExecute (s)      :   794                       
	   TimeSlotBusy (s)     :   795                       
...
