000 (6920.277.000) 2026-04-16 09:44:16 Job submitted from host: <140.160.143.131:9618?addrs=140.160.143.131-9618&alias=cse-head.cluster.cs.wwu.edu&noUDP&sock=schedd_1483_cb0a>
...
001 (6920.277.000) 2026-04-16 17:01:18 Job executing on host: <140.160.143.148:9618?addrs=140.160.143.148-9618&alias=c-0-8.cluster.cs.wwu.edu&noUDP&sock=startd_1538_84bf>
	SlotName: slot1_4@c-0-8.cluster.cs.wwu.edu
	CondorScratchDir = "/var/lib/condor/execute/dir_1091268"
	Cpus = 8
	Disk = 2048
	GPUs = 0
	Memory = 9216
...
006 (6920.277.000) 2026-04-16 17:01:27 Image size of job updated: 246272
	241  -  MemoryUsage of job (MB)
	246272  -  ResidentSetSize of job (KB)
...
006 (6920.277.000) 2026-04-16 17:06:28 Image size of job updated: 892012
	847  -  MemoryUsage of job (MB)
	866764  -  ResidentSetSize of job (KB)
...
006 (6920.277.000) 2026-04-16 17:11:28 Image size of job updated: 965552
	941  -  MemoryUsage of job (MB)
	963252  -  ResidentSetSize of job (KB)
...
006 (6920.277.000) 2026-04-16 17:16:29 Image size of job updated: 1046896
	968  -  MemoryUsage of job (MB)
	990948  -  ResidentSetSize of job (KB)
...
005 (6920.277.000) 2026-04-16 17:19:07 Job terminated.
	(1) Normal termination (return value 0)
		Usr 0 00:52:12, Sys 0 00:00:15  -  Run Remote Usage
		Usr 0 00:00:00, Sys 0 00:00:00  -  Run Local Usage
		Usr 0 00:52:12, Sys 0 00:00:15  -  Total Remote Usage
		Usr 0 00:00:00, Sys 0 00:00:00  -  Total Local Usage
	0  -  Run Bytes Sent By Job
	0  -  Run Bytes Received By Job
	0  -  Total Bytes Sent By Job
	0  -  Total Bytes Received By Job
	Partitionable Resources :    Usage  Request Allocated 
	   Cpus                 :     3.92        8         8 
	   Disk (KB)            :     1           1      2048 
	   GPUs                 :                           0 
	   Memory (MB)          :   968        9216      9216 
	   TimeExecute (s)      :  1068                       
	   TimeSlotBusy (s)     :  1068                       
...
