000 (6920.272.000) 2026-04-16 09:44:16 Job submitted from host: <140.160.143.131:9618?addrs=140.160.143.131-9618&alias=cse-head.cluster.cs.wwu.edu&noUDP&sock=schedd_1483_cb0a>
...
001 (6920.272.000) 2026-04-16 16:56:17 Job executing on host: <140.160.143.149:9618?addrs=140.160.143.149-9618&alias=c-0-9.cluster.cs.wwu.edu&noUDP&sock=startd_1570_77c7>
	SlotName: slot1_3@c-0-9.cluster.cs.wwu.edu
	CondorScratchDir = "/var/lib/condor/execute/dir_1100834"
	Cpus = 8
	Disk = 2048
	GPUs = 0
	Memory = 9216
...
006 (6920.272.000) 2026-04-16 16:56:25 Image size of job updated: 495364
	484  -  MemoryUsage of job (MB)
	495364  -  ResidentSetSize of job (KB)
...
006 (6920.272.000) 2026-04-16 17:01:25 Image size of job updated: 1117424
	1074  -  MemoryUsage of job (MB)
	1099172  -  ResidentSetSize of job (KB)
...
005 (6920.272.000) 2026-04-16 17:03:45 Job terminated.
	(1) Normal termination (return value 0)
		Usr 0 00:23:53, Sys 0 00:00:06  -  Run Remote Usage
		Usr 0 00:00:00, Sys 0 00:00:00  -  Run Local Usage
		Usr 0 00:23:53, Sys 0 00:00:06  -  Total Remote Usage
		Usr 0 00:00:00, Sys 0 00:00:00  -  Total Local Usage
	0  -  Run Bytes Sent By Job
	0  -  Run Bytes Received By Job
	0  -  Total Bytes Sent By Job
	0  -  Total Bytes Received By Job
	Partitionable Resources :    Usage  Request Allocated 
	   Cpus                 :     5.42        8         8 
	   Disk (KB)            :     1           1      2048 
	   GPUs                 :                           0 
	   Memory (MB)          :  1074        9216      9216 
	   TimeExecute (s)      :   448                       
	   TimeSlotBusy (s)     :   448                       
...
