000 (6920.172.000) 2026-04-16 09:44:16 Job submitted from host: <140.160.143.131:9618?addrs=140.160.143.131-9618&alias=cse-head.cluster.cs.wwu.edu&noUDP&sock=schedd_1483_cb0a>
...
001 (6920.172.000) 2026-04-16 16:01:32 Job executing on host: <140.160.143.144:9618?addrs=140.160.143.144-9618&alias=c-0-4.cluster.cs.wwu.edu&noUDP&sock=startd_1367_3a0d>
	SlotName: slot1_3@c-0-4.cluster.cs.wwu.edu
	CondorScratchDir = "/var/lib/condor/execute/dir_1073584"
	Cpus = 8
	Disk = 2048
	GPUs = 0
	Memory = 9216
...
006 (6920.172.000) 2026-04-16 16:01:41 Image size of job updated: 106284
	104  -  MemoryUsage of job (MB)
	106284  -  ResidentSetSize of job (KB)
...
006 (6920.172.000) 2026-04-16 16:06:42 Image size of job updated: 915740
	895  -  MemoryUsage of job (MB)
	915740  -  ResidentSetSize of job (KB)
...
006 (6920.172.000) 2026-04-16 16:07:25 Image size of job updated: 916932
	895  -  MemoryUsage of job (MB)
	915740  -  ResidentSetSize of job (KB)
...
005 (6920.172.000) 2026-04-16 16:07:25 Job terminated.
	(1) Normal termination (return value 0)
		Usr 0 00:06:31, Sys 0 00:00:02  -  Run Remote Usage
		Usr 0 00:00:00, Sys 0 00:00:00  -  Run Local Usage
		Usr 0 00:06:31, Sys 0 00:00:02  -  Total Remote Usage
		Usr 0 00:00:00, Sys 0 00:00:00  -  Total Local Usage
	0  -  Run Bytes Sent By Job
	0  -  Run Bytes Received By Job
	0  -  Total Bytes Sent By Job
	0  -  Total Bytes Received By Job
	Partitionable Resources :    Usage  Request Allocated 
	   Cpus                 :     1.01        8         8 
	   Disk (KB)            :     1           1      2048 
	   GPUs                 :                           0 
	   Memory (MB)          :   895        9216      9216 
	   TimeExecute (s)      :   353                       
	   TimeSlotBusy (s)     :   353                       
...
