000 (6920.359.000) 2026-04-16 09:44:16 Job submitted from host: <140.160.143.131:9618?addrs=140.160.143.131-9618&alias=cse-head.cluster.cs.wwu.edu&noUDP&sock=schedd_1483_cb0a>
...
001 (6920.359.000) 2026-04-16 18:24:46 Job executing on host: <140.160.143.182:9618?addrs=140.160.143.182-9618&alias=c-0-13.cluster.cs.wwu.edu&noUDP&sock=startd_1434_2ee6>
	SlotName: slot1_1@c-0-13.cluster.cs.wwu.edu
	CondorScratchDir = "/var/lib/condor/execute/dir_1073416"
	Cpus = 8
	Disk = 2048
	GPUs = 0
	Memory = 9216
...
006 (6920.359.000) 2026-04-16 18:24:54 Image size of job updated: 109944
	108  -  MemoryUsage of job (MB)
	109944  -  ResidentSetSize of job (KB)
...
006 (6920.359.000) 2026-04-16 18:29:54 Image size of job updated: 705304
	688  -  MemoryUsage of job (MB)
	703976  -  ResidentSetSize of job (KB)
...
006 (6920.359.000) 2026-04-16 18:34:55 Image size of job updated: 1121920
	1031  -  MemoryUsage of job (MB)
	1055520  -  ResidentSetSize of job (KB)
...
006 (6920.359.000) 2026-04-16 18:39:55 Image size of job updated: 1156152
	1092  -  MemoryUsage of job (MB)
	1117612  -  ResidentSetSize of job (KB)
...
005 (6920.359.000) 2026-04-16 18:41:33 Job terminated.
	(1) Normal termination (return value 0)
		Usr 0 00:55:37, Sys 0 00:00:10  -  Run Remote Usage
		Usr 0 00:00:00, Sys 0 00:00:00  -  Run Local Usage
		Usr 0 00:55:37, Sys 0 00:00:10  -  Total Remote Usage
		Usr 0 00:00:00, Sys 0 00:00:00  -  Total Local Usage
	0  -  Run Bytes Sent By Job
	0  -  Run Bytes Received By Job
	0  -  Total Bytes Sent By Job
	0  -  Total Bytes Received By Job
	Partitionable Resources :    Usage  Request Allocated 
	   Cpus                 :     1.03        8         8 
	   Disk (KB)            :     1           1      2048 
	   GPUs                 :                           0 
	   Memory (MB)          :  1092        9216      9216 
	   TimeExecute (s)      :  1006                       
	   TimeSlotBusy (s)     :  1006                       
...
