000 (6920.048.000) 2026-04-16 09:44:16 Job submitted from host: <140.160.143.131:9618?addrs=140.160.143.131-9618&alias=cse-head.cluster.cs.wwu.edu&noUDP&sock=schedd_1483_cb0a>
...
001 (6920.048.000) 2026-04-16 15:03:28 Job executing on host: <140.160.143.184:9618?addrs=140.160.143.184-9618&alias=c-0-15.cluster.cs.wwu.edu&noUDP&sock=startd_1429_c0ed>
	SlotName: slot1_3@c-0-15.cluster.cs.wwu.edu
	CondorScratchDir = "/var/lib/condor/execute/dir_20032"
	Cpus = 8
	Disk = 2048
	GPUs = 0
	Memory = 9216
...
006 (6920.048.000) 2026-04-16 15:03:36 Image size of job updated: 366708
	359  -  MemoryUsage of job (MB)
	366708  -  ResidentSetSize of job (KB)
...
006 (6920.048.000) 2026-04-16 15:08:36 Image size of job updated: 879708
	860  -  MemoryUsage of job (MB)
	879708  -  ResidentSetSize of job (KB)
...
006 (6920.048.000) 2026-04-16 15:08:44 Image size of job updated: 881340
	860  -  MemoryUsage of job (MB)
	879708  -  ResidentSetSize of job (KB)
...
005 (6920.048.000) 2026-04-16 15:08:44 Job terminated.
	(1) Normal termination (return value 0)
		Usr 0 00:05:51, Sys 0 00:00:01  -  Run Remote Usage
		Usr 0 00:00:00, Sys 0 00:00:00  -  Run Local Usage
		Usr 0 00:05:51, Sys 0 00:00:01  -  Total Remote Usage
		Usr 0 00:00:00, Sys 0 00:00:00  -  Total Local Usage
	0  -  Run Bytes Sent By Job
	0  -  Run Bytes Received By Job
	0  -  Total Bytes Sent By Job
	0  -  Total Bytes Received By Job
	Partitionable Resources :    Usage  Request Allocated 
	   Cpus                 :     1.03        8         8 
	   Disk (KB)            :     1           1      2048 
	   GPUs                 :                           0 
	   Memory (MB)          :   860        9216      9216 
	   TimeExecute (s)      :   316                       
	   TimeSlotBusy (s)     :   316                       
...
