000 (6919.393.000) 2026-04-16 09:41:23 Job submitted from host: <140.160.143.131:9618?addrs=140.160.143.131-9618&alias=cse-head.cluster.cs.wwu.edu&noUDP&sock=schedd_1483_cb0a>
...
001 (6919.393.000) 2026-04-16 14:17:01 Job executing on host: <140.160.143.148:9618?addrs=140.160.143.148-9618&alias=c-0-8.cluster.cs.wwu.edu&noUDP&sock=startd_1538_84bf>
	SlotName: slot1_4@c-0-8.cluster.cs.wwu.edu
	CondorScratchDir = "/var/lib/condor/execute/dir_1085799"
	Cpus = 8
	Disk = 2048
	GPUs = 0
	Memory = 6144
...
006 (6919.393.000) 2026-04-16 14:17:10 Image size of job updated: 257992
	252  -  MemoryUsage of job (MB)
	257992  -  ResidentSetSize of job (KB)
...
006 (6919.393.000) 2026-04-16 14:22:11 Image size of job updated: 1036344
	1013  -  MemoryUsage of job (MB)
	1036344  -  ResidentSetSize of job (KB)
...
006 (6919.393.000) 2026-04-16 14:27:11 Image size of job updated: 1111420
	1086  -  MemoryUsage of job (MB)
	1111420  -  ResidentSetSize of job (KB)
...
006 (6919.393.000) 2026-04-16 14:32:12 Image size of job updated: 1118700
	1086  -  MemoryUsage of job (MB)
	1111420  -  ResidentSetSize of job (KB)
...
006 (6919.393.000) 2026-04-16 14:37:12 Image size of job updated: 1143492
	1091  -  MemoryUsage of job (MB)
	1116336  -  ResidentSetSize of job (KB)
...
006 (6919.393.000) 2026-04-16 14:42:12 Image size of job updated: 1145732
	1096  -  MemoryUsage of job (MB)
	1122292  -  ResidentSetSize of job (KB)
...
005 (6919.393.000) 2026-04-16 14:45:47 Job terminated.
	(1) Normal termination (return value 0)
		Usr 0 02:46:23, Sys 0 00:01:47  -  Run Remote Usage
		Usr 0 00:00:00, Sys 0 00:00:00  -  Run Local Usage
		Usr 0 02:46:23, Sys 0 00:01:47  -  Total Remote Usage
		Usr 0 00:00:00, Sys 0 00:00:00  -  Total Local Usage
	0  -  Run Bytes Sent By Job
	0  -  Run Bytes Received By Job
	0  -  Total Bytes Sent By Job
	0  -  Total Bytes Received By Job
	Partitionable Resources :    Usage  Request Allocated 
	   Cpus                 :     7.22        8         8 
	   Disk (KB)            :     1           1      2048 
	   GPUs                 :                           0 
	   Memory (MB)          :  1096        6144      6144 
	   TimeExecute (s)      :  1725                       
	   TimeSlotBusy (s)     :  1725                       
...
