000 (6918.332.000) 2026-04-15 19:42:51 Job submitted from host: <140.160.143.131:9618?addrs=140.160.143.131-9618&alias=cse-head.cluster.cs.wwu.edu&noUDP&sock=schedd_1483_cb0a>
...
001 (6918.332.000) 2026-04-16 00:01:03 Job executing on host: <140.160.143.144:9618?addrs=140.160.143.144-9618&alias=c-0-4.cluster.cs.wwu.edu&noUDP&sock=startd_1367_3a0d>
	SlotName: slot1_3@c-0-4.cluster.cs.wwu.edu
	CondorScratchDir = "/var/lib/condor/execute/dir_1047609"
	Cpus = 8
	Disk = 2048
	GPUs = 0
	Memory = 4096
...
006 (6918.332.000) 2026-04-16 00:01:12 Image size of job updated: 107884
	106  -  MemoryUsage of job (MB)
	107884  -  ResidentSetSize of job (KB)
...
006 (6918.332.000) 2026-04-16 00:06:13 Image size of job updated: 714436
	698  -  MemoryUsage of job (MB)
	714436  -  ResidentSetSize of job (KB)
...
006 (6918.332.000) 2026-04-16 00:10:40 Image size of job updated: 1126320
	698  -  MemoryUsage of job (MB)
	714436  -  ResidentSetSize of job (KB)
...
005 (6918.332.000) 2026-04-16 00:10:41 Job terminated.
	(1) Normal termination (return value 0)
		Usr 0 00:21:08, Sys 0 00:00:07  -  Run Remote Usage
		Usr 0 00:00:00, Sys 0 00:00:00  -  Run Local Usage
		Usr 0 00:21:08, Sys 0 00:00:07  -  Total Remote Usage
		Usr 0 00:00:00, Sys 0 00:00:00  -  Total Local Usage
	0  -  Run Bytes Sent By Job
	0  -  Run Bytes Received By Job
	0  -  Total Bytes Sent By Job
	0  -  Total Bytes Received By Job
	Partitionable Resources :    Usage  Request Allocated 
	   Cpus                 :     7.21        8         8 
	   Disk (KB)            :     1           1      2048 
	   GPUs                 :                           0 
	   Memory (MB)          :   698        4096      4096 
	   TimeExecute (s)      :   577                       
	   TimeSlotBusy (s)     :   578                       
...
