000 (6919.298.000) 2026-04-16 09:41:22 Job submitted from host: <140.160.143.131:9618?addrs=140.160.143.131-9618&alias=cse-head.cluster.cs.wwu.edu&noUDP&sock=schedd_1483_cb0a>
...
001 (6919.298.000) 2026-04-16 12:25:20 Job executing on host: <140.160.143.149:9618?addrs=140.160.143.149-9618&alias=c-0-9.cluster.cs.wwu.edu&noUDP&sock=startd_1570_77c7>
	SlotName: slot1_3@c-0-9.cluster.cs.wwu.edu
	CondorScratchDir = "/var/lib/condor/execute/dir_1089504"
	Cpus = 8
	Disk = 2048
	GPUs = 0
	Memory = 6144
...
006 (6919.298.000) 2026-04-16 12:25:29 Image size of job updated: 401640
	393  -  MemoryUsage of job (MB)
	401640  -  ResidentSetSize of job (KB)
...
006 (6919.298.000) 2026-04-16 12:30:30 Image size of job updated: 1129348
	1005  -  MemoryUsage of job (MB)
	1028408  -  ResidentSetSize of job (KB)
...
006 (6919.298.000) 2026-04-16 12:32:22 Image size of job updated: 1129348
	1007  -  MemoryUsage of job (MB)
	1030456  -  ResidentSetSize of job (KB)
...
005 (6919.298.000) 2026-04-16 12:32:22 Job terminated.
	(1) Normal termination (return value 0)
		Usr 0 00:22:35, Sys 0 00:00:13  -  Run Remote Usage
		Usr 0 00:00:00, Sys 0 00:00:00  -  Run Local Usage
		Usr 0 00:22:35, Sys 0 00:00:13  -  Total Remote Usage
		Usr 0 00:00:00, Sys 0 00:00:00  -  Total Local Usage
	0  -  Run Bytes Sent By Job
	0  -  Run Bytes Received By Job
	0  -  Total Bytes Sent By Job
	0  -  Total Bytes Received By Job
	Partitionable Resources :    Usage  Request Allocated 
	   Cpus                 :     1.01        8         8 
	   Disk (KB)            :     1           1      2048 
	   GPUs                 :                           0 
	   Memory (MB)          :  1007        6144      6144 
	   TimeExecute (s)      :   422                       
	   TimeSlotBusy (s)     :   422                       
...
