000 (6920.379.000) 2026-04-16 09:44:16 Job submitted from host: <140.160.143.131:9618?addrs=140.160.143.131-9618&alias=cse-head.cluster.cs.wwu.edu&noUDP&sock=schedd_1483_cb0a>
...
001 (6920.379.000) 2026-04-16 18:44:14 Job executing on host: <140.160.143.184:9618?addrs=140.160.143.184-9618&alias=c-0-15.cluster.cs.wwu.edu&noUDP&sock=startd_1429_c0ed>
	SlotName: slot1_1@c-0-15.cluster.cs.wwu.edu
	CondorScratchDir = "/var/lib/condor/execute/dir_28461"
	Cpus = 8
	Disk = 2048
	GPUs = 0
	Memory = 9216
...
006 (6920.379.000) 2026-04-16 18:44:23 Image size of job updated: 390488
	382  -  MemoryUsage of job (MB)
	390488  -  ResidentSetSize of job (KB)
...
006 (6920.379.000) 2026-04-16 18:49:24 Image size of job updated: 1148440
	1108  -  MemoryUsage of job (MB)
	1134044  -  ResidentSetSize of job (KB)
...
006 (6920.379.000) 2026-04-16 18:54:24 Image size of job updated: 1266056
	1129  -  MemoryUsage of job (MB)
	1155260  -  ResidentSetSize of job (KB)
...
006 (6920.379.000) 2026-04-16 18:59:26 Image size of job updated: 1266056
	1129  -  MemoryUsage of job (MB)
	1155456  -  ResidentSetSize of job (KB)
...
006 (6920.379.000) 2026-04-16 19:04:26 Image size of job updated: 1266056
	1153  -  MemoryUsage of job (MB)
	1180016  -  ResidentSetSize of job (KB)
...
005 (6920.379.000) 2026-04-16 19:07:33 Job terminated.
	(1) Normal termination (return value 0)
		Usr 0 01:54:50, Sys 0 00:01:25  -  Run Remote Usage
		Usr 0 00:00:00, Sys 0 00:00:00  -  Run Local Usage
		Usr 0 01:54:50, Sys 0 00:01:25  -  Total Remote Usage
		Usr 0 00:00:00, Sys 0 00:00:00  -  Total Local Usage
	0  -  Run Bytes Sent By Job
	0  -  Run Bytes Received By Job
	0  -  Total Bytes Sent By Job
	0  -  Total Bytes Received By Job
	Partitionable Resources :    Usage  Request Allocated 
	   Cpus                 :     5.79        8         8 
	   Disk (KB)            :     1           1      2048 
	   GPUs                 :                           0 
	   Memory (MB)          :  1153        9216      9216 
	   TimeExecute (s)      :  1398                       
	   TimeSlotBusy (s)     :  1399                       
...
