000 (6919.339.000) 2026-04-16 09:41:22 Job submitted from host: <140.160.143.131:9618?addrs=140.160.143.131-9618&alias=cse-head.cluster.cs.wwu.edu&noUDP&sock=schedd_1483_cb0a>
...
001 (6919.339.000) 2026-04-16 13:10:16 Job executing on host: <140.160.143.148:9618?addrs=140.160.143.148-9618&alias=c-0-8.cluster.cs.wwu.edu&noUDP&sock=startd_1538_84bf>
	SlotName: slot1_4@c-0-8.cluster.cs.wwu.edu
	CondorScratchDir = "/var/lib/condor/execute/dir_1084062"
	Cpus = 8
	Disk = 2048
	GPUs = 0
	Memory = 6144
...
006 (6919.339.000) 2026-04-16 13:10:24 Image size of job updated: 226356
	222  -  MemoryUsage of job (MB)
	226356  -  ResidentSetSize of job (KB)
...
006 (6919.339.000) 2026-04-16 13:15:24 Image size of job updated: 944420
	922  -  MemoryUsage of job (MB)
	943140  -  ResidentSetSize of job (KB)
...
006 (6919.339.000) 2026-04-16 13:20:25 Image size of job updated: 1038948
	932  -  MemoryUsage of job (MB)
	953544  -  ResidentSetSize of job (KB)
...
006 (6919.339.000) 2026-04-16 13:25:25 Image size of job updated: 1133364
	1058  -  MemoryUsage of job (MB)
	1083036  -  ResidentSetSize of job (KB)
...
005 (6919.339.000) 2026-04-16 13:30:41 Job terminated.
	(1) Normal termination (return value 0)
		Usr 0 01:16:27, Sys 0 00:00:58  -  Run Remote Usage
		Usr 0 00:00:00, Sys 0 00:00:00  -  Run Local Usage
		Usr 0 01:16:27, Sys 0 00:00:58  -  Total Remote Usage
		Usr 0 00:00:00, Sys 0 00:00:00  -  Total Local Usage
	0  -  Run Bytes Sent By Job
	0  -  Run Bytes Received By Job
	0  -  Total Bytes Sent By Job
	0  -  Total Bytes Received By Job
	Partitionable Resources :    Usage  Request Allocated 
	   Cpus                 :     4.67        8         8 
	   Disk (KB)            :     1           1      2048 
	   GPUs                 :                           0 
	   Memory (MB)          :  1058        6144      6144 
	   TimeExecute (s)      :  1225                       
	   TimeSlotBusy (s)     :  1225                       
...
