000 (6920.319.000) 2026-04-16 09:44:16 Job submitted from host: <140.160.143.131:9618?addrs=140.160.143.131-9618&alias=cse-head.cluster.cs.wwu.edu&noUDP&sock=schedd_1483_cb0a>
...
001 (6920.319.000) 2026-04-16 17:42:23 Job executing on host: <140.160.143.144:9618?addrs=140.160.143.144-9618&alias=c-0-4.cluster.cs.wwu.edu&noUDP&sock=startd_1367_3a0d>
	SlotName: slot1_3@c-0-4.cluster.cs.wwu.edu
	CondorScratchDir = "/var/lib/condor/execute/dir_1076353"
	Cpus = 8
	Disk = 2048
	GPUs = 0
	Memory = 9216
...
006 (6920.319.000) 2026-04-16 17:42:31 Image size of job updated: 103552
	102  -  MemoryUsage of job (MB)
	103552  -  ResidentSetSize of job (KB)
...
006 (6920.319.000) 2026-04-16 17:47:31 Image size of job updated: 981668
	918  -  MemoryUsage of job (MB)
	939456  -  ResidentSetSize of job (KB)
...
006 (6920.319.000) 2026-04-16 17:52:33 Image size of job updated: 1106020
	1081  -  MemoryUsage of job (MB)
	1106020  -  ResidentSetSize of job (KB)
...
006 (6920.319.000) 2026-04-16 17:55:29 Image size of job updated: 1109608
	1081  -  MemoryUsage of job (MB)
	1106020  -  ResidentSetSize of job (KB)
...
005 (6920.319.000) 2026-04-16 17:55:29 Job terminated.
	(1) Normal termination (return value 0)
		Usr 0 00:40:35, Sys 0 00:00:09  -  Run Remote Usage
		Usr 0 00:00:00, Sys 0 00:00:00  -  Run Local Usage
		Usr 0 00:40:35, Sys 0 00:00:09  -  Total Remote Usage
		Usr 0 00:00:00, Sys 0 00:00:00  -  Total Local Usage
	0  -  Run Bytes Sent By Job
	0  -  Run Bytes Received By Job
	0  -  Total Bytes Sent By Job
	0  -  Total Bytes Received By Job
	Partitionable Resources :    Usage  Request Allocated 
	   Cpus                 :     5.09        8         8 
	   Disk (KB)            :     1           1      2048 
	   GPUs                 :                           0 
	   Memory (MB)          :  1081        9216      9216 
	   TimeExecute (s)      :   786                       
	   TimeSlotBusy (s)     :   786                       
...
