000 (6919.025.000) 2026-04-16 09:41:22 Job submitted from host: <140.160.143.131:9618?addrs=140.160.143.131-9618&alias=cse-head.cluster.cs.wwu.edu&noUDP&sock=schedd_1483_cb0a>
...
001 (6919.025.000) 2026-04-16 09:53:38 Job executing on host: <140.160.143.148:9618?addrs=140.160.143.148-9618&alias=c-0-8.cluster.cs.wwu.edu&noUDP&sock=startd_1538_84bf>
	SlotName: slot1_4@c-0-8.cluster.cs.wwu.edu
	CondorScratchDir = "/var/lib/condor/execute/dir_1078404"
	Cpus = 8
	Disk = 2048
	GPUs = 0
	Memory = 6144
...
006 (6919.025.000) 2026-04-16 09:53:47 Image size of job updated: 260472
	255  -  MemoryUsage of job (MB)
	260472  -  ResidentSetSize of job (KB)
...
006 (6919.025.000) 2026-04-16 09:58:48 Image size of job updated: 746080
	728  -  MemoryUsage of job (MB)
	744708  -  ResidentSetSize of job (KB)
...
006 (6919.025.000) 2026-04-16 09:59:33 Image size of job updated: 751556
	728  -  MemoryUsage of job (MB)
	744708  -  ResidentSetSize of job (KB)
...
005 (6919.025.000) 2026-04-16 09:59:34 Job terminated.
	(1) Normal termination (return value 0)
		Usr 0 00:06:18, Sys 0 00:00:02  -  Run Remote Usage
		Usr 0 00:00:00, Sys 0 00:00:00  -  Run Local Usage
		Usr 0 00:06:18, Sys 0 00:00:02  -  Total Remote Usage
		Usr 0 00:00:00, Sys 0 00:00:00  -  Total Local Usage
	0  -  Run Bytes Sent By Job
	0  -  Run Bytes Received By Job
	0  -  Total Bytes Sent By Job
	0  -  Total Bytes Received By Job
	Partitionable Resources :    Usage  Request Allocated 
	   Cpus                 :     1.02        8         8 
	   Disk (KB)            :     1           1      2048 
	   GPUs                 :                           0 
	   Memory (MB)          :   728        6144      6144 
	   TimeExecute (s)      :   355                       
	   TimeSlotBusy (s)     :   355                       
...
