000 (6918.369.000) 2026-04-15 19:42:51 Job submitted from host: <140.160.143.131:9618?addrs=140.160.143.131-9618&alias=cse-head.cluster.cs.wwu.edu&noUDP&sock=schedd_1483_cb0a>
...
001 (6918.369.000) 2026-04-16 00:40:47 Job executing on host: <140.160.143.148:9618?addrs=140.160.143.148-9618&alias=c-0-8.cluster.cs.wwu.edu&noUDP&sock=startd_1538_84bf>
	SlotName: slot1_4@c-0-8.cluster.cs.wwu.edu
	CondorScratchDir = "/var/lib/condor/execute/dir_1063929"
	Cpus = 8
	Disk = 2048
	GPUs = 0
	Memory = 4096
...
006 (6918.369.000) 2026-04-16 00:40:55 Image size of job updated: 228144
	223  -  MemoryUsage of job (MB)
	228144  -  ResidentSetSize of job (KB)
...
006 (6918.369.000) 2026-04-16 00:45:55 Image size of job updated: 941364
	920  -  MemoryUsage of job (MB)
	941364  -  ResidentSetSize of job (KB)
...
006 (6918.369.000) 2026-04-16 00:50:56 Image size of job updated: 1132160
	1105  -  MemoryUsage of job (MB)
	1131004  -  ResidentSetSize of job (KB)
...
006 (6918.369.000) 2026-04-16 00:52:03 Image size of job updated: 1132160
	1105  -  MemoryUsage of job (MB)
	1131008  -  ResidentSetSize of job (KB)
...
005 (6918.369.000) 2026-04-16 00:52:03 Job terminated.
	(1) Normal termination (return value 0)
		Usr 0 00:42:25, Sys 0 00:00:11  -  Run Remote Usage
		Usr 0 00:00:00, Sys 0 00:00:00  -  Run Local Usage
		Usr 0 00:42:25, Sys 0 00:00:11  -  Total Remote Usage
		Usr 0 00:00:00, Sys 0 00:00:00  -  Total Local Usage
	0  -  Run Bytes Sent By Job
	0  -  Run Bytes Received By Job
	0  -  Total Bytes Sent By Job
	0  -  Total Bytes Received By Job
	Partitionable Resources :    Usage  Request Allocated 
	   Cpus                 :     1.14        8         8 
	   Disk (KB)            :     1           1      2048 
	   GPUs                 :                           0 
	   Memory (MB)          :  1105        4096      4096 
	   TimeExecute (s)      :   676                       
	   TimeSlotBusy (s)     :   676                       
...
