000 (6920.285.000) 2026-04-16 09:44:16 Job submitted from host: <140.160.143.131:9618?addrs=140.160.143.131-9618&alias=cse-head.cluster.cs.wwu.edu&noUDP&sock=schedd_1483_cb0a>
...
001 (6920.285.000) 2026-04-16 17:08:19 Job executing on host: <140.160.143.144:9618?addrs=140.160.143.144-9618&alias=c-0-4.cluster.cs.wwu.edu&noUDP&sock=startd_1367_3a0d>
	SlotName: slot1_3@c-0-4.cluster.cs.wwu.edu
	CondorScratchDir = "/var/lib/condor/execute/dir_1075462"
	Cpus = 8
	Disk = 2048
	GPUs = 0
	Memory = 9216
...
006 (6920.285.000) 2026-04-16 17:08:27 Image size of job updated: 102872
	101  -  MemoryUsage of job (MB)
	102872  -  ResidentSetSize of job (KB)
...
006 (6920.285.000) 2026-04-16 17:13:27 Image size of job updated: 711220
	695  -  MemoryUsage of job (MB)
	711220  -  ResidentSetSize of job (KB)
...
006 (6920.285.000) 2026-04-16 17:18:28 Image size of job updated: 985144
	944  -  MemoryUsage of job (MB)
	966196  -  ResidentSetSize of job (KB)
...
006 (6920.285.000) 2026-04-16 17:23:05 Image size of job updated: 995476
	944  -  MemoryUsage of job (MB)
	966196  -  ResidentSetSize of job (KB)
...
005 (6920.285.000) 2026-04-16 17:23:05 Job terminated.
	(1) Normal termination (return value 0)
		Usr 0 00:37:54, Sys 0 00:00:10  -  Run Remote Usage
		Usr 0 00:00:00, Sys 0 00:00:00  -  Run Local Usage
		Usr 0 00:37:54, Sys 0 00:00:10  -  Total Remote Usage
		Usr 0 00:00:00, Sys 0 00:00:00  -  Total Local Usage
	0  -  Run Bytes Sent By Job
	0  -  Run Bytes Received By Job
	0  -  Total Bytes Sent By Job
	0  -  Total Bytes Received By Job
	Partitionable Resources :    Usage  Request Allocated 
	   Cpus                 :     4.30        8         8 
	   Disk (KB)            :     1           1      2048 
	   GPUs                 :                           0 
	   Memory (MB)          :   944        9216      9216 
	   TimeExecute (s)      :   886                       
	   TimeSlotBusy (s)     :   887                       
...
