000 (6920.276.000) 2026-04-16 09:44:16 Job submitted from host: <140.160.143.131:9618?addrs=140.160.143.131-9618&alias=cse-head.cluster.cs.wwu.edu&noUDP&sock=schedd_1483_cb0a>
...
001 (6920.276.000) 2026-04-16 17:01:18 Job executing on host: <140.160.143.184:9618?addrs=140.160.143.184-9618&alias=c-0-15.cluster.cs.wwu.edu&noUDP&sock=startd_1429_c0ed>
	SlotName: slot1_1@c-0-15.cluster.cs.wwu.edu
	CondorScratchDir = "/var/lib/condor/execute/dir_25147"
	Cpus = 8
	Disk = 2048
	GPUs = 0
	Memory = 9216
...
006 (6920.276.000) 2026-04-16 17:01:27 Image size of job updated: 382160
	374  -  MemoryUsage of job (MB)
	382160  -  ResidentSetSize of job (KB)
...
006 (6920.276.000) 2026-04-16 17:06:28 Image size of job updated: 906492
	886  -  MemoryUsage of job (MB)
	906492  -  ResidentSetSize of job (KB)
...
006 (6920.276.000) 2026-04-16 17:10:44 Image size of job updated: 1106680
	886  -  MemoryUsage of job (MB)
	906492  -  ResidentSetSize of job (KB)
...
005 (6920.276.000) 2026-04-16 17:10:44 Job terminated.
	(1) Normal termination (return value 0)
		Usr 0 00:27:26, Sys 0 00:00:12  -  Run Remote Usage
		Usr 0 00:00:00, Sys 0 00:00:00  -  Run Local Usage
		Usr 0 00:27:26, Sys 0 00:00:12  -  Total Remote Usage
		Usr 0 00:00:00, Sys 0 00:00:00  -  Total Local Usage
	0  -  Run Bytes Sent By Job
	0  -  Run Bytes Received By Job
	0  -  Total Bytes Sent By Job
	0  -  Total Bytes Received By Job
	Partitionable Resources :    Usage  Request Allocated 
	   Cpus                 :     5.23        8         8 
	   Disk (KB)            :     1           1      2048 
	   GPUs                 :                           0 
	   Memory (MB)          :   886        9216      9216 
	   TimeExecute (s)      :   566                       
	   TimeSlotBusy (s)     :   566                       
...
