000 (6920.384.000) 2026-04-16 09:44:16 Job submitted from host: <140.160.143.131:9618?addrs=140.160.143.131-9618&alias=cse-head.cluster.cs.wwu.edu&noUDP&sock=schedd_1483_cb0a>
...
001 (6920.384.000) 2026-04-16 18:50:35 Job executing on host: <140.160.143.144:9618?addrs=140.160.143.144-9618&alias=c-0-4.cluster.cs.wwu.edu&noUDP&sock=startd_1367_3a0d>
	SlotName: slot1_3@c-0-4.cluster.cs.wwu.edu
	CondorScratchDir = "/var/lib/condor/execute/dir_1078789"
	Cpus = 8
	Disk = 2048
	GPUs = 0
	Memory = 9216
...
006 (6920.384.000) 2026-04-16 18:50:43 Image size of job updated: 99468
	98  -  MemoryUsage of job (MB)
	99468  -  ResidentSetSize of job (KB)
...
006 (6920.384.000) 2026-04-16 18:55:43 Image size of job updated: 963280
	941  -  MemoryUsage of job (MB)
	963280  -  ResidentSetSize of job (KB)
...
006 (6920.384.000) 2026-04-16 19:00:44 Image size of job updated: 1212124
	1170  -  MemoryUsage of job (MB)
	1197464  -  ResidentSetSize of job (KB)
...
006 (6920.384.000) 2026-04-16 19:05:44 Image size of job updated: 1286456
	1170  -  MemoryUsage of job (MB)
	1197464  -  ResidentSetSize of job (KB)
...
005 (6920.384.000) 2026-04-16 19:08:06 Job terminated.
	(1) Normal termination (return value 0)
		Usr 0 01:25:04, Sys 0 00:00:34  -  Run Remote Usage
		Usr 0 00:00:00, Sys 0 00:00:00  -  Run Local Usage
		Usr 0 01:25:04, Sys 0 00:00:34  -  Total Remote Usage
		Usr 0 00:00:00, Sys 0 00:00:00  -  Total Local Usage
	0  -  Run Bytes Sent By Job
	0  -  Run Bytes Received By Job
	0  -  Total Bytes Sent By Job
	0  -  Total Bytes Received By Job
	Partitionable Resources :    Usage  Request Allocated 
	   Cpus                 :     5.74        8         8 
	   Disk (KB)            :     1           1      2048 
	   GPUs                 :                           0 
	   Memory (MB)          :  1170        9216      9216 
	   TimeExecute (s)      :  1051                       
	   TimeSlotBusy (s)     :  1051                       
...
