000 (6919.038.000) 2026-04-16 09:41:23 Job submitted from host: <140.160.143.131:9618?addrs=140.160.143.131-9618&alias=cse-head.cluster.cs.wwu.edu&noUDP&sock=schedd_1483_cb0a>
...
001 (6919.038.000) 2026-04-16 10:00:12 Job executing on host: <140.160.143.148:9618?addrs=140.160.143.148-9618&alias=c-0-8.cluster.cs.wwu.edu&noUDP&sock=startd_1538_84bf>
	SlotName: slot1_4@c-0-8.cluster.cs.wwu.edu
	CondorScratchDir = "/var/lib/condor/execute/dir_1078463"
	Cpus = 8
	Disk = 2048
	GPUs = 0
	Memory = 6144
...
006 (6919.038.000) 2026-04-16 10:00:21 Image size of job updated: 250224
	245  -  MemoryUsage of job (MB)
	250224  -  ResidentSetSize of job (KB)
...
006 (6919.038.000) 2026-04-16 10:05:22 Image size of job updated: 734756
	713  -  MemoryUsage of job (MB)
	729600  -  ResidentSetSize of job (KB)
...
006 (6919.038.000) 2026-04-16 10:06:10 Image size of job updated: 763356
	713  -  MemoryUsage of job (MB)
	729600  -  ResidentSetSize of job (KB)
...
005 (6919.038.000) 2026-04-16 10:06:10 Job terminated.
	(1) Normal termination (return value 0)
		Usr 0 00:06:21, Sys 0 00:00:02  -  Run Remote Usage
		Usr 0 00:00:00, Sys 0 00:00:00  -  Run Local Usage
		Usr 0 00:06:21, Sys 0 00:00:02  -  Total Remote Usage
		Usr 0 00:00:00, Sys 0 00:00:00  -  Total Local Usage
	0  -  Run Bytes Sent By Job
	0  -  Run Bytes Received By Job
	0  -  Total Bytes Sent By Job
	0  -  Total Bytes Received By Job
	Partitionable Resources :    Usage  Request Allocated 
	   Cpus                 :     1.00        8         8 
	   Disk (KB)            :     1           1      2048 
	   GPUs                 :                           0 
	   Memory (MB)          :   713        6144      6144 
	   TimeExecute (s)      :   358                       
	   TimeSlotBusy (s)     :   358                       
...
