000 (6918.060.000) 2026-04-15 19:42:51 Job submitted from host: <140.160.143.131:9618?addrs=140.160.143.131-9618&alias=cse-head.cluster.cs.wwu.edu&noUDP&sock=schedd_1483_cb0a>
...
001 (6918.060.000) 2026-04-15 20:24:53 Job executing on host: <140.160.143.150:9618?addrs=140.160.143.150-9618&alias=c-0-10.cluster.cs.wwu.edu&noUDP&sock=startd_1506_91b7>
	SlotName: slot1_3@c-0-10.cluster.cs.wwu.edu
	CondorScratchDir = "/var/lib/condor/execute/dir_1047112"
	Cpus = 8
	Disk = 2048
	GPUs = 0
	Memory = 4096
...
006 (6918.060.000) 2026-04-15 20:25:02 Image size of job updated: 259956
	254  -  MemoryUsage of job (MB)
	259956  -  ResidentSetSize of job (KB)
...
006 (6918.060.000) 2026-04-15 20:30:03 Image size of job updated: 726768
	710  -  MemoryUsage of job (MB)
	726768  -  ResidentSetSize of job (KB)
...
006 (6918.060.000) 2026-04-15 20:30:23 Image size of job updated: 731268
	710  -  MemoryUsage of job (MB)
	726768  -  ResidentSetSize of job (KB)
...
005 (6918.060.000) 2026-04-15 20:30:24 Job terminated.
	(1) Normal termination (return value 0)
		Usr 0 00:05:41, Sys 0 00:00:01  -  Run Remote Usage
		Usr 0 00:00:00, Sys 0 00:00:00  -  Run Local Usage
		Usr 0 00:05:41, Sys 0 00:00:01  -  Total Remote Usage
		Usr 0 00:00:00, Sys 0 00:00:00  -  Total Local Usage
	0  -  Run Bytes Sent By Job
	0  -  Run Bytes Received By Job
	0  -  Total Bytes Sent By Job
	0  -  Total Bytes Received By Job
	Partitionable Resources :    Usage  Request Allocated 
	   Cpus                 :     1.03        8         8 
	   Disk (KB)            :     1           1      2048 
	   GPUs                 :                           0 
	   Memory (MB)          :   710        4096      4096 
	   TimeExecute (s)      :   330                       
	   TimeSlotBusy (s)     :   330                       
...
