000 (6920.301.000) 2026-04-16 09:44:16 Job submitted from host: <140.160.143.131:9618?addrs=140.160.143.131-9618&alias=cse-head.cluster.cs.wwu.edu&noUDP&sock=schedd_1483_cb0a>
...
001 (6920.301.000) 2026-04-16 17:24:06 Job executing on host: <140.160.143.144:9618?addrs=140.160.143.144-9618&alias=c-0-4.cluster.cs.wwu.edu&noUDP&sock=startd_1367_3a0d>
	SlotName: slot1_3@c-0-4.cluster.cs.wwu.edu
	CondorScratchDir = "/var/lib/condor/execute/dir_1076275"
	Cpus = 8
	Disk = 2048
	GPUs = 0
	Memory = 9216
...
006 (6920.301.000) 2026-04-16 17:24:14 Image size of job updated: 103556
	102  -  MemoryUsage of job (MB)
	103556  -  ResidentSetSize of job (KB)
...
006 (6920.301.000) 2026-04-16 17:29:14 Image size of job updated: 913788
	889  -  MemoryUsage of job (MB)
	909768  -  ResidentSetSize of job (KB)
...
006 (6920.301.000) 2026-04-16 17:34:14 Image size of job updated: 1031244
	979  -  MemoryUsage of job (MB)
	1002492  -  ResidentSetSize of job (KB)
...
006 (6920.301.000) 2026-04-16 17:39:15 Image size of job updated: 1166996
	979  -  MemoryUsage of job (MB)
	1002492  -  ResidentSetSize of job (KB)
...
005 (6920.301.000) 2026-04-16 17:42:12 Job terminated.
	(1) Normal termination (return value 0)
		Usr 0 01:06:37, Sys 0 00:00:19  -  Run Remote Usage
		Usr 0 00:00:00, Sys 0 00:00:00  -  Run Local Usage
		Usr 0 01:06:37, Sys 0 00:00:19  -  Total Remote Usage
		Usr 0 00:00:00, Sys 0 00:00:00  -  Total Local Usage
	0  -  Run Bytes Sent By Job
	0  -  Run Bytes Received By Job
	0  -  Total Bytes Sent By Job
	0  -  Total Bytes Received By Job
	Partitionable Resources :    Usage  Request Allocated 
	   Cpus                 :     4.62        8         8 
	   Disk (KB)            :     1           1      2048 
	   GPUs                 :                           0 
	   Memory (MB)          :   979        9216      9216 
	   TimeExecute (s)      :  1086                       
	   TimeSlotBusy (s)     :  1086                       
...
