000 (6919.302.000) 2026-04-16 09:41:22 Job submitted from host: <140.160.143.131:9618?addrs=140.160.143.131-9618&alias=cse-head.cluster.cs.wwu.edu&noUDP&sock=schedd_1483_cb0a>
...
001 (6919.302.000) 2026-04-16 12:29:11 Job executing on host: <140.160.143.144:9618?addrs=140.160.143.144-9618&alias=c-0-4.cluster.cs.wwu.edu&noUDP&sock=startd_1367_3a0d>
	SlotName: slot1_3@c-0-4.cluster.cs.wwu.edu
	CondorScratchDir = "/var/lib/condor/execute/dir_1067354"
	Cpus = 8
	Disk = 2048
	GPUs = 0
	Memory = 6144
...
006 (6919.302.000) 2026-04-16 12:29:19 Image size of job updated: 103032
	101  -  MemoryUsage of job (MB)
	103032  -  ResidentSetSize of job (KB)
...
006 (6919.302.000) 2026-04-16 12:34:19 Image size of job updated: 717376
	691  -  MemoryUsage of job (MB)
	707344  -  ResidentSetSize of job (KB)
...
006 (6919.302.000) 2026-04-16 12:39:20 Image size of job updated: 1127712
	1069  -  MemoryUsage of job (MB)
	1093908  -  ResidentSetSize of job (KB)
...
005 (6919.302.000) 2026-04-16 12:41:36 Job terminated.
	(1) Normal termination (return value 0)
		Usr 0 00:36:41, Sys 0 00:00:07  -  Run Remote Usage
		Usr 0 00:00:00, Sys 0 00:00:00  -  Run Local Usage
		Usr 0 00:36:41, Sys 0 00:00:07  -  Total Remote Usage
		Usr 0 00:00:00, Sys 0 00:00:00  -  Total Local Usage
	0  -  Run Bytes Sent By Job
	0  -  Run Bytes Received By Job
	0  -  Total Bytes Sent By Job
	0  -  Total Bytes Received By Job
	Partitionable Resources :    Usage  Request Allocated 
	   Cpus                 :     7.05        8         8 
	   Disk (KB)            :     1           1      2048 
	   GPUs                 :                           0 
	   Memory (MB)          :  1069        6144      6144 
	   TimeExecute (s)      :   745                       
	   TimeSlotBusy (s)     :   745                       
...
