000 (6920.291.000) 2026-04-16 09:44:16 Job submitted from host: <140.160.143.131:9618?addrs=140.160.143.131-9618&alias=cse-head.cluster.cs.wwu.edu&noUDP&sock=schedd_1483_cb0a>
...
001 (6920.291.000) 2026-04-16 17:13:18 Job executing on host: <140.160.143.149:9618?addrs=140.160.143.149-9618&alias=c-0-9.cluster.cs.wwu.edu&noUDP&sock=startd_1570_77c7>
	SlotName: slot1_3@c-0-9.cluster.cs.wwu.edu
	CondorScratchDir = "/var/lib/condor/execute/dir_1101041"
	Cpus = 8
	Disk = 2048
	GPUs = 0
	Memory = 9216
...
006 (6920.291.000) 2026-04-16 17:13:27 Image size of job updated: 462872
	453  -  MemoryUsage of job (MB)
	462872  -  ResidentSetSize of job (KB)
...
006 (6920.291.000) 2026-04-16 17:18:28 Image size of job updated: 1136372
	1065  -  MemoryUsage of job (MB)
	1089784  -  ResidentSetSize of job (KB)
...
006 (6920.291.000) 2026-04-16 17:23:28 Image size of job updated: 1143488
	1104  -  MemoryUsage of job (MB)
	1130032  -  ResidentSetSize of job (KB)
...
005 (6920.291.000) 2026-04-16 17:26:19 Job terminated.
	(1) Normal termination (return value 0)
		Usr 0 00:49:16, Sys 0 00:00:15  -  Run Remote Usage
		Usr 0 00:00:00, Sys 0 00:00:00  -  Run Local Usage
		Usr 0 00:49:16, Sys 0 00:00:15  -  Total Remote Usage
		Usr 0 00:00:00, Sys 0 00:00:00  -  Total Local Usage
	0  -  Run Bytes Sent By Job
	0  -  Run Bytes Received By Job
	0  -  Total Bytes Sent By Job
	0  -  Total Bytes Received By Job
	Partitionable Resources :    Usage  Request Allocated 
	   Cpus                 :     4.63        8         8 
	   Disk (KB)            :     1           1      2048 
	   GPUs                 :                           0 
	   Memory (MB)          :  1104        9216      9216 
	   TimeExecute (s)      :   781                       
	   TimeSlotBusy (s)     :   781                       
...
