000 (6919.334.000) 2026-04-16 09:41:22 Job submitted from host: <140.160.143.131:9618?addrs=140.160.143.131-9618&alias=cse-head.cluster.cs.wwu.edu&noUDP&sock=schedd_1483_cb0a>
...
001 (6919.334.000) 2026-04-16 13:01:15 Job executing on host: <140.160.143.151:9618?addrs=140.160.143.151-9618&alias=c-0-11.cluster.cs.wwu.edu&noUDP&sock=startd_1509_a080>
	SlotName: slot1_1@c-0-11.cluster.cs.wwu.edu
	CondorScratchDir = "/var/lib/condor/execute/dir_1071065"
	Cpus = 8
	Disk = 2048
	GPUs = 0
	Memory = 6144
...
006 (6919.334.000) 2026-04-16 13:01:23 Image size of job updated: 237832
	233  -  MemoryUsage of job (MB)
	237832  -  ResidentSetSize of job (KB)
...
006 (6919.334.000) 2026-04-16 13:06:23 Image size of job updated: 922636
	901  -  MemoryUsage of job (MB)
	922460  -  ResidentSetSize of job (KB)
...
006 (6919.334.000) 2026-04-16 13:10:29 Image size of job updated: 1119844
	901  -  MemoryUsage of job (MB)
	922460  -  ResidentSetSize of job (KB)
...
005 (6919.334.000) 2026-04-16 13:10:29 Job terminated.
	(1) Normal termination (return value 0)
		Usr 0 00:28:57, Sys 0 00:00:20  -  Run Remote Usage
		Usr 0 00:00:00, Sys 0 00:00:00  -  Run Local Usage
		Usr 0 00:28:57, Sys 0 00:00:20  -  Total Remote Usage
		Usr 0 00:00:00, Sys 0 00:00:00  -  Total Local Usage
	0  -  Run Bytes Sent By Job
	0  -  Run Bytes Received By Job
	0  -  Total Bytes Sent By Job
	0  -  Total Bytes Received By Job
	Partitionable Resources :    Usage  Request Allocated 
	   Cpus                 :     1.55        8         8 
	   Disk (KB)            :     1           1      2048 
	   GPUs                 :                           0 
	   Memory (MB)          :   901        6144      6144 
	   TimeExecute (s)      :   554                       
	   TimeSlotBusy (s)     :   554                       
...
