000 (6918.390.000) 2026-04-15 19:42:51 Job submitted from host: <140.160.143.131:9618?addrs=140.160.143.131-9618&alias=cse-head.cluster.cs.wwu.edu&noUDP&sock=schedd_1483_cb0a>
...
001 (6918.390.000) 2026-04-16 01:05:48 Job executing on host: <140.160.143.144:9618?addrs=140.160.143.144-9618&alias=c-0-4.cluster.cs.wwu.edu&noUDP&sock=startd_1367_3a0d>
	SlotName: slot1_3@c-0-4.cluster.cs.wwu.edu
	CondorScratchDir = "/var/lib/condor/execute/dir_1049335"
	Cpus = 8
	Disk = 2048
	GPUs = 0
	Memory = 4096
...
006 (6918.390.000) 2026-04-16 01:05:56 Image size of job updated: 99248
	97  -  MemoryUsage of job (MB)
	99248  -  ResidentSetSize of job (KB)
...
006 (6918.390.000) 2026-04-16 01:10:56 Image size of job updated: 699024
	683  -  MemoryUsage of job (MB)
	699024  -  ResidentSetSize of job (KB)
...
006 (6918.390.000) 2026-04-16 01:15:56 Image size of job updated: 1208460
	1181  -  MemoryUsage of job (MB)
	1208444  -  ResidentSetSize of job (KB)
...
006 (6918.390.000) 2026-04-16 01:18:57 Image size of job updated: 1223824
	1181  -  MemoryUsage of job (MB)
	1208444  -  ResidentSetSize of job (KB)
...
005 (6918.390.000) 2026-04-16 01:18:57 Job terminated.
	(1) Normal termination (return value 0)
		Usr 0 00:45:58, Sys 0 00:00:14  -  Run Remote Usage
		Usr 0 00:00:00, Sys 0 00:00:00  -  Run Local Usage
		Usr 0 00:45:58, Sys 0 00:00:14  -  Total Remote Usage
		Usr 0 00:00:00, Sys 0 00:00:00  -  Total Local Usage
	0  -  Run Bytes Sent By Job
	0  -  Run Bytes Received By Job
	0  -  Total Bytes Sent By Job
	0  -  Total Bytes Received By Job
	Partitionable Resources :    Usage  Request Allocated 
	   Cpus                 :     4.14        8         8 
	   Disk (KB)            :     1           1      2048 
	   GPUs                 :                           0 
	   Memory (MB)          :  1181        4096      4096 
	   TimeExecute (s)      :   789                       
	   TimeSlotBusy (s)     :   790                       
...
