000 (6919.356.000) 2026-04-16 09:41:22 Job submitted from host: <140.160.143.131:9618?addrs=140.160.143.131-9618&alias=cse-head.cluster.cs.wwu.edu&noUDP&sock=schedd_1483_cb0a>
...
001 (6919.356.000) 2026-04-16 13:27:59 Job executing on host: <140.160.143.149:9618?addrs=140.160.143.149-9618&alias=c-0-9.cluster.cs.wwu.edu&noUDP&sock=startd_1570_77c7>
	SlotName: slot1_1@c-0-9.cluster.cs.wwu.edu
	CondorScratchDir = "/var/lib/condor/execute/dir_1091708"
	Cpus = 8
	Disk = 2048
	GPUs = 0
	Memory = 6144
...
006 (6919.356.000) 2026-04-16 13:28:07 Image size of job updated: 401360
	392  -  MemoryUsage of job (MB)
	401360  -  ResidentSetSize of job (KB)
...
006 (6919.356.000) 2026-04-16 13:33:07 Image size of job updated: 1118164
	1070  -  MemoryUsage of job (MB)
	1094692  -  ResidentSetSize of job (KB)
...
006 (6919.356.000) 2026-04-16 13:35:14 Image size of job updated: 1119076
	1070  -  MemoryUsage of job (MB)
	1094692  -  ResidentSetSize of job (KB)
...
005 (6919.356.000) 2026-04-16 13:35:14 Job terminated.
	(1) Normal termination (return value 0)
		Usr 0 00:28:51, Sys 0 00:00:16  -  Run Remote Usage
		Usr 0 00:00:00, Sys 0 00:00:00  -  Run Local Usage
		Usr 0 00:28:51, Sys 0 00:00:16  -  Total Remote Usage
		Usr 0 00:00:00, Sys 0 00:00:00  -  Total Local Usage
	0  -  Run Bytes Sent By Job
	0  -  Run Bytes Received By Job
	0  -  Total Bytes Sent By Job
	0  -  Total Bytes Received By Job
	Partitionable Resources :    Usage  Request Allocated 
	   Cpus                 :     6.69        8         8 
	   Disk (KB)            :     1           1      2048 
	   GPUs                 :                           0 
	   Memory (MB)          :  1070        6144      6144 
	   TimeExecute (s)      :   435                       
	   TimeSlotBusy (s)     :   435                       
...
