000 (6919.243.000) 2026-04-16 09:41:22 Job submitted from host: <140.160.143.131:9618?addrs=140.160.143.131-9618&alias=cse-head.cluster.cs.wwu.edu&noUDP&sock=schedd_1483_cb0a>
...
001 (6919.243.000) 2026-04-16 11:44:23 Job executing on host: <140.160.143.184:9618?addrs=140.160.143.184-9618&alias=c-0-15.cluster.cs.wwu.edu&noUDP&sock=startd_1429_c0ed>
	SlotName: slot1_3@c-0-15.cluster.cs.wwu.edu
	CondorScratchDir = "/var/lib/condor/execute/dir_12583"
	Cpus = 8
	Disk = 2048
	GPUs = 0
	Memory = 6144
...
006 (6919.243.000) 2026-04-16 11:44:31 Image size of job updated: 351724
	344  -  MemoryUsage of job (MB)
	351724  -  ResidentSetSize of job (KB)
...
006 (6919.243.000) 2026-04-16 11:49:31 Image size of job updated: 954564
	924  -  MemoryUsage of job (MB)
	945596  -  ResidentSetSize of job (KB)
...
006 (6919.243.000) 2026-04-16 11:52:45 Image size of job updated: 993888
	924  -  MemoryUsage of job (MB)
	945596  -  ResidentSetSize of job (KB)
...
005 (6919.243.000) 2026-04-16 11:52:45 Job terminated.
	(1) Normal termination (return value 0)
		Usr 0 00:16:05, Sys 0 00:00:04  -  Run Remote Usage
		Usr 0 00:00:00, Sys 0 00:00:00  -  Run Local Usage
		Usr 0 00:16:05, Sys 0 00:00:04  -  Total Remote Usage
		Usr 0 00:00:00, Sys 0 00:00:00  -  Total Local Usage
	0  -  Run Bytes Sent By Job
	0  -  Run Bytes Received By Job
	0  -  Total Bytes Sent By Job
	0  -  Total Bytes Received By Job
	Partitionable Resources :    Usage  Request Allocated 
	   Cpus                 :     3.29        8         8 
	   Disk (KB)            :     1           1      2048 
	   GPUs                 :                           0 
	   Memory (MB)          :   924        6144      6144 
	   TimeExecute (s)      :   502                       
	   TimeSlotBusy (s)     :   502                       
...
