000 (6918.341.000) 2026-04-15 19:42:51 Job submitted from host: <140.160.143.131:9618?addrs=140.160.143.131-9618&alias=cse-head.cluster.cs.wwu.edu&noUDP&sock=schedd_1483_cb0a>
...
001 (6918.341.000) 2026-04-16 00:11:03 Job executing on host: <140.160.143.144:9618?addrs=140.160.143.144-9618&alias=c-0-4.cluster.cs.wwu.edu&noUDP&sock=startd_1367_3a0d>
	SlotName: slot1_3@c-0-4.cluster.cs.wwu.edu
	CondorScratchDir = "/var/lib/condor/execute/dir_1047671"
	Cpus = 8
	Disk = 2048
	GPUs = 0
	Memory = 4096
...
006 (6918.341.000) 2026-04-16 00:11:12 Image size of job updated: 101776
	100  -  MemoryUsage of job (MB)
	101776  -  ResidentSetSize of job (KB)
...
006 (6918.341.000) 2026-04-16 00:16:13 Image size of job updated: 702100
	686  -  MemoryUsage of job (MB)
	702100  -  ResidentSetSize of job (KB)
...
006 (6918.341.000) 2026-04-16 00:21:13 Image size of job updated: 1088820
	1023  -  MemoryUsage of job (MB)
	1046576  -  ResidentSetSize of job (KB)
...
006 (6918.341.000) 2026-04-16 00:24:23 Image size of job updated: 1130104
	1023  -  MemoryUsage of job (MB)
	1046576  -  ResidentSetSize of job (KB)
...
005 (6918.341.000) 2026-04-16 00:24:24 Job terminated.
	(1) Normal termination (return value 0)
		Usr 0 00:45:26, Sys 0 00:00:17  -  Run Remote Usage
		Usr 0 00:00:00, Sys 0 00:00:00  -  Run Local Usage
		Usr 0 00:45:26, Sys 0 00:00:17  -  Total Remote Usage
		Usr 0 00:00:00, Sys 0 00:00:00  -  Total Local Usage
	0  -  Run Bytes Sent By Job
	0  -  Run Bytes Received By Job
	0  -  Total Bytes Sent By Job
	0  -  Total Bytes Received By Job
	Partitionable Resources :    Usage  Request Allocated 
	   Cpus                 :     1.19        8         8 
	   Disk (KB)            :     1           1      2048 
	   GPUs                 :                           0 
	   Memory (MB)          :  1023        4096      4096 
	   TimeExecute (s)      :   800                       
	   TimeSlotBusy (s)     :   800                       
...
