000 (6918.311.000) 2026-04-15 19:42:51 Job submitted from host: <140.160.143.131:9618?addrs=140.160.143.131-9618&alias=cse-head.cluster.cs.wwu.edu&noUDP&sock=schedd_1483_cb0a>
...
001 (6918.311.000) 2026-04-15 23:41:03 Job executing on host: <140.160.143.148:9618?addrs=140.160.143.148-9618&alias=c-0-8.cluster.cs.wwu.edu&noUDP&sock=startd_1538_84bf>
	SlotName: slot1_4@c-0-8.cluster.cs.wwu.edu
	CondorScratchDir = "/var/lib/condor/execute/dir_1062142"
	Cpus = 8
	Disk = 2048
	GPUs = 0
	Memory = 4096
...
006 (6918.311.000) 2026-04-15 23:41:12 Image size of job updated: 259808
	254  -  MemoryUsage of job (MB)
	259808  -  ResidentSetSize of job (KB)
...
006 (6918.311.000) 2026-04-15 23:46:13 Image size of job updated: 992756
	970  -  MemoryUsage of job (MB)
	992756  -  ResidentSetSize of job (KB)
...
006 (6918.311.000) 2026-04-15 23:51:13 Image size of job updated: 1117024
	1060  -  MemoryUsage of job (MB)
	1085316  -  ResidentSetSize of job (KB)
...
005 (6918.311.000) 2026-04-15 23:51:17 Job terminated.
	(1) Normal termination (return value 0)
		Usr 0 00:29:33, Sys 0 00:00:12  -  Run Remote Usage
		Usr 0 00:00:00, Sys 0 00:00:00  -  Run Local Usage
		Usr 0 00:29:33, Sys 0 00:00:12  -  Total Remote Usage
		Usr 0 00:00:00, Sys 0 00:00:00  -  Total Local Usage
	0  -  Run Bytes Sent By Job
	0  -  Run Bytes Received By Job
	0  -  Total Bytes Sent By Job
	0  -  Total Bytes Received By Job
	Partitionable Resources :    Usage  Request Allocated 
	   Cpus                 :     5.61        8         8 
	   Disk (KB)            :     1           1      2048 
	   GPUs                 :                           0 
	   Memory (MB)          :  1060        4096      4096 
	   TimeExecute (s)      :   614                       
	   TimeSlotBusy (s)     :   614                       
...
