000 (6920.161.000) 2026-04-16 09:44:16 Job submitted from host: <140.160.143.131:9618?addrs=140.160.143.131-9618&alias=cse-head.cluster.cs.wwu.edu&noUDP&sock=schedd_1483_cb0a>
...
001 (6920.161.000) 2026-04-16 15:55:50 Job executing on host: <140.160.143.148:9618?addrs=140.160.143.148-9618&alias=c-0-8.cluster.cs.wwu.edu&noUDP&sock=startd_1538_84bf>
	SlotName: slot1_4@c-0-8.cluster.cs.wwu.edu
	CondorScratchDir = "/var/lib/condor/execute/dir_1089346"
	Cpus = 8
	Disk = 2048
	GPUs = 0
	Memory = 9216
...
006 (6920.161.000) 2026-04-16 15:55:59 Image size of job updated: 249656
	244  -  MemoryUsage of job (MB)
	249656  -  ResidentSetSize of job (KB)
...
006 (6920.161.000) 2026-04-16 16:01:00 Image size of job updated: 810048
	792  -  MemoryUsage of job (MB)
	810048  -  ResidentSetSize of job (KB)
...
006 (6920.161.000) 2026-04-16 16:02:52 Image size of job updated: 889348
	792  -  MemoryUsage of job (MB)
	810048  -  ResidentSetSize of job (KB)
...
005 (6920.161.000) 2026-04-16 16:02:52 Job terminated.
	(1) Normal termination (return value 0)
		Usr 0 00:07:54, Sys 0 00:00:02  -  Run Remote Usage
		Usr 0 00:00:00, Sys 0 00:00:00  -  Run Local Usage
		Usr 0 00:07:54, Sys 0 00:00:02  -  Total Remote Usage
		Usr 0 00:00:00, Sys 0 00:00:00  -  Total Local Usage
	0  -  Run Bytes Sent By Job
	0  -  Run Bytes Received By Job
	0  -  Total Bytes Sent By Job
	0  -  Total Bytes Received By Job
	Partitionable Resources :    Usage  Request Allocated 
	   Cpus                 :     1.69        8         8 
	   Disk (KB)            :     1           1      2048 
	   GPUs                 :                           0 
	   Memory (MB)          :   792        9216      9216 
	   TimeExecute (s)      :   422                       
	   TimeSlotBusy (s)     :   422                       
...
