000 (6918.263.000) 2026-04-15 19:42:51 Job submitted from host: <140.160.143.131:9618?addrs=140.160.143.131-9618&alias=cse-head.cluster.cs.wwu.edu&noUDP&sock=schedd_1483_cb0a>
...
001 (6918.263.000) 2026-04-15 23:00:02 Job executing on host: <140.160.143.185:9618?addrs=140.160.143.185-9618&alias=c-0-16.cluster.cs.wwu.edu&noUDP&sock=startd_1431_201d>
	SlotName: slot1_2@c-0-16.cluster.cs.wwu.edu
	CondorScratchDir = "/var/lib/condor/execute/dir_1055032"
	Cpus = 8
	Disk = 2048
	GPUs = 0
	Memory = 4096
...
006 (6918.263.000) 2026-04-15 23:00:11 Image size of job updated: 106284
	104  -  MemoryUsage of job (MB)
	106284  -  ResidentSetSize of job (KB)
...
006 (6918.263.000) 2026-04-15 23:05:12 Image size of job updated: 997412
	899  -  MemoryUsage of job (MB)
	919788  -  ResidentSetSize of job (KB)
...
005 (6918.263.000) 2026-04-15 23:07:54 Job terminated.
	(1) Normal termination (return value 0)
		Usr 0 00:14:33, Sys 0 00:00:04  -  Run Remote Usage
		Usr 0 00:00:00, Sys 0 00:00:00  -  Run Local Usage
		Usr 0 00:14:33, Sys 0 00:00:04  -  Total Remote Usage
		Usr 0 00:00:00, Sys 0 00:00:00  -  Total Local Usage
	0  -  Run Bytes Sent By Job
	0  -  Run Bytes Received By Job
	0  -  Total Bytes Sent By Job
	0  -  Total Bytes Received By Job
	Partitionable Resources :    Usage  Request Allocated 
	   Cpus                 :     4.08        8         8 
	   Disk (KB)            :     1           1      2048 
	   GPUs                 :                           0 
	   Memory (MB)          :   899        4096      4096 
	   TimeExecute (s)      :   471                       
	   TimeSlotBusy (s)     :   471                       
...
