000 (6920.125.000) 2026-04-16 09:44:15 Job submitted from host: <140.160.143.131:9618?addrs=140.160.143.131-9618&alias=cse-head.cluster.cs.wwu.edu&noUDP&sock=schedd_1483_cb0a>
...
001 (6920.125.000) 2026-04-16 15:40:27 Job executing on host: <140.160.143.149:9618?addrs=140.160.143.149-9618&alias=c-0-9.cluster.cs.wwu.edu&noUDP&sock=startd_1570_77c7>
	SlotName: slot1_3@c-0-9.cluster.cs.wwu.edu
	CondorScratchDir = "/var/lib/condor/execute/dir_1096759"
	Cpus = 8
	Disk = 2048
	GPUs = 0
	Memory = 9216
...
006 (6920.125.000) 2026-04-16 15:40:36 Image size of job updated: 424688
	415  -  MemoryUsage of job (MB)
	424688  -  ResidentSetSize of job (KB)
...
006 (6920.125.000) 2026-04-16 15:44:34 Image size of job updated: 868924
	415  -  MemoryUsage of job (MB)
	424688  -  ResidentSetSize of job (KB)
...
005 (6920.125.000) 2026-04-16 15:44:34 Job terminated.
	(1) Normal termination (return value 0)
		Usr 0 00:04:40, Sys 0 00:00:01  -  Run Remote Usage
		Usr 0 00:00:00, Sys 0 00:00:00  -  Run Local Usage
		Usr 0 00:04:40, Sys 0 00:00:01  -  Total Remote Usage
		Usr 0 00:00:00, Sys 0 00:00:00  -  Total Local Usage
	0  -  Run Bytes Sent By Job
	0  -  Run Bytes Received By Job
	0  -  Total Bytes Sent By Job
	0  -  Total Bytes Received By Job
	Partitionable Resources :    Usage  Request Allocated 
	   Cpus                 :     1.02        8         8 
	   Disk (KB)            :     1           1      2048 
	   GPUs                 :                           0 
	   Memory (MB)          :   415        9216      9216 
	   TimeExecute (s)      :   247                       
	   TimeSlotBusy (s)     :   247                       
...
