000 (6919.001.000) 2026-04-16 09:41:22 Job submitted from host: <140.160.143.131:9618?addrs=140.160.143.131-9618&alias=cse-head.cluster.cs.wwu.edu&noUDP&sock=schedd_1483_cb0a>
...
001 (6919.001.000) 2026-04-16 09:41:23 Job executing on host: <140.160.143.150:9618?addrs=140.160.143.150-9618&alias=c-0-10.cluster.cs.wwu.edu&noUDP&sock=startd_1506_91b7>
	SlotName: slot1_3@c-0-10.cluster.cs.wwu.edu
	CondorScratchDir = "/var/lib/condor/execute/dir_1068401"
	Cpus = 8
	Disk = 2048
	GPUs = 0
	Memory = 6144
...
006 (6919.001.000) 2026-04-16 09:41:32 Image size of job updated: 262472
	257  -  MemoryUsage of job (MB)
	262472  -  ResidentSetSize of job (KB)
...
006 (6919.001.000) 2026-04-16 09:46:33 Image size of job updated: 711928
	696  -  MemoryUsage of job (MB)
	711928  -  ResidentSetSize of job (KB)
...
006 (6919.001.000) 2026-04-16 09:47:14 Image size of job updated: 729800
	696  -  MemoryUsage of job (MB)
	711928  -  ResidentSetSize of job (KB)
...
005 (6919.001.000) 2026-04-16 09:47:14 Job terminated.
	(1) Normal termination (return value 0)
		Usr 0 00:06:01, Sys 0 00:00:01  -  Run Remote Usage
		Usr 0 00:00:00, Sys 0 00:00:00  -  Run Local Usage
		Usr 0 00:06:01, Sys 0 00:00:01  -  Total Remote Usage
		Usr 0 00:00:00, Sys 0 00:00:00  -  Total Local Usage
	0  -  Run Bytes Sent By Job
	0  -  Run Bytes Received By Job
	0  -  Total Bytes Sent By Job
	0  -  Total Bytes Received By Job
	Partitionable Resources :    Usage  Request Allocated 
	   Cpus                 :     1.16        8         8 
	   Disk (KB)            :     1           1      2048 
	   GPUs                 :                           0 
	   Memory (MB)          :   696        6144      6144 
	   TimeExecute (s)      :   351                       
	   TimeSlotBusy (s)     :   351                       
...
