000 (6919.146.000) 2026-04-16 09:41:22 Job submitted from host: <140.160.143.131:9618?addrs=140.160.143.131-9618&alias=cse-head.cluster.cs.wwu.edu&noUDP&sock=schedd_1483_cb0a>
...
001 (6919.146.000) 2026-04-16 10:54:16 Job executing on host: <140.160.143.151:9618?addrs=140.160.143.151-9618&alias=c-0-11.cluster.cs.wwu.edu&noUDP&sock=startd_1509_a080>
	SlotName: slot1_1@c-0-11.cluster.cs.wwu.edu
	CondorScratchDir = "/var/lib/condor/execute/dir_1067370"
	Cpus = 8
	Disk = 2048
	GPUs = 0
	Memory = 6144
...
006 (6919.146.000) 2026-04-16 10:54:24 Image size of job updated: 272132
	266  -  MemoryUsage of job (MB)
	272132  -  ResidentSetSize of job (KB)
...
006 (6919.146.000) 2026-04-16 10:59:24 Image size of job updated: 795124
	777  -  MemoryUsage of job (MB)
	795124  -  ResidentSetSize of job (KB)
...
006 (6919.146.000) 2026-04-16 10:59:45 Image size of job updated: 795640
	777  -  MemoryUsage of job (MB)
	795124  -  ResidentSetSize of job (KB)
...
005 (6919.146.000) 2026-04-16 10:59:45 Job terminated.
	(1) Normal termination (return value 0)
		Usr 0 00:05:45, Sys 0 00:00:02  -  Run Remote Usage
		Usr 0 00:00:00, Sys 0 00:00:00  -  Run Local Usage
		Usr 0 00:05:45, Sys 0 00:00:02  -  Total Remote Usage
		Usr 0 00:00:00, Sys 0 00:00:00  -  Total Local Usage
	0  -  Run Bytes Sent By Job
	0  -  Run Bytes Received By Job
	0  -  Total Bytes Sent By Job
	0  -  Total Bytes Received By Job
	Partitionable Resources :    Usage  Request Allocated 
	   Cpus                 :     1.01        8         8 
	   Disk (KB)            :     1           1      2048 
	   GPUs                 :                           0 
	   Memory (MB)          :   777        6144      6144 
	   TimeExecute (s)      :   329                       
	   TimeSlotBusy (s)     :   329                       
...
