000 (6920.084.000) 2026-04-16 09:44:17 Job submitted from host: <140.160.143.131:9618?addrs=140.160.143.131-9618&alias=cse-head.cluster.cs.wwu.edu&noUDP&sock=schedd_1483_cb0a>
...
001 (6920.084.000) 2026-04-16 15:21:27 Job executing on host: <140.160.143.184:9618?addrs=140.160.143.184-9618&alias=c-0-15.cluster.cs.wwu.edu&noUDP&sock=startd_1429_c0ed>
	SlotName: slot1_3@c-0-15.cluster.cs.wwu.edu
	CondorScratchDir = "/var/lib/condor/execute/dir_21123"
	Cpus = 8
	Disk = 2048
	GPUs = 0
	Memory = 9216
...
006 (6920.084.000) 2026-04-16 15:21:36 Image size of job updated: 393776
	385  -  MemoryUsage of job (MB)
	393776  -  ResidentSetSize of job (KB)
...
006 (6920.084.000) 2026-04-16 15:26:37 Image size of job updated: 884492
	864  -  MemoryUsage of job (MB)
	884492  -  ResidentSetSize of job (KB)
...
006 (6920.084.000) 2026-04-16 15:26:45 Image size of job updated: 884640
	864  -  MemoryUsage of job (MB)
	884492  -  ResidentSetSize of job (KB)
...
005 (6920.084.000) 2026-04-16 15:26:46 Job terminated.
	(1) Normal termination (return value 0)
		Usr 0 00:06:05, Sys 0 00:00:01  -  Run Remote Usage
		Usr 0 00:00:00, Sys 0 00:00:00  -  Run Local Usage
		Usr 0 00:06:05, Sys 0 00:00:01  -  Total Remote Usage
		Usr 0 00:00:00, Sys 0 00:00:00  -  Total Local Usage
	0  -  Run Bytes Sent By Job
	0  -  Run Bytes Received By Job
	0  -  Total Bytes Sent By Job
	0  -  Total Bytes Received By Job
	Partitionable Resources :    Usage  Request Allocated 
	   Cpus                 :     1.02        8         8 
	   Disk (KB)            :     1           1      2048 
	   GPUs                 :                           0 
	   Memory (MB)          :   864        9216      9216 
	   TimeExecute (s)      :   318                       
	   TimeSlotBusy (s)     :   319                       
...
