000 (6918.241.000) 2026-04-15 19:42:50 Job submitted from host: <140.160.143.131:9618?addrs=140.160.143.131-9618&alias=cse-head.cluster.cs.wwu.edu&noUDP&sock=schedd_1483_cb0a>
...
001 (6918.241.000) 2026-04-15 22:44:02 Job executing on host: <140.160.143.185:9618?addrs=140.160.143.185-9618&alias=c-0-16.cluster.cs.wwu.edu&noUDP&sock=startd_1431_201d>
	SlotName: slot1_2@c-0-16.cluster.cs.wwu.edu
	CondorScratchDir = "/var/lib/condor/execute/dir_1054216"
	Cpus = 8
	Disk = 2048
	GPUs = 0
	Memory = 4096
...
006 (6918.241.000) 2026-04-15 22:44:11 Image size of job updated: 104628
	103  -  MemoryUsage of job (MB)
	104628  -  ResidentSetSize of job (KB)
...
006 (6918.241.000) 2026-04-15 22:49:12 Image size of job updated: 880888
	803  -  MemoryUsage of job (MB)
	821344  -  ResidentSetSize of job (KB)
...
006 (6918.241.000) 2026-04-15 22:51:12 Image size of job updated: 918856
	804  -  MemoryUsage of job (MB)
	823088  -  ResidentSetSize of job (KB)
...
005 (6918.241.000) 2026-04-15 22:51:12 Job terminated.
	(1) Normal termination (return value 0)
		Usr 0 00:10:01, Sys 0 00:00:03  -  Run Remote Usage
		Usr 0 00:00:00, Sys 0 00:00:00  -  Run Local Usage
		Usr 0 00:10:01, Sys 0 00:00:03  -  Total Remote Usage
		Usr 0 00:00:00, Sys 0 00:00:00  -  Total Local Usage
	0  -  Run Bytes Sent By Job
	0  -  Run Bytes Received By Job
	0  -  Total Bytes Sent By Job
	0  -  Total Bytes Received By Job
	Partitionable Resources :    Usage  Request Allocated 
	   Cpus                 :     2.42        8         8 
	   Disk (KB)            :     1           1      2048 
	   GPUs                 :                           0 
	   Memory (MB)          :   804        4096      4096 
	   TimeExecute (s)      :   430                       
	   TimeSlotBusy (s)     :   430                       
...
