000 (6919.399.000) 2026-04-16 09:41:23 Job submitted from host: <140.160.143.131:9618?addrs=140.160.143.131-9618&alias=cse-head.cluster.cs.wwu.edu&noUDP&sock=schedd_1483_cb0a>
...
001 (6919.399.000) 2026-04-16 14:27:36 Job executing on host: <140.160.143.149:9618?addrs=140.160.143.149-9618&alias=c-0-9.cluster.cs.wwu.edu&noUDP&sock=startd_1570_77c7>
	SlotName: slot1_3@c-0-9.cluster.cs.wwu.edu
	CondorScratchDir = "/var/lib/condor/execute/dir_1093773"
	Cpus = 8
	Disk = 2048
	GPUs = 0
	Memory = 6144
...
006 (6919.399.000) 2026-04-16 14:27:45 Image size of job updated: 365084
	357  -  MemoryUsage of job (MB)
	365084  -  ResidentSetSize of job (KB)
...
006 (6919.399.000) 2026-04-16 14:32:46 Image size of job updated: 1088428
	1049  -  MemoryUsage of job (MB)
	1073776  -  ResidentSetSize of job (KB)
...
006 (6919.399.000) 2026-04-16 14:37:46 Image size of job updated: 1098424
	1049  -  MemoryUsage of job (MB)
	1073776  -  ResidentSetSize of job (KB)
...
006 (6919.399.000) 2026-04-16 14:42:47 Image size of job updated: 1176964
	1126  -  MemoryUsage of job (MB)
	1152356  -  ResidentSetSize of job (KB)
...
006 (6919.399.000) 2026-04-16 14:47:48 Image size of job updated: 1181188
	1126  -  MemoryUsage of job (MB)
	1152356  -  ResidentSetSize of job (KB)
...
005 (6919.399.000) 2026-04-16 14:52:10 Job terminated.
	(1) Normal termination (return value 0)
		Usr 0 02:16:48, Sys 0 00:02:05  -  Run Remote Usage
		Usr 0 00:00:00, Sys 0 00:00:00  -  Run Local Usage
		Usr 0 02:16:48, Sys 0 00:02:05  -  Total Remote Usage
		Usr 0 00:00:00, Sys 0 00:00:00  -  Total Local Usage
	0  -  Run Bytes Sent By Job
	0  -  Run Bytes Received By Job
	0  -  Total Bytes Sent By Job
	0  -  Total Bytes Received By Job
	Partitionable Resources :    Usage  Request Allocated 
	   Cpus                 :     6.46        8         8 
	   Disk (KB)            :     1           1      2048 
	   GPUs                 :                           0 
	   Memory (MB)          :  1126        6144      6144 
	   TimeExecute (s)      :  1474                       
	   TimeSlotBusy (s)     :  1474                       
...
