000 (6920.339.000) 2026-04-16 09:44:16 Job submitted from host: <140.160.143.131:9618?addrs=140.160.143.131-9618&alias=cse-head.cluster.cs.wwu.edu&noUDP&sock=schedd_1483_cb0a>
...
001 (6920.339.000) 2026-04-16 18:01:24 Job executing on host: <140.160.143.184:9618?addrs=140.160.143.184-9618&alias=c-0-15.cluster.cs.wwu.edu&noUDP&sock=startd_1429_c0ed>
	SlotName: slot1_3@c-0-15.cluster.cs.wwu.edu
	CondorScratchDir = "/var/lib/condor/execute/dir_27319"
	Cpus = 8
	Disk = 2048
	GPUs = 0
	Memory = 9216
...
006 (6920.339.000) 2026-04-16 18:01:32 Image size of job updated: 364588
	357  -  MemoryUsage of job (MB)
	364588  -  ResidentSetSize of job (KB)
...
006 (6920.339.000) 2026-04-16 18:06:32 Image size of job updated: 920088
	899  -  MemoryUsage of job (MB)
	920088  -  ResidentSetSize of job (KB)
...
006 (6920.339.000) 2026-04-16 18:11:33 Image size of job updated: 1016452
	993  -  MemoryUsage of job (MB)
	1016452  -  ResidentSetSize of job (KB)
...
006 (6920.339.000) 2026-04-16 18:12:13 Image size of job updated: 1017224
	993  -  MemoryUsage of job (MB)
	1016452  -  ResidentSetSize of job (KB)
...
005 (6920.339.000) 2026-04-16 18:12:13 Job terminated.
	(1) Normal termination (return value 0)
		Usr 0 00:27:54, Sys 0 00:00:11  -  Run Remote Usage
		Usr 0 00:00:00, Sys 0 00:00:00  -  Run Local Usage
		Usr 0 00:27:54, Sys 0 00:00:11  -  Total Remote Usage
		Usr 0 00:00:00, Sys 0 00:00:00  -  Total Local Usage
	0  -  Run Bytes Sent By Job
	0  -  Run Bytes Received By Job
	0  -  Total Bytes Sent By Job
	0  -  Total Bytes Received By Job
	Partitionable Resources :    Usage  Request Allocated 
	   Cpus                 :     4.21        8         8 
	   Disk (KB)            :     1           1      2048 
	   GPUs                 :                           0 
	   Memory (MB)          :   993        9216      9216 
	   TimeExecute (s)      :   649                       
	   TimeSlotBusy (s)     :   649                       
...
