000 (6919.341.000) 2026-04-16 09:41:22 Job submitted from host: <140.160.143.131:9618?addrs=140.160.143.131-9618&alias=cse-head.cluster.cs.wwu.edu&noUDP&sock=schedd_1483_cb0a>
...
001 (6919.341.000) 2026-04-16 13:11:15 Job executing on host: <140.160.143.149:9618?addrs=140.160.143.149-9618&alias=c-0-9.cluster.cs.wwu.edu&noUDP&sock=startd_1570_77c7>
	SlotName: slot1_1@c-0-9.cluster.cs.wwu.edu
	CondorScratchDir = "/var/lib/condor/execute/dir_1090866"
	Cpus = 8
	Disk = 2048
	GPUs = 0
	Memory = 6144
...
006 (6919.341.000) 2026-04-16 13:11:24 Image size of job updated: 383384
	375  -  MemoryUsage of job (MB)
	383384  -  ResidentSetSize of job (KB)
...
006 (6919.341.000) 2026-04-16 13:16:25 Image size of job updated: 1014324
	956  -  MemoryUsage of job (MB)
	978684  -  ResidentSetSize of job (KB)
...
006 (6919.341.000) 2026-04-16 13:21:26 Image size of job updated: 1103688
	1038  -  MemoryUsage of job (MB)
	1062088  -  ResidentSetSize of job (KB)
...
006 (6919.341.000) 2026-04-16 13:26:26 Image size of job updated: 1104904
	1038  -  MemoryUsage of job (MB)
	1062388  -  ResidentSetSize of job (KB)
...
005 (6919.341.000) 2026-04-16 13:26:59 Job terminated.
	(1) Normal termination (return value 0)
		Usr 0 01:12:24, Sys 0 00:00:27  -  Run Remote Usage
		Usr 0 00:00:00, Sys 0 00:00:00  -  Run Local Usage
		Usr 0 01:12:24, Sys 0 00:00:27  -  Total Remote Usage
		Usr 0 00:00:00, Sys 0 00:00:00  -  Total Local Usage
	0  -  Run Bytes Sent By Job
	0  -  Run Bytes Received By Job
	0  -  Total Bytes Sent By Job
	0  -  Total Bytes Received By Job
	Partitionable Resources :    Usage  Request Allocated 
	   Cpus                 :     5.65        8         8 
	   Disk (KB)            :     1           1      2048 
	   GPUs                 :                           0 
	   Memory (MB)          :  1038        6144      6144 
	   TimeExecute (s)      :   944                       
	   TimeSlotBusy (s)     :   944                       
...
