000 (6918.384.000) 2026-04-15 19:42:51 Job submitted from host: <140.160.143.131:9618?addrs=140.160.143.131-9618&alias=cse-head.cluster.cs.wwu.edu&noUDP&sock=schedd_1483_cb0a>
...
001 (6918.384.000) 2026-04-16 00:58:47 Job executing on host: <140.160.143.149:9618?addrs=140.160.143.149-9618&alias=c-0-9.cluster.cs.wwu.edu&noUDP&sock=startd_1570_77c7>
	SlotName: slot1_4@c-0-9.cluster.cs.wwu.edu
	CondorScratchDir = "/var/lib/condor/execute/dir_1067782"
	Cpus = 8
	Disk = 2048
	GPUs = 0
	Memory = 4096
...
006 (6918.384.000) 2026-04-16 00:58:56 Image size of job updated: 357028
	349  -  MemoryUsage of job (MB)
	357028  -  ResidentSetSize of job (KB)
...
006 (6918.384.000) 2026-04-16 01:03:57 Image size of job updated: 938932
	917  -  MemoryUsage of job (MB)
	938932  -  ResidentSetSize of job (KB)
...
006 (6918.384.000) 2026-04-16 01:08:42 Image size of job updated: 1201040
	917  -  MemoryUsage of job (MB)
	938932  -  ResidentSetSize of job (KB)
...
005 (6918.384.000) 2026-04-16 01:08:42 Job terminated.
	(1) Normal termination (return value 0)
		Usr 0 00:38:10, Sys 0 00:00:10  -  Run Remote Usage
		Usr 0 00:00:00, Sys 0 00:00:00  -  Run Local Usage
		Usr 0 00:38:10, Sys 0 00:00:10  -  Total Remote Usage
		Usr 0 00:00:00, Sys 0 00:00:00  -  Total Local Usage
	0  -  Run Bytes Sent By Job
	0  -  Run Bytes Received By Job
	0  -  Total Bytes Sent By Job
	0  -  Total Bytes Received By Job
	Partitionable Resources :    Usage  Request Allocated 
	   Cpus                 :     7.42        8         8 
	   Disk (KB)            :     1           1      2048 
	   GPUs                 :                           0 
	   Memory (MB)          :   917        4096      4096 
	   TimeExecute (s)      :   595                       
	   TimeSlotBusy (s)     :   595                       
...
