000 (6920.132.000) 2026-04-16 09:44:15 Job submitted from host: <140.160.143.131:9618?addrs=140.160.143.131-9618&alias=cse-head.cluster.cs.wwu.edu&noUDP&sock=schedd_1483_cb0a>
...
001 (6920.132.000) 2026-04-16 15:43:28 Job executing on host: <140.160.143.143:9618?addrs=140.160.143.143-9618&alias=c-0-3.cluster.cs.wwu.edu&noUDP&sock=startd_1365_dadd>
	SlotName: slot1_1@c-0-3.cluster.cs.wwu.edu
	CondorScratchDir = "/var/lib/condor/execute/dir_1079078"
	Cpus = 8
	Disk = 2048
	GPUs = 0
	Memory = 9216
...
006 (6920.132.000) 2026-04-16 15:43:36 Image size of job updated: 100816
	99  -  MemoryUsage of job (MB)
	100816  -  ResidentSetSize of job (KB)
...
006 (6920.132.000) 2026-04-16 15:48:36 Image size of job updated: 718852
	700  -  MemoryUsage of job (MB)
	716220  -  ResidentSetSize of job (KB)
...
006 (6920.132.000) 2026-04-16 15:52:00 Image size of job updated: 861532
	700  -  MemoryUsage of job (MB)
	716220  -  ResidentSetSize of job (KB)
...
005 (6920.132.000) 2026-04-16 15:52:01 Job terminated.
	(1) Normal termination (return value 0)
		Usr 0 00:08:57, Sys 0 00:00:02  -  Run Remote Usage
		Usr 0 00:00:00, Sys 0 00:00:00  -  Run Local Usage
		Usr 0 00:08:57, Sys 0 00:00:02  -  Total Remote Usage
		Usr 0 00:00:00, Sys 0 00:00:00  -  Total Local Usage
	0  -  Run Bytes Sent By Job
	0  -  Run Bytes Received By Job
	0  -  Total Bytes Sent By Job
	0  -  Total Bytes Received By Job
	Partitionable Resources :    Usage  Request Allocated 
	   Cpus                 :     1.02        8         8 
	   Disk (KB)            :     1           1      2048 
	   GPUs                 :                           0 
	   Memory (MB)          :   700        9216      9216 
	   TimeExecute (s)      :   512                       
	   TimeSlotBusy (s)     :   513                       
...
