000 (6919.332.000) 2026-04-16 09:41:22 Job submitted from host: <140.160.143.131:9618?addrs=140.160.143.131-9618&alias=cse-head.cluster.cs.wwu.edu&noUDP&sock=schedd_1483_cb0a>
...
001 (6919.332.000) 2026-04-16 12:59:16 Job executing on host: <140.160.143.143:9618?addrs=140.160.143.143-9618&alias=c-0-3.cluster.cs.wwu.edu&noUDP&sock=startd_1365_dadd>
	SlotName: slot1_1@c-0-3.cluster.cs.wwu.edu
	CondorScratchDir = "/var/lib/condor/execute/dir_1074729"
	Cpus = 8
	Disk = 2048
	GPUs = 0
	Memory = 6144
...
006 (6919.332.000) 2026-04-16 12:59:24 Image size of job updated: 98740
	97  -  MemoryUsage of job (MB)
	98740  -  ResidentSetSize of job (KB)
...
006 (6919.332.000) 2026-04-16 13:04:24 Image size of job updated: 704376
	688  -  MemoryUsage of job (MB)
	704376  -  ResidentSetSize of job (KB)
...
006 (6919.332.000) 2026-04-16 13:09:24 Image size of job updated: 1092884
	1062  -  MemoryUsage of job (MB)
	1087292  -  ResidentSetSize of job (KB)
...
006 (6919.332.000) 2026-04-16 13:12:33 Image size of job updated: 1120140
	1062  -  MemoryUsage of job (MB)
	1087292  -  ResidentSetSize of job (KB)
...
005 (6919.332.000) 2026-04-16 13:12:33 Job terminated.
	(1) Normal termination (return value 0)
		Usr 0 00:38:01, Sys 0 00:00:27  -  Run Remote Usage
		Usr 0 00:00:00, Sys 0 00:00:00  -  Run Local Usage
		Usr 0 00:38:01, Sys 0 00:00:27  -  Total Remote Usage
		Usr 0 00:00:00, Sys 0 00:00:00  -  Total Local Usage
	0  -  Run Bytes Sent By Job
	0  -  Run Bytes Received By Job
	0  -  Total Bytes Sent By Job
	0  -  Total Bytes Received By Job
	Partitionable Resources :    Usage  Request Allocated 
	   Cpus                 :     7.19        8         8 
	   Disk (KB)            :     1           1      2048 
	   GPUs                 :                           0 
	   Memory (MB)          :  1062        6144      6144 
	   TimeExecute (s)      :   797                       
	   TimeSlotBusy (s)     :   798                       
...
