000 (6920.235.000) 2026-04-16 09:44:16 Job submitted from host: <140.160.143.131:9618?addrs=140.160.143.131-9618&alias=cse-head.cluster.cs.wwu.edu&noUDP&sock=schedd_1483_cb0a>
...
001 (6920.235.000) 2026-04-16 16:30:31 Job executing on host: <140.160.143.184:9618?addrs=140.160.143.184-9618&alias=c-0-15.cluster.cs.wwu.edu&noUDP&sock=startd_1429_c0ed>
	SlotName: slot1_1@c-0-15.cluster.cs.wwu.edu
	CondorScratchDir = "/var/lib/condor/execute/dir_23990"
	Cpus = 8
	Disk = 2048
	GPUs = 0
	Memory = 9216
...
006 (6920.235.000) 2026-04-16 16:30:39 Image size of job updated: 356176
	348  -  MemoryUsage of job (MB)
	356176  -  ResidentSetSize of job (KB)
...
006 (6920.235.000) 2026-04-16 16:35:39 Image size of job updated: 888620
	868  -  MemoryUsage of job (MB)
	888620  -  ResidentSetSize of job (KB)
...
006 (6920.235.000) 2026-04-16 16:40:05 Image size of job updated: 912652
	868  -  MemoryUsage of job (MB)
	888620  -  ResidentSetSize of job (KB)
...
005 (6920.235.000) 2026-04-16 16:40:05 Job terminated.
	(1) Normal termination (return value 0)
		Usr 0 00:16:08, Sys 0 00:00:05  -  Run Remote Usage
		Usr 0 00:00:00, Sys 0 00:00:00  -  Run Local Usage
		Usr 0 00:16:08, Sys 0 00:00:05  -  Total Remote Usage
		Usr 0 00:00:00, Sys 0 00:00:00  -  Total Local Usage
	0  -  Run Bytes Sent By Job
	0  -  Run Bytes Received By Job
	0  -  Total Bytes Sent By Job
	0  -  Total Bytes Received By Job
	Partitionable Resources :    Usage  Request Allocated 
	   Cpus                 :     1.09        8         8 
	   Disk (KB)            :     1           1      2048 
	   GPUs                 :                           0 
	   Memory (MB)          :   868        9216      9216 
	   TimeExecute (s)      :   575                       
	   TimeSlotBusy (s)     :   575                       
...
