000 (6919.247.000) 2026-04-16 09:41:22 Job submitted from host: <140.160.143.131:9618?addrs=140.160.143.131-9618&alias=cse-head.cluster.cs.wwu.edu&noUDP&sock=schedd_1483_cb0a>
...
001 (6919.247.000) 2026-04-16 11:46:22 Job executing on host: <140.160.143.148:9618?addrs=140.160.143.148-9618&alias=c-0-8.cluster.cs.wwu.edu&noUDP&sock=startd_1538_84bf>
	SlotName: slot1_4@c-0-8.cluster.cs.wwu.edu
	CondorScratchDir = "/var/lib/condor/execute/dir_1081528"
	Cpus = 8
	Disk = 2048
	GPUs = 0
	Memory = 6144
...
006 (6919.247.000) 2026-04-16 11:46:31 Image size of job updated: 250160
	245  -  MemoryUsage of job (MB)
	250160  -  ResidentSetSize of job (KB)
...
006 (6919.247.000) 2026-04-16 11:51:32 Image size of job updated: 920328
	899  -  MemoryUsage of job (MB)
	920328  -  ResidentSetSize of job (KB)
...
006 (6919.247.000) 2026-04-16 11:56:32 Image size of job updated: 1033352
	912  -  MemoryUsage of job (MB)
	933004  -  ResidentSetSize of job (KB)
...
005 (6919.247.000) 2026-04-16 11:57:05 Job terminated.
	(1) Normal termination (return value 0)
		Usr 0 00:21:02, Sys 0 00:00:05  -  Run Remote Usage
		Usr 0 00:00:00, Sys 0 00:00:00  -  Run Local Usage
		Usr 0 00:21:02, Sys 0 00:00:05  -  Total Remote Usage
		Usr 0 00:00:00, Sys 0 00:00:00  -  Total Local Usage
	0  -  Run Bytes Sent By Job
	0  -  Run Bytes Received By Job
	0  -  Total Bytes Sent By Job
	0  -  Total Bytes Received By Job
	Partitionable Resources :    Usage  Request Allocated 
	   Cpus                 :     1.18        8         8 
	   Disk (KB)            :     1           1      2048 
	   GPUs                 :                           0 
	   Memory (MB)          :   912        6144      6144 
	   TimeExecute (s)      :   642                       
	   TimeSlotBusy (s)     :   642                       
...
