000 (6920.322.000) 2026-04-16 09:44:16 Job submitted from host: <140.160.143.131:9618?addrs=140.160.143.131-9618&alias=cse-head.cluster.cs.wwu.edu&noUDP&sock=schedd_1483_cb0a>
...
001 (6920.322.000) 2026-04-16 17:47:23 Job executing on host: <140.160.143.141:9618?addrs=140.160.143.141-9618&alias=c-0-1.cluster.cs.wwu.edu&noUDP&sock=startd_1336_f69e>
	SlotName: slot1_2@c-0-1.cluster.cs.wwu.edu
	CondorScratchDir = "/var/lib/condor/execute/dir_1066882"
	Cpus = 8
	Disk = 2048
	GPUs = 0
	Memory = 9216
...
006 (6920.322.000) 2026-04-16 17:47:31 Image size of job updated: 101480
	100  -  MemoryUsage of job (MB)
	101480  -  ResidentSetSize of job (KB)
...
006 (6920.322.000) 2026-04-16 17:52:31 Image size of job updated: 739956
	723  -  MemoryUsage of job (MB)
	739956  -  ResidentSetSize of job (KB)
...
006 (6920.322.000) 2026-04-16 17:57:32 Image size of job updated: 1127136
	1087  -  MemoryUsage of job (MB)
	1112764  -  ResidentSetSize of job (KB)
...
006 (6920.322.000) 2026-04-16 18:00:39 Image size of job updated: 1128304
	1087  -  MemoryUsage of job (MB)
	1112764  -  ResidentSetSize of job (KB)
...
005 (6920.322.000) 2026-04-16 18:00:39 Job terminated.
	(1) Normal termination (return value 0)
		Usr 0 00:38:45, Sys 0 00:00:16  -  Run Remote Usage
		Usr 0 00:00:00, Sys 0 00:00:00  -  Run Local Usage
		Usr 0 00:38:45, Sys 0 00:00:16  -  Total Remote Usage
		Usr 0 00:00:00, Sys 0 00:00:00  -  Total Local Usage
	0  -  Run Bytes Sent By Job
	0  -  Run Bytes Received By Job
	0  -  Total Bytes Sent By Job
	0  -  Total Bytes Received By Job
	Partitionable Resources :    Usage  Request Allocated 
	   Cpus                 :     4.79        8         8 
	   Disk (KB)            :     1           1      2048 
	   GPUs                 :                           0 
	   Memory (MB)          :  1087        9216      9216 
	   TimeExecute (s)      :   796                       
	   TimeSlotBusy (s)     :   796                       
...
