000 (6918.397.000) 2026-04-15 19:42:51 Job submitted from host: <140.160.143.131:9618?addrs=140.160.143.131-9618&alias=cse-head.cluster.cs.wwu.edu&noUDP&sock=schedd_1483_cb0a>
...
001 (6918.397.000) 2026-04-16 01:19:08 Job executing on host: <140.160.143.144:9618?addrs=140.160.143.144-9618&alias=c-0-4.cluster.cs.wwu.edu&noUDP&sock=startd_1367_3a0d>
	SlotName: slot1_3@c-0-4.cluster.cs.wwu.edu
	CondorScratchDir = "/var/lib/condor/execute/dir_1049953"
	Cpus = 8
	Disk = 2048
	GPUs = 0
	Memory = 4096
...
006 (6918.397.000) 2026-04-16 01:19:16 Image size of job updated: 101088
	99  -  MemoryUsage of job (MB)
	101088  -  ResidentSetSize of job (KB)
...
006 (6918.397.000) 2026-04-16 01:24:16 Image size of job updated: 701028
	685  -  MemoryUsage of job (MB)
	701028  -  ResidentSetSize of job (KB)
...
006 (6918.397.000) 2026-04-16 01:29:17 Image size of job updated: 1085996
	1045  -  MemoryUsage of job (MB)
	1069092  -  ResidentSetSize of job (KB)
...
006 (6918.397.000) 2026-04-16 01:34:17 Image size of job updated: 1229588
	1201  -  MemoryUsage of job (MB)
	1229588  -  ResidentSetSize of job (KB)
...
006 (6918.397.000) 2026-04-16 01:37:23 Image size of job updated: 1229640
	1201  -  MemoryUsage of job (MB)
	1229588  -  ResidentSetSize of job (KB)
...
005 (6918.397.000) 2026-04-16 01:37:23 Job terminated.
	(1) Normal termination (return value 0)
		Usr 0 01:25:20, Sys 0 00:00:17  -  Run Remote Usage
		Usr 0 00:00:00, Sys 0 00:00:00  -  Run Local Usage
		Usr 0 01:25:20, Sys 0 00:00:17  -  Total Remote Usage
		Usr 0 00:00:00, Sys 0 00:00:00  -  Total Local Usage
	0  -  Run Bytes Sent By Job
	0  -  Run Bytes Received By Job
	0  -  Total Bytes Sent By Job
	0  -  Total Bytes Received By Job
	Partitionable Resources :    Usage  Request Allocated 
	   Cpus                 :     7.40        8         8 
	   Disk (KB)            :     1           1      2048 
	   GPUs                 :                           0 
	   Memory (MB)          :  1201        4096      4096 
	   TimeExecute (s)      :  1095                       
	   TimeSlotBusy (s)     :  1095                       
...
