000 (6920.111.000) 2026-04-16 09:44:15 Job submitted from host: <140.160.143.131:9618?addrs=140.160.143.131-9618&alias=cse-head.cluster.cs.wwu.edu&noUDP&sock=schedd_1483_cb0a>
...
001 (6920.111.000) 2026-04-16 15:34:27 Job executing on host: <140.160.143.143:9618?addrs=140.160.143.143-9618&alias=c-0-3.cluster.cs.wwu.edu&noUDP&sock=startd_1365_dadd>
	SlotName: slot1_1@c-0-3.cluster.cs.wwu.edu
	CondorScratchDir = "/var/lib/condor/execute/dir_1079016"
	Cpus = 8
	Disk = 2048
	GPUs = 0
	Memory = 9216
...
006 (6920.111.000) 2026-04-16 15:34:36 Image size of job updated: 101624
	100  -  MemoryUsage of job (MB)
	101624  -  ResidentSetSize of job (KB)
...
006 (6920.111.000) 2026-04-16 15:39:37 Image size of job updated: 706652
	690  -  MemoryUsage of job (MB)
	705684  -  ResidentSetSize of job (KB)
...
006 (6920.111.000) 2026-04-16 15:42:37 Image size of job updated: 789504
	690  -  MemoryUsage of job (MB)
	705684  -  ResidentSetSize of job (KB)
...
005 (6920.111.000) 2026-04-16 15:42:37 Job terminated.
	(1) Normal termination (return value 0)
		Usr 0 00:08:26, Sys 0 00:00:02  -  Run Remote Usage
		Usr 0 00:00:00, Sys 0 00:00:00  -  Run Local Usage
		Usr 0 00:08:26, Sys 0 00:00:02  -  Total Remote Usage
		Usr 0 00:00:00, Sys 0 00:00:00  -  Total Local Usage
	0  -  Run Bytes Sent By Job
	0  -  Run Bytes Received By Job
	0  -  Total Bytes Sent By Job
	0  -  Total Bytes Received By Job
	Partitionable Resources :    Usage  Request Allocated 
	   Cpus                 :     1.05        8         8 
	   Disk (KB)            :     1           1      2048 
	   GPUs                 :                           0 
	   Memory (MB)          :   690        9216      9216 
	   TimeExecute (s)      :   490                       
	   TimeSlotBusy (s)     :   490                       
...
