000 (6920.309.000) 2026-04-16 09:44:16 Job submitted from host: <140.160.143.131:9618?addrs=140.160.143.131-9618&alias=cse-head.cluster.cs.wwu.edu&noUDP&sock=schedd_1483_cb0a>
...
001 (6920.309.000) 2026-04-16 17:32:06 Job executing on host: <140.160.143.151:9618?addrs=140.160.143.151-9618&alias=c-0-11.cluster.cs.wwu.edu&noUDP&sock=startd_1509_a080>
	SlotName: slot1_1@c-0-11.cluster.cs.wwu.edu
	CondorScratchDir = "/var/lib/condor/execute/dir_1079154"
	Cpus = 8
	Disk = 2048
	GPUs = 0
	Memory = 9216
...
006 (6920.309.000) 2026-04-16 17:32:15 Image size of job updated: 293736
	287  -  MemoryUsage of job (MB)
	293736  -  ResidentSetSize of job (KB)
...
006 (6920.309.000) 2026-04-16 17:37:16 Image size of job updated: 893516
	869  -  MemoryUsage of job (MB)
	889604  -  ResidentSetSize of job (KB)
...
006 (6920.309.000) 2026-04-16 17:42:16 Image size of job updated: 1051796
	1028  -  MemoryUsage of job (MB)
	1051796  -  ResidentSetSize of job (KB)
...
006 (6920.309.000) 2026-04-16 17:47:17 Image size of job updated: 1061380
	1028  -  MemoryUsage of job (MB)
	1051796  -  ResidentSetSize of job (KB)
...
006 (6920.309.000) 2026-04-16 17:50:22 Image size of job updated: 1110852
	1028  -  MemoryUsage of job (MB)
	1051796  -  ResidentSetSize of job (KB)
...
005 (6920.309.000) 2026-04-16 17:50:22 Job terminated.
	(1) Normal termination (return value 0)
		Usr 0 01:04:36, Sys 0 00:00:23  -  Run Remote Usage
		Usr 0 00:00:00, Sys 0 00:00:00  -  Run Local Usage
		Usr 0 01:04:36, Sys 0 00:00:23  -  Total Remote Usage
		Usr 0 00:00:00, Sys 0 00:00:00  -  Total Local Usage
	0  -  Run Bytes Sent By Job
	0  -  Run Bytes Received By Job
	0  -  Total Bytes Sent By Job
	0  -  Total Bytes Received By Job
	Partitionable Resources :    Usage  Request Allocated 
	   Cpus                 :     5.00        8         8 
	   Disk (KB)            :     1           1      2048 
	   GPUs                 :                           0 
	   Memory (MB)          :  1028        9216      9216 
	   TimeExecute (s)      :  1096                       
	   TimeSlotBusy (s)     :  1096                       
...
