000 (6920.213.000) 2026-04-16 09:44:16 Job submitted from host: <140.160.143.131:9618?addrs=140.160.143.131-9618&alias=cse-head.cluster.cs.wwu.edu&noUDP&sock=schedd_1483_cb0a>
...
001 (6920.213.000) 2026-04-16 16:19:30 Job executing on host: <140.160.143.182:9618?addrs=140.160.143.182-9618&alias=c-0-13.cluster.cs.wwu.edu&noUDP&sock=startd_1434_2ee6>
	SlotName: slot1_1@c-0-13.cluster.cs.wwu.edu
	CondorScratchDir = "/var/lib/condor/execute/dir_1069322"
	Cpus = 8
	Disk = 2048
	GPUs = 0
	Memory = 9216
...
006 (6920.213.000) 2026-04-16 16:19:38 Image size of job updated: 101752
	100  -  MemoryUsage of job (MB)
	101752  -  ResidentSetSize of job (KB)
...
006 (6920.213.000) 2026-04-16 16:24:38 Image size of job updated: 702528
	687  -  MemoryUsage of job (MB)
	702528  -  ResidentSetSize of job (KB)
...
006 (6920.213.000) 2026-04-16 16:29:13 Image size of job updated: 879864
	687  -  MemoryUsage of job (MB)
	702528  -  ResidentSetSize of job (KB)
...
005 (6920.213.000) 2026-04-16 16:29:13 Job terminated.
	(1) Normal termination (return value 0)
		Usr 0 00:11:30, Sys 0 00:00:03  -  Run Remote Usage
		Usr 0 00:00:00, Sys 0 00:00:00  -  Run Local Usage
		Usr 0 00:11:30, Sys 0 00:00:03  -  Total Remote Usage
		Usr 0 00:00:00, Sys 0 00:00:00  -  Total Local Usage
	0  -  Run Bytes Sent By Job
	0  -  Run Bytes Received By Job
	0  -  Total Bytes Sent By Job
	0  -  Total Bytes Received By Job
	Partitionable Resources :    Usage  Request Allocated 
	   Cpus                 :     1.09        8         8 
	   Disk (KB)            :     1           1      2048 
	   GPUs                 :                           0 
	   Memory (MB)          :   687        9216      9216 
	   TimeExecute (s)      :   583                       
	   TimeSlotBusy (s)     :   583                       
...
