000 (6919.338.000) 2026-04-16 09:41:22 Job submitted from host: <140.160.143.131:9618?addrs=140.160.143.131-9618&alias=cse-head.cluster.cs.wwu.edu&noUDP&sock=schedd_1483_cb0a>
...
001 (6919.338.000) 2026-04-16 13:06:15 Job executing on host: <140.160.143.150:9618?addrs=140.160.143.150-9618&alias=c-0-10.cluster.cs.wwu.edu&noUDP&sock=startd_1506_91b7>
	SlotName: slot1_2@c-0-10.cluster.cs.wwu.edu
	CondorScratchDir = "/var/lib/condor/execute/dir_1075052"
	Cpus = 8
	Disk = 2048
	GPUs = 0
	Memory = 6144
...
006 (6919.338.000) 2026-04-16 13:06:23 Image size of job updated: 302316
	296  -  MemoryUsage of job (MB)
	302316  -  ResidentSetSize of job (KB)
...
006 (6919.338.000) 2026-04-16 13:11:23 Image size of job updated: 1080192
	1033  -  MemoryUsage of job (MB)
	1057512  -  ResidentSetSize of job (KB)
...
006 (6919.338.000) 2026-04-16 13:12:22 Image size of job updated: 1080192
	1035  -  MemoryUsage of job (MB)
	1059564  -  ResidentSetSize of job (KB)
...
005 (6919.338.000) 2026-04-16 13:12:22 Job terminated.
	(1) Normal termination (return value 0)
		Usr 0 00:18:19, Sys 0 00:00:15  -  Run Remote Usage
		Usr 0 00:00:00, Sys 0 00:00:00  -  Run Local Usage
		Usr 0 00:18:19, Sys 0 00:00:15  -  Total Remote Usage
		Usr 0 00:00:00, Sys 0 00:00:00  -  Total Local Usage
	0  -  Run Bytes Sent By Job
	0  -  Run Bytes Received By Job
	0  -  Total Bytes Sent By Job
	0  -  Total Bytes Received By Job
	Partitionable Resources :    Usage  Request Allocated 
	   Cpus                 :     6.60        8         8 
	   Disk (KB)            :     1           1      2048 
	   GPUs                 :                           0 
	   Memory (MB)          :  1035        6144      6144 
	   TimeExecute (s)      :   367                       
	   TimeSlotBusy (s)     :   367                       
...
