000 (6918.355.000) 2026-04-15 19:42:51 Job submitted from host: <140.160.143.131:9618?addrs=140.160.143.131-9618&alias=cse-head.cluster.cs.wwu.edu&noUDP&sock=schedd_1483_cb0a>
...
001 (6918.355.000) 2026-04-16 00:25:03 Job executing on host: <140.160.143.144:9618?addrs=140.160.143.144-9618&alias=c-0-4.cluster.cs.wwu.edu&noUDP&sock=startd_1367_3a0d>
	SlotName: slot1_3@c-0-4.cluster.cs.wwu.edu
	CondorScratchDir = "/var/lib/condor/execute/dir_1048430"
	Cpus = 8
	Disk = 2048
	GPUs = 0
	Memory = 4096
...
006 (6918.355.000) 2026-04-16 00:25:12 Image size of job updated: 105840
	104  -  MemoryUsage of job (MB)
	105840  -  ResidentSetSize of job (KB)
...
006 (6918.355.000) 2026-04-16 00:30:13 Image size of job updated: 709708
	692  -  MemoryUsage of job (MB)
	708180  -  ResidentSetSize of job (KB)
...
006 (6918.355.000) 2026-04-16 00:35:13 Image size of job updated: 1086216
	982  -  MemoryUsage of job (MB)
	1004948  -  ResidentSetSize of job (KB)
...
006 (6918.355.000) 2026-04-16 00:40:13 Image size of job updated: 1156152
	982  -  MemoryUsage of job (MB)
	1004948  -  ResidentSetSize of job (KB)
...
005 (6918.355.000) 2026-04-16 00:40:13 Job terminated.
	(1) Normal termination (return value 0)
		Usr 0 01:00:22, Sys 0 00:00:27  -  Run Remote Usage
		Usr 0 00:00:00, Sys 0 00:00:00  -  Run Local Usage
		Usr 0 01:00:22, Sys 0 00:00:27  -  Total Remote Usage
		Usr 0 00:00:00, Sys 0 00:00:00  -  Total Local Usage
	0  -  Run Bytes Sent By Job
	0  -  Run Bytes Received By Job
	0  -  Total Bytes Sent By Job
	0  -  Total Bytes Received By Job
	Partitionable Resources :    Usage  Request Allocated 
	   Cpus                 :     6.76        8         8 
	   Disk (KB)            :     1           1      2048 
	   GPUs                 :                           0 
	   Memory (MB)          :   982        4096      4096 
	   TimeExecute (s)      :   910                       
	   TimeSlotBusy (s)     :   910                       
...
