000 (6920.376.000) 2026-04-16 09:44:16 Job submitted from host: <140.160.143.131:9618?addrs=140.160.143.131-9618&alias=cse-head.cluster.cs.wwu.edu&noUDP&sock=schedd_1483_cb0a>
...
001 (6920.376.000) 2026-04-16 18:42:26 Job executing on host: <140.160.143.184:9618?addrs=140.160.143.184-9618&alias=c-0-15.cluster.cs.wwu.edu&noUDP&sock=startd_1429_c0ed>
	SlotName: slot1_2@c-0-15.cluster.cs.wwu.edu
	CondorScratchDir = "/var/lib/condor/execute/dir_28417"
	Cpus = 8
	Disk = 2048
	GPUs = 0
	Memory = 9216
...
006 (6920.376.000) 2026-04-16 18:42:34 Image size of job updated: 331588
	324  -  MemoryUsage of job (MB)
	331588  -  ResidentSetSize of job (KB)
...
006 (6920.376.000) 2026-04-16 18:47:34 Image size of job updated: 934804
	913  -  MemoryUsage of job (MB)
	934804  -  ResidentSetSize of job (KB)
...
006 (6920.376.000) 2026-04-16 18:52:35 Image size of job updated: 1167824
	1137  -  MemoryUsage of job (MB)
	1163672  -  ResidentSetSize of job (KB)
...
006 (6920.376.000) 2026-04-16 18:57:35 Image size of job updated: 1278152
	1149  -  MemoryUsage of job (MB)
	1175652  -  ResidentSetSize of job (KB)
...
005 (6920.376.000) 2026-04-16 18:58:15 Job terminated.
	(1) Normal termination (return value 0)
		Usr 0 01:13:43, Sys 0 00:00:15  -  Run Remote Usage
		Usr 0 00:00:00, Sys 0 00:00:00  -  Run Local Usage
		Usr 0 01:13:43, Sys 0 00:00:15  -  Total Remote Usage
		Usr 0 00:00:00, Sys 0 00:00:00  -  Total Local Usage
	0  -  Run Bytes Sent By Job
	0  -  Run Bytes Received By Job
	0  -  Total Bytes Sent By Job
	0  -  Total Bytes Received By Job
	Partitionable Resources :    Usage  Request Allocated 
	   Cpus                 :     7.75        8         8 
	   Disk (KB)            :     1           1      2048 
	   GPUs                 :                           0 
	   Memory (MB)          :  1149        9216      9216 
	   TimeExecute (s)      :   949                       
	   TimeSlotBusy (s)     :   949                       
...
