000 (6920.252.000) 2026-04-16 09:44:16 Job submitted from host: <140.160.143.131:9618?addrs=140.160.143.131-9618&alias=cse-head.cluster.cs.wwu.edu&noUDP&sock=schedd_1483_cb0a>
...
001 (6920.252.000) 2026-04-16 16:40:50 Job executing on host: <140.160.143.151:9618?addrs=140.160.143.151-9618&alias=c-0-11.cluster.cs.wwu.edu&noUDP&sock=startd_1509_a080>
	SlotName: slot1_1@c-0-11.cluster.cs.wwu.edu
	CondorScratchDir = "/var/lib/condor/execute/dir_1077494"
	Cpus = 8
	Disk = 2048
	GPUs = 0
	Memory = 9216
...
006 (6920.252.000) 2026-04-16 16:40:58 Image size of job updated: 231540
	227  -  MemoryUsage of job (MB)
	231540  -  ResidentSetSize of job (KB)
...
006 (6920.252.000) 2026-04-16 16:45:58 Image size of job updated: 900008
	825  -  MemoryUsage of job (MB)
	844012  -  ResidentSetSize of job (KB)
...
006 (6920.252.000) 2026-04-16 16:50:16 Image size of job updated: 1057332
	826  -  MemoryUsage of job (MB)
	845636  -  ResidentSetSize of job (KB)
...
005 (6920.252.000) 2026-04-16 16:50:16 Job terminated.
	(1) Normal termination (return value 0)
		Usr 0 00:23:40, Sys 0 00:00:15  -  Run Remote Usage
		Usr 0 00:00:00, Sys 0 00:00:00  -  Run Local Usage
		Usr 0 00:23:40, Sys 0 00:00:15  -  Total Remote Usage
		Usr 0 00:00:00, Sys 0 00:00:00  -  Total Local Usage
	0  -  Run Bytes Sent By Job
	0  -  Run Bytes Received By Job
	0  -  Total Bytes Sent By Job
	0  -  Total Bytes Received By Job
	Partitionable Resources :    Usage  Request Allocated 
	   Cpus                 :     5.02        8         8 
	   Disk (KB)            :     1           1      2048 
	   GPUs                 :                           0 
	   Memory (MB)          :   826        9216      9216 
	   TimeExecute (s)      :   566                       
	   TimeSlotBusy (s)     :   566                       
...
