000 (6918.234.000) 2026-04-15 19:42:50 Job submitted from host: <140.160.143.131:9618?addrs=140.160.143.131-9618&alias=cse-head.cluster.cs.wwu.edu&noUDP&sock=schedd_1483_cb0a>
...
001 (6918.234.000) 2026-04-15 22:39:05 Job executing on host: <140.160.143.151:9618?addrs=140.160.143.151-9618&alias=c-0-11.cluster.cs.wwu.edu&noUDP&sock=startd_1509_a080>
	SlotName: slot1_1@c-0-11.cluster.cs.wwu.edu
	CondorScratchDir = "/var/lib/condor/execute/dir_1047431"
	Cpus = 8
	Disk = 2048
	GPUs = 0
	Memory = 4096
...
006 (6918.234.000) 2026-04-15 22:39:14 Image size of job updated: 287428
	281  -  MemoryUsage of job (MB)
	287428  -  ResidentSetSize of job (KB)
...
006 (6918.234.000) 2026-04-15 22:44:15 Image size of job updated: 851588
	832  -  MemoryUsage of job (MB)
	851588  -  ResidentSetSize of job (KB)
...
006 (6918.234.000) 2026-04-15 22:44:33 Image size of job updated: 852092
	832  -  MemoryUsage of job (MB)
	851588  -  ResidentSetSize of job (KB)
...
005 (6918.234.000) 2026-04-15 22:44:34 Job terminated.
	(1) Normal termination (return value 0)
		Usr 0 00:05:45, Sys 0 00:00:02  -  Run Remote Usage
		Usr 0 00:00:00, Sys 0 00:00:00  -  Run Local Usage
		Usr 0 00:05:45, Sys 0 00:00:02  -  Total Remote Usage
		Usr 0 00:00:00, Sys 0 00:00:00  -  Total Local Usage
	0  -  Run Bytes Sent By Job
	0  -  Run Bytes Received By Job
	0  -  Total Bytes Sent By Job
	0  -  Total Bytes Received By Job
	Partitionable Resources :    Usage  Request Allocated 
	   Cpus                 :     1.01        8         8 
	   Disk (KB)            :     1           1      2048 
	   GPUs                 :                           0 
	   Memory (MB)          :   832        4096      4096 
	   TimeExecute (s)      :   328                       
	   TimeSlotBusy (s)     :   328                       
...
