000 (6919.297.000) 2026-04-16 09:41:22 Job submitted from host: <140.160.143.131:9618?addrs=140.160.143.131-9618&alias=cse-head.cluster.cs.wwu.edu&noUDP&sock=schedd_1483_cb0a>
...
001 (6919.297.000) 2026-04-16 12:24:51 Job executing on host: <140.160.143.143:9618?addrs=140.160.143.143-9618&alias=c-0-3.cluster.cs.wwu.edu&noUDP&sock=startd_1365_dadd>
	SlotName: slot1_1@c-0-3.cluster.cs.wwu.edu
	CondorScratchDir = "/var/lib/condor/execute/dir_1073895"
	Cpus = 8
	Disk = 2048
	GPUs = 0
	Memory = 6144
...
006 (6919.297.000) 2026-04-16 12:25:00 Image size of job updated: 103568
	102  -  MemoryUsage of job (MB)
	103568  -  ResidentSetSize of job (KB)
...
006 (6919.297.000) 2026-04-16 12:30:01 Image size of job updated: 705636
	690  -  MemoryUsage of job (MB)
	705636  -  ResidentSetSize of job (KB)
...
006 (6919.297.000) 2026-04-16 12:35:01 Image size of job updated: 966948
	919  -  MemoryUsage of job (MB)
	940040  -  ResidentSetSize of job (KB)
...
006 (6919.297.000) 2026-04-16 12:40:02 Image size of job updated: 1034540
	933  -  MemoryUsage of job (MB)
	955028  -  ResidentSetSize of job (KB)
...
005 (6919.297.000) 2026-04-16 12:44:22 Job terminated.
	(1) Normal termination (return value 0)
		Usr 0 00:58:28, Sys 0 00:00:35  -  Run Remote Usage
		Usr 0 00:00:00, Sys 0 00:00:00  -  Run Local Usage
		Usr 0 00:58:28, Sys 0 00:00:35  -  Total Remote Usage
		Usr 0 00:00:00, Sys 0 00:00:00  -  Total Local Usage
	0  -  Run Bytes Sent By Job
	0  -  Run Bytes Received By Job
	0  -  Total Bytes Sent By Job
	0  -  Total Bytes Received By Job
	Partitionable Resources :    Usage  Request Allocated 
	   Cpus                 :     3.91        8         8 
	   Disk (KB)            :     1           1      2048 
	   GPUs                 :                           0 
	   Memory (MB)          :   933        6144      6144 
	   TimeExecute (s)      :  1171                       
	   TimeSlotBusy (s)     :  1171                       
...
