000 (6920.152.000) 2026-04-16 09:44:16 Job submitted from host: <140.160.143.131:9618?addrs=140.160.143.131-9618&alias=cse-head.cluster.cs.wwu.edu&noUDP&sock=schedd_1483_cb0a>
...
001 (6920.152.000) 2026-04-16 15:52:51 Job executing on host: <140.160.143.143:9618?addrs=140.160.143.143-9618&alias=c-0-3.cluster.cs.wwu.edu&noUDP&sock=startd_1365_dadd>
	SlotName: slot1_1@c-0-3.cluster.cs.wwu.edu
	CondorScratchDir = "/var/lib/condor/execute/dir_1079838"
	Cpus = 8
	Disk = 2048
	GPUs = 0
	Memory = 9216
...
006 (6920.152.000) 2026-04-16 15:52:59 Image size of job updated: 98716
	97  -  MemoryUsage of job (MB)
	98716  -  ResidentSetSize of job (KB)
...
006 (6920.152.000) 2026-04-16 15:57:59 Image size of job updated: 704040
	687  -  MemoryUsage of job (MB)
	702716  -  ResidentSetSize of job (KB)
...
006 (6920.152.000) 2026-04-16 16:01:39 Image size of job updated: 853488
	687  -  MemoryUsage of job (MB)
	702716  -  ResidentSetSize of job (KB)
...
005 (6920.152.000) 2026-04-16 16:01:40 Job terminated.
	(1) Normal termination (return value 0)
		Usr 0 00:09:20, Sys 0 00:00:03  -  Run Remote Usage
		Usr 0 00:00:00, Sys 0 00:00:00  -  Run Local Usage
		Usr 0 00:09:20, Sys 0 00:00:03  -  Total Remote Usage
		Usr 0 00:00:00, Sys 0 00:00:00  -  Total Local Usage
	0  -  Run Bytes Sent By Job
	0  -  Run Bytes Received By Job
	0  -  Total Bytes Sent By Job
	0  -  Total Bytes Received By Job
	Partitionable Resources :    Usage  Request Allocated 
	   Cpus                 :     1.12        8         8 
	   Disk (KB)            :     1           1      2048 
	   GPUs                 :                           0 
	   Memory (MB)          :   687        9216      9216 
	   TimeExecute (s)      :   528                       
	   TimeSlotBusy (s)     :   530                       
...
