000 (6918.132.000) 2026-04-15 19:42:50 Job submitted from host: <140.160.143.131:9618?addrs=140.160.143.131-9618&alias=cse-head.cluster.cs.wwu.edu&noUDP&sock=schedd_1483_cb0a>
...
001 (6918.132.000) 2026-04-15 21:20:59 Job executing on host: <140.160.143.151:9618?addrs=140.160.143.151-9618&alias=c-0-11.cluster.cs.wwu.edu&noUDP&sock=startd_1509_a080>
	SlotName: slot1_1@c-0-11.cluster.cs.wwu.edu
	CondorScratchDir = "/var/lib/condor/execute/dir_1044657"
	Cpus = 8
	Disk = 2048
	GPUs = 0
	Memory = 4096
...
006 (6918.132.000) 2026-04-15 21:21:08 Image size of job updated: 301492
	295  -  MemoryUsage of job (MB)
	301492  -  ResidentSetSize of job (KB)
...
006 (6918.132.000) 2026-04-15 21:26:09 Image size of job updated: 753932
	737  -  MemoryUsage of job (MB)
	753932  -  ResidentSetSize of job (KB)
...
006 (6918.132.000) 2026-04-15 21:26:16 Image size of job updated: 754092
	737  -  MemoryUsage of job (MB)
	753932  -  ResidentSetSize of job (KB)
...
005 (6918.132.000) 2026-04-15 21:26:16 Job terminated.
	(1) Normal termination (return value 0)
		Usr 0 00:05:27, Sys 0 00:00:01  -  Run Remote Usage
		Usr 0 00:00:00, Sys 0 00:00:00  -  Run Local Usage
		Usr 0 00:05:27, Sys 0 00:00:01  -  Total Remote Usage
		Usr 0 00:00:00, Sys 0 00:00:00  -  Total Local Usage
	0  -  Run Bytes Sent By Job
	0  -  Run Bytes Received By Job
	0  -  Total Bytes Sent By Job
	0  -  Total Bytes Received By Job
	Partitionable Resources :    Usage  Request Allocated 
	   Cpus                 :     1.15        8         8 
	   Disk (KB)            :     1           1      2048 
	   GPUs                 :                           0 
	   Memory (MB)          :   737        4096      4096 
	   TimeExecute (s)      :   317                       
	   TimeSlotBusy (s)     :   317                       
...
