000 (6920.318.000) 2026-04-16 09:44:16 Job submitted from host: <140.160.143.131:9618?addrs=140.160.143.131-9618&alias=cse-head.cluster.cs.wwu.edu&noUDP&sock=schedd_1483_cb0a>
...
001 (6920.318.000) 2026-04-16 17:41:23 Job executing on host: <140.160.143.184:9618?addrs=140.160.143.184-9618&alias=c-0-15.cluster.cs.wwu.edu&noUDP&sock=startd_1429_c0ed>
	SlotName: slot1_2@c-0-15.cluster.cs.wwu.edu
	CondorScratchDir = "/var/lib/condor/execute/dir_26282"
	Cpus = 8
	Disk = 2048
	GPUs = 0
	Memory = 9216
...
006 (6920.318.000) 2026-04-16 17:41:31 Image size of job updated: 362220
	354  -  MemoryUsage of job (MB)
	362220  -  ResidentSetSize of job (KB)
...
006 (6920.318.000) 2026-04-16 17:46:31 Image size of job updated: 919120
	866  -  MemoryUsage of job (MB)
	885948  -  ResidentSetSize of job (KB)
...
006 (6920.318.000) 2026-04-16 17:49:01 Image size of job updated: 1003484
	866  -  MemoryUsage of job (MB)
	885948  -  ResidentSetSize of job (KB)
...
005 (6920.318.000) 2026-04-16 17:49:01 Job terminated.
	(1) Normal termination (return value 0)
		Usr 0 00:12:55, Sys 0 00:00:03  -  Run Remote Usage
		Usr 0 00:00:00, Sys 0 00:00:00  -  Run Local Usage
		Usr 0 00:12:55, Sys 0 00:00:03  -  Total Remote Usage
		Usr 0 00:00:00, Sys 0 00:00:00  -  Total Local Usage
	0  -  Run Bytes Sent By Job
	0  -  Run Bytes Received By Job
	0  -  Total Bytes Sent By Job
	0  -  Total Bytes Received By Job
	Partitionable Resources :    Usage  Request Allocated 
	   Cpus                 :     1.05        8         8 
	   Disk (KB)            :     1           1      2048 
	   GPUs                 :                           0 
	   Memory (MB)          :   866        9216      9216 
	   TimeExecute (s)      :   458                       
	   TimeSlotBusy (s)     :   459                       
...
