000 (6920.265.000) 2026-04-16 09:44:16 Job submitted from host: <140.160.143.131:9618?addrs=140.160.143.131-9618&alias=cse-head.cluster.cs.wwu.edu&noUDP&sock=schedd_1483_cb0a>
...
001 (6920.265.000) 2026-04-16 16:52:17 Job executing on host: <140.160.143.143:9618?addrs=140.160.143.143-9618&alias=c-0-3.cluster.cs.wwu.edu&noUDP&sock=startd_1365_dadd>
	SlotName: slot1_1@c-0-3.cluster.cs.wwu.edu
	CondorScratchDir = "/var/lib/condor/execute/dir_1081616"
	Cpus = 8
	Disk = 2048
	GPUs = 0
	Memory = 9216
...
006 (6920.265.000) 2026-04-16 16:52:26 Image size of job updated: 103672
	102  -  MemoryUsage of job (MB)
	103672  -  ResidentSetSize of job (KB)
...
006 (6920.265.000) 2026-04-16 16:57:27 Image size of job updated: 727872
	711  -  MemoryUsage of job (MB)
	727872  -  ResidentSetSize of job (KB)
...
006 (6920.265.000) 2026-04-16 17:02:27 Image size of job updated: 1002292
	900  -  MemoryUsage of job (MB)
	921464  -  ResidentSetSize of job (KB)
...
006 (6920.265.000) 2026-04-16 17:06:14 Image size of job updated: 1053584
	900  -  MemoryUsage of job (MB)
	921464  -  ResidentSetSize of job (KB)
...
005 (6920.265.000) 2026-04-16 17:06:14 Job terminated.
	(1) Normal termination (return value 0)
		Usr 0 00:30:01, Sys 0 00:00:06  -  Run Remote Usage
		Usr 0 00:00:00, Sys 0 00:00:00  -  Run Local Usage
		Usr 0 00:30:01, Sys 0 00:00:06  -  Total Remote Usage
		Usr 0 00:00:00, Sys 0 00:00:00  -  Total Local Usage
	0  -  Run Bytes Sent By Job
	0  -  Run Bytes Received By Job
	0  -  Total Bytes Sent By Job
	0  -  Total Bytes Received By Job
	Partitionable Resources :    Usage  Request Allocated 
	   Cpus                 :     1.78        8         8 
	   Disk (KB)            :     1           1      2048 
	   GPUs                 :                           0 
	   Memory (MB)          :   900        9216      9216 
	   TimeExecute (s)      :   837                       
	   TimeSlotBusy (s)     :   837                       
...
