000 (6920.279.000) 2026-04-16 09:44:16 Job submitted from host: <140.160.143.131:9618?addrs=140.160.143.131-9618&alias=cse-head.cluster.cs.wwu.edu&noUDP&sock=schedd_1483_cb0a>
...
001 (6920.279.000) 2026-04-16 17:02:19 Job executing on host: <140.160.143.149:9618?addrs=140.160.143.149-9618&alias=c-0-9.cluster.cs.wwu.edu&noUDP&sock=startd_1570_77c7>
	SlotName: slot1_4@c-0-9.cluster.cs.wwu.edu
	CondorScratchDir = "/var/lib/condor/execute/dir_1100896"
	Cpus = 8
	Disk = 2048
	GPUs = 0
	Memory = 9216
...
006 (6920.279.000) 2026-04-16 17:02:27 Image size of job updated: 355092
	347  -  MemoryUsage of job (MB)
	355092  -  ResidentSetSize of job (KB)
...
006 (6920.279.000) 2026-04-16 17:07:27 Image size of job updated: 1069656
	1045  -  MemoryUsage of job (MB)
	1069656  -  ResidentSetSize of job (KB)
...
006 (6920.279.000) 2026-04-16 17:12:28 Image size of job updated: 1117852
	1045  -  MemoryUsage of job (MB)
	1069656  -  ResidentSetSize of job (KB)
...
005 (6920.279.000) 2026-04-16 17:13:38 Job terminated.
	(1) Normal termination (return value 0)
		Usr 0 00:35:14, Sys 0 00:00:05  -  Run Remote Usage
		Usr 0 00:00:00, Sys 0 00:00:00  -  Run Local Usage
		Usr 0 00:35:14, Sys 0 00:00:05  -  Total Remote Usage
		Usr 0 00:00:00, Sys 0 00:00:00  -  Total Local Usage
	0  -  Run Bytes Sent By Job
	0  -  Run Bytes Received By Job
	0  -  Total Bytes Sent By Job
	0  -  Total Bytes Received By Job
	Partitionable Resources :    Usage  Request Allocated 
	   Cpus                 :     3.98        8         8 
	   Disk (KB)            :     1           1      2048 
	   GPUs                 :                           0 
	   Memory (MB)          :  1045        9216      9216 
	   TimeExecute (s)      :   679                       
	   TimeSlotBusy (s)     :   679                       
...
