000 (6918.315.000) 2026-04-15 19:42:51 Job submitted from host: <140.160.143.131:9618?addrs=140.160.143.131-9618&alias=cse-head.cluster.cs.wwu.edu&noUDP&sock=schedd_1483_cb0a>
...
001 (6918.315.000) 2026-04-15 23:43:04 Job executing on host: <140.160.143.149:9618?addrs=140.160.143.149-9618&alias=c-0-9.cluster.cs.wwu.edu&noUDP&sock=startd_1570_77c7>
	SlotName: slot1_3@c-0-9.cluster.cs.wwu.edu
	CondorScratchDir = "/var/lib/condor/execute/dir_1064401"
	Cpus = 8
	Disk = 2048
	GPUs = 0
	Memory = 4096
...
006 (6918.315.000) 2026-04-15 23:43:12 Image size of job updated: 360596
	353  -  MemoryUsage of job (MB)
	360596  -  ResidentSetSize of job (KB)
...
006 (6918.315.000) 2026-04-15 23:48:12 Image size of job updated: 1007148
	924  -  MemoryUsage of job (MB)
	945388  -  ResidentSetSize of job (KB)
...
006 (6918.315.000) 2026-04-15 23:50:28 Image size of job updated: 1089784
	924  -  MemoryUsage of job (MB)
	945388  -  ResidentSetSize of job (KB)
...
005 (6918.315.000) 2026-04-15 23:50:29 Job terminated.
	(1) Normal termination (return value 0)
		Usr 0 00:21:54, Sys 0 00:00:11  -  Run Remote Usage
		Usr 0 00:00:00, Sys 0 00:00:00  -  Run Local Usage
		Usr 0 00:21:54, Sys 0 00:00:11  -  Total Remote Usage
		Usr 0 00:00:00, Sys 0 00:00:00  -  Total Local Usage
	0  -  Run Bytes Sent By Job
	0  -  Run Bytes Received By Job
	0  -  Total Bytes Sent By Job
	0  -  Total Bytes Received By Job
	Partitionable Resources :    Usage  Request Allocated 
	   Cpus                 :     5.91        8         8 
	   Disk (KB)            :     1           1      2048 
	   GPUs                 :                           0 
	   Memory (MB)          :   924        4096      4096 
	   TimeExecute (s)      :   444                       
	   TimeSlotBusy (s)     :   444                       
...
