000 (6918.214.000) 2026-04-15 19:42:50 Job submitted from host: <140.160.143.131:9618?addrs=140.160.143.131-9618&alias=cse-head.cluster.cs.wwu.edu&noUDP&sock=schedd_1483_cb0a>
...
001 (6918.214.000) 2026-04-15 22:23:16 Job executing on host: <140.160.143.185:9618?addrs=140.160.143.185-9618&alias=c-0-16.cluster.cs.wwu.edu&noUDP&sock=startd_1431_201d>
	SlotName: slot1_2@c-0-16.cluster.cs.wwu.edu
	CondorScratchDir = "/var/lib/condor/execute/dir_1054043"
	Cpus = 8
	Disk = 2048
	GPUs = 0
	Memory = 4096
...
006 (6918.214.000) 2026-04-15 22:23:24 Image size of job updated: 103512
	102  -  MemoryUsage of job (MB)
	103512  -  ResidentSetSize of job (KB)
...
006 (6918.214.000) 2026-04-15 22:28:24 Image size of job updated: 743308
	726  -  MemoryUsage of job (MB)
	743308  -  ResidentSetSize of job (KB)
...
006 (6918.214.000) 2026-04-15 22:29:09 Image size of job updated: 808340
	726  -  MemoryUsage of job (MB)
	743308  -  ResidentSetSize of job (KB)
...
005 (6918.214.000) 2026-04-15 22:29:09 Job terminated.
	(1) Normal termination (return value 0)
		Usr 0 00:06:06, Sys 0 00:00:02  -  Run Remote Usage
		Usr 0 00:00:00, Sys 0 00:00:00  -  Run Local Usage
		Usr 0 00:06:06, Sys 0 00:00:02  -  Total Remote Usage
		Usr 0 00:00:00, Sys 0 00:00:00  -  Total Local Usage
	0  -  Run Bytes Sent By Job
	0  -  Run Bytes Received By Job
	0  -  Total Bytes Sent By Job
	0  -  Total Bytes Received By Job
	Partitionable Resources :    Usage  Request Allocated 
	   Cpus                 :     1.07        8         8 
	   Disk (KB)            :     1           1      2048 
	   GPUs                 :                           0 
	   Memory (MB)          :   726        4096      4096 
	   TimeExecute (s)      :   353                       
	   TimeSlotBusy (s)     :   353                       
...
