000 (6920.345.000) 2026-04-16 09:44:16 Job submitted from host: <140.160.143.131:9618?addrs=140.160.143.131-9618&alias=cse-head.cluster.cs.wwu.edu&noUDP&sock=schedd_1483_cb0a>
...
001 (6920.345.000) 2026-04-16 18:08:24 Job executing on host: <140.160.143.182:9618?addrs=140.160.143.182-9618&alias=c-0-13.cluster.cs.wwu.edu&noUDP&sock=startd_1434_2ee6>
	SlotName: slot1_1@c-0-13.cluster.cs.wwu.edu
	CondorScratchDir = "/var/lib/condor/execute/dir_1072650"
	Cpus = 8
	Disk = 2048
	GPUs = 0
	Memory = 9216
...
006 (6920.345.000) 2026-04-16 18:08:33 Image size of job updated: 106672
	105  -  MemoryUsage of job (MB)
	106672  -  ResidentSetSize of job (KB)
...
006 (6920.345.000) 2026-04-16 18:13:34 Image size of job updated: 696856
	678  -  MemoryUsage of job (MB)
	693444  -  ResidentSetSize of job (KB)
...
006 (6920.345.000) 2026-04-16 18:18:34 Image size of job updated: 929756
	907  -  MemoryUsage of job (MB)
	928052  -  ResidentSetSize of job (KB)
...
006 (6920.345.000) 2026-04-16 18:23:34 Image size of job updated: 962496
	939  -  MemoryUsage of job (MB)
	960532  -  ResidentSetSize of job (KB)
...
005 (6920.345.000) 2026-04-16 18:24:18 Job terminated.
	(1) Normal termination (return value 0)
		Usr 0 00:40:19, Sys 0 00:00:22  -  Run Remote Usage
		Usr 0 00:00:00, Sys 0 00:00:00  -  Run Local Usage
		Usr 0 00:40:19, Sys 0 00:00:22  -  Total Remote Usage
		Usr 0 00:00:00, Sys 0 00:00:00  -  Total Local Usage
	0  -  Run Bytes Sent By Job
	0  -  Run Bytes Received By Job
	0  -  Total Bytes Sent By Job
	0  -  Total Bytes Received By Job
	Partitionable Resources :    Usage  Request Allocated 
	   Cpus                 :     4.45        8         8 
	   Disk (KB)            :     1           1      2048 
	   GPUs                 :                           0 
	   Memory (MB)          :   939        9216      9216 
	   TimeExecute (s)      :   954                       
	   TimeSlotBusy (s)     :   954                       
...
