000 (6920.287.000) 2026-04-16 09:44:16 Job submitted from host: <140.160.143.131:9618?addrs=140.160.143.131-9618&alias=cse-head.cluster.cs.wwu.edu&noUDP&sock=schedd_1483_cb0a>
...
001 (6920.287.000) 2026-04-16 17:11:19 Job executing on host: <140.160.143.184:9618?addrs=140.160.143.184-9618&alias=c-0-15.cluster.cs.wwu.edu&noUDP&sock=startd_1429_c0ed>
	SlotName: slot1_1@c-0-15.cluster.cs.wwu.edu
	CondorScratchDir = "/var/lib/condor/execute/dir_25244"
	Cpus = 8
	Disk = 2048
	GPUs = 0
	Memory = 9216
...
006 (6920.287.000) 2026-04-16 17:11:27 Image size of job updated: 358544
	351  -  MemoryUsage of job (MB)
	358544  -  ResidentSetSize of job (KB)
...
006 (6920.287.000) 2026-04-16 17:16:27 Image size of job updated: 942984
	860  -  MemoryUsage of job (MB)
	880384  -  ResidentSetSize of job (KB)
...
006 (6920.287.000) 2026-04-16 17:21:28 Image size of job updated: 1034324
	1006  -  MemoryUsage of job (MB)
	1029960  -  ResidentSetSize of job (KB)
...
006 (6920.287.000) 2026-04-16 17:26:29 Image size of job updated: 1075996
	1025  -  MemoryUsage of job (MB)
	1049256  -  ResidentSetSize of job (KB)
...
005 (6920.287.000) 2026-04-16 17:27:09 Job terminated.
	(1) Normal termination (return value 0)
		Usr 0 00:51:21, Sys 0 00:00:07  -  Run Remote Usage
		Usr 0 00:00:00, Sys 0 00:00:00  -  Run Local Usage
		Usr 0 00:51:21, Sys 0 00:00:07  -  Total Remote Usage
		Usr 0 00:00:00, Sys 0 00:00:00  -  Total Local Usage
	0  -  Run Bytes Sent By Job
	0  -  Run Bytes Received By Job
	0  -  Total Bytes Sent By Job
	0  -  Total Bytes Received By Job
	Partitionable Resources :    Usage  Request Allocated 
	   Cpus                 :     4.26        8         8 
	   Disk (KB)            :     1           1      2048 
	   GPUs                 :                           0 
	   Memory (MB)          :  1025        9216      9216 
	   TimeExecute (s)      :   950                       
	   TimeSlotBusy (s)     :   950                       
...
