000 (6920.256.000) 2026-04-16 09:44:16 Job submitted from host: <140.160.143.131:9618?addrs=140.160.143.131-9618&alias=cse-head.cluster.cs.wwu.edu&noUDP&sock=schedd_1483_cb0a>
...
001 (6920.256.000) 2026-04-16 16:43:49 Job executing on host: <140.160.143.182:9618?addrs=140.160.143.182-9618&alias=c-0-13.cluster.cs.wwu.edu&noUDP&sock=startd_1434_2ee6>
	SlotName: slot1_1@c-0-13.cluster.cs.wwu.edu
	CondorScratchDir = "/var/lib/condor/execute/dir_1070188"
	Cpus = 8
	Disk = 2048
	GPUs = 0
	Memory = 9216
...
006 (6920.256.000) 2026-04-16 16:43:58 Image size of job updated: 104772
	103  -  MemoryUsage of job (MB)
	104772  -  ResidentSetSize of job (KB)
...
006 (6920.256.000) 2026-04-16 16:48:59 Image size of job updated: 692224
	672  -  MemoryUsage of job (MB)
	687880  -  ResidentSetSize of job (KB)
...
006 (6920.256.000) 2026-04-16 16:53:59 Image size of job updated: 1012164
	903  -  MemoryUsage of job (MB)
	924000  -  ResidentSetSize of job (KB)
...
005 (6920.256.000) 2026-04-16 16:56:52 Job terminated.
	(1) Normal termination (return value 0)
		Usr 0 00:29:57, Sys 0 00:00:27  -  Run Remote Usage
		Usr 0 00:00:00, Sys 0 00:00:00  -  Run Local Usage
		Usr 0 00:29:57, Sys 0 00:00:27  -  Total Remote Usage
		Usr 0 00:00:00, Sys 0 00:00:00  -  Total Local Usage
	0  -  Run Bytes Sent By Job
	0  -  Run Bytes Received By Job
	0  -  Total Bytes Sent By Job
	0  -  Total Bytes Received By Job
	Partitionable Resources :    Usage  Request Allocated 
	   Cpus                 :     4.29        8         8 
	   Disk (KB)            :     1           1      2048 
	   GPUs                 :                           0 
	   Memory (MB)          :   903        9216      9216 
	   TimeExecute (s)      :   782                       
	   TimeSlotBusy (s)     :   782                       
...
