000 (6919.303.000) 2026-04-16 09:41:22 Job submitted from host: <140.160.143.131:9618?addrs=140.160.143.131-9618&alias=cse-head.cluster.cs.wwu.edu&noUDP&sock=schedd_1483_cb0a>
...
001 (6919.303.000) 2026-04-16 12:29:17 Job executing on host: <140.160.143.184:9618?addrs=140.160.143.184-9618&alias=c-0-15.cluster.cs.wwu.edu&noUDP&sock=startd_1429_c0ed>
	SlotName: slot1_1@c-0-15.cluster.cs.wwu.edu
	CondorScratchDir = "/var/lib/condor/execute/dir_14612"
	Cpus = 8
	Disk = 2048
	GPUs = 0
	Memory = 6144
...
006 (6919.303.000) 2026-04-16 12:29:25 Image size of job updated: 324764
	318  -  MemoryUsage of job (MB)
	324764  -  ResidentSetSize of job (KB)
...
006 (6919.303.000) 2026-04-16 12:34:25 Image size of job updated: 968096
	946  -  MemoryUsage of job (MB)
	968096  -  ResidentSetSize of job (KB)
...
006 (6919.303.000) 2026-04-16 12:39:26 Image size of job updated: 1079896
	1055  -  MemoryUsage of job (MB)
	1079896  -  ResidentSetSize of job (KB)
...
006 (6919.303.000) 2026-04-16 12:40:08 Image size of job updated: 1080988
	1055  -  MemoryUsage of job (MB)
	1079896  -  ResidentSetSize of job (KB)
...
005 (6919.303.000) 2026-04-16 12:40:08 Job terminated.
	(1) Normal termination (return value 0)
		Usr 0 00:34:52, Sys 0 00:00:27  -  Run Remote Usage
		Usr 0 00:00:00, Sys 0 00:00:00  -  Run Local Usage
		Usr 0 00:34:52, Sys 0 00:00:27  -  Total Remote Usage
		Usr 0 00:00:00, Sys 0 00:00:00  -  Total Local Usage
	0  -  Run Bytes Sent By Job
	0  -  Run Bytes Received By Job
	0  -  Total Bytes Sent By Job
	0  -  Total Bytes Received By Job
	Partitionable Resources :    Usage  Request Allocated 
	   Cpus                 :     1.20        8         8 
	   Disk (KB)            :     1           1      2048 
	   GPUs                 :                           0 
	   Memory (MB)          :  1055        6144      6144 
	   TimeExecute (s)      :   651                       
	   TimeSlotBusy (s)     :   657                       
...
