000 (6919.389.000) 2026-04-16 09:41:23 Job submitted from host: <140.160.143.131:9618?addrs=140.160.143.131-9618&alias=cse-head.cluster.cs.wwu.edu&noUDP&sock=schedd_1483_cb0a>
...
001 (6919.389.000) 2026-04-16 14:14:02 Job executing on host: <140.160.143.149:9618?addrs=140.160.143.149-9618&alias=c-0-9.cluster.cs.wwu.edu&noUDP&sock=startd_1570_77c7>
	SlotName: slot1_1@c-0-9.cluster.cs.wwu.edu
	CondorScratchDir = "/var/lib/condor/execute/dir_1092968"
	Cpus = 8
	Disk = 2048
	GPUs = 0
	Memory = 6144
...
006 (6919.389.000) 2026-04-16 14:14:10 Image size of job updated: 408576
	399  -  MemoryUsage of job (MB)
	408576  -  ResidentSetSize of job (KB)
...
006 (6919.389.000) 2026-04-16 14:19:10 Image size of job updated: 984292
	929  -  MemoryUsage of job (MB)
	950304  -  ResidentSetSize of job (KB)
...
006 (6919.389.000) 2026-04-16 14:24:11 Image size of job updated: 1101488
	1073  -  MemoryUsage of job (MB)
	1097740  -  ResidentSetSize of job (KB)
...
006 (6919.389.000) 2026-04-16 14:29:12 Image size of job updated: 1148124
	1086  -  MemoryUsage of job (MB)
	1111248  -  ResidentSetSize of job (KB)
...
005 (6919.389.000) 2026-04-16 14:29:23 Job terminated.
	(1) Normal termination (return value 0)
		Usr 0 01:18:48, Sys 0 00:00:53  -  Run Remote Usage
		Usr 0 00:00:00, Sys 0 00:00:00  -  Run Local Usage
		Usr 0 01:18:48, Sys 0 00:00:53  -  Total Remote Usage
		Usr 0 00:00:00, Sys 0 00:00:00  -  Total Local Usage
	0  -  Run Bytes Sent By Job
	0  -  Run Bytes Received By Job
	0  -  Total Bytes Sent By Job
	0  -  Total Bytes Received By Job
	Partitionable Resources :    Usage  Request Allocated 
	   Cpus                 :     7.38        8         8 
	   Disk (KB)            :     1           1      2048 
	   GPUs                 :                           0 
	   Memory (MB)          :  1086        6144      6144 
	   TimeExecute (s)      :   921                       
	   TimeSlotBusy (s)     :   921                       
...
