000 (6920.390.000) 2026-04-16 09:44:16 Job submitted from host: <140.160.143.131:9618?addrs=140.160.143.131-9618&alias=cse-head.cluster.cs.wwu.edu&noUDP&sock=schedd_1483_cb0a>
...
001 (6920.390.000) 2026-04-16 18:57:14 Job executing on host: <140.160.143.151:9618?addrs=140.160.143.151-9618&alias=c-0-11.cluster.cs.wwu.edu&noUDP&sock=startd_1509_a080>
	SlotName: slot1_1@c-0-11.cluster.cs.wwu.edu
	CondorScratchDir = "/var/lib/condor/execute/dir_1081652"
	Cpus = 8
	Disk = 2048
	GPUs = 0
	Memory = 9216
...
006 (6920.390.000) 2026-04-16 18:57:23 Image size of job updated: 276336
	270  -  MemoryUsage of job (MB)
	276336  -  ResidentSetSize of job (KB)
...
006 (6920.390.000) 2026-04-16 19:02:24 Image size of job updated: 970856
	907  -  MemoryUsage of job (MB)
	927756  -  ResidentSetSize of job (KB)
...
006 (6920.390.000) 2026-04-16 19:07:24 Image size of job updated: 1222104
	991  -  MemoryUsage of job (MB)
	1014456  -  ResidentSetSize of job (KB)
...
005 (6920.390.000) 2026-04-16 19:09:07 Job terminated.
	(1) Normal termination (return value 0)
		Usr 0 00:44:37, Sys 0 00:00:29  -  Run Remote Usage
		Usr 0 00:00:00, Sys 0 00:00:00  -  Run Local Usage
		Usr 0 00:44:37, Sys 0 00:00:29  -  Total Remote Usage
		Usr 0 00:00:00, Sys 0 00:00:00  -  Total Local Usage
	0  -  Run Bytes Sent By Job
	0  -  Run Bytes Received By Job
	0  -  Total Bytes Sent By Job
	0  -  Total Bytes Received By Job
	Partitionable Resources :    Usage  Request Allocated 
	   Cpus                 :     5.77        8         8 
	   Disk (KB)            :     1           1      2048 
	   GPUs                 :                           0 
	   Memory (MB)          :   991        9216      9216 
	   TimeExecute (s)      :   713                       
	   TimeSlotBusy (s)     :   713                       
...
