000 (6918.022.000) 2026-04-15 19:42:50 Job submitted from host: <140.160.143.131:9618?addrs=140.160.143.131-9618&alias=cse-head.cluster.cs.wwu.edu&noUDP&sock=schedd_1483_cb0a>
...
001 (6918.022.000) 2026-04-15 19:56:51 Job executing on host: <140.160.143.148:9618?addrs=140.160.143.148-9618&alias=c-0-8.cluster.cs.wwu.edu&noUDP&sock=startd_1538_84bf>
	SlotName: slot1_4@c-0-8.cluster.cs.wwu.edu
	CondorScratchDir = "/var/lib/condor/execute/dir_1055282"
	Cpus = 8
	Disk = 2048
	GPUs = 0
	Memory = 4096
...
006 (6918.022.000) 2026-04-15 19:57:00 Image size of job updated: 247800
	242  -  MemoryUsage of job (MB)
	247800  -  ResidentSetSize of job (KB)
...
006 (6918.022.000) 2026-04-15 20:02:01 Image size of job updated: 749476
	732  -  MemoryUsage of job (MB)
	748900  -  ResidentSetSize of job (KB)
...
006 (6918.022.000) 2026-04-15 20:02:37 Image size of job updated: 783792
	732  -  MemoryUsage of job (MB)
	748900  -  ResidentSetSize of job (KB)
...
005 (6918.022.000) 2026-04-15 20:02:37 Job terminated.
	(1) Normal termination (return value 0)
		Usr 0 00:06:02, Sys 0 00:00:01  -  Run Remote Usage
		Usr 0 00:00:00, Sys 0 00:00:00  -  Run Local Usage
		Usr 0 00:06:02, Sys 0 00:00:01  -  Total Remote Usage
		Usr 0 00:00:00, Sys 0 00:00:00  -  Total Local Usage
	0  -  Run Bytes Sent By Job
	0  -  Run Bytes Received By Job
	0  -  Total Bytes Sent By Job
	0  -  Total Bytes Received By Job
	Partitionable Resources :    Usage  Request Allocated 
	   Cpus                 :     1.02        8         8 
	   Disk (KB)            :     1           1      2048 
	   GPUs                 :                           0 
	   Memory (MB)          :   732        4096      4096 
	   TimeExecute (s)      :   346                       
	   TimeSlotBusy (s)     :   346                       
...
