000 (6920.261.000) 2026-04-16 09:44:16 Job submitted from host: <140.160.143.131:9618?addrs=140.160.143.131-9618&alias=cse-head.cluster.cs.wwu.edu&noUDP&sock=schedd_1483_cb0a>
...
001 (6920.261.000) 2026-04-16 16:48:29 Job executing on host: <140.160.143.184:9618?addrs=140.160.143.184-9618&alias=c-0-15.cluster.cs.wwu.edu&noUDP&sock=startd_1429_c0ed>
	SlotName: slot1_3@c-0-15.cluster.cs.wwu.edu
	CondorScratchDir = "/var/lib/condor/execute/dir_24258"
	Cpus = 8
	Disk = 2048
	GPUs = 0
	Memory = 9216
...
006 (6920.261.000) 2026-04-16 16:48:38 Image size of job updated: 362608
	355  -  MemoryUsage of job (MB)
	362608  -  ResidentSetSize of job (KB)
...
006 (6920.261.000) 2026-04-16 16:53:39 Image size of job updated: 916260
	894  -  MemoryUsage of job (MB)
	914844  -  ResidentSetSize of job (KB)
...
006 (6920.261.000) 2026-04-16 16:58:39 Image size of job updated: 994344
	951  -  MemoryUsage of job (MB)
	972968  -  ResidentSetSize of job (KB)
...
005 (6920.261.000) 2026-04-16 16:59:14 Job terminated.
	(1) Normal termination (return value 0)
		Usr 0 00:28:23, Sys 0 00:00:05  -  Run Remote Usage
		Usr 0 00:00:00, Sys 0 00:00:00  -  Run Local Usage
		Usr 0 00:28:23, Sys 0 00:00:05  -  Total Remote Usage
		Usr 0 00:00:00, Sys 0 00:00:00  -  Total Local Usage
	0  -  Run Bytes Sent By Job
	0  -  Run Bytes Received By Job
	0  -  Total Bytes Sent By Job
	0  -  Total Bytes Received By Job
	Partitionable Resources :    Usage  Request Allocated 
	   Cpus                 :     4.50        8         8 
	   Disk (KB)            :     1           1      2048 
	   GPUs                 :                           0 
	   Memory (MB)          :   951        9216      9216 
	   TimeExecute (s)      :   645                       
	   TimeSlotBusy (s)     :   645                       
...
