000 (6919.361.000) 2026-04-16 09:41:22 Job submitted from host: <140.160.143.131:9618?addrs=140.160.143.131-9618&alias=cse-head.cluster.cs.wwu.edu&noUDP&sock=schedd_1483_cb0a>
...
001 (6919.361.000) 2026-04-16 13:33:22 Job executing on host: <140.160.143.150:9618?addrs=140.160.143.150-9618&alias=c-0-10.cluster.cs.wwu.edu&noUDP&sock=startd_1506_91b7>
	SlotName: slot1_2@c-0-10.cluster.cs.wwu.edu
	CondorScratchDir = "/var/lib/condor/execute/dir_1075929"
	Cpus = 8
	Disk = 2048
	GPUs = 0
	Memory = 6144
...
006 (6919.361.000) 2026-04-16 13:33:31 Image size of job updated: 324548
	317  -  MemoryUsage of job (MB)
	324548  -  ResidentSetSize of job (KB)
...
006 (6919.361.000) 2026-04-16 13:38:32 Image size of job updated: 1033820
	959  -  MemoryUsage of job (MB)
	981088  -  ResidentSetSize of job (KB)
...
006 (6919.361.000) 2026-04-16 13:43:32 Image size of job updated: 1114636
	1089  -  MemoryUsage of job (MB)
	1114636  -  ResidentSetSize of job (KB)
...
006 (6919.361.000) 2026-04-16 13:45:50 Image size of job updated: 1117500
	1089  -  MemoryUsage of job (MB)
	1114636  -  ResidentSetSize of job (KB)
...
005 (6919.361.000) 2026-04-16 13:45:50 Job terminated.
	(1) Normal termination (return value 0)
		Usr 0 00:56:48, Sys 0 00:00:50  -  Run Remote Usage
		Usr 0 00:00:00, Sys 0 00:00:00  -  Run Local Usage
		Usr 0 00:56:48, Sys 0 00:00:50  -  Total Remote Usage
		Usr 0 00:00:00, Sys 0 00:00:00  -  Total Local Usage
	0  -  Run Bytes Sent By Job
	0  -  Run Bytes Received By Job
	0  -  Total Bytes Sent By Job
	0  -  Total Bytes Received By Job
	Partitionable Resources :    Usage  Request Allocated 
	   Cpus                 :     6.31        8         8 
	   Disk (KB)            :     1           1      2048 
	   GPUs                 :                           0 
	   Memory (MB)          :  1089        6144      6144 
	   TimeExecute (s)      :   748                       
	   TimeSlotBusy (s)     :   748                       
...
