000 (6919.383.000) 2026-04-16 09:41:23 Job submitted from host: <140.160.143.131:9618?addrs=140.160.143.131-9618&alias=cse-head.cluster.cs.wwu.edu&noUDP&sock=schedd_1483_cb0a>
...
001 (6919.383.000) 2026-04-16 14:04:39 Job executing on host: <140.160.143.184:9618?addrs=140.160.143.184-9618&alias=c-0-15.cluster.cs.wwu.edu&noUDP&sock=startd_1429_c0ed>
	SlotName: slot1_3@c-0-15.cluster.cs.wwu.edu
	CondorScratchDir = "/var/lib/condor/execute/dir_17789"
	Cpus = 8
	Disk = 2048
	GPUs = 0
	Memory = 6144
...
006 (6919.383.000) 2026-04-16 14:04:48 Image size of job updated: 362860
	355  -  MemoryUsage of job (MB)
	362860  -  ResidentSetSize of job (KB)
...
006 (6919.383.000) 2026-04-16 14:09:49 Image size of job updated: 708844
	693  -  MemoryUsage of job (MB)
	708844  -  ResidentSetSize of job (KB)
...
006 (6919.383.000) 2026-04-16 14:14:49 Image size of job updated: 1048828
	975  -  MemoryUsage of job (MB)
	998216  -  ResidentSetSize of job (KB)
...
006 (6919.383.000) 2026-04-16 14:19:50 Image size of job updated: 1137540
	1076  -  MemoryUsage of job (MB)
	1100876  -  ResidentSetSize of job (KB)
...
005 (6919.383.000) 2026-04-16 14:24:38 Job terminated.
	(1) Normal termination (return value 0)
		Usr 0 01:34:21, Sys 0 00:00:29  -  Run Remote Usage
		Usr 0 00:00:00, Sys 0 00:00:00  -  Run Local Usage
		Usr 0 01:34:21, Sys 0 00:00:29  -  Total Remote Usage
		Usr 0 00:00:00, Sys 0 00:00:00  -  Total Local Usage
	0  -  Run Bytes Sent By Job
	0  -  Run Bytes Received By Job
	0  -  Total Bytes Sent By Job
	0  -  Total Bytes Received By Job
	Partitionable Resources :    Usage  Request Allocated 
	   Cpus                 :     5.77        8         8 
	   Disk (KB)            :     1           1      2048 
	   GPUs                 :                           0 
	   Memory (MB)          :  1076        6144      6144 
	   TimeExecute (s)      :  1198                       
	   TimeSlotBusy (s)     :  1198                       
...
