000 (6919.347.000) 2026-04-16 09:41:22 Job submitted from host: <140.160.143.131:9618?addrs=140.160.143.131-9618&alias=cse-head.cluster.cs.wwu.edu&noUDP&sock=schedd_1483_cb0a>
...
001 (6919.347.000) 2026-04-16 13:15:16 Job executing on host: <140.160.143.149:9618?addrs=140.160.143.149-9618&alias=c-0-9.cluster.cs.wwu.edu&noUDP&sock=startd_1570_77c7>
	SlotName: slot1_4@c-0-9.cluster.cs.wwu.edu
	CondorScratchDir = "/var/lib/condor/execute/dir_1090918"
	Cpus = 8
	Disk = 2048
	GPUs = 0
	Memory = 6144
...
006 (6919.347.000) 2026-04-16 13:15:24 Image size of job updated: 358868
	351  -  MemoryUsage of job (MB)
	358868  -  ResidentSetSize of job (KB)
...
006 (6919.347.000) 2026-04-16 13:20:24 Image size of job updated: 981016
	939  -  MemoryUsage of job (MB)
	961048  -  ResidentSetSize of job (KB)
...
006 (6919.347.000) 2026-04-16 13:25:25 Image size of job updated: 1084852
	1003  -  MemoryUsage of job (MB)
	1026532  -  ResidentSetSize of job (KB)
...
006 (6919.347.000) 2026-04-16 13:30:25 Image size of job updated: 1129276
	1086  -  MemoryUsage of job (MB)
	1111276  -  ResidentSetSize of job (KB)
...
006 (6919.347.000) 2026-04-16 13:35:14 Image size of job updated: 1129276
	1086  -  MemoryUsage of job (MB)
	1111296  -  ResidentSetSize of job (KB)
...
005 (6919.347.000) 2026-04-16 13:35:14 Job terminated.
	(1) Normal termination (return value 0)
		Usr 0 01:33:54, Sys 0 00:00:36  -  Run Remote Usage
		Usr 0 00:00:00, Sys 0 00:00:00  -  Run Local Usage
		Usr 0 01:33:54, Sys 0 00:00:36  -  Total Remote Usage
		Usr 0 00:00:00, Sys 0 00:00:00  -  Total Local Usage
	0  -  Run Bytes Sent By Job
	0  -  Run Bytes Received By Job
	0  -  Total Bytes Sent By Job
	0  -  Total Bytes Received By Job
	Partitionable Resources :    Usage  Request Allocated 
	   Cpus                 :     5.59        8         8 
	   Disk (KB)            :     1           1      2048 
	   GPUs                 :                           0 
	   Memory (MB)          :  1086        6144      6144 
	   TimeExecute (s)      :  1198                       
	   TimeSlotBusy (s)     :  1198                       
...
